2021-10-12 13:19:18,813 [restartedMain] INFO  com.iteyes.PmsApplication(logStarting:55) - Starting PmsApplication using Java 16.0.2 on DESKTOP-H5GEA9U with PID 8992 (C:\iteyesPMS\PMS\bin\main started by iteyes in C:\iteyesPMS\PMS)
2021-10-12 13:19:18,826 [restartedMain] DEBUG com.iteyes.PmsApplication(logStarting:56) - Running with Spring Boot v2.5.4, Spring v5.3.9
2021-10-12 13:19:18,827 [restartedMain] INFO  com.iteyes.PmsApplication(logStartupProfileInfo:659) - No active profile set, falling back to default profiles: default
2021-10-12 13:19:18,873 [restartedMain] INFO  org.springframework.boot.devtools.env.DevToolsPropertyDefaultsPostProcessor(logTo:255) - Devtools property defaults active! Set 'spring.devtools.add-properties' to 'false' to disable
2021-10-12 13:19:18,874 [restartedMain] INFO  org.springframework.boot.devtools.env.DevToolsPropertyDefaultsPostProcessor(logTo:255) - For additional web related logging consider setting the 'logging.level.web' property to 'DEBUG'
2021-10-12 13:19:19,639 [restartedMain] INFO  org.springframework.context.support.PostProcessorRegistrationDelegate$BeanPostProcessorChecker(postProcessAfterInitialization:376) - Bean 'org.springframework.ws.config.annotation.DelegatingWsConfiguration' of type [org.springframework.ws.config.annotation.DelegatingWsConfiguration$$EnhancerBySpringCGLIB$$f56f2634] is not eligible for getting processed by all BeanPostProcessors (for example: not eligible for auto-proxying)
2021-10-12 13:19:19,674 [restartedMain] INFO  org.springframework.ws.soap.addressing.server.AnnotationActionEndpointMapping(afterPropertiesSet:239) - Supporting [WS-Addressing August 2004, WS-Addressing 1.0]
2021-10-12 13:19:19,908 [restartedMain] INFO  org.springframework.boot.web.embedded.tomcat.TomcatWebServer(initialize:108) - Tomcat initialized with port(s): 8080 (http)
2021-10-12 13:19:19,992 [restartedMain] INFO  org.springframework.boot.web.servlet.context.ServletWebServerApplicationContext(prepareWebApplicationContext:290) - Root WebApplicationContext: initialization completed in 1118 ms
2021-10-12 13:19:20,394 [restartedMain] INFO  org.springframework.boot.autoconfigure.web.servlet.WelcomePageHandlerMapping(<init>:53) - Adding welcome page: class path resource [static/index.html]
2021-10-12 13:19:20,540 [restartedMain] INFO  org.springframework.boot.devtools.autoconfigure.OptionalLiveReloadServer(startServer:58) - LiveReload server is running on port 35729
2021-10-12 13:19:20,590 [restartedMain] INFO  org.springframework.boot.web.embedded.tomcat.TomcatWebServer(start:220) - Tomcat started on port(s): 8080 (http) with context path ''
2021-10-12 13:19:20,599 [restartedMain] INFO  com.iteyes.PmsApplication(logStarted:61) - Started PmsApplication in 2.108 seconds (JVM running for 2.96)
2021-10-12 13:19:30,943 [http-nio-8080-exec-1] INFO  org.springframework.web.servlet.DispatcherServlet(initServletBean:525) - Initializing Servlet 'dispatcherServlet'
2021-10-12 13:19:30,944 [http-nio-8080-exec-1] INFO  org.springframework.web.servlet.DispatcherServlet(initServletBean:547) - Completed initialization in 0 ms
2021-10-12 13:21:16,428 [RMI TCP Connection(2)-127.0.0.1] INFO  org.springframework.boot.admin.SpringApplicationAdminMXBeanRegistrar$SpringApplicationAdmin(shutdown:159) - Application shutdown requested.
2021-10-12 13:26:37,511 [restartedMain] INFO  com.iteyes.PmsApplication(logStarting:55) - Starting PmsApplication using Java 16.0.2 on DESKTOP-H5GEA9U with PID 3624 (C:\iteyesPMS\PMS\bin\main started by iteyes in C:\iteyesPMS\PMS)
2021-10-12 13:26:37,517 [restartedMain] DEBUG com.iteyes.PmsApplication(logStarting:56) - Running with Spring Boot v2.5.4, Spring v5.3.9
2021-10-12 13:26:37,517 [restartedMain] INFO  com.iteyes.PmsApplication(logStartupProfileInfo:659) - No active profile set, falling back to default profiles: default
2021-10-12 13:26:37,553 [restartedMain] INFO  org.springframework.boot.devtools.env.DevToolsPropertyDefaultsPostProcessor(logTo:255) - Devtools property defaults active! Set 'spring.devtools.add-properties' to 'false' to disable
2021-10-12 13:26:37,554 [restartedMain] INFO  org.springframework.boot.devtools.env.DevToolsPropertyDefaultsPostProcessor(logTo:255) - For additional web related logging consider setting the 'logging.level.web' property to 'DEBUG'
2021-10-12 13:26:38,217 [restartedMain] INFO  org.springframework.context.support.PostProcessorRegistrationDelegate$BeanPostProcessorChecker(postProcessAfterInitialization:376) - Bean 'org.springframework.ws.config.annotation.DelegatingWsConfiguration' of type [org.springframework.ws.config.annotation.DelegatingWsConfiguration$$EnhancerBySpringCGLIB$$e65752f8] is not eligible for getting processed by all BeanPostProcessors (for example: not eligible for auto-proxying)
2021-10-12 13:26:38,245 [restartedMain] INFO  org.springframework.ws.soap.addressing.server.AnnotationActionEndpointMapping(afterPropertiesSet:239) - Supporting [WS-Addressing August 2004, WS-Addressing 1.0]
2021-10-12 13:26:38,457 [restartedMain] INFO  org.springframework.boot.web.embedded.tomcat.TomcatWebServer(initialize:108) - Tomcat initialized with port(s): 8080 (http)
2021-10-12 13:26:38,533 [restartedMain] INFO  org.springframework.boot.web.servlet.context.ServletWebServerApplicationContext(prepareWebApplicationContext:290) - Root WebApplicationContext: initialization completed in 979 ms
2021-10-12 13:26:38,885 [restartedMain] INFO  org.springframework.boot.autoconfigure.web.servlet.WelcomePageHandlerMapping(<init>:53) - Adding welcome page: class path resource [static/index.html]
2021-10-12 13:26:39,027 [restartedMain] INFO  org.springframework.boot.devtools.autoconfigure.OptionalLiveReloadServer(startServer:58) - LiveReload server is running on port 35729
2021-10-12 13:26:39,077 [restartedMain] INFO  org.springframework.boot.web.embedded.tomcat.TomcatWebServer(start:220) - Tomcat started on port(s): 8080 (http) with context path ''
2021-10-12 13:26:39,086 [restartedMain] INFO  com.iteyes.PmsApplication(logStarted:61) - Started PmsApplication in 1.863 seconds (JVM running for 2.698)
2021-10-12 13:26:39,174 [http-nio-8080-exec-1] INFO  org.springframework.web.servlet.DispatcherServlet(initServletBean:525) - Initializing Servlet 'dispatcherServlet'
2021-10-12 13:26:39,174 [http-nio-8080-exec-1] INFO  org.springframework.web.servlet.DispatcherServlet(initServletBean:547) - Completed initialization in 0 ms
2021-10-12 13:28:51,304 [RMI TCP Connection(2)-127.0.0.1] INFO  org.springframework.boot.admin.SpringApplicationAdminMXBeanRegistrar$SpringApplicationAdmin(shutdown:159) - Application shutdown requested.
