2021-10-21 10:00:14,422 [restartedMain] INFO  com.iteyes.PmsApplication(logStarting:55) - Starting PmsApplication using Java 16.0.2 on DESKTOP-H5GEA9U with PID 3520 (C:\Users\iteyes\git\ProjectEyes\PMS\bin\main started by iteyes in C:\Users\iteyes\git\ProjectEyes\PMS)
2021-10-21 10:00:14,441 [restartedMain] DEBUG com.iteyes.PmsApplication(logStarting:56) - Running with Spring Boot v2.5.4, Spring v5.3.9
2021-10-21 10:00:14,441 [restartedMain] INFO  com.iteyes.PmsApplication(logStartupProfileInfo:659) - No active profile set, falling back to default profiles: default
2021-10-21 10:00:14,498 [restartedMain] INFO  org.springframework.boot.devtools.env.DevToolsPropertyDefaultsPostProcessor(logTo:255) - Devtools property defaults active! Set 'spring.devtools.add-properties' to 'false' to disable
2021-10-21 10:00:14,498 [restartedMain] INFO  org.springframework.boot.devtools.env.DevToolsPropertyDefaultsPostProcessor(logTo:255) - For additional web related logging consider setting the 'logging.level.web' property to 'DEBUG'
2021-10-21 10:00:15,661 [restartedMain] INFO  org.springframework.context.support.PostProcessorRegistrationDelegate$BeanPostProcessorChecker(postProcessAfterInitialization:376) - Bean 'org.springframework.ws.config.annotation.DelegatingWsConfiguration' of type [org.springframework.ws.config.annotation.DelegatingWsConfiguration$$EnhancerBySpringCGLIB$$4cc29dec] is not eligible for getting processed by all BeanPostProcessors (for example: not eligible for auto-proxying)
2021-10-21 10:00:15,710 [restartedMain] INFO  org.springframework.ws.soap.addressing.server.AnnotationActionEndpointMapping(afterPropertiesSet:239) - Supporting [WS-Addressing August 2004, WS-Addressing 1.0]
2021-10-21 10:00:16,056 [restartedMain] INFO  org.springframework.boot.web.embedded.tomcat.TomcatWebServer(initialize:108) - Tomcat initialized with port(s): 8080 (http)
2021-10-21 10:00:16,165 [restartedMain] INFO  org.springframework.boot.web.servlet.context.ServletWebServerApplicationContext(prepareWebApplicationContext:290) - Root WebApplicationContext: initialization completed in 1666 ms
2021-10-21 10:00:16,760 [restartedMain] INFO  org.springframework.boot.autoconfigure.web.servlet.WelcomePageHandlerMapping(<init>:53) - Adding welcome page: class path resource [static/index.html]
2021-10-21 10:00:16,980 [restartedMain] INFO  org.springframework.boot.devtools.autoconfigure.OptionalLiveReloadServer(startServer:58) - LiveReload server is running on port 35729
2021-10-21 10:00:17,055 [restartedMain] INFO  org.springframework.boot.web.embedded.tomcat.TomcatWebServer(start:220) - Tomcat started on port(s): 8080 (http) with context path ''
2021-10-21 10:00:17,070 [restartedMain] INFO  com.iteyes.PmsApplication(logStarted:61) - Started PmsApplication in 3.124 seconds (JVM running for 4.568)
2021-10-21 10:00:22,421 [http-nio-8080-exec-1] INFO  org.springframework.web.servlet.DispatcherServlet(initServletBean:525) - Initializing Servlet 'dispatcherServlet'
2021-10-21 10:00:22,422 [http-nio-8080-exec-1] INFO  org.springframework.web.servlet.DispatcherServlet(initServletBean:547) - Completed initialization in 1 ms
2021-10-21 10:00:38,332 [http-nio-8080-exec-5] DEBUG com.iteyes.controller.MainController(loginResult:36) - ## loginResult 
2021-10-21 10:00:38,333 [http-nio-8080-exec-5] DEBUG com.iteyes.controller.MainController(loginResult:37) - ## request :: null
2021-10-21 10:00:38,333 [http-nio-8080-exec-5] DEBUG com.iteyes.controller.MainController(loginResult:38) - ## request :: null
2021-10-21 10:01:57,081 [http-nio-8080-exec-1] DEBUG com.iteyes.controller.MainController(loginResult:36) - ## loginResult 
2021-10-21 10:01:57,081 [http-nio-8080-exec-1] DEBUG com.iteyes.controller.MainController(loginResult:37) - ## request :: null
2021-10-21 10:01:57,081 [http-nio-8080-exec-1] DEBUG com.iteyes.controller.MainController(loginResult:38) - ## request :: null
2021-10-21 10:02:09,267 [RMI TCP Connection(2)-127.0.0.1] INFO  org.springframework.boot.admin.SpringApplicationAdminMXBeanRegistrar$SpringApplicationAdmin(shutdown:159) - Application shutdown requested.
2021-10-21 10:45:43,774 [restartedMain] INFO  com.iteyes.PmsApplication(logStarting:55) - Starting PmsApplication using Java 16.0.2 on DESKTOP-H5GEA9U with PID 14248 (C:\Users\iteyes\git\ProjectEyes\PMS\bin\main started by iteyes in C:\Users\iteyes\git\ProjectEyes\PMS)
2021-10-21 10:45:43,782 [restartedMain] DEBUG com.iteyes.PmsApplication(logStarting:56) - Running with Spring Boot v2.5.4, Spring v5.3.9
2021-10-21 10:45:43,783 [restartedMain] INFO  com.iteyes.PmsApplication(logStartupProfileInfo:659) - No active profile set, falling back to default profiles: default
2021-10-21 10:45:43,824 [restartedMain] INFO  org.springframework.boot.devtools.env.DevToolsPropertyDefaultsPostProcessor(logTo:255) - Devtools property defaults active! Set 'spring.devtools.add-properties' to 'false' to disable
2021-10-21 10:45:43,824 [restartedMain] INFO  org.springframework.boot.devtools.env.DevToolsPropertyDefaultsPostProcessor(logTo:255) - For additional web related logging consider setting the 'logging.level.web' property to 'DEBUG'
2021-10-21 10:45:44,555 [restartedMain] INFO  org.springframework.context.support.PostProcessorRegistrationDelegate$BeanPostProcessorChecker(postProcessAfterInitialization:376) - Bean 'org.springframework.ws.config.annotation.DelegatingWsConfiguration' of type [org.springframework.ws.config.annotation.DelegatingWsConfiguration$$EnhancerBySpringCGLIB$$2619c73b] is not eligible for getting processed by all BeanPostProcessors (for example: not eligible for auto-proxying)
2021-10-21 10:45:44,584 [restartedMain] INFO  org.springframework.ws.soap.addressing.server.AnnotationActionEndpointMapping(afterPropertiesSet:239) - Supporting [WS-Addressing August 2004, WS-Addressing 1.0]
2021-10-21 10:45:44,817 [restartedMain] INFO  org.springframework.boot.web.embedded.tomcat.TomcatWebServer(initialize:108) - Tomcat initialized with port(s): 8080 (http)
2021-10-21 10:45:44,900 [restartedMain] INFO  org.springframework.boot.web.servlet.context.ServletWebServerApplicationContext(prepareWebApplicationContext:290) - Root WebApplicationContext: initialization completed in 1075 ms
2021-10-21 10:45:45,284 [restartedMain] INFO  org.springframework.boot.autoconfigure.web.servlet.WelcomePageHandlerMapping(<init>:53) - Adding welcome page: class path resource [static/index.html]
2021-10-21 10:45:45,418 [restartedMain] INFO  org.springframework.boot.devtools.autoconfigure.OptionalLiveReloadServer(startServer:58) - LiveReload server is running on port 35729
2021-10-21 10:45:45,465 [restartedMain] INFO  org.springframework.boot.web.embedded.tomcat.TomcatWebServer(start:220) - Tomcat started on port(s): 8080 (http) with context path ''
2021-10-21 10:45:45,465 [restartedMain] INFO  com.iteyes.PmsApplication(logStarted:61) - Started PmsApplication in 2.016 seconds (JVM running for 2.972)
