2021-12-06 10:01:56,204 [http-nio-8080-exec-9] DEBUG com.iteyes.controller.pms.SWZP0010Controller(select:36) - # pgm_id :: 
2021-12-06 10:01:56,207 [http-nio-8080-exec-9] DEBUG com.iteyes.controller.pms.SWZP0010Controller(select:37) - # pgm_nm :: 
2021-12-06 10:01:56,207 [http-nio-8080-exec-9] DEBUG com.iteyes.controller.pms.SWZP0010Controller(select:38) - # pl_no :: 
2021-12-06 10:01:56,207 [http-nio-8080-exec-9] DEBUG com.iteyes.controller.pms.SWZP0010Controller(select:39) - # dvlpe_no :: 
2021-12-06 10:01:56,207 [http-nio-8080-exec-9] DEBUG com.iteyes.controller.pms.SWZP0010Controller(select:40) - # dvlp_dis_cd :: null
2021-12-06 10:01:56,241 [http-nio-8080-exec-9] DEBUG com.iteyes.mapper.pms.SWZP0010Mapper.select_0010_01(debug:137) - ==>  Preparing: SELECT bkup_id /*백업ID */ , prjt_id /*프로젝트ID */ , pgm_id /*프로그램ID */ , bzcd /*업무구분 */ , pgm_nm /*프로그램명 */ , bz_dtls_txt /*업무세부 */ , dvlp_dis_cd /*개발구분*/ , pgm_dis_cd /*프로그램구분*/ , enlpe_nm /*프로그램세부구분코드 */ , frcs_sta_dt /*예상시작일자 */ , frcs_end_dt /*예상종료일자 */ , sta_dt /*실제시작일자 */ , end_dt /*실제종료일자 */ , prg_txt /*진행현황 */ , dvlpe_no /*개발자번호 */ , dvlpe_cnf_dt /*개발자확인일자 */ , pl_no /*PL번호 */ , pl_cnf_dt /*PL확인일자 */ , crpe_no /*담당자번호 */ , rmrk /*비고 */ , opr_no /*조작자번호 */ , db_chg_ts /*DB변경일시 */ FROM PMS_PGM_MNG WHERE 1=1 /*프로그램ID*/ /*프로그램명*/ /*개발자번호*/ /*PL번호*/
2021-12-06 10:01:56,241 [http-nio-8080-exec-9] DEBUG com.iteyes.mapper.pms.SWZP0010Mapper.select_0010_01(debug:137) - ==> Parameters: 
2021-12-06 10:01:56,244 [http-nio-8080-exec-9] DEBUG com.iteyes.mapper.pms.SWZP0010Mapper.select_0010_01(debug:137) - <==      Total: 4
2021-12-06 10:06:16,639 [restartedMain] INFO  com.iteyes.PmsApplication(logStarting:55) - Starting PmsApplication using Java 16.0.2 on DESKTOP-H5GEA9U with PID 8776 (C:\workspace\ProjectEyes\PMS\bin\main started by iteyes in C:\workspace\ProjectEyes\PMS)
2021-12-06 10:06:16,639 [restartedMain] DEBUG com.iteyes.PmsApplication(logStarting:56) - Running with Spring Boot v2.5.4, Spring v5.3.9
2021-12-06 10:06:16,640 [restartedMain] INFO  com.iteyes.PmsApplication(logStartupProfileInfo:659) - No active profile set, falling back to default profiles: default
2021-12-06 10:06:16,776 [restartedMain] INFO  org.springframework.context.support.PostProcessorRegistrationDelegate$BeanPostProcessorChecker(postProcessAfterInitialization:376) - Bean 'org.springframework.ws.config.annotation.DelegatingWsConfiguration' of type [org.springframework.ws.config.annotation.DelegatingWsConfiguration$$EnhancerBySpringCGLIB$$3775cc1c] is not eligible for getting processed by all BeanPostProcessors (for example: not eligible for auto-proxying)
2021-12-06 10:06:16,776 [restartedMain] INFO  org.springframework.ws.soap.addressing.server.AnnotationActionEndpointMapping(afterPropertiesSet:239) - Supporting [WS-Addressing August 2004, WS-Addressing 1.0]
2021-12-06 10:06:16,801 [restartedMain] INFO  org.springframework.boot.web.embedded.tomcat.TomcatWebServer(initialize:108) - Tomcat initialized with port(s): 8080 (http)
2021-12-06 10:06:16,822 [restartedMain] INFO  org.springframework.boot.web.servlet.context.ServletWebServerApplicationContext(prepareWebApplicationContext:290) - Root WebApplicationContext: initialization completed in 181 ms
2021-12-06 10:06:16,901 [restartedMain] INFO  org.springframework.boot.autoconfigure.web.servlet.WelcomePageHandlerMapping(<init>:53) - Adding welcome page: class path resource [static/index.html]
2021-12-06 10:06:16,932 [restartedMain] INFO  org.springframework.boot.devtools.autoconfigure.OptionalLiveReloadServer(startServer:58) - LiveReload server is running on port 35729
2021-12-06 10:06:16,939 [restartedMain] INFO  org.springframework.boot.web.embedded.tomcat.TomcatWebServer(start:220) - Tomcat started on port(s): 8080 (http) with context path ''
2021-12-06 10:06:16,942 [restartedMain] INFO  com.iteyes.PmsApplication(logStarted:61) - Started PmsApplication in 0.335 seconds (JVM running for 3915.589)
2021-12-06 10:06:16,944 [restartedMain] INFO  org.springframework.boot.devtools.autoconfigure.ConditionEvaluationDeltaLoggingListener(onApplicationEvent:63) - Condition evaluation unchanged
2021-12-06 10:06:20,547 [restartedMain] INFO  com.iteyes.PmsApplication(logStarting:55) - Starting PmsApplication using Java 16.0.2 on DESKTOP-H5GEA9U with PID 8776 (C:\workspace\ProjectEyes\PMS\bin\main started by iteyes in C:\workspace\ProjectEyes\PMS)
2021-12-06 10:06:20,548 [restartedMain] DEBUG com.iteyes.PmsApplication(logStarting:56) - Running with Spring Boot v2.5.4, Spring v5.3.9
2021-12-06 10:06:20,548 [restartedMain] INFO  com.iteyes.PmsApplication(logStartupProfileInfo:659) - No active profile set, falling back to default profiles: default
2021-12-06 10:06:20,699 [restartedMain] INFO  org.springframework.context.support.PostProcessorRegistrationDelegate$BeanPostProcessorChecker(postProcessAfterInitialization:376) - Bean 'org.springframework.ws.config.annotation.DelegatingWsConfiguration' of type [org.springframework.ws.config.annotation.DelegatingWsConfiguration$$EnhancerBySpringCGLIB$$3775cc1c] is not eligible for getting processed by all BeanPostProcessors (for example: not eligible for auto-proxying)
2021-12-06 10:06:20,700 [restartedMain] INFO  org.springframework.ws.soap.addressing.server.AnnotationActionEndpointMapping(afterPropertiesSet:239) - Supporting [WS-Addressing August 2004, WS-Addressing 1.0]
2021-12-06 10:06:20,725 [restartedMain] INFO  org.springframework.boot.web.embedded.tomcat.TomcatWebServer(initialize:108) - Tomcat initialized with port(s): 8080 (http)
2021-12-06 10:06:20,744 [restartedMain] INFO  org.springframework.boot.web.servlet.context.ServletWebServerApplicationContext(prepareWebApplicationContext:290) - Root WebApplicationContext: initialization completed in 194 ms
2021-12-06 10:06:20,823 [restartedMain] INFO  org.springframework.boot.autoconfigure.web.servlet.WelcomePageHandlerMapping(<init>:53) - Adding welcome page: class path resource [static/index.html]
2021-12-06 10:06:20,854 [restartedMain] INFO  org.springframework.boot.devtools.autoconfigure.OptionalLiveReloadServer(startServer:58) - LiveReload server is running on port 35729
2021-12-06 10:06:20,861 [restartedMain] INFO  org.springframework.boot.web.embedded.tomcat.TomcatWebServer(start:220) - Tomcat started on port(s): 8080 (http) with context path ''
2021-12-06 10:06:20,865 [restartedMain] INFO  com.iteyes.PmsApplication(logStarted:61) - Started PmsApplication in 0.353 seconds (JVM running for 3919.511)
2021-12-06 10:06:20,867 [restartedMain] INFO  org.springframework.boot.devtools.autoconfigure.ConditionEvaluationDeltaLoggingListener(onApplicationEvent:63) - Condition evaluation unchanged
2021-12-06 10:06:25,693 [http-nio-8080-exec-1] INFO  org.springframework.web.servlet.DispatcherServlet(initServletBean:525) - Initializing Servlet 'dispatcherServlet'
2021-12-06 10:06:25,695 [http-nio-8080-exec-1] INFO  org.springframework.web.servlet.DispatcherServlet(initServletBean:547) - Completed initialization in 2 ms
2021-12-06 10:06:25,696 [http-nio-8080-exec-1] DEBUG com.iteyes.controller.pms.SWZP0010Controller(select:36) - # pgm_id :: 
2021-12-06 10:06:25,696 [http-nio-8080-exec-1] DEBUG com.iteyes.controller.pms.SWZP0010Controller(select:37) - # pgm_nm :: 
2021-12-06 10:06:25,696 [http-nio-8080-exec-1] DEBUG com.iteyes.controller.pms.SWZP0010Controller(select:38) - # pl_no :: 
2021-12-06 10:06:25,696 [http-nio-8080-exec-1] DEBUG com.iteyes.controller.pms.SWZP0010Controller(select:39) - # dvlpe_no :: 
2021-12-06 10:06:25,696 [http-nio-8080-exec-1] DEBUG com.iteyes.controller.pms.SWZP0010Controller(select:40) - # dvlp_dis_cd :: 200
2021-12-06 10:06:25,724 [http-nio-8080-exec-1] DEBUG com.iteyes.mapper.pms.SWZP0010Mapper.select_0010_01(debug:137) - ==>  Preparing: SELECT bkup_id /*백업ID */ , prjt_id /*프로젝트ID */ , pgm_id /*프로그램ID */ , bzcd /*업무구분 */ , pgm_nm /*프로그램명 */ , bz_dtls_txt /*업무세부 */ , dvlp_dis_cd /*개발구분*/ , pgm_dis_cd /*프로그램구분*/ , enlpe_nm /*프로그램세부구분코드 */ , frcs_sta_dt /*예상시작일자 */ , frcs_end_dt /*예상종료일자 */ , sta_dt /*실제시작일자 */ , end_dt /*실제종료일자 */ , prg_txt /*진행현황 */ , dvlpe_no /*개발자번호 */ , dvlpe_cnf_dt /*개발자확인일자 */ , pl_no /*PL번호 */ , pl_cnf_dt /*PL확인일자 */ , crpe_no /*담당자번호 */ , rmrk /*비고 */ , opr_no /*조작자번호 */ , db_chg_ts /*DB변경일시 */ FROM PMS_PGM_MNG WHERE 1=1 /*프로그램ID*/ /*프로그램명*/ /*개발자번호*/ /*PL번호*/
2021-12-06 10:06:25,725 [http-nio-8080-exec-1] DEBUG com.iteyes.mapper.pms.SWZP0010Mapper.select_0010_01(debug:137) - ==> Parameters: 
2021-12-06 10:06:25,727 [http-nio-8080-exec-1] DEBUG com.iteyes.mapper.pms.SWZP0010Mapper.select_0010_01(debug:137) - <==      Total: 4
2021-12-06 10:07:22,950 [restartedMain] INFO  com.iteyes.PmsApplication(logStarting:55) - Starting PmsApplication using Java 16.0.2 on DESKTOP-H5GEA9U with PID 8776 (C:\workspace\ProjectEyes\PMS\bin\main started by iteyes in C:\workspace\ProjectEyes\PMS)
2021-12-06 10:07:22,950 [restartedMain] DEBUG com.iteyes.PmsApplication(logStarting:56) - Running with Spring Boot v2.5.4, Spring v5.3.9
2021-12-06 10:07:22,950 [restartedMain] INFO  com.iteyes.PmsApplication(logStartupProfileInfo:659) - No active profile set, falling back to default profiles: default
2021-12-06 10:07:23,092 [restartedMain] INFO  org.springframework.context.support.PostProcessorRegistrationDelegate$BeanPostProcessorChecker(postProcessAfterInitialization:376) - Bean 'org.springframework.ws.config.annotation.DelegatingWsConfiguration' of type [org.springframework.ws.config.annotation.DelegatingWsConfiguration$$EnhancerBySpringCGLIB$$3775cc1c] is not eligible for getting processed by all BeanPostProcessors (for example: not eligible for auto-proxying)
2021-12-06 10:07:23,093 [restartedMain] INFO  org.springframework.ws.soap.addressing.server.AnnotationActionEndpointMapping(afterPropertiesSet:239) - Supporting [WS-Addressing August 2004, WS-Addressing 1.0]
2021-12-06 10:07:23,119 [restartedMain] INFO  org.springframework.boot.web.embedded.tomcat.TomcatWebServer(initialize:108) - Tomcat initialized with port(s): 8080 (http)
2021-12-06 10:07:23,138 [restartedMain] INFO  org.springframework.boot.web.servlet.context.ServletWebServerApplicationContext(prepareWebApplicationContext:290) - Root WebApplicationContext: initialization completed in 186 ms
2021-12-06 10:07:23,216 [restartedMain] INFO  org.springframework.boot.autoconfigure.web.servlet.WelcomePageHandlerMapping(<init>:53) - Adding welcome page: class path resource [static/index.html]
2021-12-06 10:07:23,246 [restartedMain] INFO  org.springframework.boot.devtools.autoconfigure.OptionalLiveReloadServer(startServer:58) - LiveReload server is running on port 35729
2021-12-06 10:07:23,253 [restartedMain] INFO  org.springframework.boot.web.embedded.tomcat.TomcatWebServer(start:220) - Tomcat started on port(s): 8080 (http) with context path ''
2021-12-06 10:07:23,258 [restartedMain] INFO  com.iteyes.PmsApplication(logStarted:61) - Started PmsApplication in 0.339 seconds (JVM running for 3981.905)
2021-12-06 10:07:23,260 [restartedMain] INFO  org.springframework.boot.devtools.autoconfigure.ConditionEvaluationDeltaLoggingListener(onApplicationEvent:63) - Condition evaluation unchanged
2021-12-06 10:07:28,895 [restartedMain] INFO  com.iteyes.PmsApplication(logStarting:55) - Starting PmsApplication using Java 16.0.2 on DESKTOP-H5GEA9U with PID 8776 (C:\workspace\ProjectEyes\PMS\bin\main started by iteyes in C:\workspace\ProjectEyes\PMS)
2021-12-06 10:07:28,896 [restartedMain] DEBUG com.iteyes.PmsApplication(logStarting:56) - Running with Spring Boot v2.5.4, Spring v5.3.9
2021-12-06 10:07:28,896 [restartedMain] INFO  com.iteyes.PmsApplication(logStartupProfileInfo:659) - No active profile set, falling back to default profiles: default
2021-12-06 10:07:29,040 [restartedMain] INFO  org.springframework.context.support.PostProcessorRegistrationDelegate$BeanPostProcessorChecker(postProcessAfterInitialization:376) - Bean 'org.springframework.ws.config.annotation.DelegatingWsConfiguration' of type [org.springframework.ws.config.annotation.DelegatingWsConfiguration$$EnhancerBySpringCGLIB$$3775cc1c] is not eligible for getting processed by all BeanPostProcessors (for example: not eligible for auto-proxying)
2021-12-06 10:07:29,041 [restartedMain] INFO  org.springframework.ws.soap.addressing.server.AnnotationActionEndpointMapping(afterPropertiesSet:239) - Supporting [WS-Addressing August 2004, WS-Addressing 1.0]
2021-12-06 10:07:29,067 [restartedMain] INFO  org.springframework.boot.web.embedded.tomcat.TomcatWebServer(initialize:108) - Tomcat initialized with port(s): 8080 (http)
2021-12-06 10:07:29,085 [restartedMain] INFO  org.springframework.boot.web.servlet.context.ServletWebServerApplicationContext(prepareWebApplicationContext:290) - Root WebApplicationContext: initialization completed in 188 ms
2021-12-06 10:07:29,157 [restartedMain] INFO  org.springframework.boot.autoconfigure.web.servlet.WelcomePageHandlerMapping(<init>:53) - Adding welcome page: class path resource [static/index.html]
2021-12-06 10:07:29,193 [restartedMain] INFO  org.springframework.boot.devtools.autoconfigure.OptionalLiveReloadServer(startServer:58) - LiveReload server is running on port 35729
2021-12-06 10:07:29,200 [restartedMain] INFO  org.springframework.boot.web.embedded.tomcat.TomcatWebServer(start:220) - Tomcat started on port(s): 8080 (http) with context path ''
2021-12-06 10:07:29,204 [restartedMain] INFO  com.iteyes.PmsApplication(logStarted:61) - Started PmsApplication in 0.339 seconds (JVM running for 3987.85)
2021-12-06 10:07:29,205 [restartedMain] INFO  org.springframework.boot.devtools.autoconfigure.ConditionEvaluationDeltaLoggingListener(onApplicationEvent:63) - Condition evaluation unchanged
2021-12-06 10:07:33,844 [restartedMain] INFO  com.iteyes.PmsApplication(logStarting:55) - Starting PmsApplication using Java 16.0.2 on DESKTOP-H5GEA9U with PID 8776 (C:\workspace\ProjectEyes\PMS\bin\main started by iteyes in C:\workspace\ProjectEyes\PMS)
2021-12-06 10:07:33,844 [restartedMain] DEBUG com.iteyes.PmsApplication(logStarting:56) - Running with Spring Boot v2.5.4, Spring v5.3.9
2021-12-06 10:07:33,845 [restartedMain] INFO  com.iteyes.PmsApplication(logStartupProfileInfo:659) - No active profile set, falling back to default profiles: default
2021-12-06 10:07:33,985 [restartedMain] INFO  org.springframework.context.support.PostProcessorRegistrationDelegate$BeanPostProcessorChecker(postProcessAfterInitialization:376) - Bean 'org.springframework.ws.config.annotation.DelegatingWsConfiguration' of type [org.springframework.ws.config.annotation.DelegatingWsConfiguration$$EnhancerBySpringCGLIB$$3775cc1c] is not eligible for getting processed by all BeanPostProcessors (for example: not eligible for auto-proxying)
2021-12-06 10:07:33,985 [restartedMain] INFO  org.springframework.ws.soap.addressing.server.AnnotationActionEndpointMapping(afterPropertiesSet:239) - Supporting [WS-Addressing August 2004, WS-Addressing 1.0]
2021-12-06 10:07:34,010 [restartedMain] INFO  org.springframework.boot.web.embedded.tomcat.TomcatWebServer(initialize:108) - Tomcat initialized with port(s): 8080 (http)
2021-12-06 10:07:34,028 [restartedMain] INFO  org.springframework.boot.web.servlet.context.ServletWebServerApplicationContext(prepareWebApplicationContext:290) - Root WebApplicationContext: initialization completed in 182 ms
2021-12-06 10:07:34,101 [restartedMain] INFO  org.springframework.boot.autoconfigure.web.servlet.WelcomePageHandlerMapping(<init>:53) - Adding welcome page: class path resource [static/index.html]
2021-12-06 10:07:34,133 [restartedMain] INFO  org.springframework.boot.devtools.autoconfigure.OptionalLiveReloadServer(startServer:58) - LiveReload server is running on port 35729
2021-12-06 10:07:34,141 [restartedMain] INFO  org.springframework.boot.web.embedded.tomcat.TomcatWebServer(start:220) - Tomcat started on port(s): 8080 (http) with context path ''
2021-12-06 10:07:34,144 [restartedMain] INFO  com.iteyes.PmsApplication(logStarted:61) - Started PmsApplication in 0.329 seconds (JVM running for 3992.791)
2021-12-06 10:07:34,145 [restartedMain] INFO  org.springframework.boot.devtools.autoconfigure.ConditionEvaluationDeltaLoggingListener(onApplicationEvent:63) - Condition evaluation unchanged
2021-12-06 10:07:41,108 [http-nio-8080-exec-1] INFO  org.springframework.web.servlet.DispatcherServlet(initServletBean:525) - Initializing Servlet 'dispatcherServlet'
2021-12-06 10:07:41,109 [http-nio-8080-exec-1] INFO  org.springframework.web.servlet.DispatcherServlet(initServletBean:547) - Completed initialization in 1 ms
2021-12-06 10:07:41,113 [http-nio-8080-exec-2] DEBUG com.iteyes.controller.pms.SWZP0010Controller(select:36) - # pgm_id :: 
2021-12-06 10:07:41,114 [http-nio-8080-exec-2] DEBUG com.iteyes.controller.pms.SWZP0010Controller(select:37) - # pgm_nm :: 
2021-12-06 10:07:41,114 [http-nio-8080-exec-2] DEBUG com.iteyes.controller.pms.SWZP0010Controller(select:38) - # pl_no :: 
2021-12-06 10:07:41,114 [http-nio-8080-exec-2] DEBUG com.iteyes.controller.pms.SWZP0010Controller(select:39) - # dvlpe_no :: 
2021-12-06 10:07:41,114 [http-nio-8080-exec-2] DEBUG com.iteyes.controller.pms.SWZP0010Controller(select:40) - # dvlp_dis_cd :: 300
2021-12-06 10:07:41,133 [http-nio-8080-exec-2] DEBUG com.iteyes.mapper.pms.SWZP0010Mapper.select_0010_01(debug:137) - ==>  Preparing: SELECT BKUP_ID /*백업ID */ , PRJT_ID /*프로젝트ID */ , PGM_ID /*프로그램ID */ , BZCD /*업무구분 */ , PGM_NM /*프로그램명 */ , BZ_DTLS_TXT /*업무세부 */ , DVLP_DIS_CD /*개발구분*/ , PGM_DIS_CD /*프로그램구분*/ , ENLPE_NM /*프로그램세부구분코드 */ , FRCS_STA_DT /*예상시작일자 */ , FRCS_END_DT /*예상종료일자 */ , STA_DT /*실제시작일자 */ , END_DT /*실제종료일자 */ , PRG_TXT /*진행현황 */ , DVLPE_NO /*개발자번호 */ , DVLPE_CNF_DT /*개발자확인일자 */ , PL_NO /*PL번호 */ , PL_CNF_DT /*PL확인일자 */ , CRPE_NO /*담당자번호 */ , RMRK /*비고 */ , OPR_NO /*조작자번호 */ , DB_CHG_TS /*DB변경일시 */ FROM PMS_PGM_MNG WHERE 1=1 /*프로그램ID*/ /*프로그램명*/ /*개발자번호*/ /*PL번호*/ /*개발구분*/ AND DVLP_DIS_CD = ?
2021-12-06 10:07:41,134 [http-nio-8080-exec-2] DEBUG com.iteyes.mapper.pms.SWZP0010Mapper.select_0010_01(debug:137) - ==> Parameters: 300(String)
2021-12-06 10:07:41,137 [http-nio-8080-exec-2] DEBUG com.iteyes.mapper.pms.SWZP0010Mapper.select_0010_01(debug:137) - <==      Total: 0
2021-12-06 10:07:44,571 [http-nio-8080-exec-3] DEBUG com.iteyes.controller.pms.SWZP0010Controller(select:36) - # pgm_id :: 
2021-12-06 10:07:44,571 [http-nio-8080-exec-3] DEBUG com.iteyes.controller.pms.SWZP0010Controller(select:37) - # pgm_nm :: 
2021-12-06 10:07:44,571 [http-nio-8080-exec-3] DEBUG com.iteyes.controller.pms.SWZP0010Controller(select:38) - # pl_no :: 
2021-12-06 10:07:44,571 [http-nio-8080-exec-3] DEBUG com.iteyes.controller.pms.SWZP0010Controller(select:39) - # dvlpe_no :: 
2021-12-06 10:07:44,571 [http-nio-8080-exec-3] DEBUG com.iteyes.controller.pms.SWZP0010Controller(select:40) - # dvlp_dis_cd :: 100
2021-12-06 10:07:44,582 [http-nio-8080-exec-3] DEBUG com.iteyes.mapper.pms.SWZP0010Mapper.select_0010_01(debug:137) - ==>  Preparing: SELECT BKUP_ID /*백업ID */ , PRJT_ID /*프로젝트ID */ , PGM_ID /*프로그램ID */ , BZCD /*업무구분 */ , PGM_NM /*프로그램명 */ , BZ_DTLS_TXT /*업무세부 */ , DVLP_DIS_CD /*개발구분*/ , PGM_DIS_CD /*프로그램구분*/ , ENLPE_NM /*프로그램세부구분코드 */ , FRCS_STA_DT /*예상시작일자 */ , FRCS_END_DT /*예상종료일자 */ , STA_DT /*실제시작일자 */ , END_DT /*실제종료일자 */ , PRG_TXT /*진행현황 */ , DVLPE_NO /*개발자번호 */ , DVLPE_CNF_DT /*개발자확인일자 */ , PL_NO /*PL번호 */ , PL_CNF_DT /*PL확인일자 */ , CRPE_NO /*담당자번호 */ , RMRK /*비고 */ , OPR_NO /*조작자번호 */ , DB_CHG_TS /*DB변경일시 */ FROM PMS_PGM_MNG WHERE 1=1 /*프로그램ID*/ /*프로그램명*/ /*개발자번호*/ /*PL번호*/ /*개발구분*/ AND DVLP_DIS_CD = ?
2021-12-06 10:07:44,582 [http-nio-8080-exec-3] DEBUG com.iteyes.mapper.pms.SWZP0010Mapper.select_0010_01(debug:137) - ==> Parameters: 100(String)
2021-12-06 10:07:44,589 [http-nio-8080-exec-3] DEBUG com.iteyes.mapper.pms.SWZP0010Mapper.select_0010_01(debug:137) - <==      Total: 4
2021-12-06 10:08:13,688 [restartedMain] INFO  com.iteyes.PmsApplication(logStarting:55) - Starting PmsApplication using Java 16.0.2 on DESKTOP-H5GEA9U with PID 8776 (C:\workspace\ProjectEyes\PMS\bin\main started by iteyes in C:\workspace\ProjectEyes\PMS)
2021-12-06 10:08:13,689 [restartedMain] DEBUG com.iteyes.PmsApplication(logStarting:56) - Running with Spring Boot v2.5.4, Spring v5.3.9
2021-12-06 10:08:13,689 [restartedMain] INFO  com.iteyes.PmsApplication(logStartupProfileInfo:659) - No active profile set, falling back to default profiles: default
2021-12-06 10:08:13,821 [restartedMain] INFO  org.springframework.context.support.PostProcessorRegistrationDelegate$BeanPostProcessorChecker(postProcessAfterInitialization:376) - Bean 'org.springframework.ws.config.annotation.DelegatingWsConfiguration' of type [org.springframework.ws.config.annotation.DelegatingWsConfiguration$$EnhancerBySpringCGLIB$$3775cc1c] is not eligible for getting processed by all BeanPostProcessors (for example: not eligible for auto-proxying)
2021-12-06 10:08:13,822 [restartedMain] INFO  org.springframework.ws.soap.addressing.server.AnnotationActionEndpointMapping(afterPropertiesSet:239) - Supporting [WS-Addressing August 2004, WS-Addressing 1.0]
2021-12-06 10:08:13,846 [restartedMain] INFO  org.springframework.boot.web.embedded.tomcat.TomcatWebServer(initialize:108) - Tomcat initialized with port(s): 8080 (http)
2021-12-06 10:08:13,864 [restartedMain] INFO  org.springframework.boot.web.servlet.context.ServletWebServerApplicationContext(prepareWebApplicationContext:290) - Root WebApplicationContext: initialization completed in 174 ms
2021-12-06 10:08:13,936 [restartedMain] INFO  org.springframework.boot.autoconfigure.web.servlet.WelcomePageHandlerMapping(<init>:53) - Adding welcome page: class path resource [static/index.html]
2021-12-06 10:08:13,969 [restartedMain] INFO  org.springframework.boot.devtools.autoconfigure.OptionalLiveReloadServer(startServer:58) - LiveReload server is running on port 35729
2021-12-06 10:08:13,976 [restartedMain] INFO  org.springframework.boot.web.embedded.tomcat.TomcatWebServer(start:220) - Tomcat started on port(s): 8080 (http) with context path ''
2021-12-06 10:08:13,979 [restartedMain] INFO  com.iteyes.PmsApplication(logStarted:61) - Started PmsApplication in 0.32 seconds (JVM running for 4032.626)
2021-12-06 10:08:13,981 [restartedMain] INFO  org.springframework.boot.devtools.autoconfigure.ConditionEvaluationDeltaLoggingListener(onApplicationEvent:63) - Condition evaluation unchanged
2021-12-06 10:08:56,229 [http-nio-8080-exec-1] INFO  org.springframework.web.servlet.DispatcherServlet(initServletBean:525) - Initializing Servlet 'dispatcherServlet'
2021-12-06 10:08:56,230 [http-nio-8080-exec-1] INFO  org.springframework.web.servlet.DispatcherServlet(initServletBean:547) - Completed initialization in 0 ms
2021-12-06 10:08:56,231 [http-nio-8080-exec-1] DEBUG com.iteyes.controller.pms.SWZP0010Controller(select:36) - # pgm_id :: 
2021-12-06 10:08:56,231 [http-nio-8080-exec-1] DEBUG com.iteyes.controller.pms.SWZP0010Controller(select:37) - # pgm_nm :: 
2021-12-06 10:08:56,232 [http-nio-8080-exec-1] DEBUG com.iteyes.controller.pms.SWZP0010Controller(select:38) - # pl_no :: 
2021-12-06 10:08:56,232 [http-nio-8080-exec-1] DEBUG com.iteyes.controller.pms.SWZP0010Controller(select:39) - # dvlpe_no :: 
2021-12-06 10:08:56,232 [http-nio-8080-exec-1] DEBUG com.iteyes.controller.pms.SWZP0010Controller(select:40) - # dvlp_dis_cd :: 300
2021-12-06 10:08:56,256 [http-nio-8080-exec-1] DEBUG com.iteyes.mapper.pms.SWZP0010Mapper.select_0010_01(debug:137) - ==>  Preparing: SELECT BKUP_ID /*백업ID */ , PRJT_ID /*프로젝트ID */ , PGM_ID /*프로그램ID */ , BZCD /*업무구분 */ , PGM_NM /*프로그램명 */ , BZ_DTLS_TXT /*업무세부 */ , DVLP_DIS_CD /*개발구분*/ , PGM_DIS_CD /*프로그램구분*/ , ENLPE_NM /*프로그램세부구분코드 */ , FRCS_STA_DT /*예상시작일자 */ , FRCS_END_DT /*예상종료일자 */ , STA_DT /*실제시작일자 */ , END_DT /*실제종료일자 */ , PRG_TXT /*진행현황 */ , DVLPE_NO /*개발자번호 */ , DVLPE_CNF_DT /*개발자확인일자 */ , PL_NO /*PL번호 */ , PL_CNF_DT /*PL확인일자 */ , CRPE_NO /*담당자번호 */ , RMRK /*비고 */ , OPR_NO /*조작자번호 */ , DB_CHG_TS /*DB변경일시 */ FROM PMS_PGM_MNG WHERE 1=1 /*프로그램ID*/ /*프로그램명*/ /*개발자번호*/ /*PL번호*/ /*개발구분*/ AND DVLP_DIS_CD = ?
2021-12-06 10:08:56,256 [http-nio-8080-exec-1] DEBUG com.iteyes.mapper.pms.SWZP0010Mapper.select_0010_01(debug:137) - ==> Parameters: 300(String)
2021-12-06 10:08:56,260 [http-nio-8080-exec-1] DEBUG com.iteyes.mapper.pms.SWZP0010Mapper.select_0010_01(debug:137) - <==      Total: 0
2021-12-06 10:08:59,939 [http-nio-8080-exec-2] DEBUG com.iteyes.controller.pms.SWZP0010Controller(select:36) - # pgm_id :: 
2021-12-06 10:08:59,939 [http-nio-8080-exec-2] DEBUG com.iteyes.controller.pms.SWZP0010Controller(select:37) - # pgm_nm :: 
2021-12-06 10:08:59,939 [http-nio-8080-exec-2] DEBUG com.iteyes.controller.pms.SWZP0010Controller(select:38) - # pl_no :: 
2021-12-06 10:08:59,939 [http-nio-8080-exec-2] DEBUG com.iteyes.controller.pms.SWZP0010Controller(select:39) - # dvlpe_no :: 
2021-12-06 10:08:59,939 [http-nio-8080-exec-2] DEBUG com.iteyes.controller.pms.SWZP0010Controller(select:40) - # dvlp_dis_cd :: 100
2021-12-06 10:08:59,945 [http-nio-8080-exec-2] DEBUG com.iteyes.mapper.pms.SWZP0010Mapper.select_0010_01(debug:137) - ==>  Preparing: SELECT BKUP_ID /*백업ID */ , PRJT_ID /*프로젝트ID */ , PGM_ID /*프로그램ID */ , BZCD /*업무구분 */ , PGM_NM /*프로그램명 */ , BZ_DTLS_TXT /*업무세부 */ , DVLP_DIS_CD /*개발구분*/ , PGM_DIS_CD /*프로그램구분*/ , ENLPE_NM /*프로그램세부구분코드 */ , FRCS_STA_DT /*예상시작일자 */ , FRCS_END_DT /*예상종료일자 */ , STA_DT /*실제시작일자 */ , END_DT /*실제종료일자 */ , PRG_TXT /*진행현황 */ , DVLPE_NO /*개발자번호 */ , DVLPE_CNF_DT /*개발자확인일자 */ , PL_NO /*PL번호 */ , PL_CNF_DT /*PL확인일자 */ , CRPE_NO /*담당자번호 */ , RMRK /*비고 */ , OPR_NO /*조작자번호 */ , DB_CHG_TS /*DB변경일시 */ FROM PMS_PGM_MNG WHERE 1=1 /*프로그램ID*/ /*프로그램명*/ /*개발자번호*/ /*PL번호*/ /*개발구분*/ AND DVLP_DIS_CD = ?
2021-12-06 10:08:59,945 [http-nio-8080-exec-2] DEBUG com.iteyes.mapper.pms.SWZP0010Mapper.select_0010_01(debug:137) - ==> Parameters: 100(String)
2021-12-06 10:08:59,949 [http-nio-8080-exec-2] DEBUG com.iteyes.mapper.pms.SWZP0010Mapper.select_0010_01(debug:137) - <==      Total: 4
2021-12-06 10:09:28,032 [http-nio-8080-exec-4] DEBUG com.iteyes.controller.pms.SWZP0010Controller(select:36) - # pgm_id :: 
2021-12-06 10:09:28,032 [http-nio-8080-exec-4] DEBUG com.iteyes.controller.pms.SWZP0010Controller(select:37) - # pgm_nm :: 
2021-12-06 10:09:28,032 [http-nio-8080-exec-4] DEBUG com.iteyes.controller.pms.SWZP0010Controller(select:38) - # pl_no :: 
2021-12-06 10:09:28,032 [http-nio-8080-exec-4] DEBUG com.iteyes.controller.pms.SWZP0010Controller(select:39) - # dvlpe_no :: 
2021-12-06 10:09:28,032 [http-nio-8080-exec-4] DEBUG com.iteyes.controller.pms.SWZP0010Controller(select:40) - # dvlp_dis_cd :: 
2021-12-06 10:09:28,035 [http-nio-8080-exec-4] DEBUG com.iteyes.mapper.pms.SWZP0010Mapper.select_0010_01(debug:137) - ==>  Preparing: SELECT BKUP_ID /*백업ID */ , PRJT_ID /*프로젝트ID */ , PGM_ID /*프로그램ID */ , BZCD /*업무구분 */ , PGM_NM /*프로그램명 */ , BZ_DTLS_TXT /*업무세부 */ , DVLP_DIS_CD /*개발구분*/ , PGM_DIS_CD /*프로그램구분*/ , ENLPE_NM /*프로그램세부구분코드 */ , FRCS_STA_DT /*예상시작일자 */ , FRCS_END_DT /*예상종료일자 */ , STA_DT /*실제시작일자 */ , END_DT /*실제종료일자 */ , PRG_TXT /*진행현황 */ , DVLPE_NO /*개발자번호 */ , DVLPE_CNF_DT /*개발자확인일자 */ , PL_NO /*PL번호 */ , PL_CNF_DT /*PL확인일자 */ , CRPE_NO /*담당자번호 */ , RMRK /*비고 */ , OPR_NO /*조작자번호 */ , DB_CHG_TS /*DB변경일시 */ FROM PMS_PGM_MNG WHERE 1=1 /*프로그램ID*/ /*프로그램명*/ /*개발자번호*/ /*PL번호*/ /*개발구분*/
2021-12-06 10:09:28,036 [http-nio-8080-exec-4] DEBUG com.iteyes.mapper.pms.SWZP0010Mapper.select_0010_01(debug:137) - ==> Parameters: 
2021-12-06 10:09:28,040 [http-nio-8080-exec-4] DEBUG com.iteyes.mapper.pms.SWZP0010Mapper.select_0010_01(debug:137) - <==      Total: 4
2021-12-06 10:10:01,563 [http-nio-8080-exec-6] DEBUG com.iteyes.controller.pms.SWZP0010Controller(select:36) - # pgm_id :: 
2021-12-06 10:10:01,563 [http-nio-8080-exec-6] DEBUG com.iteyes.controller.pms.SWZP0010Controller(select:37) - # pgm_nm :: 
2021-12-06 10:10:01,563 [http-nio-8080-exec-6] DEBUG com.iteyes.controller.pms.SWZP0010Controller(select:38) - # pl_no :: 
2021-12-06 10:10:01,563 [http-nio-8080-exec-6] DEBUG com.iteyes.controller.pms.SWZP0010Controller(select:39) - # dvlpe_no :: 
2021-12-06 10:10:01,563 [http-nio-8080-exec-6] DEBUG com.iteyes.controller.pms.SWZP0010Controller(select:40) - # dvlp_dis_cd :: 000
2021-12-06 10:10:01,566 [http-nio-8080-exec-6] DEBUG com.iteyes.mapper.pms.SWZP0010Mapper.select_0010_01(debug:137) - ==>  Preparing: SELECT BKUP_ID /*백업ID */ , PRJT_ID /*프로젝트ID */ , PGM_ID /*프로그램ID */ , BZCD /*업무구분 */ , PGM_NM /*프로그램명 */ , BZ_DTLS_TXT /*업무세부 */ , DVLP_DIS_CD /*개발구분*/ , PGM_DIS_CD /*프로그램구분*/ , ENLPE_NM /*프로그램세부구분코드 */ , FRCS_STA_DT /*예상시작일자 */ , FRCS_END_DT /*예상종료일자 */ , STA_DT /*실제시작일자 */ , END_DT /*실제종료일자 */ , PRG_TXT /*진행현황 */ , DVLPE_NO /*개발자번호 */ , DVLPE_CNF_DT /*개발자확인일자 */ , PL_NO /*PL번호 */ , PL_CNF_DT /*PL확인일자 */ , CRPE_NO /*담당자번호 */ , RMRK /*비고 */ , OPR_NO /*조작자번호 */ , DB_CHG_TS /*DB변경일시 */ FROM PMS_PGM_MNG WHERE 1=1 /*프로그램ID*/ /*프로그램명*/ /*개발자번호*/ /*PL번호*/ /*개발구분*/
2021-12-06 10:10:01,566 [http-nio-8080-exec-6] DEBUG com.iteyes.mapper.pms.SWZP0010Mapper.select_0010_01(debug:137) - ==> Parameters: 
2021-12-06 10:10:01,571 [http-nio-8080-exec-6] DEBUG com.iteyes.mapper.pms.SWZP0010Mapper.select_0010_01(debug:137) - <==      Total: 4
2021-12-06 10:10:05,120 [http-nio-8080-exec-8] DEBUG com.iteyes.controller.pms.SWZP0010Controller(select:36) - # pgm_id :: 
2021-12-06 10:10:05,120 [http-nio-8080-exec-8] DEBUG com.iteyes.controller.pms.SWZP0010Controller(select:37) - # pgm_nm :: 
2021-12-06 10:10:05,120 [http-nio-8080-exec-8] DEBUG com.iteyes.controller.pms.SWZP0010Controller(select:38) - # pl_no :: 
2021-12-06 10:10:05,120 [http-nio-8080-exec-8] DEBUG com.iteyes.controller.pms.SWZP0010Controller(select:39) - # dvlpe_no :: 
2021-12-06 10:10:05,120 [http-nio-8080-exec-8] DEBUG com.iteyes.controller.pms.SWZP0010Controller(select:40) - # dvlp_dis_cd :: 200
2021-12-06 10:10:05,124 [http-nio-8080-exec-8] DEBUG com.iteyes.mapper.pms.SWZP0010Mapper.select_0010_01(debug:137) - ==>  Preparing: SELECT BKUP_ID /*백업ID */ , PRJT_ID /*프로젝트ID */ , PGM_ID /*프로그램ID */ , BZCD /*업무구분 */ , PGM_NM /*프로그램명 */ , BZ_DTLS_TXT /*업무세부 */ , DVLP_DIS_CD /*개발구분*/ , PGM_DIS_CD /*프로그램구분*/ , ENLPE_NM /*프로그램세부구분코드 */ , FRCS_STA_DT /*예상시작일자 */ , FRCS_END_DT /*예상종료일자 */ , STA_DT /*실제시작일자 */ , END_DT /*실제종료일자 */ , PRG_TXT /*진행현황 */ , DVLPE_NO /*개발자번호 */ , DVLPE_CNF_DT /*개발자확인일자 */ , PL_NO /*PL번호 */ , PL_CNF_DT /*PL확인일자 */ , CRPE_NO /*담당자번호 */ , RMRK /*비고 */ , OPR_NO /*조작자번호 */ , DB_CHG_TS /*DB변경일시 */ FROM PMS_PGM_MNG WHERE 1=1 /*프로그램ID*/ /*프로그램명*/ /*개발자번호*/ /*PL번호*/ /*개발구분*/ AND DVLP_DIS_CD = ?
2021-12-06 10:10:05,124 [http-nio-8080-exec-8] DEBUG com.iteyes.mapper.pms.SWZP0010Mapper.select_0010_01(debug:137) - ==> Parameters: 200(String)
2021-12-06 10:10:05,127 [http-nio-8080-exec-8] DEBUG com.iteyes.mapper.pms.SWZP0010Mapper.select_0010_01(debug:137) - <==      Total: 0
2021-12-06 10:24:52,943 [http-nio-8080-exec-1] DEBUG com.iteyes.controller.pms.SWZP0010Controller(select:36) - # pgm_id :: 
2021-12-06 10:24:52,943 [http-nio-8080-exec-1] DEBUG com.iteyes.controller.pms.SWZP0010Controller(select:37) - # pgm_nm :: 
2021-12-06 10:24:52,943 [http-nio-8080-exec-1] DEBUG com.iteyes.controller.pms.SWZP0010Controller(select:38) - # pl_no :: 
2021-12-06 10:24:52,943 [http-nio-8080-exec-1] DEBUG com.iteyes.controller.pms.SWZP0010Controller(select:39) - # dvlpe_no :: 
2021-12-06 10:24:52,943 [http-nio-8080-exec-1] DEBUG com.iteyes.controller.pms.SWZP0010Controller(select:40) - # dvlp_dis_cd :: 200
2021-12-06 10:24:52,947 [http-nio-8080-exec-1] DEBUG com.iteyes.mapper.pms.SWZP0010Mapper.select_0010_01(debug:137) - ==>  Preparing: SELECT BKUP_ID /*백업ID */ , PRJT_ID /*프로젝트ID */ , PGM_ID /*프로그램ID */ , BZCD /*업무구분 */ , PGM_NM /*프로그램명 */ , BZ_DTLS_TXT /*업무세부 */ , DVLP_DIS_CD /*개발구분*/ , PGM_DIS_CD /*프로그램구분*/ , ENLPE_NM /*프로그램세부구분코드 */ , FRCS_STA_DT /*예상시작일자 */ , FRCS_END_DT /*예상종료일자 */ , STA_DT /*실제시작일자 */ , END_DT /*실제종료일자 */ , PRG_TXT /*진행현황 */ , DVLPE_NO /*개발자번호 */ , DVLPE_CNF_DT /*개발자확인일자 */ , PL_NO /*PL번호 */ , PL_CNF_DT /*PL확인일자 */ , CRPE_NO /*담당자번호 */ , RMRK /*비고 */ , OPR_NO /*조작자번호 */ , DB_CHG_TS /*DB변경일시 */ FROM PMS_PGM_MNG WHERE 1=1 /*프로그램ID*/ /*프로그램명*/ /*개발자번호*/ /*PL번호*/ /*개발구분*/ AND DVLP_DIS_CD = ?
2021-12-06 10:24:52,947 [http-nio-8080-exec-1] DEBUG com.iteyes.mapper.pms.SWZP0010Mapper.select_0010_01(debug:137) - ==> Parameters: 200(String)
2021-12-06 10:24:52,950 [http-nio-8080-exec-1] DEBUG com.iteyes.mapper.pms.SWZP0010Mapper.select_0010_01(debug:137) - <==      Total: 0
2021-12-06 10:24:55,674 [http-nio-8080-exec-3] DEBUG com.iteyes.controller.pms.SWZP0010Controller(select:36) - # pgm_id :: 
2021-12-06 10:24:55,674 [http-nio-8080-exec-3] DEBUG com.iteyes.controller.pms.SWZP0010Controller(select:37) - # pgm_nm :: 
2021-12-06 10:24:55,674 [http-nio-8080-exec-3] DEBUG com.iteyes.controller.pms.SWZP0010Controller(select:38) - # pl_no :: 
2021-12-06 10:24:55,674 [http-nio-8080-exec-3] DEBUG com.iteyes.controller.pms.SWZP0010Controller(select:39) - # dvlpe_no :: 
2021-12-06 10:24:55,674 [http-nio-8080-exec-3] DEBUG com.iteyes.controller.pms.SWZP0010Controller(select:40) - # dvlp_dis_cd :: 100
2021-12-06 10:24:55,677 [http-nio-8080-exec-3] DEBUG com.iteyes.mapper.pms.SWZP0010Mapper.select_0010_01(debug:137) - ==>  Preparing: SELECT BKUP_ID /*백업ID */ , PRJT_ID /*프로젝트ID */ , PGM_ID /*프로그램ID */ , BZCD /*업무구분 */ , PGM_NM /*프로그램명 */ , BZ_DTLS_TXT /*업무세부 */ , DVLP_DIS_CD /*개발구분*/ , PGM_DIS_CD /*프로그램구분*/ , ENLPE_NM /*프로그램세부구분코드 */ , FRCS_STA_DT /*예상시작일자 */ , FRCS_END_DT /*예상종료일자 */ , STA_DT /*실제시작일자 */ , END_DT /*실제종료일자 */ , PRG_TXT /*진행현황 */ , DVLPE_NO /*개발자번호 */ , DVLPE_CNF_DT /*개발자확인일자 */ , PL_NO /*PL번호 */ , PL_CNF_DT /*PL확인일자 */ , CRPE_NO /*담당자번호 */ , RMRK /*비고 */ , OPR_NO /*조작자번호 */ , DB_CHG_TS /*DB변경일시 */ FROM PMS_PGM_MNG WHERE 1=1 /*프로그램ID*/ /*프로그램명*/ /*개발자번호*/ /*PL번호*/ /*개발구분*/ AND DVLP_DIS_CD = ?
2021-12-06 10:24:55,677 [http-nio-8080-exec-3] DEBUG com.iteyes.mapper.pms.SWZP0010Mapper.select_0010_01(debug:137) - ==> Parameters: 100(String)
2021-12-06 10:24:55,683 [http-nio-8080-exec-3] DEBUG com.iteyes.mapper.pms.SWZP0010Mapper.select_0010_01(debug:137) - <==      Total: 4
2021-12-06 10:33:11,275 [http-nio-8080-exec-6] DEBUG com.iteyes.controller.pms.SWZP0010Controller(select:36) - # pgm_id :: 
2021-12-06 10:33:11,275 [http-nio-8080-exec-6] DEBUG com.iteyes.controller.pms.SWZP0010Controller(select:37) - # pgm_nm :: 
2021-12-06 10:33:11,275 [http-nio-8080-exec-6] DEBUG com.iteyes.controller.pms.SWZP0010Controller(select:38) - # pl_no :: 
2021-12-06 10:33:11,275 [http-nio-8080-exec-6] DEBUG com.iteyes.controller.pms.SWZP0010Controller(select:39) - # dvlpe_no :: 
2021-12-06 10:33:11,275 [http-nio-8080-exec-6] DEBUG com.iteyes.controller.pms.SWZP0010Controller(select:40) - # dvlp_dis_cd :: 
2021-12-06 10:33:11,278 [http-nio-8080-exec-6] DEBUG com.iteyes.mapper.pms.SWZP0010Mapper.select_0010_01(debug:137) - ==>  Preparing: SELECT BKUP_ID /*백업ID */ , PRJT_ID /*프로젝트ID */ , PGM_ID /*프로그램ID */ , BZCD /*업무구분 */ , PGM_NM /*프로그램명 */ , BZ_DTLS_TXT /*업무세부 */ , DVLP_DIS_CD /*개발구분*/ , PGM_DIS_CD /*프로그램구분*/ , ENLPE_NM /*프로그램세부구분코드 */ , FRCS_STA_DT /*예상시작일자 */ , FRCS_END_DT /*예상종료일자 */ , STA_DT /*실제시작일자 */ , END_DT /*실제종료일자 */ , PRG_TXT /*진행현황 */ , DVLPE_NO /*개발자번호 */ , DVLPE_CNF_DT /*개발자확인일자 */ , PL_NO /*PL번호 */ , PL_CNF_DT /*PL확인일자 */ , CRPE_NO /*담당자번호 */ , RMRK /*비고 */ , OPR_NO /*조작자번호 */ , DB_CHG_TS /*DB변경일시 */ FROM PMS_PGM_MNG WHERE 1=1 /*프로그램ID*/ /*프로그램명*/ /*개발자번호*/ /*PL번호*/ /*개발구분*/
2021-12-06 10:33:11,279 [http-nio-8080-exec-6] DEBUG com.iteyes.mapper.pms.SWZP0010Mapper.select_0010_01(debug:137) - ==> Parameters: 
2021-12-06 10:33:11,284 [http-nio-8080-exec-6] DEBUG com.iteyes.mapper.pms.SWZP0010Mapper.select_0010_01(debug:137) - <==      Total: 4
2021-12-06 10:42:43,655 [http-nio-8080-exec-9] DEBUG com.iteyes.controller.pms.SWZP0010Controller(select:36) - # pgm_id :: 
2021-12-06 10:42:43,655 [http-nio-8080-exec-9] DEBUG com.iteyes.controller.pms.SWZP0010Controller(select:37) - # pgm_nm :: 
2021-12-06 10:42:43,655 [http-nio-8080-exec-9] DEBUG com.iteyes.controller.pms.SWZP0010Controller(select:38) - # pl_no :: 
2021-12-06 10:42:43,655 [http-nio-8080-exec-9] DEBUG com.iteyes.controller.pms.SWZP0010Controller(select:39) - # dvlpe_no :: 
2021-12-06 10:42:43,655 [http-nio-8080-exec-9] DEBUG com.iteyes.controller.pms.SWZP0010Controller(select:40) - # dvlp_dis_cd :: 000
2021-12-06 10:42:43,658 [http-nio-8080-exec-9] DEBUG com.iteyes.mapper.pms.SWZP0010Mapper.select_0010_01(debug:137) - ==>  Preparing: SELECT BKUP_ID /*백업ID */ , PRJT_ID /*프로젝트ID */ , PGM_ID /*프로그램ID */ , BZCD /*업무구분 */ , PGM_NM /*프로그램명 */ , BZ_DTLS_TXT /*업무세부 */ , DVLP_DIS_CD /*개발구분*/ , PGM_DIS_CD /*프로그램구분*/ , ENLPE_NM /*프로그램세부구분코드 */ , FRCS_STA_DT /*예상시작일자 */ , FRCS_END_DT /*예상종료일자 */ , STA_DT /*실제시작일자 */ , END_DT /*실제종료일자 */ , PRG_TXT /*진행현황 */ , DVLPE_NO /*개발자번호 */ , DVLPE_CNF_DT /*개발자확인일자 */ , PL_NO /*PL번호 */ , PL_CNF_DT /*PL확인일자 */ , CRPE_NO /*담당자번호 */ , RMRK /*비고 */ , OPR_NO /*조작자번호 */ , DB_CHG_TS /*DB변경일시 */ FROM PMS_PGM_MNG WHERE 1=1 /*프로그램ID*/ /*프로그램명*/ /*개발자번호*/ /*PL번호*/ /*개발구분*/
2021-12-06 10:42:43,658 [http-nio-8080-exec-9] DEBUG com.iteyes.mapper.pms.SWZP0010Mapper.select_0010_01(debug:137) - ==> Parameters: 
2021-12-06 10:42:43,662 [http-nio-8080-exec-9] DEBUG com.iteyes.mapper.pms.SWZP0010Mapper.select_0010_01(debug:137) - <==      Total: 4
2021-12-06 10:42:43,839 [http-nio-8080-exec-10] DEBUG com.iteyes.controller.pms.SWZP0010Controller(select:36) - # pgm_id :: 
2021-12-06 10:42:43,840 [http-nio-8080-exec-10] DEBUG com.iteyes.controller.pms.SWZP0010Controller(select:37) - # pgm_nm :: 
2021-12-06 10:42:43,840 [http-nio-8080-exec-10] DEBUG com.iteyes.controller.pms.SWZP0010Controller(select:38) - # pl_no :: 
2021-12-06 10:42:43,840 [http-nio-8080-exec-10] DEBUG com.iteyes.controller.pms.SWZP0010Controller(select:39) - # dvlpe_no :: 
2021-12-06 10:42:43,840 [http-nio-8080-exec-10] DEBUG com.iteyes.controller.pms.SWZP0010Controller(select:40) - # dvlp_dis_cd :: 000
2021-12-06 10:42:43,841 [http-nio-8080-exec-10] DEBUG com.iteyes.mapper.pms.SWZP0010Mapper.select_0010_01(debug:137) - ==>  Preparing: SELECT BKUP_ID /*백업ID */ , PRJT_ID /*프로젝트ID */ , PGM_ID /*프로그램ID */ , BZCD /*업무구분 */ , PGM_NM /*프로그램명 */ , BZ_DTLS_TXT /*업무세부 */ , DVLP_DIS_CD /*개발구분*/ , PGM_DIS_CD /*프로그램구분*/ , ENLPE_NM /*프로그램세부구분코드 */ , FRCS_STA_DT /*예상시작일자 */ , FRCS_END_DT /*예상종료일자 */ , STA_DT /*실제시작일자 */ , END_DT /*실제종료일자 */ , PRG_TXT /*진행현황 */ , DVLPE_NO /*개발자번호 */ , DVLPE_CNF_DT /*개발자확인일자 */ , PL_NO /*PL번호 */ , PL_CNF_DT /*PL확인일자 */ , CRPE_NO /*담당자번호 */ , RMRK /*비고 */ , OPR_NO /*조작자번호 */ , DB_CHG_TS /*DB변경일시 */ FROM PMS_PGM_MNG WHERE 1=1 /*프로그램ID*/ /*프로그램명*/ /*개발자번호*/ /*PL번호*/ /*개발구분*/
2021-12-06 10:42:43,841 [http-nio-8080-exec-10] DEBUG com.iteyes.mapper.pms.SWZP0010Mapper.select_0010_01(debug:137) - ==> Parameters: 
2021-12-06 10:42:43,845 [http-nio-8080-exec-10] DEBUG com.iteyes.mapper.pms.SWZP0010Mapper.select_0010_01(debug:137) - <==      Total: 4
2021-12-06 10:42:44,027 [http-nio-8080-exec-1] DEBUG com.iteyes.controller.pms.SWZP0010Controller(select:36) - # pgm_id :: 
2021-12-06 10:42:44,027 [http-nio-8080-exec-1] DEBUG com.iteyes.controller.pms.SWZP0010Controller(select:37) - # pgm_nm :: 
2021-12-06 10:42:44,028 [http-nio-8080-exec-1] DEBUG com.iteyes.controller.pms.SWZP0010Controller(select:38) - # pl_no :: 
2021-12-06 10:42:44,028 [http-nio-8080-exec-1] DEBUG com.iteyes.controller.pms.SWZP0010Controller(select:39) - # dvlpe_no :: 
2021-12-06 10:42:44,028 [http-nio-8080-exec-1] DEBUG com.iteyes.controller.pms.SWZP0010Controller(select:40) - # dvlp_dis_cd :: 000
2021-12-06 10:42:44,028 [http-nio-8080-exec-1] DEBUG com.iteyes.mapper.pms.SWZP0010Mapper.select_0010_01(debug:137) - ==>  Preparing: SELECT BKUP_ID /*백업ID */ , PRJT_ID /*프로젝트ID */ , PGM_ID /*프로그램ID */ , BZCD /*업무구분 */ , PGM_NM /*프로그램명 */ , BZ_DTLS_TXT /*업무세부 */ , DVLP_DIS_CD /*개발구분*/ , PGM_DIS_CD /*프로그램구분*/ , ENLPE_NM /*프로그램세부구분코드 */ , FRCS_STA_DT /*예상시작일자 */ , FRCS_END_DT /*예상종료일자 */ , STA_DT /*실제시작일자 */ , END_DT /*실제종료일자 */ , PRG_TXT /*진행현황 */ , DVLPE_NO /*개발자번호 */ , DVLPE_CNF_DT /*개발자확인일자 */ , PL_NO /*PL번호 */ , PL_CNF_DT /*PL확인일자 */ , CRPE_NO /*담당자번호 */ , RMRK /*비고 */ , OPR_NO /*조작자번호 */ , DB_CHG_TS /*DB변경일시 */ FROM PMS_PGM_MNG WHERE 1=1 /*프로그램ID*/ /*프로그램명*/ /*개발자번호*/ /*PL번호*/ /*개발구분*/
2021-12-06 10:42:44,028 [http-nio-8080-exec-1] DEBUG com.iteyes.mapper.pms.SWZP0010Mapper.select_0010_01(debug:137) - ==> Parameters: 
2021-12-06 10:42:44,032 [http-nio-8080-exec-1] DEBUG com.iteyes.mapper.pms.SWZP0010Mapper.select_0010_01(debug:137) - <==      Total: 4
2021-12-06 10:46:18,302 [http-nio-8080-exec-4] DEBUG com.iteyes.controller.pms.SWZP0010Controller(select:36) - # pgm_id :: 
2021-12-06 10:46:18,302 [http-nio-8080-exec-4] DEBUG com.iteyes.controller.pms.SWZP0010Controller(select:37) - # pgm_nm :: 
2021-12-06 10:46:18,302 [http-nio-8080-exec-4] DEBUG com.iteyes.controller.pms.SWZP0010Controller(select:38) - # pl_no :: 
2021-12-06 10:46:18,302 [http-nio-8080-exec-4] DEBUG com.iteyes.controller.pms.SWZP0010Controller(select:39) - # dvlpe_no :: 
2021-12-06 10:46:18,302 [http-nio-8080-exec-4] DEBUG com.iteyes.controller.pms.SWZP0010Controller(select:40) - # dvlp_dis_cd :: 전체
2021-12-06 10:46:18,308 [http-nio-8080-exec-4] DEBUG com.iteyes.mapper.pms.SWZP0010Mapper.select_0010_01(debug:137) - ==>  Preparing: SELECT BKUP_ID /*백업ID */ , PRJT_ID /*프로젝트ID */ , PGM_ID /*프로그램ID */ , BZCD /*업무구분 */ , PGM_NM /*프로그램명 */ , BZ_DTLS_TXT /*업무세부 */ , DVLP_DIS_CD /*개발구분*/ , PGM_DIS_CD /*프로그램구분*/ , ENLPE_NM /*프로그램세부구분코드 */ , FRCS_STA_DT /*예상시작일자 */ , FRCS_END_DT /*예상종료일자 */ , STA_DT /*실제시작일자 */ , END_DT /*실제종료일자 */ , PRG_TXT /*진행현황 */ , DVLPE_NO /*개발자번호 */ , DVLPE_CNF_DT /*개발자확인일자 */ , PL_NO /*PL번호 */ , PL_CNF_DT /*PL확인일자 */ , CRPE_NO /*담당자번호 */ , RMRK /*비고 */ , OPR_NO /*조작자번호 */ , DB_CHG_TS /*DB변경일시 */ FROM PMS_PGM_MNG WHERE 1=1 /*프로그램ID*/ /*프로그램명*/ /*개발자번호*/ /*PL번호*/ /*개발구분*/ AND DVLP_DIS_CD = ?
2021-12-06 10:46:18,309 [http-nio-8080-exec-4] DEBUG com.iteyes.mapper.pms.SWZP0010Mapper.select_0010_01(debug:137) - ==> Parameters: 전체(String)
2021-12-06 10:46:18,311 [http-nio-8080-exec-4] DEBUG com.iteyes.mapper.pms.SWZP0010Mapper.select_0010_01(debug:137) - <==      Total: 0
2021-12-06 10:46:18,517 [http-nio-8080-exec-5] DEBUG com.iteyes.controller.pms.SWZP0010Controller(select:36) - # pgm_id :: 
2021-12-06 10:46:18,517 [http-nio-8080-exec-5] DEBUG com.iteyes.controller.pms.SWZP0010Controller(select:37) - # pgm_nm :: 
2021-12-06 10:46:18,517 [http-nio-8080-exec-5] DEBUG com.iteyes.controller.pms.SWZP0010Controller(select:38) - # pl_no :: 
2021-12-06 10:46:18,517 [http-nio-8080-exec-5] DEBUG com.iteyes.controller.pms.SWZP0010Controller(select:39) - # dvlpe_no :: 
2021-12-06 10:46:18,517 [http-nio-8080-exec-5] DEBUG com.iteyes.controller.pms.SWZP0010Controller(select:40) - # dvlp_dis_cd :: 전체
2021-12-06 10:46:18,517 [http-nio-8080-exec-5] DEBUG com.iteyes.mapper.pms.SWZP0010Mapper.select_0010_01(debug:137) - ==>  Preparing: SELECT BKUP_ID /*백업ID */ , PRJT_ID /*프로젝트ID */ , PGM_ID /*프로그램ID */ , BZCD /*업무구분 */ , PGM_NM /*프로그램명 */ , BZ_DTLS_TXT /*업무세부 */ , DVLP_DIS_CD /*개발구분*/ , PGM_DIS_CD /*프로그램구분*/ , ENLPE_NM /*프로그램세부구분코드 */ , FRCS_STA_DT /*예상시작일자 */ , FRCS_END_DT /*예상종료일자 */ , STA_DT /*실제시작일자 */ , END_DT /*실제종료일자 */ , PRG_TXT /*진행현황 */ , DVLPE_NO /*개발자번호 */ , DVLPE_CNF_DT /*개발자확인일자 */ , PL_NO /*PL번호 */ , PL_CNF_DT /*PL확인일자 */ , CRPE_NO /*담당자번호 */ , RMRK /*비고 */ , OPR_NO /*조작자번호 */ , DB_CHG_TS /*DB변경일시 */ FROM PMS_PGM_MNG WHERE 1=1 /*프로그램ID*/ /*프로그램명*/ /*개발자번호*/ /*PL번호*/ /*개발구분*/ AND DVLP_DIS_CD = ?
2021-12-06 10:46:18,518 [http-nio-8080-exec-5] DEBUG com.iteyes.mapper.pms.SWZP0010Mapper.select_0010_01(debug:137) - ==> Parameters: 전체(String)
2021-12-06 10:46:18,520 [http-nio-8080-exec-5] DEBUG com.iteyes.mapper.pms.SWZP0010Mapper.select_0010_01(debug:137) - <==      Total: 0
2021-12-06 10:46:18,710 [http-nio-8080-exec-6] DEBUG com.iteyes.controller.pms.SWZP0010Controller(select:36) - # pgm_id :: 
2021-12-06 10:46:18,711 [http-nio-8080-exec-6] DEBUG com.iteyes.controller.pms.SWZP0010Controller(select:37) - # pgm_nm :: 
2021-12-06 10:46:18,711 [http-nio-8080-exec-6] DEBUG com.iteyes.controller.pms.SWZP0010Controller(select:38) - # pl_no :: 
2021-12-06 10:46:18,711 [http-nio-8080-exec-6] DEBUG com.iteyes.controller.pms.SWZP0010Controller(select:39) - # dvlpe_no :: 
2021-12-06 10:46:18,711 [http-nio-8080-exec-6] DEBUG com.iteyes.controller.pms.SWZP0010Controller(select:40) - # dvlp_dis_cd :: 전체
2021-12-06 10:46:18,711 [http-nio-8080-exec-6] DEBUG com.iteyes.mapper.pms.SWZP0010Mapper.select_0010_01(debug:137) - ==>  Preparing: SELECT BKUP_ID /*백업ID */ , PRJT_ID /*프로젝트ID */ , PGM_ID /*프로그램ID */ , BZCD /*업무구분 */ , PGM_NM /*프로그램명 */ , BZ_DTLS_TXT /*업무세부 */ , DVLP_DIS_CD /*개발구분*/ , PGM_DIS_CD /*프로그램구분*/ , ENLPE_NM /*프로그램세부구분코드 */ , FRCS_STA_DT /*예상시작일자 */ , FRCS_END_DT /*예상종료일자 */ , STA_DT /*실제시작일자 */ , END_DT /*실제종료일자 */ , PRG_TXT /*진행현황 */ , DVLPE_NO /*개발자번호 */ , DVLPE_CNF_DT /*개발자확인일자 */ , PL_NO /*PL번호 */ , PL_CNF_DT /*PL확인일자 */ , CRPE_NO /*담당자번호 */ , RMRK /*비고 */ , OPR_NO /*조작자번호 */ , DB_CHG_TS /*DB변경일시 */ FROM PMS_PGM_MNG WHERE 1=1 /*프로그램ID*/ /*프로그램명*/ /*개발자번호*/ /*PL번호*/ /*개발구분*/ AND DVLP_DIS_CD = ?
2021-12-06 10:46:18,711 [http-nio-8080-exec-6] DEBUG com.iteyes.mapper.pms.SWZP0010Mapper.select_0010_01(debug:137) - ==> Parameters: 전체(String)
2021-12-06 10:46:18,715 [http-nio-8080-exec-6] DEBUG com.iteyes.mapper.pms.SWZP0010Mapper.select_0010_01(debug:137) - <==      Total: 0
2021-12-06 10:46:19,686 [http-nio-8080-exec-7] DEBUG com.iteyes.controller.pms.SWZP0010Controller(select:36) - # pgm_id :: 
2021-12-06 10:46:19,686 [http-nio-8080-exec-7] DEBUG com.iteyes.controller.pms.SWZP0010Controller(select:37) - # pgm_nm :: 
2021-12-06 10:46:19,686 [http-nio-8080-exec-7] DEBUG com.iteyes.controller.pms.SWZP0010Controller(select:38) - # pl_no :: 
2021-12-06 10:46:19,686 [http-nio-8080-exec-7] DEBUG com.iteyes.controller.pms.SWZP0010Controller(select:39) - # dvlpe_no :: 
2021-12-06 10:46:19,686 [http-nio-8080-exec-7] DEBUG com.iteyes.controller.pms.SWZP0010Controller(select:40) - # dvlp_dis_cd :: 전체
2021-12-06 10:46:19,689 [http-nio-8080-exec-7] DEBUG com.iteyes.mapper.pms.SWZP0010Mapper.select_0010_01(debug:137) - ==>  Preparing: SELECT BKUP_ID /*백업ID */ , PRJT_ID /*프로젝트ID */ , PGM_ID /*프로그램ID */ , BZCD /*업무구분 */ , PGM_NM /*프로그램명 */ , BZ_DTLS_TXT /*업무세부 */ , DVLP_DIS_CD /*개발구분*/ , PGM_DIS_CD /*프로그램구분*/ , ENLPE_NM /*프로그램세부구분코드 */ , FRCS_STA_DT /*예상시작일자 */ , FRCS_END_DT /*예상종료일자 */ , STA_DT /*실제시작일자 */ , END_DT /*실제종료일자 */ , PRG_TXT /*진행현황 */ , DVLPE_NO /*개발자번호 */ , DVLPE_CNF_DT /*개발자확인일자 */ , PL_NO /*PL번호 */ , PL_CNF_DT /*PL확인일자 */ , CRPE_NO /*담당자번호 */ , RMRK /*비고 */ , OPR_NO /*조작자번호 */ , DB_CHG_TS /*DB변경일시 */ FROM PMS_PGM_MNG WHERE 1=1 /*프로그램ID*/ /*프로그램명*/ /*개발자번호*/ /*PL번호*/ /*개발구분*/ AND DVLP_DIS_CD = ?
2021-12-06 10:46:19,690 [http-nio-8080-exec-7] DEBUG com.iteyes.mapper.pms.SWZP0010Mapper.select_0010_01(debug:137) - ==> Parameters: 전체(String)
2021-12-06 10:46:19,693 [http-nio-8080-exec-7] DEBUG com.iteyes.mapper.pms.SWZP0010Mapper.select_0010_01(debug:137) - <==      Total: 0
2021-12-06 10:46:19,852 [http-nio-8080-exec-8] DEBUG com.iteyes.controller.pms.SWZP0010Controller(select:36) - # pgm_id :: 
2021-12-06 10:46:19,852 [http-nio-8080-exec-8] DEBUG com.iteyes.controller.pms.SWZP0010Controller(select:37) - # pgm_nm :: 
2021-12-06 10:46:19,852 [http-nio-8080-exec-8] DEBUG com.iteyes.controller.pms.SWZP0010Controller(select:38) - # pl_no :: 
2021-12-06 10:46:19,852 [http-nio-8080-exec-8] DEBUG com.iteyes.controller.pms.SWZP0010Controller(select:39) - # dvlpe_no :: 
2021-12-06 10:46:19,852 [http-nio-8080-exec-8] DEBUG com.iteyes.controller.pms.SWZP0010Controller(select:40) - # dvlp_dis_cd :: 전체
2021-12-06 10:46:19,853 [http-nio-8080-exec-8] DEBUG com.iteyes.mapper.pms.SWZP0010Mapper.select_0010_01(debug:137) - ==>  Preparing: SELECT BKUP_ID /*백업ID */ , PRJT_ID /*프로젝트ID */ , PGM_ID /*프로그램ID */ , BZCD /*업무구분 */ , PGM_NM /*프로그램명 */ , BZ_DTLS_TXT /*업무세부 */ , DVLP_DIS_CD /*개발구분*/ , PGM_DIS_CD /*프로그램구분*/ , ENLPE_NM /*프로그램세부구분코드 */ , FRCS_STA_DT /*예상시작일자 */ , FRCS_END_DT /*예상종료일자 */ , STA_DT /*실제시작일자 */ , END_DT /*실제종료일자 */ , PRG_TXT /*진행현황 */ , DVLPE_NO /*개발자번호 */ , DVLPE_CNF_DT /*개발자확인일자 */ , PL_NO /*PL번호 */ , PL_CNF_DT /*PL확인일자 */ , CRPE_NO /*담당자번호 */ , RMRK /*비고 */ , OPR_NO /*조작자번호 */ , DB_CHG_TS /*DB변경일시 */ FROM PMS_PGM_MNG WHERE 1=1 /*프로그램ID*/ /*프로그램명*/ /*개발자번호*/ /*PL번호*/ /*개발구분*/ AND DVLP_DIS_CD = ?
2021-12-06 10:46:19,853 [http-nio-8080-exec-8] DEBUG com.iteyes.mapper.pms.SWZP0010Mapper.select_0010_01(debug:137) - ==> Parameters: 전체(String)
2021-12-06 10:46:19,856 [http-nio-8080-exec-8] DEBUG com.iteyes.mapper.pms.SWZP0010Mapper.select_0010_01(debug:137) - <==      Total: 0
2021-12-06 10:49:42,269 [http-nio-8080-exec-1] DEBUG com.iteyes.controller.pms.SWZP0010Controller(select:36) - # pgm_id :: 
2021-12-06 10:49:42,269 [http-nio-8080-exec-1] DEBUG com.iteyes.controller.pms.SWZP0010Controller(select:37) - # pgm_nm :: 
2021-12-06 10:49:42,269 [http-nio-8080-exec-1] DEBUG com.iteyes.controller.pms.SWZP0010Controller(select:38) - # pl_no :: 
2021-12-06 10:49:42,269 [http-nio-8080-exec-1] DEBUG com.iteyes.controller.pms.SWZP0010Controller(select:39) - # dvlpe_no :: 
2021-12-06 10:49:42,269 [http-nio-8080-exec-1] DEBUG com.iteyes.controller.pms.SWZP0010Controller(select:40) - # dvlp_dis_cd :: 000
2021-12-06 10:49:42,272 [http-nio-8080-exec-1] DEBUG com.iteyes.mapper.pms.SWZP0010Mapper.select_0010_01(debug:137) - ==>  Preparing: SELECT BKUP_ID /*백업ID */ , PRJT_ID /*프로젝트ID */ , PGM_ID /*프로그램ID */ , BZCD /*업무구분 */ , PGM_NM /*프로그램명 */ , BZ_DTLS_TXT /*업무세부 */ , DVLP_DIS_CD /*개발구분*/ , PGM_DIS_CD /*프로그램구분*/ , ENLPE_NM /*프로그램세부구분코드 */ , FRCS_STA_DT /*예상시작일자 */ , FRCS_END_DT /*예상종료일자 */ , STA_DT /*실제시작일자 */ , END_DT /*실제종료일자 */ , PRG_TXT /*진행현황 */ , DVLPE_NO /*개발자번호 */ , DVLPE_CNF_DT /*개발자확인일자 */ , PL_NO /*PL번호 */ , PL_CNF_DT /*PL확인일자 */ , CRPE_NO /*담당자번호 */ , RMRK /*비고 */ , OPR_NO /*조작자번호 */ , DB_CHG_TS /*DB변경일시 */ FROM PMS_PGM_MNG WHERE 1=1 /*프로그램ID*/ /*프로그램명*/ /*개발자번호*/ /*PL번호*/ /*개발구분*/
2021-12-06 10:49:42,273 [http-nio-8080-exec-1] DEBUG com.iteyes.mapper.pms.SWZP0010Mapper.select_0010_01(debug:137) - ==> Parameters: 
2021-12-06 10:49:42,276 [http-nio-8080-exec-1] DEBUG com.iteyes.mapper.pms.SWZP0010Mapper.select_0010_01(debug:137) - <==      Total: 4
2021-12-06 10:49:42,651 [http-nio-8080-exec-3] DEBUG com.iteyes.controller.pms.SWZP0010Controller(select:36) - # pgm_id :: 
2021-12-06 10:49:42,651 [http-nio-8080-exec-3] DEBUG com.iteyes.controller.pms.SWZP0010Controller(select:37) - # pgm_nm :: 
2021-12-06 10:49:42,651 [http-nio-8080-exec-3] DEBUG com.iteyes.controller.pms.SWZP0010Controller(select:38) - # pl_no :: 
2021-12-06 10:49:42,651 [http-nio-8080-exec-3] DEBUG com.iteyes.controller.pms.SWZP0010Controller(select:39) - # dvlpe_no :: 
2021-12-06 10:49:42,651 [http-nio-8080-exec-3] DEBUG com.iteyes.controller.pms.SWZP0010Controller(select:40) - # dvlp_dis_cd :: 000
2021-12-06 10:49:42,652 [http-nio-8080-exec-3] DEBUG com.iteyes.mapper.pms.SWZP0010Mapper.select_0010_01(debug:137) - ==>  Preparing: SELECT BKUP_ID /*백업ID */ , PRJT_ID /*프로젝트ID */ , PGM_ID /*프로그램ID */ , BZCD /*업무구분 */ , PGM_NM /*프로그램명 */ , BZ_DTLS_TXT /*업무세부 */ , DVLP_DIS_CD /*개발구분*/ , PGM_DIS_CD /*프로그램구분*/ , ENLPE_NM /*프로그램세부구분코드 */ , FRCS_STA_DT /*예상시작일자 */ , FRCS_END_DT /*예상종료일자 */ , STA_DT /*실제시작일자 */ , END_DT /*실제종료일자 */ , PRG_TXT /*진행현황 */ , DVLPE_NO /*개발자번호 */ , DVLPE_CNF_DT /*개발자확인일자 */ , PL_NO /*PL번호 */ , PL_CNF_DT /*PL확인일자 */ , CRPE_NO /*담당자번호 */ , RMRK /*비고 */ , OPR_NO /*조작자번호 */ , DB_CHG_TS /*DB변경일시 */ FROM PMS_PGM_MNG WHERE 1=1 /*프로그램ID*/ /*프로그램명*/ /*개발자번호*/ /*PL번호*/ /*개발구분*/
2021-12-06 10:49:42,652 [http-nio-8080-exec-3] DEBUG com.iteyes.mapper.pms.SWZP0010Mapper.select_0010_01(debug:137) - ==> Parameters: 
2021-12-06 10:49:42,655 [http-nio-8080-exec-3] DEBUG com.iteyes.mapper.pms.SWZP0010Mapper.select_0010_01(debug:137) - <==      Total: 4
2021-12-06 10:50:51,756 [http-nio-8080-exec-6] DEBUG com.iteyes.controller.pms.SWZP0010Controller(select:36) - # pgm_id :: 
2021-12-06 10:50:51,756 [http-nio-8080-exec-6] DEBUG com.iteyes.controller.pms.SWZP0010Controller(select:37) - # pgm_nm :: 
2021-12-06 10:50:51,756 [http-nio-8080-exec-6] DEBUG com.iteyes.controller.pms.SWZP0010Controller(select:38) - # pl_no :: 
2021-12-06 10:50:51,756 [http-nio-8080-exec-6] DEBUG com.iteyes.controller.pms.SWZP0010Controller(select:39) - # dvlpe_no :: 
2021-12-06 10:50:51,756 [http-nio-8080-exec-6] DEBUG com.iteyes.controller.pms.SWZP0010Controller(select:40) - # dvlp_dis_cd :: 000
2021-12-06 10:50:51,759 [http-nio-8080-exec-6] DEBUG com.iteyes.mapper.pms.SWZP0010Mapper.select_0010_01(debug:137) - ==>  Preparing: SELECT BKUP_ID /*백업ID */ , PRJT_ID /*프로젝트ID */ , PGM_ID /*프로그램ID */ , BZCD /*업무구분 */ , PGM_NM /*프로그램명 */ , BZ_DTLS_TXT /*업무세부 */ , DVLP_DIS_CD /*개발구분*/ , PGM_DIS_CD /*프로그램구분*/ , ENLPE_NM /*프로그램세부구분코드 */ , FRCS_STA_DT /*예상시작일자 */ , FRCS_END_DT /*예상종료일자 */ , STA_DT /*실제시작일자 */ , END_DT /*실제종료일자 */ , PRG_TXT /*진행현황 */ , DVLPE_NO /*개발자번호 */ , DVLPE_CNF_DT /*개발자확인일자 */ , PL_NO /*PL번호 */ , PL_CNF_DT /*PL확인일자 */ , CRPE_NO /*담당자번호 */ , RMRK /*비고 */ , OPR_NO /*조작자번호 */ , DB_CHG_TS /*DB변경일시 */ FROM PMS_PGM_MNG WHERE 1=1 /*프로그램ID*/ /*프로그램명*/ /*개발자번호*/ /*PL번호*/ /*개발구분*/
2021-12-06 10:50:51,759 [http-nio-8080-exec-6] DEBUG com.iteyes.mapper.pms.SWZP0010Mapper.select_0010_01(debug:137) - ==> Parameters: 
2021-12-06 10:50:51,764 [http-nio-8080-exec-6] DEBUG com.iteyes.mapper.pms.SWZP0010Mapper.select_0010_01(debug:137) - <==      Total: 4
2021-12-06 10:51:12,465 [http-nio-8080-exec-8] DEBUG com.iteyes.controller.pms.SWZP0010Controller(select:36) - # pgm_id :: 
2021-12-06 10:51:12,465 [http-nio-8080-exec-8] DEBUG com.iteyes.controller.pms.SWZP0010Controller(select:37) - # pgm_nm :: 
2021-12-06 10:51:12,465 [http-nio-8080-exec-8] DEBUG com.iteyes.controller.pms.SWZP0010Controller(select:38) - # pl_no :: 
2021-12-06 10:51:12,465 [http-nio-8080-exec-8] DEBUG com.iteyes.controller.pms.SWZP0010Controller(select:39) - # dvlpe_no :: 
2021-12-06 10:51:12,465 [http-nio-8080-exec-8] DEBUG com.iteyes.controller.pms.SWZP0010Controller(select:40) - # dvlp_dis_cd :: 000
2021-12-06 10:51:12,467 [http-nio-8080-exec-8] DEBUG com.iteyes.mapper.pms.SWZP0010Mapper.select_0010_01(debug:137) - ==>  Preparing: SELECT BKUP_ID /*백업ID */ , PRJT_ID /*프로젝트ID */ , PGM_ID /*프로그램ID */ , BZCD /*업무구분 */ , PGM_NM /*프로그램명 */ , BZ_DTLS_TXT /*업무세부 */ , DVLP_DIS_CD /*개발구분*/ , PGM_DIS_CD /*프로그램구분*/ , ENLPE_NM /*프로그램세부구분코드 */ , FRCS_STA_DT /*예상시작일자 */ , FRCS_END_DT /*예상종료일자 */ , STA_DT /*실제시작일자 */ , END_DT /*실제종료일자 */ , PRG_TXT /*진행현황 */ , DVLPE_NO /*개발자번호 */ , DVLPE_CNF_DT /*개발자확인일자 */ , PL_NO /*PL번호 */ , PL_CNF_DT /*PL확인일자 */ , CRPE_NO /*담당자번호 */ , RMRK /*비고 */ , OPR_NO /*조작자번호 */ , DB_CHG_TS /*DB변경일시 */ FROM PMS_PGM_MNG WHERE 1=1 /*프로그램ID*/ /*프로그램명*/ /*개발자번호*/ /*PL번호*/ /*개발구분*/
2021-12-06 10:51:12,467 [http-nio-8080-exec-8] DEBUG com.iteyes.mapper.pms.SWZP0010Mapper.select_0010_01(debug:137) - ==> Parameters: 
2021-12-06 10:51:12,470 [http-nio-8080-exec-8] DEBUG com.iteyes.mapper.pms.SWZP0010Mapper.select_0010_01(debug:137) - <==      Total: 4
