2021-12-15 17:30:31,660 [http-nio-8080-exec-1] INFO  org.springframework.web.servlet.DispatcherServlet(initServletBean:525) - Initializing Servlet 'dispatcherServlet'
2021-12-15 17:30:31,666 [http-nio-8080-exec-1] INFO  org.springframework.web.servlet.DispatcherServlet(initServletBean:547) - Completed initialization in 0 ms
2021-12-15 17:30:31,708 [http-nio-8080-exec-2] DEBUG com.iteyes.controller.pms.SWZP0010Controller(select:35) - # pgm_id :: 
2021-12-15 17:30:31,708 [http-nio-8080-exec-2] DEBUG com.iteyes.controller.pms.SWZP0010Controller(select:36) - # pgm_nm :: 
2021-12-15 17:30:31,708 [http-nio-8080-exec-2] DEBUG com.iteyes.controller.pms.SWZP0010Controller(select:37) - # pl_no :: 
2021-12-15 17:30:31,709 [http-nio-8080-exec-2] DEBUG com.iteyes.controller.pms.SWZP0010Controller(select:38) - # dvlpe_no :: 
2021-12-15 17:30:31,709 [http-nio-8080-exec-2] DEBUG com.iteyes.controller.pms.SWZP0010Controller(select:39) - # pgm_dis_cd :: 999
2021-12-15 17:30:31,709 [http-nio-8080-exec-2] DEBUG com.iteyes.controller.pms.SWZP0010Controller(select:40) - # bzcd :: 999
2021-12-15 17:30:31,709 [http-nio-8080-exec-2] DEBUG com.iteyes.controller.pms.SWZP0010Controller(select:41) - # dvlp_dis_cd :: 999
2021-12-15 17:30:31,836 [http-nio-8080-exec-2] DEBUG com.iteyes.mapper.pms.SWZP0010Mapper.select_0010_01(debug:137) - ==>  Preparing: SELECT BKUP_ID /*백업ID */ , PRJT_ID /*프로젝트ID */ , PGM_ID /*프로그램ID */ , BZCD /*업무구분 */ , PGM_NM /*프로그램명 */ , BZ_DTLS_TXT /*업무세부 */ , DVLP_DIS_CD /*개발구분*/ , PGM_DIS_CD /*프로그램구분*/ , ENLPE_NM /*프로그램세부구분코드 */ , FRCS_STA_DT /*예상시작일자 */ , FRCS_END_DT /*예상종료일자 */ , STA_DT /*실제시작일자 */ , END_DT /*실제종료일자 */ , PRG_TXT /*진행현황 */ , DVLPE_NO /*개발자번호 */ , DVLPE_CNF_DT /*개발자확인일자 */ , PL_NO /*PL번호 */ , PL_CNF_DT /*PL확인일자 */ , CRPE_NO /*담당자번호 */ , RMRK /*비고 */ , OPR_NO /*조작자번호 */ , DB_CHG_TS /*DB변경일시 */ FROM PMS_PGM_MNG WHERE 1=1 /*프로그램ID*/ /*프로그램명*/ /*개발자번호*/ /*PL번호*/ /*개발구분*/ /*업무구분*/ /*프로그램구분*/
2021-12-15 17:30:31,851 [http-nio-8080-exec-2] DEBUG com.iteyes.mapper.pms.SWZP0010Mapper.select_0010_01(debug:137) - ==> Parameters: 
2021-12-15 17:30:31,868 [http-nio-8080-exec-2] TRACE com.iteyes.mapper.pms.SWZP0010Mapper.select_0010_01(trace:143) - <==    Columns: BKUP_ID, PRJT_ID, PGM_ID, BZCD, PGM_NM, BZ_DTLS_TXT, DVLP_DIS_CD, PGM_DIS_CD, ENLPE_NM, FRCS_STA_DT, FRCS_END_DT, STA_DT, END_DT, PRG_TXT, DVLPE_NO, DVLPE_CNF_DT, PL_NO, PL_CNF_DT, CRPE_NO, RMRK, OPR_NO, DB_CHG_TS
2021-12-15 17:30:31,868 [http-nio-8080-exec-2] TRACE com.iteyes.mapper.pms.SWZP0010Mapper.select_0010_01(trace:143) - <==        Row: 0000000000, 1000000001, Cust_History_C, AAA, 업체연혁-화면, 신용조사의 업체이력, 100, 100, 100, 20211206, 20211208, null, null, null, 104, null, 101, null, 100, null, 101, 2021-12-01 16:59:27.0
2021-12-15 17:30:31,870 [http-nio-8080-exec-2] TRACE com.iteyes.mapper.pms.SWZP0010Mapper.select_0010_01(trace:143) - <==        Row: 0000000000, 1000000001, Cust_History_L, AAA, 업체개요-로직, 신용조사의 업체이력, 100, 100, 200, 20211206, 20211208, null, null, null, 104, null, 101, null, 100, null, 101, 2021-12-01 16:59:02.0
2021-12-15 17:30:31,871 [http-nio-8080-exec-2] TRACE com.iteyes.mapper.pms.SWZP0010Mapper.select_0010_01(trace:143) - <==        Row: 0000000000, 1000000001, Cust_summary_C, AAA, 업체개요-화면, 신용조사의 업체개요, 100, 100, 100, 20211206, 20211208, null, null, null, 103, null, 101, null, 100, null, 101, 2021-12-01 16:55:30.0
2021-12-15 17:30:31,871 [http-nio-8080-exec-2] TRACE com.iteyes.mapper.pms.SWZP0010Mapper.select_0010_01(trace:143) - <==        Row: 0000000000, 1000000001, Cust_summary_L, AAA, 업체개요-로직, 신용조사의 업체개요, 100, 100, 200, 20211206, 20211208, null, null, null, 103, null, 101, null, 100, null, 101, 2021-12-01 16:57:50.0
2021-12-15 17:30:31,871 [http-nio-8080-exec-2] DEBUG com.iteyes.mapper.pms.SWZP0010Mapper.select_0010_01(debug:137) - <==      Total: 4
2021-12-15 17:33:17,512 [http-nio-8080-exec-5] DEBUG com.iteyes.controller.pms.SWZP0010Controller(select:35) - # pgm_id :: 
2021-12-15 17:33:17,512 [http-nio-8080-exec-5] DEBUG com.iteyes.controller.pms.SWZP0010Controller(select:36) - # pgm_nm :: 
2021-12-15 17:33:17,512 [http-nio-8080-exec-5] DEBUG com.iteyes.controller.pms.SWZP0010Controller(select:37) - # pl_no :: 
2021-12-15 17:33:17,513 [http-nio-8080-exec-5] DEBUG com.iteyes.controller.pms.SWZP0010Controller(select:38) - # dvlpe_no :: 
2021-12-15 17:33:17,513 [http-nio-8080-exec-5] DEBUG com.iteyes.controller.pms.SWZP0010Controller(select:39) - # pgm_dis_cd :: 999
2021-12-15 17:33:17,513 [http-nio-8080-exec-5] DEBUG com.iteyes.controller.pms.SWZP0010Controller(select:40) - # bzcd :: 999
2021-12-15 17:33:17,513 [http-nio-8080-exec-5] DEBUG com.iteyes.controller.pms.SWZP0010Controller(select:41) - # dvlp_dis_cd :: 999
2021-12-15 17:33:17,520 [http-nio-8080-exec-5] DEBUG com.iteyes.mapper.pms.SWZP0010Mapper.select_0010_01(debug:137) - ==>  Preparing: SELECT BKUP_ID /*백업ID */ , PRJT_ID /*프로젝트ID */ , PGM_ID /*프로그램ID */ , BZCD /*업무구분 */ , PGM_NM /*프로그램명 */ , BZ_DTLS_TXT /*업무세부 */ , DVLP_DIS_CD /*개발구분*/ , PGM_DIS_CD /*프로그램구분*/ , ENLPE_NM /*프로그램세부구분코드 */ , FRCS_STA_DT /*예상시작일자 */ , FRCS_END_DT /*예상종료일자 */ , STA_DT /*실제시작일자 */ , END_DT /*실제종료일자 */ , PRG_TXT /*진행현황 */ , DVLPE_NO /*개발자번호 */ , DVLPE_CNF_DT /*개발자확인일자 */ , PL_NO /*PL번호 */ , PL_CNF_DT /*PL확인일자 */ , CRPE_NO /*담당자번호 */ , RMRK /*비고 */ , OPR_NO /*조작자번호 */ , DB_CHG_TS /*DB변경일시 */ FROM PMS_PGM_MNG WHERE 1=1 /*프로그램ID*/ /*프로그램명*/ /*개발자번호*/ /*PL번호*/ /*개발구분*/ /*업무구분*/ /*프로그램구분*/
2021-12-15 17:33:17,520 [http-nio-8080-exec-5] DEBUG com.iteyes.mapper.pms.SWZP0010Mapper.select_0010_01(debug:137) - ==> Parameters: 
2021-12-15 17:33:17,525 [http-nio-8080-exec-5] TRACE com.iteyes.mapper.pms.SWZP0010Mapper.select_0010_01(trace:143) - <==    Columns: BKUP_ID, PRJT_ID, PGM_ID, BZCD, PGM_NM, BZ_DTLS_TXT, DVLP_DIS_CD, PGM_DIS_CD, ENLPE_NM, FRCS_STA_DT, FRCS_END_DT, STA_DT, END_DT, PRG_TXT, DVLPE_NO, DVLPE_CNF_DT, PL_NO, PL_CNF_DT, CRPE_NO, RMRK, OPR_NO, DB_CHG_TS
2021-12-15 17:33:17,526 [http-nio-8080-exec-5] TRACE com.iteyes.mapper.pms.SWZP0010Mapper.select_0010_01(trace:143) - <==        Row: 0000000000, 1000000001, Cust_History_C, AAA, 업체연혁-화면, 신용조사의 업체이력, 100, 100, 100, 20211206, 20211208, null, null, null, 104, null, 101, null, 100, null, 101, 2021-12-01 16:59:27.0
2021-12-15 17:33:17,527 [http-nio-8080-exec-5] TRACE com.iteyes.mapper.pms.SWZP0010Mapper.select_0010_01(trace:143) - <==        Row: 0000000000, 1000000001, Cust_History_L, AAA, 업체개요-로직, 신용조사의 업체이력, 100, 100, 200, 20211206, 20211208, null, null, null, 104, null, 101, null, 100, null, 101, 2021-12-01 16:59:02.0
2021-12-15 17:33:17,528 [http-nio-8080-exec-5] TRACE com.iteyes.mapper.pms.SWZP0010Mapper.select_0010_01(trace:143) - <==        Row: 0000000000, 1000000001, Cust_summary_C, AAA, 업체개요-화면, 신용조사의 업체개요, 100, 100, 100, 20211206, 20211208, null, null, null, 103, null, 101, null, 100, null, 101, 2021-12-01 16:55:30.0
2021-12-15 17:33:17,529 [http-nio-8080-exec-5] TRACE com.iteyes.mapper.pms.SWZP0010Mapper.select_0010_01(trace:143) - <==        Row: 0000000000, 1000000001, Cust_summary_L, AAA, 업체개요-로직, 신용조사의 업체개요, 100, 100, 200, 20211206, 20211208, null, null, null, 103, null, 101, null, 100, null, 101, 2021-12-01 16:57:50.0
2021-12-15 17:33:17,530 [http-nio-8080-exec-5] DEBUG com.iteyes.mapper.pms.SWZP0010Mapper.select_0010_01(debug:137) - <==      Total: 4
2021-12-15 17:33:17,676 [http-nio-8080-exec-7] DEBUG com.iteyes.controller.pms.SWZP0010Controller(select:35) - # pgm_id :: 
2021-12-15 17:33:17,677 [http-nio-8080-exec-7] DEBUG com.iteyes.controller.pms.SWZP0010Controller(select:36) - # pgm_nm :: 
2021-12-15 17:33:17,677 [http-nio-8080-exec-7] DEBUG com.iteyes.controller.pms.SWZP0010Controller(select:37) - # pl_no :: 
2021-12-15 17:33:17,677 [http-nio-8080-exec-7] DEBUG com.iteyes.controller.pms.SWZP0010Controller(select:38) - # dvlpe_no :: 
2021-12-15 17:33:17,677 [http-nio-8080-exec-7] DEBUG com.iteyes.controller.pms.SWZP0010Controller(select:39) - # pgm_dis_cd :: 999
2021-12-15 17:33:17,677 [http-nio-8080-exec-7] DEBUG com.iteyes.controller.pms.SWZP0010Controller(select:40) - # bzcd :: 999
2021-12-15 17:33:17,677 [http-nio-8080-exec-7] DEBUG com.iteyes.controller.pms.SWZP0010Controller(select:41) - # dvlp_dis_cd :: 999
2021-12-15 17:33:17,679 [http-nio-8080-exec-7] DEBUG com.iteyes.mapper.pms.SWZP0010Mapper.select_0010_01(debug:137) - ==>  Preparing: SELECT BKUP_ID /*백업ID */ , PRJT_ID /*프로젝트ID */ , PGM_ID /*프로그램ID */ , BZCD /*업무구분 */ , PGM_NM /*프로그램명 */ , BZ_DTLS_TXT /*업무세부 */ , DVLP_DIS_CD /*개발구분*/ , PGM_DIS_CD /*프로그램구분*/ , ENLPE_NM /*프로그램세부구분코드 */ , FRCS_STA_DT /*예상시작일자 */ , FRCS_END_DT /*예상종료일자 */ , STA_DT /*실제시작일자 */ , END_DT /*실제종료일자 */ , PRG_TXT /*진행현황 */ , DVLPE_NO /*개발자번호 */ , DVLPE_CNF_DT /*개발자확인일자 */ , PL_NO /*PL번호 */ , PL_CNF_DT /*PL확인일자 */ , CRPE_NO /*담당자번호 */ , RMRK /*비고 */ , OPR_NO /*조작자번호 */ , DB_CHG_TS /*DB변경일시 */ FROM PMS_PGM_MNG WHERE 1=1 /*프로그램ID*/ /*프로그램명*/ /*개발자번호*/ /*PL번호*/ /*개발구분*/ /*업무구분*/ /*프로그램구분*/
2021-12-15 17:33:17,680 [http-nio-8080-exec-7] DEBUG com.iteyes.mapper.pms.SWZP0010Mapper.select_0010_01(debug:137) - ==> Parameters: 
2021-12-15 17:33:17,683 [http-nio-8080-exec-7] TRACE com.iteyes.mapper.pms.SWZP0010Mapper.select_0010_01(trace:143) - <==    Columns: BKUP_ID, PRJT_ID, PGM_ID, BZCD, PGM_NM, BZ_DTLS_TXT, DVLP_DIS_CD, PGM_DIS_CD, ENLPE_NM, FRCS_STA_DT, FRCS_END_DT, STA_DT, END_DT, PRG_TXT, DVLPE_NO, DVLPE_CNF_DT, PL_NO, PL_CNF_DT, CRPE_NO, RMRK, OPR_NO, DB_CHG_TS
2021-12-15 17:33:17,684 [http-nio-8080-exec-7] TRACE com.iteyes.mapper.pms.SWZP0010Mapper.select_0010_01(trace:143) - <==        Row: 0000000000, 1000000001, Cust_History_C, AAA, 업체연혁-화면, 신용조사의 업체이력, 100, 100, 100, 20211206, 20211208, null, null, null, 104, null, 101, null, 100, null, 101, 2021-12-01 16:59:27.0
2021-12-15 17:33:17,685 [http-nio-8080-exec-7] TRACE com.iteyes.mapper.pms.SWZP0010Mapper.select_0010_01(trace:143) - <==        Row: 0000000000, 1000000001, Cust_History_L, AAA, 업체개요-로직, 신용조사의 업체이력, 100, 100, 200, 20211206, 20211208, null, null, null, 104, null, 101, null, 100, null, 101, 2021-12-01 16:59:02.0
2021-12-15 17:33:17,687 [http-nio-8080-exec-7] TRACE com.iteyes.mapper.pms.SWZP0010Mapper.select_0010_01(trace:143) - <==        Row: 0000000000, 1000000001, Cust_summary_C, AAA, 업체개요-화면, 신용조사의 업체개요, 100, 100, 100, 20211206, 20211208, null, null, null, 103, null, 101, null, 100, null, 101, 2021-12-01 16:55:30.0
2021-12-15 17:33:17,687 [http-nio-8080-exec-7] TRACE com.iteyes.mapper.pms.SWZP0010Mapper.select_0010_01(trace:143) - <==        Row: 0000000000, 1000000001, Cust_summary_L, AAA, 업체개요-로직, 신용조사의 업체개요, 100, 100, 200, 20211206, 20211208, null, null, null, 103, null, 101, null, 100, null, 101, 2021-12-01 16:57:50.0
2021-12-15 17:33:17,688 [http-nio-8080-exec-7] DEBUG com.iteyes.mapper.pms.SWZP0010Mapper.select_0010_01(debug:137) - <==      Total: 4
2021-12-15 17:38:00,845 [http-nio-8080-exec-10] DEBUG com.iteyes.controller.pms.SWZP0010Controller(select:35) - # pgm_id :: 
2021-12-15 17:38:00,846 [http-nio-8080-exec-10] DEBUG com.iteyes.controller.pms.SWZP0010Controller(select:36) - # pgm_nm :: 
2021-12-15 17:38:00,846 [http-nio-8080-exec-10] DEBUG com.iteyes.controller.pms.SWZP0010Controller(select:37) - # pl_no :: 
2021-12-15 17:38:00,846 [http-nio-8080-exec-10] DEBUG com.iteyes.controller.pms.SWZP0010Controller(select:38) - # dvlpe_no :: 
2021-12-15 17:38:00,846 [http-nio-8080-exec-10] DEBUG com.iteyes.controller.pms.SWZP0010Controller(select:39) - # pgm_dis_cd :: 999
2021-12-15 17:38:00,846 [http-nio-8080-exec-10] DEBUG com.iteyes.controller.pms.SWZP0010Controller(select:40) - # bzcd :: 999
2021-12-15 17:38:00,846 [http-nio-8080-exec-10] DEBUG com.iteyes.controller.pms.SWZP0010Controller(select:41) - # dvlp_dis_cd :: 999
2021-12-15 17:38:00,854 [http-nio-8080-exec-10] DEBUG com.iteyes.mapper.pms.SWZP0010Mapper.select_0010_01(debug:137) - ==>  Preparing: SELECT BKUP_ID /*백업ID */ , PRJT_ID /*프로젝트ID */ , PGM_ID /*프로그램ID */ , BZCD /*업무구분 */ , PGM_NM /*프로그램명 */ , BZ_DTLS_TXT /*업무세부 */ , DVLP_DIS_CD /*개발구분*/ , PGM_DIS_CD /*프로그램구분*/ , ENLPE_NM /*프로그램세부구분코드 */ , FRCS_STA_DT /*예상시작일자 */ , FRCS_END_DT /*예상종료일자 */ , STA_DT /*실제시작일자 */ , END_DT /*실제종료일자 */ , PRG_TXT /*진행현황 */ , DVLPE_NO /*개발자번호 */ , DVLPE_CNF_DT /*개발자확인일자 */ , PL_NO /*PL번호 */ , PL_CNF_DT /*PL확인일자 */ , CRPE_NO /*담당자번호 */ , RMRK /*비고 */ , OPR_NO /*조작자번호 */ , DB_CHG_TS /*DB변경일시 */ FROM PMS_PGM_MNG WHERE 1=1 /*프로그램ID*/ /*프로그램명*/ /*개발자번호*/ /*PL번호*/ /*개발구분*/ /*업무구분*/ /*프로그램구분*/
2021-12-15 17:38:00,855 [http-nio-8080-exec-10] DEBUG com.iteyes.mapper.pms.SWZP0010Mapper.select_0010_01(debug:137) - ==> Parameters: 
2021-12-15 17:38:00,860 [http-nio-8080-exec-10] TRACE com.iteyes.mapper.pms.SWZP0010Mapper.select_0010_01(trace:143) - <==    Columns: BKUP_ID, PRJT_ID, PGM_ID, BZCD, PGM_NM, BZ_DTLS_TXT, DVLP_DIS_CD, PGM_DIS_CD, ENLPE_NM, FRCS_STA_DT, FRCS_END_DT, STA_DT, END_DT, PRG_TXT, DVLPE_NO, DVLPE_CNF_DT, PL_NO, PL_CNF_DT, CRPE_NO, RMRK, OPR_NO, DB_CHG_TS
2021-12-15 17:38:00,861 [http-nio-8080-exec-10] TRACE com.iteyes.mapper.pms.SWZP0010Mapper.select_0010_01(trace:143) - <==        Row: 0000000000, 1000000001, Cust_History_C, AAA, 업체연혁-화면, 신용조사의 업체이력, 100, 100, 100, 20211206, 20211208, null, null, null, 104, null, 101, null, 100, null, 101, 2021-12-01 16:59:27.0
2021-12-15 17:38:00,862 [http-nio-8080-exec-10] TRACE com.iteyes.mapper.pms.SWZP0010Mapper.select_0010_01(trace:143) - <==        Row: 0000000000, 1000000001, Cust_History_L, AAA, 업체개요-로직, 신용조사의 업체이력, 100, 100, 200, 20211206, 20211208, null, null, null, 104, null, 101, null, 100, null, 101, 2021-12-01 16:59:02.0
2021-12-15 17:38:00,863 [http-nio-8080-exec-10] TRACE com.iteyes.mapper.pms.SWZP0010Mapper.select_0010_01(trace:143) - <==        Row: 0000000000, 1000000001, Cust_summary_C, AAA, 업체개요-화면, 신용조사의 업체개요, 100, 100, 100, 20211206, 20211208, null, null, null, 103, null, 101, null, 100, null, 101, 2021-12-01 16:55:30.0
2021-12-15 17:38:00,864 [http-nio-8080-exec-10] TRACE com.iteyes.mapper.pms.SWZP0010Mapper.select_0010_01(trace:143) - <==        Row: 0000000000, 1000000001, Cust_summary_L, AAA, 업체개요-로직, 신용조사의 업체개요, 100, 100, 200, 20211206, 20211208, null, null, null, 103, null, 101, null, 100, null, 101, 2021-12-01 16:57:50.0
2021-12-15 17:38:00,869 [http-nio-8080-exec-10] DEBUG com.iteyes.mapper.pms.SWZP0010Mapper.select_0010_01(debug:137) - <==      Total: 4
2021-12-15 17:39:44,099 [http-nio-8080-exec-3] DEBUG com.iteyes.controller.pms.SWZP0010Controller(select:35) - # pgm_id :: 
2021-12-15 17:39:44,099 [http-nio-8080-exec-3] DEBUG com.iteyes.controller.pms.SWZP0010Controller(select:36) - # pgm_nm :: 
2021-12-15 17:39:44,099 [http-nio-8080-exec-3] DEBUG com.iteyes.controller.pms.SWZP0010Controller(select:37) - # pl_no :: 
2021-12-15 17:39:44,099 [http-nio-8080-exec-3] DEBUG com.iteyes.controller.pms.SWZP0010Controller(select:38) - # dvlpe_no :: 
2021-12-15 17:39:44,099 [http-nio-8080-exec-3] DEBUG com.iteyes.controller.pms.SWZP0010Controller(select:39) - # pgm_dis_cd :: 999
2021-12-15 17:39:44,099 [http-nio-8080-exec-3] DEBUG com.iteyes.controller.pms.SWZP0010Controller(select:40) - # bzcd :: 999
2021-12-15 17:39:44,099 [http-nio-8080-exec-3] DEBUG com.iteyes.controller.pms.SWZP0010Controller(select:41) - # dvlp_dis_cd :: 999
2021-12-15 17:39:44,105 [http-nio-8080-exec-3] DEBUG com.iteyes.mapper.pms.SWZP0010Mapper.select_0010_01(debug:137) - ==>  Preparing: SELECT BKUP_ID /*백업ID */ , PRJT_ID /*프로젝트ID */ , PGM_ID /*프로그램ID */ , BZCD /*업무구분 */ , PGM_NM /*프로그램명 */ , BZ_DTLS_TXT /*업무세부 */ , DVLP_DIS_CD /*개발구분*/ , PGM_DIS_CD /*프로그램구분*/ , ENLPE_NM /*프로그램세부구분코드 */ , FRCS_STA_DT /*예상시작일자 */ , FRCS_END_DT /*예상종료일자 */ , STA_DT /*실제시작일자 */ , END_DT /*실제종료일자 */ , PRG_TXT /*진행현황 */ , DVLPE_NO /*개발자번호 */ , DVLPE_CNF_DT /*개발자확인일자 */ , PL_NO /*PL번호 */ , PL_CNF_DT /*PL확인일자 */ , CRPE_NO /*담당자번호 */ , RMRK /*비고 */ , OPR_NO /*조작자번호 */ , DB_CHG_TS /*DB변경일시 */ FROM PMS_PGM_MNG WHERE 1=1 /*프로그램ID*/ /*프로그램명*/ /*개발자번호*/ /*PL번호*/ /*개발구분*/ /*업무구분*/ /*프로그램구분*/
2021-12-15 17:39:44,105 [http-nio-8080-exec-3] DEBUG com.iteyes.mapper.pms.SWZP0010Mapper.select_0010_01(debug:137) - ==> Parameters: 
2021-12-15 17:39:44,109 [http-nio-8080-exec-3] TRACE com.iteyes.mapper.pms.SWZP0010Mapper.select_0010_01(trace:143) - <==    Columns: BKUP_ID, PRJT_ID, PGM_ID, BZCD, PGM_NM, BZ_DTLS_TXT, DVLP_DIS_CD, PGM_DIS_CD, ENLPE_NM, FRCS_STA_DT, FRCS_END_DT, STA_DT, END_DT, PRG_TXT, DVLPE_NO, DVLPE_CNF_DT, PL_NO, PL_CNF_DT, CRPE_NO, RMRK, OPR_NO, DB_CHG_TS
2021-12-15 17:39:44,109 [http-nio-8080-exec-3] TRACE com.iteyes.mapper.pms.SWZP0010Mapper.select_0010_01(trace:143) - <==        Row: 0000000000, 1000000001, Cust_History_C, AAA, 업체연혁-화면, 신용조사의 업체이력, 100, 100, 100, 20211206, 20211208, null, null, null, 104, null, 101, null, 100, null, 101, 2021-12-01 16:59:27.0
2021-12-15 17:39:44,110 [http-nio-8080-exec-3] TRACE com.iteyes.mapper.pms.SWZP0010Mapper.select_0010_01(trace:143) - <==        Row: 0000000000, 1000000001, Cust_History_L, AAA, 업체개요-로직, 신용조사의 업체이력, 100, 100, 200, 20211206, 20211208, null, null, null, 104, null, 101, null, 100, null, 101, 2021-12-01 16:59:02.0
2021-12-15 17:39:44,111 [http-nio-8080-exec-3] TRACE com.iteyes.mapper.pms.SWZP0010Mapper.select_0010_01(trace:143) - <==        Row: 0000000000, 1000000001, Cust_summary_C, AAA, 업체개요-화면, 신용조사의 업체개요, 100, 100, 100, 20211206, 20211208, null, null, null, 103, null, 101, null, 100, null, 101, 2021-12-01 16:55:30.0
2021-12-15 17:39:44,112 [http-nio-8080-exec-3] TRACE com.iteyes.mapper.pms.SWZP0010Mapper.select_0010_01(trace:143) - <==        Row: 0000000000, 1000000001, Cust_summary_L, AAA, 업체개요-로직, 신용조사의 업체개요, 100, 100, 200, 20211206, 20211208, null, null, null, 103, null, 101, null, 100, null, 101, 2021-12-01 16:57:50.0
2021-12-15 17:39:44,112 [http-nio-8080-exec-3] DEBUG com.iteyes.mapper.pms.SWZP0010Mapper.select_0010_01(debug:137) - <==      Total: 4
2021-12-15 17:39:44,459 [http-nio-8080-exec-5] DEBUG com.iteyes.controller.pms.SWZP0010Controller(select:35) - # pgm_id :: 
2021-12-15 17:39:44,459 [http-nio-8080-exec-5] DEBUG com.iteyes.controller.pms.SWZP0010Controller(select:36) - # pgm_nm :: 
2021-12-15 17:39:44,459 [http-nio-8080-exec-5] DEBUG com.iteyes.controller.pms.SWZP0010Controller(select:37) - # pl_no :: 
2021-12-15 17:39:44,460 [http-nio-8080-exec-5] DEBUG com.iteyes.controller.pms.SWZP0010Controller(select:38) - # dvlpe_no :: 
2021-12-15 17:39:44,460 [http-nio-8080-exec-5] DEBUG com.iteyes.controller.pms.SWZP0010Controller(select:39) - # pgm_dis_cd :: 999
2021-12-15 17:39:44,460 [http-nio-8080-exec-5] DEBUG com.iteyes.controller.pms.SWZP0010Controller(select:40) - # bzcd :: 999
2021-12-15 17:39:44,460 [http-nio-8080-exec-5] DEBUG com.iteyes.controller.pms.SWZP0010Controller(select:41) - # dvlp_dis_cd :: 999
2021-12-15 17:39:44,460 [http-nio-8080-exec-5] DEBUG com.iteyes.mapper.pms.SWZP0010Mapper.select_0010_01(debug:137) - ==>  Preparing: SELECT BKUP_ID /*백업ID */ , PRJT_ID /*프로젝트ID */ , PGM_ID /*프로그램ID */ , BZCD /*업무구분 */ , PGM_NM /*프로그램명 */ , BZ_DTLS_TXT /*업무세부 */ , DVLP_DIS_CD /*개발구분*/ , PGM_DIS_CD /*프로그램구분*/ , ENLPE_NM /*프로그램세부구분코드 */ , FRCS_STA_DT /*예상시작일자 */ , FRCS_END_DT /*예상종료일자 */ , STA_DT /*실제시작일자 */ , END_DT /*실제종료일자 */ , PRG_TXT /*진행현황 */ , DVLPE_NO /*개발자번호 */ , DVLPE_CNF_DT /*개발자확인일자 */ , PL_NO /*PL번호 */ , PL_CNF_DT /*PL확인일자 */ , CRPE_NO /*담당자번호 */ , RMRK /*비고 */ , OPR_NO /*조작자번호 */ , DB_CHG_TS /*DB변경일시 */ FROM PMS_PGM_MNG WHERE 1=1 /*프로그램ID*/ /*프로그램명*/ /*개발자번호*/ /*PL번호*/ /*개발구분*/ /*업무구분*/ /*프로그램구분*/
2021-12-15 17:39:44,461 [http-nio-8080-exec-5] DEBUG com.iteyes.mapper.pms.SWZP0010Mapper.select_0010_01(debug:137) - ==> Parameters: 
2021-12-15 17:39:44,464 [http-nio-8080-exec-5] TRACE com.iteyes.mapper.pms.SWZP0010Mapper.select_0010_01(trace:143) - <==    Columns: BKUP_ID, PRJT_ID, PGM_ID, BZCD, PGM_NM, BZ_DTLS_TXT, DVLP_DIS_CD, PGM_DIS_CD, ENLPE_NM, FRCS_STA_DT, FRCS_END_DT, STA_DT, END_DT, PRG_TXT, DVLPE_NO, DVLPE_CNF_DT, PL_NO, PL_CNF_DT, CRPE_NO, RMRK, OPR_NO, DB_CHG_TS
2021-12-15 17:39:44,464 [http-nio-8080-exec-5] TRACE com.iteyes.mapper.pms.SWZP0010Mapper.select_0010_01(trace:143) - <==        Row: 0000000000, 1000000001, Cust_History_C, AAA, 업체연혁-화면, 신용조사의 업체이력, 100, 100, 100, 20211206, 20211208, null, null, null, 104, null, 101, null, 100, null, 101, 2021-12-01 16:59:27.0
2021-12-15 17:39:44,465 [http-nio-8080-exec-5] TRACE com.iteyes.mapper.pms.SWZP0010Mapper.select_0010_01(trace:143) - <==        Row: 0000000000, 1000000001, Cust_History_L, AAA, 업체개요-로직, 신용조사의 업체이력, 100, 100, 200, 20211206, 20211208, null, null, null, 104, null, 101, null, 100, null, 101, 2021-12-01 16:59:02.0
2021-12-15 17:39:44,465 [http-nio-8080-exec-5] TRACE com.iteyes.mapper.pms.SWZP0010Mapper.select_0010_01(trace:143) - <==        Row: 0000000000, 1000000001, Cust_summary_C, AAA, 업체개요-화면, 신용조사의 업체개요, 100, 100, 100, 20211206, 20211208, null, null, null, 103, null, 101, null, 100, null, 101, 2021-12-01 16:55:30.0
2021-12-15 17:39:44,465 [http-nio-8080-exec-5] TRACE com.iteyes.mapper.pms.SWZP0010Mapper.select_0010_01(trace:143) - <==        Row: 0000000000, 1000000001, Cust_summary_L, AAA, 업체개요-로직, 신용조사의 업체개요, 100, 100, 200, 20211206, 20211208, null, null, null, 103, null, 101, null, 100, null, 101, 2021-12-01 16:57:50.0
2021-12-15 17:39:44,466 [http-nio-8080-exec-5] DEBUG com.iteyes.mapper.pms.SWZP0010Mapper.select_0010_01(debug:137) - <==      Total: 4
2021-12-15 17:45:04,356 [http-nio-8080-exec-8] DEBUG com.iteyes.controller.pms.SWZP0010Controller(select:35) - # pgm_id :: 
2021-12-15 17:45:04,356 [http-nio-8080-exec-8] DEBUG com.iteyes.controller.pms.SWZP0010Controller(select:36) - # pgm_nm :: 
2021-12-15 17:45:04,356 [http-nio-8080-exec-8] DEBUG com.iteyes.controller.pms.SWZP0010Controller(select:37) - # pl_no :: 
2021-12-15 17:45:04,356 [http-nio-8080-exec-8] DEBUG com.iteyes.controller.pms.SWZP0010Controller(select:38) - # dvlpe_no :: 
2021-12-15 17:45:04,356 [http-nio-8080-exec-8] DEBUG com.iteyes.controller.pms.SWZP0010Controller(select:39) - # pgm_dis_cd :: 999
2021-12-15 17:45:04,356 [http-nio-8080-exec-8] DEBUG com.iteyes.controller.pms.SWZP0010Controller(select:40) - # bzcd :: 999
2021-12-15 17:45:04,356 [http-nio-8080-exec-8] DEBUG com.iteyes.controller.pms.SWZP0010Controller(select:41) - # dvlp_dis_cd :: 999
2021-12-15 17:45:04,361 [http-nio-8080-exec-8] DEBUG com.iteyes.mapper.pms.SWZP0010Mapper.select_0010_01(debug:137) - ==>  Preparing: SELECT BKUP_ID /*백업ID */ , PRJT_ID /*프로젝트ID */ , PGM_ID /*프로그램ID */ , BZCD /*업무구분 */ , PGM_NM /*프로그램명 */ , BZ_DTLS_TXT /*업무세부 */ , DVLP_DIS_CD /*개발구분*/ , PGM_DIS_CD /*프로그램구분*/ , ENLPE_NM /*프로그램세부구분코드 */ , FRCS_STA_DT /*예상시작일자 */ , FRCS_END_DT /*예상종료일자 */ , STA_DT /*실제시작일자 */ , END_DT /*실제종료일자 */ , PRG_TXT /*진행현황 */ , DVLPE_NO /*개발자번호 */ , DVLPE_CNF_DT /*개발자확인일자 */ , PL_NO /*PL번호 */ , PL_CNF_DT /*PL확인일자 */ , CRPE_NO /*담당자번호 */ , RMRK /*비고 */ , OPR_NO /*조작자번호 */ , DB_CHG_TS /*DB변경일시 */ FROM PMS_PGM_MNG WHERE 1=1 /*프로그램ID*/ /*프로그램명*/ /*개발자번호*/ /*PL번호*/ /*개발구분*/ /*업무구분*/ /*프로그램구분*/
2021-12-15 17:45:04,362 [http-nio-8080-exec-8] DEBUG com.iteyes.mapper.pms.SWZP0010Mapper.select_0010_01(debug:137) - ==> Parameters: 
2021-12-15 17:45:04,366 [http-nio-8080-exec-8] TRACE com.iteyes.mapper.pms.SWZP0010Mapper.select_0010_01(trace:143) - <==    Columns: BKUP_ID, PRJT_ID, PGM_ID, BZCD, PGM_NM, BZ_DTLS_TXT, DVLP_DIS_CD, PGM_DIS_CD, ENLPE_NM, FRCS_STA_DT, FRCS_END_DT, STA_DT, END_DT, PRG_TXT, DVLPE_NO, DVLPE_CNF_DT, PL_NO, PL_CNF_DT, CRPE_NO, RMRK, OPR_NO, DB_CHG_TS
2021-12-15 17:45:04,366 [http-nio-8080-exec-8] TRACE com.iteyes.mapper.pms.SWZP0010Mapper.select_0010_01(trace:143) - <==        Row: 0000000000, 1000000001, Cust_History_C, AAA, 업체연혁-화면, 신용조사의 업체이력, 100, 100, 100, 20211206, 20211208, null, null, null, 104, null, 101, null, 100, null, 101, 2021-12-01 16:59:27.0
2021-12-15 17:45:04,367 [http-nio-8080-exec-8] TRACE com.iteyes.mapper.pms.SWZP0010Mapper.select_0010_01(trace:143) - <==        Row: 0000000000, 1000000001, Cust_History_L, AAA, 업체개요-로직, 신용조사의 업체이력, 100, 100, 200, 20211206, 20211208, null, null, null, 104, null, 101, null, 100, null, 101, 2021-12-01 16:59:02.0
2021-12-15 17:45:04,367 [http-nio-8080-exec-8] TRACE com.iteyes.mapper.pms.SWZP0010Mapper.select_0010_01(trace:143) - <==        Row: 0000000000, 1000000001, Cust_summary_C, AAA, 업체개요-화면, 신용조사의 업체개요, 100, 100, 100, 20211206, 20211208, null, null, null, 103, null, 101, null, 100, null, 101, 2021-12-01 16:55:30.0
2021-12-15 17:45:04,368 [http-nio-8080-exec-8] TRACE com.iteyes.mapper.pms.SWZP0010Mapper.select_0010_01(trace:143) - <==        Row: 0000000000, 1000000001, Cust_summary_L, AAA, 업체개요-로직, 신용조사의 업체개요, 100, 100, 200, 20211206, 20211208, null, null, null, 103, null, 101, null, 100, null, 101, 2021-12-01 16:57:50.0
2021-12-15 17:45:04,368 [http-nio-8080-exec-8] DEBUG com.iteyes.mapper.pms.SWZP0010Mapper.select_0010_01(debug:137) - <==      Total: 4
2021-12-15 17:45:38,578 [http-nio-8080-exec-10] DEBUG com.iteyes.controller.pms.SWZP0010Controller(select:35) - # pgm_id :: 
2021-12-15 17:45:38,578 [http-nio-8080-exec-10] DEBUG com.iteyes.controller.pms.SWZP0010Controller(select:36) - # pgm_nm :: 
2021-12-15 17:45:38,578 [http-nio-8080-exec-10] DEBUG com.iteyes.controller.pms.SWZP0010Controller(select:37) - # pl_no :: 
2021-12-15 17:45:38,579 [http-nio-8080-exec-10] DEBUG com.iteyes.controller.pms.SWZP0010Controller(select:38) - # dvlpe_no :: 
2021-12-15 17:45:38,579 [http-nio-8080-exec-10] DEBUG com.iteyes.controller.pms.SWZP0010Controller(select:39) - # pgm_dis_cd :: 999
2021-12-15 17:45:38,579 [http-nio-8080-exec-10] DEBUG com.iteyes.controller.pms.SWZP0010Controller(select:40) - # bzcd :: 999
2021-12-15 17:45:38,579 [http-nio-8080-exec-10] DEBUG com.iteyes.controller.pms.SWZP0010Controller(select:41) - # dvlp_dis_cd :: 999
2021-12-15 17:45:38,583 [http-nio-8080-exec-10] DEBUG com.iteyes.mapper.pms.SWZP0010Mapper.select_0010_01(debug:137) - ==>  Preparing: SELECT BKUP_ID /*백업ID */ , PRJT_ID /*프로젝트ID */ , PGM_ID /*프로그램ID */ , BZCD /*업무구분 */ , PGM_NM /*프로그램명 */ , BZ_DTLS_TXT /*업무세부 */ , DVLP_DIS_CD /*개발구분*/ , PGM_DIS_CD /*프로그램구분*/ , ENLPE_NM /*프로그램세부구분코드 */ , FRCS_STA_DT /*예상시작일자 */ , FRCS_END_DT /*예상종료일자 */ , STA_DT /*실제시작일자 */ , END_DT /*실제종료일자 */ , PRG_TXT /*진행현황 */ , DVLPE_NO /*개발자번호 */ , DVLPE_CNF_DT /*개발자확인일자 */ , PL_NO /*PL번호 */ , PL_CNF_DT /*PL확인일자 */ , CRPE_NO /*담당자번호 */ , RMRK /*비고 */ , OPR_NO /*조작자번호 */ , DB_CHG_TS /*DB변경일시 */ FROM PMS_PGM_MNG WHERE 1=1 /*프로그램ID*/ /*프로그램명*/ /*개발자번호*/ /*PL번호*/ /*개발구분*/ /*업무구분*/ /*프로그램구분*/
2021-12-15 17:45:38,584 [http-nio-8080-exec-10] DEBUG com.iteyes.mapper.pms.SWZP0010Mapper.select_0010_01(debug:137) - ==> Parameters: 
2021-12-15 17:45:38,588 [http-nio-8080-exec-10] TRACE com.iteyes.mapper.pms.SWZP0010Mapper.select_0010_01(trace:143) - <==    Columns: BKUP_ID, PRJT_ID, PGM_ID, BZCD, PGM_NM, BZ_DTLS_TXT, DVLP_DIS_CD, PGM_DIS_CD, ENLPE_NM, FRCS_STA_DT, FRCS_END_DT, STA_DT, END_DT, PRG_TXT, DVLPE_NO, DVLPE_CNF_DT, PL_NO, PL_CNF_DT, CRPE_NO, RMRK, OPR_NO, DB_CHG_TS
2021-12-15 17:45:38,590 [http-nio-8080-exec-10] TRACE com.iteyes.mapper.pms.SWZP0010Mapper.select_0010_01(trace:143) - <==        Row: 0000000000, 1000000001, Cust_History_C, AAA, 업체연혁-화면, 신용조사의 업체이력, 100, 100, 100, 20211206, 20211208, null, null, null, 104, null, 101, null, 100, null, 101, 2021-12-01 16:59:27.0
2021-12-15 17:45:38,591 [http-nio-8080-exec-10] TRACE com.iteyes.mapper.pms.SWZP0010Mapper.select_0010_01(trace:143) - <==        Row: 0000000000, 1000000001, Cust_History_L, AAA, 업체개요-로직, 신용조사의 업체이력, 100, 100, 200, 20211206, 20211208, null, null, null, 104, null, 101, null, 100, null, 101, 2021-12-01 16:59:02.0
2021-12-15 17:45:38,592 [http-nio-8080-exec-10] TRACE com.iteyes.mapper.pms.SWZP0010Mapper.select_0010_01(trace:143) - <==        Row: 0000000000, 1000000001, Cust_summary_C, AAA, 업체개요-화면, 신용조사의 업체개요, 100, 100, 100, 20211206, 20211208, null, null, null, 103, null, 101, null, 100, null, 101, 2021-12-01 16:55:30.0
2021-12-15 17:45:38,592 [http-nio-8080-exec-10] TRACE com.iteyes.mapper.pms.SWZP0010Mapper.select_0010_01(trace:143) - <==        Row: 0000000000, 1000000001, Cust_summary_L, AAA, 업체개요-로직, 신용조사의 업체개요, 100, 100, 200, 20211206, 20211208, null, null, null, 103, null, 101, null, 100, null, 101, 2021-12-01 16:57:50.0
2021-12-15 17:45:38,593 [http-nio-8080-exec-10] DEBUG com.iteyes.mapper.pms.SWZP0010Mapper.select_0010_01(debug:137) - <==      Total: 4
2021-12-15 17:45:54,428 [http-nio-8080-exec-2] DEBUG com.iteyes.controller.pms.SWZP0010Controller(select:35) - # pgm_id :: 
2021-12-15 17:45:54,428 [http-nio-8080-exec-2] DEBUG com.iteyes.controller.pms.SWZP0010Controller(select:36) - # pgm_nm :: 
2021-12-15 17:45:54,428 [http-nio-8080-exec-2] DEBUG com.iteyes.controller.pms.SWZP0010Controller(select:37) - # pl_no :: 
2021-12-15 17:45:54,428 [http-nio-8080-exec-2] DEBUG com.iteyes.controller.pms.SWZP0010Controller(select:38) - # dvlpe_no :: 
2021-12-15 17:45:54,428 [http-nio-8080-exec-2] DEBUG com.iteyes.controller.pms.SWZP0010Controller(select:39) - # pgm_dis_cd :: 999
2021-12-15 17:45:54,428 [http-nio-8080-exec-2] DEBUG com.iteyes.controller.pms.SWZP0010Controller(select:40) - # bzcd :: 999
2021-12-15 17:45:54,428 [http-nio-8080-exec-2] DEBUG com.iteyes.controller.pms.SWZP0010Controller(select:41) - # dvlp_dis_cd :: 999
2021-12-15 17:45:54,440 [http-nio-8080-exec-2] DEBUG com.iteyes.mapper.pms.SWZP0010Mapper.select_0010_01(debug:137) - ==>  Preparing: SELECT BKUP_ID /*백업ID */ , PRJT_ID /*프로젝트ID */ , PGM_ID /*프로그램ID */ , BZCD /*업무구분 */ , PGM_NM /*프로그램명 */ , BZ_DTLS_TXT /*업무세부 */ , DVLP_DIS_CD /*개발구분*/ , PGM_DIS_CD /*프로그램구분*/ , ENLPE_NM /*프로그램세부구분코드 */ , FRCS_STA_DT /*예상시작일자 */ , FRCS_END_DT /*예상종료일자 */ , STA_DT /*실제시작일자 */ , END_DT /*실제종료일자 */ , PRG_TXT /*진행현황 */ , DVLPE_NO /*개발자번호 */ , DVLPE_CNF_DT /*개발자확인일자 */ , PL_NO /*PL번호 */ , PL_CNF_DT /*PL확인일자 */ , CRPE_NO /*담당자번호 */ , RMRK /*비고 */ , OPR_NO /*조작자번호 */ , DB_CHG_TS /*DB변경일시 */ FROM PMS_PGM_MNG WHERE 1=1 /*프로그램ID*/ /*프로그램명*/ /*개발자번호*/ /*PL번호*/ /*개발구분*/ /*업무구분*/ /*프로그램구분*/
2021-12-15 17:45:54,441 [http-nio-8080-exec-2] DEBUG com.iteyes.mapper.pms.SWZP0010Mapper.select_0010_01(debug:137) - ==> Parameters: 
2021-12-15 17:45:54,445 [http-nio-8080-exec-2] TRACE com.iteyes.mapper.pms.SWZP0010Mapper.select_0010_01(trace:143) - <==    Columns: BKUP_ID, PRJT_ID, PGM_ID, BZCD, PGM_NM, BZ_DTLS_TXT, DVLP_DIS_CD, PGM_DIS_CD, ENLPE_NM, FRCS_STA_DT, FRCS_END_DT, STA_DT, END_DT, PRG_TXT, DVLPE_NO, DVLPE_CNF_DT, PL_NO, PL_CNF_DT, CRPE_NO, RMRK, OPR_NO, DB_CHG_TS
2021-12-15 17:45:54,446 [http-nio-8080-exec-2] TRACE com.iteyes.mapper.pms.SWZP0010Mapper.select_0010_01(trace:143) - <==        Row: 0000000000, 1000000001, Cust_History_C, AAA, 업체연혁-화면, 신용조사의 업체이력, 100, 100, 100, 20211206, 20211208, null, null, null, 104, null, 101, null, 100, null, 101, 2021-12-01 16:59:27.0
2021-12-15 17:45:54,446 [http-nio-8080-exec-2] TRACE com.iteyes.mapper.pms.SWZP0010Mapper.select_0010_01(trace:143) - <==        Row: 0000000000, 1000000001, Cust_History_L, AAA, 업체개요-로직, 신용조사의 업체이력, 100, 100, 200, 20211206, 20211208, null, null, null, 104, null, 101, null, 100, null, 101, 2021-12-01 16:59:02.0
2021-12-15 17:45:54,446 [http-nio-8080-exec-2] TRACE com.iteyes.mapper.pms.SWZP0010Mapper.select_0010_01(trace:143) - <==        Row: 0000000000, 1000000001, Cust_summary_C, AAA, 업체개요-화면, 신용조사의 업체개요, 100, 100, 100, 20211206, 20211208, null, null, null, 103, null, 101, null, 100, null, 101, 2021-12-01 16:55:30.0
2021-12-15 17:45:54,446 [http-nio-8080-exec-2] TRACE com.iteyes.mapper.pms.SWZP0010Mapper.select_0010_01(trace:143) - <==        Row: 0000000000, 1000000001, Cust_summary_L, AAA, 업체개요-로직, 신용조사의 업체개요, 100, 100, 200, 20211206, 20211208, null, null, null, 103, null, 101, null, 100, null, 101, 2021-12-01 16:57:50.0
2021-12-15 17:45:54,447 [http-nio-8080-exec-2] DEBUG com.iteyes.mapper.pms.SWZP0010Mapper.select_0010_01(debug:137) - <==      Total: 4
2021-12-15 17:50:12,823 [http-nio-8080-exec-5] DEBUG com.iteyes.controller.pms.SWZP0010Controller(select:35) - # pgm_id :: 
2021-12-15 17:50:12,823 [http-nio-8080-exec-5] DEBUG com.iteyes.controller.pms.SWZP0010Controller(select:36) - # pgm_nm :: 
2021-12-15 17:50:12,823 [http-nio-8080-exec-5] DEBUG com.iteyes.controller.pms.SWZP0010Controller(select:37) - # pl_no :: 
2021-12-15 17:50:12,824 [http-nio-8080-exec-5] DEBUG com.iteyes.controller.pms.SWZP0010Controller(select:38) - # dvlpe_no :: 
2021-12-15 17:50:12,824 [http-nio-8080-exec-5] DEBUG com.iteyes.controller.pms.SWZP0010Controller(select:39) - # pgm_dis_cd :: 999
2021-12-15 17:50:12,824 [http-nio-8080-exec-5] DEBUG com.iteyes.controller.pms.SWZP0010Controller(select:40) - # bzcd :: 999
2021-12-15 17:50:12,824 [http-nio-8080-exec-5] DEBUG com.iteyes.controller.pms.SWZP0010Controller(select:41) - # dvlp_dis_cd :: 999
2021-12-15 17:50:12,827 [http-nio-8080-exec-5] DEBUG com.iteyes.mapper.pms.SWZP0010Mapper.select_0010_01(debug:137) - ==>  Preparing: SELECT BKUP_ID /*백업ID */ , PRJT_ID /*프로젝트ID */ , PGM_ID /*프로그램ID */ , BZCD /*업무구분 */ , PGM_NM /*프로그램명 */ , BZ_DTLS_TXT /*업무세부 */ , DVLP_DIS_CD /*개발구분*/ , PGM_DIS_CD /*프로그램구분*/ , ENLPE_NM /*프로그램세부구분코드 */ , FRCS_STA_DT /*예상시작일자 */ , FRCS_END_DT /*예상종료일자 */ , STA_DT /*실제시작일자 */ , END_DT /*실제종료일자 */ , PRG_TXT /*진행현황 */ , DVLPE_NO /*개발자번호 */ , DVLPE_CNF_DT /*개발자확인일자 */ , PL_NO /*PL번호 */ , PL_CNF_DT /*PL확인일자 */ , CRPE_NO /*담당자번호 */ , RMRK /*비고 */ , OPR_NO /*조작자번호 */ , DB_CHG_TS /*DB변경일시 */ FROM PMS_PGM_MNG WHERE 1=1 /*프로그램ID*/ /*프로그램명*/ /*개발자번호*/ /*PL번호*/ /*개발구분*/ /*업무구분*/ /*프로그램구분*/
2021-12-15 17:50:12,827 [http-nio-8080-exec-5] DEBUG com.iteyes.mapper.pms.SWZP0010Mapper.select_0010_01(debug:137) - ==> Parameters: 
2021-12-15 17:50:12,831 [http-nio-8080-exec-5] TRACE com.iteyes.mapper.pms.SWZP0010Mapper.select_0010_01(trace:143) - <==    Columns: BKUP_ID, PRJT_ID, PGM_ID, BZCD, PGM_NM, BZ_DTLS_TXT, DVLP_DIS_CD, PGM_DIS_CD, ENLPE_NM, FRCS_STA_DT, FRCS_END_DT, STA_DT, END_DT, PRG_TXT, DVLPE_NO, DVLPE_CNF_DT, PL_NO, PL_CNF_DT, CRPE_NO, RMRK, OPR_NO, DB_CHG_TS
2021-12-15 17:50:12,831 [http-nio-8080-exec-5] TRACE com.iteyes.mapper.pms.SWZP0010Mapper.select_0010_01(trace:143) - <==        Row: 0000000000, 1000000001, Cust_History_C, AAA, 업체연혁-화면, 신용조사의 업체이력, 100, 100, 100, 20211206, 20211208, null, null, null, 104, null, 101, null, 100, null, 101, 2021-12-01 16:59:27.0
2021-12-15 17:50:12,832 [http-nio-8080-exec-5] TRACE com.iteyes.mapper.pms.SWZP0010Mapper.select_0010_01(trace:143) - <==        Row: 0000000000, 1000000001, Cust_History_L, AAA, 업체개요-로직, 신용조사의 업체이력, 100, 100, 200, 20211206, 20211208, null, null, null, 104, null, 101, null, 100, null, 101, 2021-12-01 16:59:02.0
2021-12-15 17:50:12,832 [http-nio-8080-exec-5] TRACE com.iteyes.mapper.pms.SWZP0010Mapper.select_0010_01(trace:143) - <==        Row: 0000000000, 1000000001, Cust_summary_C, AAA, 업체개요-화면, 신용조사의 업체개요, 100, 100, 100, 20211206, 20211208, null, null, null, 103, null, 101, null, 100, null, 101, 2021-12-01 16:55:30.0
2021-12-15 17:50:12,832 [http-nio-8080-exec-5] TRACE com.iteyes.mapper.pms.SWZP0010Mapper.select_0010_01(trace:143) - <==        Row: 0000000000, 1000000001, Cust_summary_L, AAA, 업체개요-로직, 신용조사의 업체개요, 100, 100, 200, 20211206, 20211208, null, null, null, 103, null, 101, null, 100, null, 101, 2021-12-01 16:57:50.0
2021-12-15 17:50:12,832 [http-nio-8080-exec-5] DEBUG com.iteyes.mapper.pms.SWZP0010Mapper.select_0010_01(debug:137) - <==      Total: 4
2021-12-15 17:50:13,010 [http-nio-8080-exec-7] DEBUG com.iteyes.controller.pms.SWZP0010Controller(select:35) - # pgm_id :: 
2021-12-15 17:50:13,011 [http-nio-8080-exec-7] DEBUG com.iteyes.controller.pms.SWZP0010Controller(select:36) - # pgm_nm :: 
2021-12-15 17:50:13,011 [http-nio-8080-exec-7] DEBUG com.iteyes.controller.pms.SWZP0010Controller(select:37) - # pl_no :: 
2021-12-15 17:50:13,011 [http-nio-8080-exec-7] DEBUG com.iteyes.controller.pms.SWZP0010Controller(select:38) - # dvlpe_no :: 
2021-12-15 17:50:13,011 [http-nio-8080-exec-7] DEBUG com.iteyes.controller.pms.SWZP0010Controller(select:39) - # pgm_dis_cd :: 999
2021-12-15 17:50:13,011 [http-nio-8080-exec-7] DEBUG com.iteyes.controller.pms.SWZP0010Controller(select:40) - # bzcd :: 999
2021-12-15 17:50:13,011 [http-nio-8080-exec-7] DEBUG com.iteyes.controller.pms.SWZP0010Controller(select:41) - # dvlp_dis_cd :: 999
2021-12-15 17:50:13,011 [http-nio-8080-exec-7] DEBUG com.iteyes.mapper.pms.SWZP0010Mapper.select_0010_01(debug:137) - ==>  Preparing: SELECT BKUP_ID /*백업ID */ , PRJT_ID /*프로젝트ID */ , PGM_ID /*프로그램ID */ , BZCD /*업무구분 */ , PGM_NM /*프로그램명 */ , BZ_DTLS_TXT /*업무세부 */ , DVLP_DIS_CD /*개발구분*/ , PGM_DIS_CD /*프로그램구분*/ , ENLPE_NM /*프로그램세부구분코드 */ , FRCS_STA_DT /*예상시작일자 */ , FRCS_END_DT /*예상종료일자 */ , STA_DT /*실제시작일자 */ , END_DT /*실제종료일자 */ , PRG_TXT /*진행현황 */ , DVLPE_NO /*개발자번호 */ , DVLPE_CNF_DT /*개발자확인일자 */ , PL_NO /*PL번호 */ , PL_CNF_DT /*PL확인일자 */ , CRPE_NO /*담당자번호 */ , RMRK /*비고 */ , OPR_NO /*조작자번호 */ , DB_CHG_TS /*DB변경일시 */ FROM PMS_PGM_MNG WHERE 1=1 /*프로그램ID*/ /*프로그램명*/ /*개발자번호*/ /*PL번호*/ /*개발구분*/ /*업무구분*/ /*프로그램구분*/
2021-12-15 17:50:13,012 [http-nio-8080-exec-7] DEBUG com.iteyes.mapper.pms.SWZP0010Mapper.select_0010_01(debug:137) - ==> Parameters: 
2021-12-15 17:50:13,016 [http-nio-8080-exec-7] TRACE com.iteyes.mapper.pms.SWZP0010Mapper.select_0010_01(trace:143) - <==    Columns: BKUP_ID, PRJT_ID, PGM_ID, BZCD, PGM_NM, BZ_DTLS_TXT, DVLP_DIS_CD, PGM_DIS_CD, ENLPE_NM, FRCS_STA_DT, FRCS_END_DT, STA_DT, END_DT, PRG_TXT, DVLPE_NO, DVLPE_CNF_DT, PL_NO, PL_CNF_DT, CRPE_NO, RMRK, OPR_NO, DB_CHG_TS
2021-12-15 17:50:13,016 [http-nio-8080-exec-7] TRACE com.iteyes.mapper.pms.SWZP0010Mapper.select_0010_01(trace:143) - <==        Row: 0000000000, 1000000001, Cust_History_C, AAA, 업체연혁-화면, 신용조사의 업체이력, 100, 100, 100, 20211206, 20211208, null, null, null, 104, null, 101, null, 100, null, 101, 2021-12-01 16:59:27.0
2021-12-15 17:50:13,017 [http-nio-8080-exec-7] TRACE com.iteyes.mapper.pms.SWZP0010Mapper.select_0010_01(trace:143) - <==        Row: 0000000000, 1000000001, Cust_History_L, AAA, 업체개요-로직, 신용조사의 업체이력, 100, 100, 200, 20211206, 20211208, null, null, null, 104, null, 101, null, 100, null, 101, 2021-12-01 16:59:02.0
2021-12-15 17:50:13,017 [http-nio-8080-exec-7] TRACE com.iteyes.mapper.pms.SWZP0010Mapper.select_0010_01(trace:143) - <==        Row: 0000000000, 1000000001, Cust_summary_C, AAA, 업체개요-화면, 신용조사의 업체개요, 100, 100, 100, 20211206, 20211208, null, null, null, 103, null, 101, null, 100, null, 101, 2021-12-01 16:55:30.0
2021-12-15 17:50:13,018 [http-nio-8080-exec-7] TRACE com.iteyes.mapper.pms.SWZP0010Mapper.select_0010_01(trace:143) - <==        Row: 0000000000, 1000000001, Cust_summary_L, AAA, 업체개요-로직, 신용조사의 업체개요, 100, 100, 200, 20211206, 20211208, null, null, null, 103, null, 101, null, 100, null, 101, 2021-12-01 16:57:50.0
2021-12-15 17:50:13,018 [http-nio-8080-exec-7] DEBUG com.iteyes.mapper.pms.SWZP0010Mapper.select_0010_01(debug:137) - <==      Total: 4
