2021-12-14 14:37:28,537 [restartedMain] INFO  com.iteyes.PmsApplication(logStarting:55) - Starting PmsApplication using Java 16.0.2 on DESKTOP-H5GEA9U with PID 17704 (C:\workspace\ProjectEyes\PMS\bin\main started by iteyes in C:\workspace\ProjectEyes\PMS)
2021-12-14 14:37:28,549 [restartedMain] DEBUG com.iteyes.PmsApplication(logStarting:56) - Running with Spring Boot v2.5.4, Spring v5.3.9
2021-12-14 14:37:28,550 [restartedMain] INFO  com.iteyes.PmsApplication(logStartupProfileInfo:659) - No active profile set, falling back to default profiles: default
2021-12-14 14:37:28,589 [restartedMain] INFO  org.springframework.boot.devtools.env.DevToolsPropertyDefaultsPostProcessor(logTo:255) - Devtools property defaults active! Set 'spring.devtools.add-properties' to 'false' to disable
2021-12-14 14:37:28,590 [restartedMain] INFO  org.springframework.boot.devtools.env.DevToolsPropertyDefaultsPostProcessor(logTo:255) - For additional web related logging consider setting the 'logging.level.web' property to 'DEBUG'
2021-12-14 14:37:29,407 [restartedMain] INFO  org.springframework.context.support.PostProcessorRegistrationDelegate$BeanPostProcessorChecker(postProcessAfterInitialization:376) - Bean 'org.springframework.ws.config.annotation.DelegatingWsConfiguration' of type [org.springframework.ws.config.annotation.DelegatingWsConfiguration$$EnhancerBySpringCGLIB$$74a67e20] is not eligible for getting processed by all BeanPostProcessors (for example: not eligible for auto-proxying)
2021-12-14 14:37:29,436 [restartedMain] INFO  org.springframework.ws.soap.addressing.server.AnnotationActionEndpointMapping(afterPropertiesSet:239) - Supporting [WS-Addressing August 2004, WS-Addressing 1.0]
2021-12-14 14:37:29,677 [restartedMain] INFO  org.springframework.boot.web.embedded.tomcat.TomcatWebServer(initialize:108) - Tomcat initialized with port(s): 8080 (http)
2021-12-14 14:37:29,769 [restartedMain] INFO  org.springframework.boot.web.servlet.context.ServletWebServerApplicationContext(prepareWebApplicationContext:290) - Root WebApplicationContext: initialization completed in 1178 ms
2021-12-14 14:38:18,332 [restartedMain] INFO  org.springframework.boot.autoconfigure.web.servlet.WelcomePageHandlerMapping(<init>:53) - Adding welcome page: class path resource [static/index.html]
2021-12-14 14:38:18,492 [restartedMain] INFO  org.springframework.boot.devtools.autoconfigure.OptionalLiveReloadServer(startServer:58) - LiveReload server is running on port 35729
2021-12-14 14:38:18,553 [restartedMain] INFO  org.springframework.boot.web.embedded.tomcat.TomcatWebServer(start:220) - Tomcat started on port(s): 8080 (http) with context path ''
2021-12-14 14:38:18,568 [restartedMain] INFO  com.iteyes.PmsApplication(logStarted:61) - Started PmsApplication in 50.4 seconds (JVM running for 51.926)
2021-12-14 14:38:32,473 [http-nio-8080-exec-1] INFO  org.springframework.web.servlet.DispatcherServlet(initServletBean:525) - Initializing Servlet 'dispatcherServlet'
2021-12-14 14:38:32,474 [http-nio-8080-exec-1] INFO  org.springframework.web.servlet.DispatcherServlet(initServletBean:547) - Completed initialization in 0 ms
2021-12-14 14:38:42,362 [http-nio-8080-exec-2] DEBUG com.iteyes.mapper.MainMapper.userInfo_0010_01(debug:137) - ==>  Preparing: SELECT * FROM pms_emp_info
2021-12-14 14:38:43,965 [http-nio-8080-exec-2] DEBUG com.iteyes.mapper.MainMapper.userInfo_0010_01(debug:137) - ==> Parameters: 
2021-12-14 14:38:44,683 [http-nio-8080-exec-2] TRACE com.iteyes.mapper.MainMapper.userInfo_0010_01(trace:143) - <==    Columns: BKUP_ID, PRJT_ID, EMPNO, EMPNM, EMAIL_ADDR, CPNO, LGN_PWD, BZCD, CATN_DCD, AUT_CD, IP_ADDR, PLAN_THW_STDT, PLAN_THW_ENDT, REAL_THW_STDT, REAL_THW_ENDT, OPR_NO, DB_CHG_TS
2021-12-14 14:38:44,684 [http-nio-8080-exec-2] TRACE com.iteyes.mapper.MainMapper.userInfo_0010_01(trace:143) - <==        Row: 0000000000, 1000000001, 100, 황일섭, null, null, 1234, null, 100, 500, null, null, null, null, null, null, null
2021-12-14 14:38:44,722 [http-nio-8080-exec-2] TRACE com.iteyes.mapper.MainMapper.userInfo_0010_01(trace:143) - <==        Row: 0000000000, 1000000001, 101, 신현규, null, null, 1234, null, 100, 600, null, null, null, null, null, null, null
2021-12-14 14:38:44,724 [http-nio-8080-exec-2] TRACE com.iteyes.mapper.MainMapper.userInfo_0010_01(trace:143) - <==        Row: 0000000000, 1000000001, 102, 천호범, null, null, 123421111, AAA, 100, 200, null, null, null, null, null, null, null
2021-12-14 14:38:44,726 [http-nio-8080-exec-2] TRACE com.iteyes.mapper.MainMapper.userInfo_0010_01(trace:143) - <==        Row: 0000000000, 1000000001, 103, 정경훈, null, null, 123421111, AAA, 100, 100, null, null, null, null, null, null, null
2021-12-14 14:38:44,729 [http-nio-8080-exec-2] TRACE com.iteyes.mapper.MainMapper.userInfo_0010_01(trace:143) - <==        Row: 0000000000, 1000000001, 104, 주혜령, null, null, 123421111, AAA, 100, 100, null, null, null, null, null, null, null
2021-12-14 14:38:44,730 [http-nio-8080-exec-2] DEBUG com.iteyes.mapper.MainMapper.userInfo_0010_01(debug:137) - <==      Total: 5
2021-12-14 14:41:41,026 [restartedMain] INFO  com.iteyes.PmsApplication(logStarting:55) - Starting PmsApplication using Java 16.0.2 on DESKTOP-H5GEA9U with PID 1440 (C:\workspace\ProjectEyes\PMS\bin\main started by iteyes in C:\workspace\ProjectEyes\PMS)
2021-12-14 14:41:41,033 [restartedMain] DEBUG com.iteyes.PmsApplication(logStarting:56) - Running with Spring Boot v2.5.4, Spring v5.3.9
2021-12-14 14:41:41,033 [restartedMain] INFO  com.iteyes.PmsApplication(logStartupProfileInfo:659) - No active profile set, falling back to default profiles: default
2021-12-14 14:41:41,076 [restartedMain] INFO  org.springframework.boot.devtools.env.DevToolsPropertyDefaultsPostProcessor(logTo:255) - Devtools property defaults active! Set 'spring.devtools.add-properties' to 'false' to disable
2021-12-14 14:41:41,077 [restartedMain] INFO  org.springframework.boot.devtools.env.DevToolsPropertyDefaultsPostProcessor(logTo:255) - For additional web related logging consider setting the 'logging.level.web' property to 'DEBUG'
2021-12-14 14:41:41,908 [restartedMain] INFO  org.springframework.context.support.PostProcessorRegistrationDelegate$BeanPostProcessorChecker(postProcessAfterInitialization:376) - Bean 'org.springframework.ws.config.annotation.DelegatingWsConfiguration' of type [org.springframework.ws.config.annotation.DelegatingWsConfiguration$$EnhancerBySpringCGLIB$$6cca2da6] is not eligible for getting processed by all BeanPostProcessors (for example: not eligible for auto-proxying)
2021-12-14 14:41:41,939 [restartedMain] INFO  org.springframework.ws.soap.addressing.server.AnnotationActionEndpointMapping(afterPropertiesSet:239) - Supporting [WS-Addressing August 2004, WS-Addressing 1.0]
2021-12-14 14:41:42,182 [restartedMain] INFO  org.springframework.boot.web.embedded.tomcat.TomcatWebServer(initialize:108) - Tomcat initialized with port(s): 8080 (http)
2021-12-14 14:41:42,278 [restartedMain] INFO  org.springframework.boot.web.servlet.context.ServletWebServerApplicationContext(prepareWebApplicationContext:290) - Root WebApplicationContext: initialization completed in 1201 ms
2021-12-14 14:41:46,001 [restartedMain] INFO  org.springframework.boot.autoconfigure.web.servlet.WelcomePageHandlerMapping(<init>:53) - Adding welcome page: class path resource [static/index.html]
2021-12-14 14:41:46,156 [restartedMain] INFO  org.springframework.boot.devtools.autoconfigure.OptionalLiveReloadServer(startServer:58) - LiveReload server is running on port 35729
2021-12-14 14:41:46,224 [restartedMain] INFO  org.springframework.boot.web.embedded.tomcat.TomcatWebServer(start:220) - Tomcat started on port(s): 8080 (http) with context path ''
2021-12-14 14:41:46,239 [restartedMain] INFO  com.iteyes.PmsApplication(logStarted:61) - Started PmsApplication in 5.574 seconds (JVM running for 6.715)
2021-12-14 14:46:20,429 [restartedMain] INFO  com.iteyes.PmsApplication(logStarting:55) - Starting PmsApplication using Java 16.0.2 on DESKTOP-H5GEA9U with PID 1440 (C:\workspace\ProjectEyes\PMS\bin\main started by iteyes in C:\workspace\ProjectEyes\PMS)
2021-12-14 14:46:20,429 [restartedMain] DEBUG com.iteyes.PmsApplication(logStarting:56) - Running with Spring Boot v2.5.4, Spring v5.3.9
2021-12-14 14:46:20,429 [restartedMain] INFO  com.iteyes.PmsApplication(logStartupProfileInfo:659) - No active profile set, falling back to default profiles: default
2021-12-14 14:46:20,677 [restartedMain] INFO  org.springframework.context.support.PostProcessorRegistrationDelegate$BeanPostProcessorChecker(postProcessAfterInitialization:376) - Bean 'org.springframework.ws.config.annotation.DelegatingWsConfiguration' of type [org.springframework.ws.config.annotation.DelegatingWsConfiguration$$EnhancerBySpringCGLIB$$6cca2da6] is not eligible for getting processed by all BeanPostProcessors (for example: not eligible for auto-proxying)
2021-12-14 14:46:20,679 [restartedMain] INFO  org.springframework.ws.soap.addressing.server.AnnotationActionEndpointMapping(afterPropertiesSet:239) - Supporting [WS-Addressing August 2004, WS-Addressing 1.0]
2021-12-14 14:46:20,709 [restartedMain] INFO  org.springframework.boot.web.embedded.tomcat.TomcatWebServer(initialize:108) - Tomcat initialized with port(s): 8080 (http)
2021-12-14 14:46:20,733 [restartedMain] INFO  org.springframework.boot.web.servlet.context.ServletWebServerApplicationContext(prepareWebApplicationContext:290) - Root WebApplicationContext: initialization completed in 301 ms
