2021-12-15 11:09:40,043 [http-nio-8080-exec-4] DEBUG com.iteyes.mapper.MainMapper.userInfo_0010_01(debug:137) - ==>  Preparing: SELECT * FROM PMS_EMP_INFO WHERE EMPNO = ? AND LGN_PWD = ?
2021-12-15 11:09:40,045 [http-nio-8080-exec-4] DEBUG com.iteyes.mapper.MainMapper.userInfo_0010_01(debug:137) - ==> Parameters: 100(String), 333333333(String)
2021-12-15 11:09:40,049 [http-nio-8080-exec-4] DEBUG com.iteyes.mapper.MainMapper.userInfo_0010_01(debug:137) - <==      Total: 0
2021-12-15 11:09:40,049 [http-nio-8080-exec-4] ERROR com.iteyes.controller.UserRestController(signin:67) - 로그인 실패
java.lang.RuntimeException: 사용자가 없습니다
	at com.iteyes.service.impl.pms.UserServiceImpl.signin(UserServiceImpl.java:40) ~[main/:?]
	at com.iteyes.controller.UserRestController.signin(UserRestController.java:53) [main/:?]
	at jdk.internal.reflect.NativeMethodAccessorImpl.invoke0(Native Method) ~[?:?]
	at jdk.internal.reflect.NativeMethodAccessorImpl.invoke(NativeMethodAccessorImpl.java:78) ~[?:?]
	at jdk.internal.reflect.DelegatingMethodAccessorImpl.invoke(DelegatingMethodAccessorImpl.java:43) ~[?:?]
	at java.lang.reflect.Method.invoke(Method.java:567) ~[?:?]
	at org.springframework.web.method.support.InvocableHandlerMethod.doInvoke(InvocableHandlerMethod.java:197) [spring-web-5.3.9.jar:5.3.9]
	at org.springframework.web.method.support.InvocableHandlerMethod.invokeForRequest(InvocableHandlerMethod.java:141) [spring-web-5.3.9.jar:5.3.9]
	at org.springframework.web.servlet.mvc.method.annotation.ServletInvocableHandlerMethod.invokeAndHandle(ServletInvocableHandlerMethod.java:106) [spring-webmvc-5.3.9.jar:5.3.9]
	at org.springframework.web.servlet.mvc.method.annotation.RequestMappingHandlerAdapter.invokeHandlerMethod(RequestMappingHandlerAdapter.java:895) [spring-webmvc-5.3.9.jar:5.3.9]
	at org.springframework.web.servlet.mvc.method.annotation.RequestMappingHandlerAdapter.handleInternal(RequestMappingHandlerAdapter.java:808) [spring-webmvc-5.3.9.jar:5.3.9]
	at org.springframework.web.servlet.mvc.method.AbstractHandlerMethodAdapter.handle(AbstractHandlerMethodAdapter.java:87) [spring-webmvc-5.3.9.jar:5.3.9]
	at org.springframework.web.servlet.DispatcherServlet.doDispatch(DispatcherServlet.java:1064) [spring-webmvc-5.3.9.jar:5.3.9]
	at org.springframework.web.servlet.DispatcherServlet.doService(DispatcherServlet.java:963) [spring-webmvc-5.3.9.jar:5.3.9]
	at org.springframework.web.servlet.FrameworkServlet.processRequest(FrameworkServlet.java:1006) [spring-webmvc-5.3.9.jar:5.3.9]
	at org.springframework.web.servlet.FrameworkServlet.doPost(FrameworkServlet.java:909) [spring-webmvc-5.3.9.jar:5.3.9]
	at javax.servlet.http.HttpServlet.service(HttpServlet.java:681) [tomcat-embed-core-9.0.52.jar:4.0.FR]
	at org.springframework.web.servlet.FrameworkServlet.service(FrameworkServlet.java:883) [spring-webmvc-5.3.9.jar:5.3.9]
	at javax.servlet.http.HttpServlet.service(HttpServlet.java:764) [tomcat-embed-core-9.0.52.jar:4.0.FR]
	at org.apache.catalina.core.ApplicationFilterChain.internalDoFilter(ApplicationFilterChain.java:227) [tomcat-embed-core-9.0.52.jar:9.0.52]
	at org.apache.catalina.core.ApplicationFilterChain.doFilter(ApplicationFilterChain.java:162) [tomcat-embed-core-9.0.52.jar:9.0.52]
	at org.apache.tomcat.websocket.server.WsFilter.doFilter(WsFilter.java:53) [tomcat-embed-websocket-9.0.52.jar:9.0.52]
	at org.apache.catalina.core.ApplicationFilterChain.internalDoFilter(ApplicationFilterChain.java:189) [tomcat-embed-core-9.0.52.jar:9.0.52]
	at org.apache.catalina.core.ApplicationFilterChain.doFilter(ApplicationFilterChain.java:162) [tomcat-embed-core-9.0.52.jar:9.0.52]
	at org.springframework.web.filter.RequestContextFilter.doFilterInternal(RequestContextFilter.java:100) [spring-web-5.3.9.jar:5.3.9]
	at org.springframework.web.filter.OncePerRequestFilter.doFilter(OncePerRequestFilter.java:119) [spring-web-5.3.9.jar:5.3.9]
	at org.apache.catalina.core.ApplicationFilterChain.internalDoFilter(ApplicationFilterChain.java:189) [tomcat-embed-core-9.0.52.jar:9.0.52]
	at org.apache.catalina.core.ApplicationFilterChain.doFilter(ApplicationFilterChain.java:162) [tomcat-embed-core-9.0.52.jar:9.0.52]
	at org.springframework.web.filter.FormContentFilter.doFilterInternal(FormContentFilter.java:93) [spring-web-5.3.9.jar:5.3.9]
	at org.springframework.web.filter.OncePerRequestFilter.doFilter(OncePerRequestFilter.java:119) [spring-web-5.3.9.jar:5.3.9]
	at org.apache.catalina.core.ApplicationFilterChain.internalDoFilter(ApplicationFilterChain.java:189) [tomcat-embed-core-9.0.52.jar:9.0.52]
	at org.apache.catalina.core.ApplicationFilterChain.doFilter(ApplicationFilterChain.java:162) [tomcat-embed-core-9.0.52.jar:9.0.52]
	at org.springframework.web.filter.CharacterEncodingFilter.doFilterInternal(CharacterEncodingFilter.java:201) [spring-web-5.3.9.jar:5.3.9]
	at org.springframework.web.filter.OncePerRequestFilter.doFilter(OncePerRequestFilter.java:119) [spring-web-5.3.9.jar:5.3.9]
	at org.apache.catalina.core.ApplicationFilterChain.internalDoFilter(ApplicationFilterChain.java:189) [tomcat-embed-core-9.0.52.jar:9.0.52]
	at org.apache.catalina.core.ApplicationFilterChain.doFilter(ApplicationFilterChain.java:162) [tomcat-embed-core-9.0.52.jar:9.0.52]
	at org.apache.catalina.core.StandardWrapperValve.invoke(StandardWrapperValve.java:197) [tomcat-embed-core-9.0.52.jar:9.0.52]
	at org.apache.catalina.core.StandardContextValve.invoke(StandardContextValve.java:97) [tomcat-embed-core-9.0.52.jar:9.0.52]
	at org.apache.catalina.authenticator.AuthenticatorBase.invoke(AuthenticatorBase.java:542) [tomcat-embed-core-9.0.52.jar:9.0.52]
	at org.apache.catalina.core.StandardHostValve.invoke(StandardHostValve.java:135) [tomcat-embed-core-9.0.52.jar:9.0.52]
	at org.apache.catalina.valves.ErrorReportValve.invoke(ErrorReportValve.java:92) [tomcat-embed-core-9.0.52.jar:9.0.52]
	at org.apache.catalina.core.StandardEngineValve.invoke(StandardEngineValve.java:78) [tomcat-embed-core-9.0.52.jar:9.0.52]
	at org.apache.catalina.connector.CoyoteAdapter.service(CoyoteAdapter.java:357) [tomcat-embed-core-9.0.52.jar:9.0.52]
	at org.apache.coyote.http11.Http11Processor.service(Http11Processor.java:382) [tomcat-embed-core-9.0.52.jar:9.0.52]
	at org.apache.coyote.AbstractProcessorLight.process(AbstractProcessorLight.java:65) [tomcat-embed-core-9.0.52.jar:9.0.52]
	at org.apache.coyote.AbstractProtocol$ConnectionHandler.process(AbstractProtocol.java:893) [tomcat-embed-core-9.0.52.jar:9.0.52]
	at org.apache.tomcat.util.net.NioEndpoint$SocketProcessor.doRun(NioEndpoint.java:1726) [tomcat-embed-core-9.0.52.jar:9.0.52]
	at org.apache.tomcat.util.net.SocketProcessorBase.run(SocketProcessorBase.java:49) [tomcat-embed-core-9.0.52.jar:9.0.52]
	at org.apache.tomcat.util.threads.ThreadPoolExecutor.runWorker(ThreadPoolExecutor.java:1191) [tomcat-embed-core-9.0.52.jar:9.0.52]
	at org.apache.tomcat.util.threads.ThreadPoolExecutor$Worker.run(ThreadPoolExecutor.java:659) [tomcat-embed-core-9.0.52.jar:9.0.52]
	at org.apache.tomcat.util.threads.TaskThread$WrappingRunnable.run(TaskThread.java:61) [tomcat-embed-core-9.0.52.jar:9.0.52]
	at java.lang.Thread.run(Thread.java:831) [?:?]
2021-12-15 11:10:41,555 [http-nio-8080-exec-6] DEBUG com.iteyes.mapper.MainMapper.userInfo_0010_01(debug:137) - ==>  Preparing: SELECT * FROM PMS_EMP_INFO WHERE EMPNO = ? AND LGN_PWD = ?
2021-12-15 11:10:41,556 [http-nio-8080-exec-6] DEBUG com.iteyes.mapper.MainMapper.userInfo_0010_01(debug:137) - ==> Parameters: 100(String), 1234(String)
2021-12-15 11:10:41,580 [http-nio-8080-exec-6] TRACE com.iteyes.mapper.MainMapper.userInfo_0010_01(trace:143) - <==    Columns: BKUP_ID, PRJT_ID, EMPNO, EMPNM, EMAIL_ADDR, CPNO, LGN_PWD, BZCD, CATN_DCD, AUT_CD, IP_ADDR, PLAN_THW_STDT, PLAN_THW_ENDT, REAL_THW_STDT, REAL_THW_ENDT, OPR_NO, DB_CHG_TS
2021-12-15 11:10:41,581 [http-nio-8080-exec-6] TRACE com.iteyes.mapper.MainMapper.userInfo_0010_01(trace:143) - <==        Row: 0000000000, 1000000001, 100, 황일섭, null, null, 1234, null, 100, 500, null, null, null, null, null, null, null
2021-12-15 11:10:41,581 [http-nio-8080-exec-6] DEBUG com.iteyes.mapper.MainMapper.userInfo_0010_01(debug:137) - <==      Total: 1
2021-12-15 11:10:41,581 [http-nio-8080-exec-6] TRACE com.iteyes.service.JwtService(create:35) - time: 5
2021-12-15 11:10:41,582 [http-nio-8080-exec-6] DEBUG com.iteyes.service.JwtService(create:51) - 토큰 발행: eyJ0eXAiOiJKV1QiLCJhbGciOiJIUzI1NiJ9.eyJzdWIiOiLroZzqt7jsnbjthqDtgbAiLCJleHAiOjE2Mzk1MzQ1NDEsIlVzZXIiOnsidXNlcklkIjoiMTAwIiwicGFzc3dvcmQiOiIxMjM0In0sInNlY29uZCI6Iuy2lOqwgOygleuztCJ9.hWOigLspaUoTabMSypltI2UVqVtN8tpmwG0uhxNAsls
2021-12-15 11:10:41,662 [http-nio-8080-exec-9] DEBUG com.iteyes.mapper.MainMapper.userInfo_0010_01(debug:137) - ==>  Preparing: SELECT * FROM PMS_EMP_INFO WHERE EMPNO = ? AND LGN_PWD = ?
2021-12-15 11:10:41,662 [http-nio-8080-exec-9] DEBUG com.iteyes.mapper.MainMapper.userInfo_0010_01(debug:137) - ==> Parameters: 100(String), 1234(String)
2021-12-15 11:10:41,668 [http-nio-8080-exec-9] TRACE com.iteyes.mapper.MainMapper.userInfo_0010_01(trace:143) - <==    Columns: BKUP_ID, PRJT_ID, EMPNO, EMPNM, EMAIL_ADDR, CPNO, LGN_PWD, BZCD, CATN_DCD, AUT_CD, IP_ADDR, PLAN_THW_STDT, PLAN_THW_ENDT, REAL_THW_STDT, REAL_THW_ENDT, OPR_NO, DB_CHG_TS
2021-12-15 11:10:41,668 [http-nio-8080-exec-9] TRACE com.iteyes.mapper.MainMapper.userInfo_0010_01(trace:143) - <==        Row: 0000000000, 1000000001, 100, 황일섭, null, null, 1234, null, 100, 500, null, null, null, null, null, null, null
2021-12-15 11:10:41,668 [http-nio-8080-exec-9] DEBUG com.iteyes.mapper.MainMapper.userInfo_0010_01(debug:137) - <==      Total: 1
2021-12-15 11:10:41,668 [http-nio-8080-exec-9] TRACE com.iteyes.service.JwtService(create:35) - time: 5
2021-12-15 11:10:41,669 [http-nio-8080-exec-9] DEBUG com.iteyes.service.JwtService(create:51) - 토큰 발행: eyJ0eXAiOiJKV1QiLCJhbGciOiJIUzI1NiJ9.eyJzdWIiOiLroZzqt7jsnbjthqDtgbAiLCJleHAiOjE2Mzk1MzQ1NDEsIlVzZXIiOnsidXNlcklkIjoiMTAwIiwicGFzc3dvcmQiOiIxMjM0In0sInNlY29uZCI6Iuy2lOqwgOygleuztCJ9.hWOigLspaUoTabMSypltI2UVqVtN8tpmwG0uhxNAsls
2021-12-15 11:10:42,236 [http-nio-8080-exec-7] DEBUG com.iteyes.mapper.MainMapper.userInfo_0010_01(debug:137) - ==>  Preparing: SELECT * FROM PMS_EMP_INFO WHERE EMPNO = ? AND LGN_PWD = ?
2021-12-15 11:10:42,236 [http-nio-8080-exec-7] DEBUG com.iteyes.mapper.MainMapper.userInfo_0010_01(debug:137) - ==> Parameters: 100(String), 1234(String)
2021-12-15 11:10:42,240 [http-nio-8080-exec-7] TRACE com.iteyes.mapper.MainMapper.userInfo_0010_01(trace:143) - <==    Columns: BKUP_ID, PRJT_ID, EMPNO, EMPNM, EMAIL_ADDR, CPNO, LGN_PWD, BZCD, CATN_DCD, AUT_CD, IP_ADDR, PLAN_THW_STDT, PLAN_THW_ENDT, REAL_THW_STDT, REAL_THW_ENDT, OPR_NO, DB_CHG_TS
2021-12-15 11:10:42,241 [http-nio-8080-exec-7] TRACE com.iteyes.mapper.MainMapper.userInfo_0010_01(trace:143) - <==        Row: 0000000000, 1000000001, 100, 황일섭, null, null, 1234, null, 100, 500, null, null, null, null, null, null, null
2021-12-15 11:10:42,241 [http-nio-8080-exec-7] DEBUG com.iteyes.mapper.MainMapper.userInfo_0010_01(debug:137) - <==      Total: 1
2021-12-15 11:10:42,241 [http-nio-8080-exec-7] TRACE com.iteyes.service.JwtService(create:35) - time: 5
2021-12-15 11:10:42,241 [http-nio-8080-exec-7] DEBUG com.iteyes.service.JwtService(create:51) - 토큰 발행: eyJ0eXAiOiJKV1QiLCJhbGciOiJIUzI1NiJ9.eyJzdWIiOiLroZzqt7jsnbjthqDtgbAiLCJleHAiOjE2Mzk1MzQ1NDIsIlVzZXIiOnsidXNlcklkIjoiMTAwIiwicGFzc3dvcmQiOiIxMjM0In0sInNlY29uZCI6Iuy2lOqwgOygleuztCJ9.ALgo6zX5p-ts9xwTgcZEEA7_W6Ac42iEmV7BK5az85Q
2021-12-15 11:10:45,345 [http-nio-8080-exec-8] DEBUG com.iteyes.mapper.MainMapper.userInfo_0010_01(debug:137) - ==>  Preparing: SELECT * FROM PMS_EMP_INFO WHERE EMPNO = ? AND LGN_PWD = ?
2021-12-15 11:10:45,345 [http-nio-8080-exec-8] DEBUG com.iteyes.mapper.MainMapper.userInfo_0010_01(debug:137) - ==> Parameters: 100(String), 1234(String)
2021-12-15 11:10:45,349 [http-nio-8080-exec-8] TRACE com.iteyes.mapper.MainMapper.userInfo_0010_01(trace:143) - <==    Columns: BKUP_ID, PRJT_ID, EMPNO, EMPNM, EMAIL_ADDR, CPNO, LGN_PWD, BZCD, CATN_DCD, AUT_CD, IP_ADDR, PLAN_THW_STDT, PLAN_THW_ENDT, REAL_THW_STDT, REAL_THW_ENDT, OPR_NO, DB_CHG_TS
2021-12-15 11:10:45,349 [http-nio-8080-exec-8] TRACE com.iteyes.mapper.MainMapper.userInfo_0010_01(trace:143) - <==        Row: 0000000000, 1000000001, 100, 황일섭, null, null, 1234, null, 100, 500, null, null, null, null, null, null, null
2021-12-15 11:10:45,349 [http-nio-8080-exec-8] DEBUG com.iteyes.mapper.MainMapper.userInfo_0010_01(debug:137) - <==      Total: 1
2021-12-15 11:10:45,349 [http-nio-8080-exec-8] TRACE com.iteyes.service.JwtService(create:35) - time: 5
2021-12-15 11:10:45,350 [http-nio-8080-exec-8] DEBUG com.iteyes.service.JwtService(create:51) - 토큰 발행: eyJ0eXAiOiJKV1QiLCJhbGciOiJIUzI1NiJ9.eyJzdWIiOiLroZzqt7jsnbjthqDtgbAiLCJleHAiOjE2Mzk1MzQ1NDUsIlVzZXIiOnsidXNlcklkIjoiMTAwIiwicGFzc3dvcmQiOiIxMjM0In0sInNlY29uZCI6Iuy2lOqwgOygleuztCJ9.SQZqfAq7ixXjMNmQNVNxcYJwRuvv-FeFXYAlTawSRG0
2021-12-15 11:10:46,405 [http-nio-8080-exec-5] DEBUG com.iteyes.mapper.MainMapper.userInfo_0010_01(debug:137) - ==>  Preparing: SELECT * FROM PMS_EMP_INFO WHERE EMPNO = ? AND LGN_PWD = ?
2021-12-15 11:10:46,405 [http-nio-8080-exec-5] DEBUG com.iteyes.mapper.MainMapper.userInfo_0010_01(debug:137) - ==> Parameters: 100(String), 1234(String)
2021-12-15 11:10:46,408 [http-nio-8080-exec-5] TRACE com.iteyes.mapper.MainMapper.userInfo_0010_01(trace:143) - <==    Columns: BKUP_ID, PRJT_ID, EMPNO, EMPNM, EMAIL_ADDR, CPNO, LGN_PWD, BZCD, CATN_DCD, AUT_CD, IP_ADDR, PLAN_THW_STDT, PLAN_THW_ENDT, REAL_THW_STDT, REAL_THW_ENDT, OPR_NO, DB_CHG_TS
2021-12-15 11:10:46,408 [http-nio-8080-exec-5] TRACE com.iteyes.mapper.MainMapper.userInfo_0010_01(trace:143) - <==        Row: 0000000000, 1000000001, 100, 황일섭, null, null, 1234, null, 100, 500, null, null, null, null, null, null, null
2021-12-15 11:10:46,409 [http-nio-8080-exec-5] DEBUG com.iteyes.mapper.MainMapper.userInfo_0010_01(debug:137) - <==      Total: 1
2021-12-15 11:10:46,409 [http-nio-8080-exec-5] TRACE com.iteyes.service.JwtService(create:35) - time: 5
2021-12-15 11:10:46,409 [http-nio-8080-exec-5] DEBUG com.iteyes.service.JwtService(create:51) - 토큰 발행: eyJ0eXAiOiJKV1QiLCJhbGciOiJIUzI1NiJ9.eyJzdWIiOiLroZzqt7jsnbjthqDtgbAiLCJleHAiOjE2Mzk1MzQ1NDYsIlVzZXIiOnsidXNlcklkIjoiMTAwIiwicGFzc3dvcmQiOiIxMjM0In0sInNlY29uZCI6Iuy2lOqwgOygleuztCJ9.Z36uYDE2sFj7Kf6sCTUxvgs3-f2E8AN4zohQarRg_l0
2021-12-15 11:17:58,924 [http-nio-8080-exec-1] DEBUG com.iteyes.mapper.MainMapper.userInfo_0010_01(debug:137) - ==>  Preparing: SELECT * FROM PMS_EMP_INFO WHERE EMPNO = ? AND LGN_PWD = ?
2021-12-15 11:17:58,924 [http-nio-8080-exec-1] DEBUG com.iteyes.mapper.MainMapper.userInfo_0010_01(debug:137) - ==> Parameters: 100(String), 1234(String)
2021-12-15 11:17:58,939 [http-nio-8080-exec-1] TRACE com.iteyes.mapper.MainMapper.userInfo_0010_01(trace:143) - <==    Columns: BKUP_ID, PRJT_ID, EMPNO, EMPNM, EMAIL_ADDR, CPNO, LGN_PWD, BZCD, CATN_DCD, AUT_CD, IP_ADDR, PLAN_THW_STDT, PLAN_THW_ENDT, REAL_THW_STDT, REAL_THW_ENDT, OPR_NO, DB_CHG_TS
2021-12-15 11:17:58,939 [http-nio-8080-exec-1] TRACE com.iteyes.mapper.MainMapper.userInfo_0010_01(trace:143) - <==        Row: 0000000000, 1000000001, 100, 황일섭, null, null, 1234, null, 100, 500, null, null, null, null, null, null, null
2021-12-15 11:17:58,940 [http-nio-8080-exec-1] DEBUG com.iteyes.mapper.MainMapper.userInfo_0010_01(debug:137) - <==      Total: 1
2021-12-15 11:17:58,940 [http-nio-8080-exec-1] TRACE com.iteyes.service.JwtService(create:35) - time: 5
2021-12-15 11:17:58,941 [http-nio-8080-exec-1] DEBUG com.iteyes.service.JwtService(create:51) - 토큰 발행: eyJ0eXAiOiJKV1QiLCJhbGciOiJIUzI1NiJ9.eyJzdWIiOiLroZzqt7jsnbjthqDtgbAiLCJleHAiOjE2Mzk1MzQ5NzgsIlVzZXIiOnsidXNlcklkIjoiMTAwIiwicGFzc3dvcmQiOiIxMjM0In0sInNlY29uZCI6Iuy2lOqwgOygleuztCJ9.3qmSb-j4lskOhcvX_BskLcHibtjLLiu_r46dur3v6Gw
2021-12-15 11:18:59,355 [http-nio-8080-exec-2] DEBUG com.iteyes.mapper.MainMapper.userInfo_0010_01(debug:137) - ==>  Preparing: SELECT * FROM PMS_EMP_INFO WHERE EMPNO = ? AND LGN_PWD = ?
2021-12-15 11:18:59,355 [http-nio-8080-exec-2] DEBUG com.iteyes.mapper.MainMapper.userInfo_0010_01(debug:137) - ==> Parameters: 100(String), 1234(String)
2021-12-15 11:18:59,364 [http-nio-8080-exec-2] TRACE com.iteyes.mapper.MainMapper.userInfo_0010_01(trace:143) - <==    Columns: BKUP_ID, PRJT_ID, EMPNO, EMPNM, EMAIL_ADDR, CPNO, LGN_PWD, BZCD, CATN_DCD, AUT_CD, IP_ADDR, PLAN_THW_STDT, PLAN_THW_ENDT, REAL_THW_STDT, REAL_THW_ENDT, OPR_NO, DB_CHG_TS
2021-12-15 11:18:59,364 [http-nio-8080-exec-2] TRACE com.iteyes.mapper.MainMapper.userInfo_0010_01(trace:143) - <==        Row: 0000000000, 1000000001, 100, 황일섭, null, null, 1234, null, 100, 500, null, null, null, null, null, null, null
2021-12-15 11:18:59,364 [http-nio-8080-exec-2] DEBUG com.iteyes.mapper.MainMapper.userInfo_0010_01(debug:137) - <==      Total: 1
2021-12-15 11:18:59,365 [http-nio-8080-exec-2] TRACE com.iteyes.service.JwtService(create:35) - time: 5
2021-12-15 11:18:59,365 [http-nio-8080-exec-2] DEBUG com.iteyes.service.JwtService(create:51) - 토큰 발행: eyJ0eXAiOiJKV1QiLCJhbGciOiJIUzI1NiJ9.eyJzdWIiOiLroZzqt7jsnbjthqDtgbAiLCJleHAiOjE2Mzk1MzUwMzksIlVzZXIiOnsidXNlcklkIjoiMTAwIiwicGFzc3dvcmQiOiIxMjM0In0sInNlY29uZCI6Iuy2lOqwgOygleuztCJ9.jZxSknFOy39KglXWwgACYqbkeP0iJuE8_77GboY4kgU
2021-12-15 11:19:40,555 [http-nio-8080-exec-3] DEBUG com.iteyes.mapper.MainMapper.userInfo_0010_01(debug:137) - ==>  Preparing: SELECT * FROM PMS_EMP_INFO WHERE EMPNO = ? AND LGN_PWD = ?
2021-12-15 11:19:40,555 [http-nio-8080-exec-3] DEBUG com.iteyes.mapper.MainMapper.userInfo_0010_01(debug:137) - ==> Parameters: 100(String), 1234(String)
2021-12-15 11:19:40,558 [http-nio-8080-exec-3] TRACE com.iteyes.mapper.MainMapper.userInfo_0010_01(trace:143) - <==    Columns: BKUP_ID, PRJT_ID, EMPNO, EMPNM, EMAIL_ADDR, CPNO, LGN_PWD, BZCD, CATN_DCD, AUT_CD, IP_ADDR, PLAN_THW_STDT, PLAN_THW_ENDT, REAL_THW_STDT, REAL_THW_ENDT, OPR_NO, DB_CHG_TS
2021-12-15 11:19:40,558 [http-nio-8080-exec-3] TRACE com.iteyes.mapper.MainMapper.userInfo_0010_01(trace:143) - <==        Row: 0000000000, 1000000001, 100, 황일섭, null, null, 1234, null, 100, 500, null, null, null, null, null, null, null
2021-12-15 11:19:40,558 [http-nio-8080-exec-3] DEBUG com.iteyes.mapper.MainMapper.userInfo_0010_01(debug:137) - <==      Total: 1
2021-12-15 11:19:40,558 [http-nio-8080-exec-3] TRACE com.iteyes.service.JwtService(create:35) - time: 5
2021-12-15 11:19:40,558 [http-nio-8080-exec-3] DEBUG com.iteyes.service.JwtService(create:51) - 토큰 발행: eyJ0eXAiOiJKV1QiLCJhbGciOiJIUzI1NiJ9.eyJzdWIiOiLroZzqt7jsnbjthqDtgbAiLCJleHAiOjE2Mzk1MzUwODAsIlVzZXIiOnsidXNlcklkIjoiMTAwIiwicGFzc3dvcmQiOiIxMjM0In0sInNlY29uZCI6Iuy2lOqwgOygleuztCJ9.jXjnaXJA6SgolPv9HhTZJrETEcNwIiNFcJ9F-sxtqo0
