2021-12-06 14:14:12,622 [http-nio-8080-exec-9] DEBUG com.iteyes.controller.pms.SWZP0010Controller(select:36) - # pgm_id :: 
2021-12-06 14:14:12,624 [http-nio-8080-exec-9] DEBUG com.iteyes.controller.pms.SWZP0010Controller(select:37) - # pgm_nm :: 
2021-12-06 14:14:12,625 [http-nio-8080-exec-9] DEBUG com.iteyes.controller.pms.SWZP0010Controller(select:38) - # pl_no :: 
2021-12-06 14:14:12,625 [http-nio-8080-exec-9] DEBUG com.iteyes.controller.pms.SWZP0010Controller(select:39) - # dvlpe_no :: 
2021-12-06 14:14:12,625 [http-nio-8080-exec-9] DEBUG com.iteyes.controller.pms.SWZP0010Controller(select:40) - # pgm_dis_cd :: 000
2021-12-06 14:14:12,625 [http-nio-8080-exec-9] DEBUG com.iteyes.controller.pms.SWZP0010Controller(select:41) - # bzcd :: 000
2021-12-06 14:14:12,625 [http-nio-8080-exec-9] DEBUG com.iteyes.controller.pms.SWZP0010Controller(select:42) - # dvlp_dis_cd :: 000
2021-12-06 14:14:12,628 [http-nio-8080-exec-9] DEBUG com.iteyes.mapper.pms.SWZP0010Mapper.select_0010_01(debug:137) - ==>  Preparing: SELECT BKUP_ID /*백업ID */ , PRJT_ID /*프로젝트ID */ , PGM_ID /*프로그램ID */ , BZCD /*업무구분 */ , PGM_NM /*프로그램명 */ , BZ_DTLS_TXT /*업무세부 */ , DVLP_DIS_CD /*개발구분*/ , PGM_DIS_CD /*프로그램구분*/ , ENLPE_NM /*프로그램세부구분코드 */ , FRCS_STA_DT /*예상시작일자 */ , FRCS_END_DT /*예상종료일자 */ , STA_DT /*실제시작일자 */ , END_DT /*실제종료일자 */ , PRG_TXT /*진행현황 */ , DVLPE_NO /*개발자번호 */ , DVLPE_CNF_DT /*개발자확인일자 */ , PL_NO /*PL번호 */ , PL_CNF_DT /*PL확인일자 */ , CRPE_NO /*담당자번호 */ , RMRK /*비고 */ , OPR_NO /*조작자번호 */ , DB_CHG_TS /*DB변경일시 */ FROM PMS_PGM_MNG WHERE 1=1 /*프로그램ID*/ /*프로그램명*/ /*개발자번호*/ /*PL번호*/ /*개발구분*/ /*업무구분*/ /*프로그램구분*/
2021-12-06 14:14:12,629 [http-nio-8080-exec-9] DEBUG com.iteyes.mapper.pms.SWZP0010Mapper.select_0010_01(debug:137) - ==> Parameters: 
2021-12-06 14:14:12,633 [http-nio-8080-exec-9] DEBUG com.iteyes.mapper.pms.SWZP0010Mapper.select_0010_01(debug:137) - <==      Total: 4
2021-12-06 14:16:29,678 [http-nio-8080-exec-2] DEBUG com.iteyes.controller.pms.SWZP0010Controller(select:36) - # pgm_id :: 
2021-12-06 14:16:29,678 [http-nio-8080-exec-2] DEBUG com.iteyes.controller.pms.SWZP0010Controller(select:37) - # pgm_nm :: 
2021-12-06 14:16:29,678 [http-nio-8080-exec-2] DEBUG com.iteyes.controller.pms.SWZP0010Controller(select:38) - # pl_no :: 
2021-12-06 14:16:29,678 [http-nio-8080-exec-2] DEBUG com.iteyes.controller.pms.SWZP0010Controller(select:39) - # dvlpe_no :: 
2021-12-06 14:16:29,678 [http-nio-8080-exec-2] DEBUG com.iteyes.controller.pms.SWZP0010Controller(select:40) - # pgm_dis_cd :: 000
2021-12-06 14:16:29,678 [http-nio-8080-exec-2] DEBUG com.iteyes.controller.pms.SWZP0010Controller(select:41) - # bzcd :: 000
2021-12-06 14:16:29,678 [http-nio-8080-exec-2] DEBUG com.iteyes.controller.pms.SWZP0010Controller(select:42) - # dvlp_dis_cd :: 000
2021-12-06 14:16:29,687 [http-nio-8080-exec-2] DEBUG com.iteyes.mapper.pms.SWZP0010Mapper.select_0010_01(debug:137) - ==>  Preparing: SELECT BKUP_ID /*백업ID */ , PRJT_ID /*프로젝트ID */ , PGM_ID /*프로그램ID */ , BZCD /*업무구분 */ , PGM_NM /*프로그램명 */ , BZ_DTLS_TXT /*업무세부 */ , DVLP_DIS_CD /*개발구분*/ , PGM_DIS_CD /*프로그램구분*/ , ENLPE_NM /*프로그램세부구분코드 */ , FRCS_STA_DT /*예상시작일자 */ , FRCS_END_DT /*예상종료일자 */ , STA_DT /*실제시작일자 */ , END_DT /*실제종료일자 */ , PRG_TXT /*진행현황 */ , DVLPE_NO /*개발자번호 */ , DVLPE_CNF_DT /*개발자확인일자 */ , PL_NO /*PL번호 */ , PL_CNF_DT /*PL확인일자 */ , CRPE_NO /*담당자번호 */ , RMRK /*비고 */ , OPR_NO /*조작자번호 */ , DB_CHG_TS /*DB변경일시 */ FROM PMS_PGM_MNG WHERE 1=1 /*프로그램ID*/ /*프로그램명*/ /*개발자번호*/ /*PL번호*/ /*개발구분*/ /*업무구분*/ /*프로그램구분*/
2021-12-06 14:16:29,687 [http-nio-8080-exec-2] DEBUG com.iteyes.mapper.pms.SWZP0010Mapper.select_0010_01(debug:137) - ==> Parameters: 
2021-12-06 14:16:29,695 [http-nio-8080-exec-2] DEBUG com.iteyes.mapper.pms.SWZP0010Mapper.select_0010_01(debug:137) - <==      Total: 4
2021-12-06 14:16:36,659 [http-nio-8080-exec-4] DEBUG com.iteyes.controller.pms.SWZP0010Controller(select:36) - # pgm_id :: 
2021-12-06 14:16:36,659 [http-nio-8080-exec-4] DEBUG com.iteyes.controller.pms.SWZP0010Controller(select:37) - # pgm_nm :: 
2021-12-06 14:16:36,659 [http-nio-8080-exec-4] DEBUG com.iteyes.controller.pms.SWZP0010Controller(select:38) - # pl_no :: 
2021-12-06 14:16:36,659 [http-nio-8080-exec-4] DEBUG com.iteyes.controller.pms.SWZP0010Controller(select:39) - # dvlpe_no :: 
2021-12-06 14:16:36,659 [http-nio-8080-exec-4] DEBUG com.iteyes.controller.pms.SWZP0010Controller(select:40) - # pgm_dis_cd :: 000
2021-12-06 14:16:36,659 [http-nio-8080-exec-4] DEBUG com.iteyes.controller.pms.SWZP0010Controller(select:41) - # bzcd :: 000
2021-12-06 14:16:36,659 [http-nio-8080-exec-4] DEBUG com.iteyes.controller.pms.SWZP0010Controller(select:42) - # dvlp_dis_cd :: 000
2021-12-06 14:16:36,662 [http-nio-8080-exec-4] DEBUG com.iteyes.mapper.pms.SWZP0010Mapper.select_0010_01(debug:137) - ==>  Preparing: SELECT BKUP_ID /*백업ID */ , PRJT_ID /*프로젝트ID */ , PGM_ID /*프로그램ID */ , BZCD /*업무구분 */ , PGM_NM /*프로그램명 */ , BZ_DTLS_TXT /*업무세부 */ , DVLP_DIS_CD /*개발구분*/ , PGM_DIS_CD /*프로그램구분*/ , ENLPE_NM /*프로그램세부구분코드 */ , FRCS_STA_DT /*예상시작일자 */ , FRCS_END_DT /*예상종료일자 */ , STA_DT /*실제시작일자 */ , END_DT /*실제종료일자 */ , PRG_TXT /*진행현황 */ , DVLPE_NO /*개발자번호 */ , DVLPE_CNF_DT /*개발자확인일자 */ , PL_NO /*PL번호 */ , PL_CNF_DT /*PL확인일자 */ , CRPE_NO /*담당자번호 */ , RMRK /*비고 */ , OPR_NO /*조작자번호 */ , DB_CHG_TS /*DB변경일시 */ FROM PMS_PGM_MNG WHERE 1=1 /*프로그램ID*/ /*프로그램명*/ /*개발자번호*/ /*PL번호*/ /*개발구분*/ /*업무구분*/ /*프로그램구분*/
2021-12-06 14:16:36,662 [http-nio-8080-exec-4] DEBUG com.iteyes.mapper.pms.SWZP0010Mapper.select_0010_01(debug:137) - ==> Parameters: 
2021-12-06 14:16:36,666 [http-nio-8080-exec-4] DEBUG com.iteyes.mapper.pms.SWZP0010Mapper.select_0010_01(debug:137) - <==      Total: 4
2021-12-06 14:17:00,620 [restartedMain] INFO  com.iteyes.PmsApplication(logStarting:55) - Starting PmsApplication using Java 16.0.2 on DESKTOP-H5GEA9U with PID 16592 (C:\workspace\ProjectEyes\PMS\bin\main started by iteyes in C:\workspace\ProjectEyes\PMS)
2021-12-06 14:17:00,620 [restartedMain] DEBUG com.iteyes.PmsApplication(logStarting:56) - Running with Spring Boot v2.5.4, Spring v5.3.9
2021-12-06 14:17:00,620 [restartedMain] INFO  com.iteyes.PmsApplication(logStartupProfileInfo:659) - No active profile set, falling back to default profiles: default
2021-12-06 14:17:00,755 [restartedMain] INFO  org.springframework.context.support.PostProcessorRegistrationDelegate$BeanPostProcessorChecker(postProcessAfterInitialization:376) - Bean 'org.springframework.ws.config.annotation.DelegatingWsConfiguration' of type [org.springframework.ws.config.annotation.DelegatingWsConfiguration$$EnhancerBySpringCGLIB$$74901181] is not eligible for getting processed by all BeanPostProcessors (for example: not eligible for auto-proxying)
2021-12-06 14:17:00,756 [restartedMain] INFO  org.springframework.ws.soap.addressing.server.AnnotationActionEndpointMapping(afterPropertiesSet:239) - Supporting [WS-Addressing August 2004, WS-Addressing 1.0]
2021-12-06 14:17:00,777 [restartedMain] INFO  org.springframework.boot.web.embedded.tomcat.TomcatWebServer(initialize:108) - Tomcat initialized with port(s): 8080 (http)
2021-12-06 14:17:00,798 [restartedMain] INFO  org.springframework.boot.web.servlet.context.ServletWebServerApplicationContext(prepareWebApplicationContext:290) - Root WebApplicationContext: initialization completed in 176 ms
2021-12-06 14:17:00,866 [restartedMain] INFO  org.springframework.boot.autoconfigure.web.servlet.WelcomePageHandlerMapping(<init>:53) - Adding welcome page: class path resource [static/index.html]
2021-12-06 14:17:00,895 [restartedMain] INFO  org.springframework.boot.devtools.autoconfigure.OptionalLiveReloadServer(startServer:58) - LiveReload server is running on port 35729
2021-12-06 14:17:00,902 [restartedMain] INFO  org.springframework.boot.web.embedded.tomcat.TomcatWebServer(start:220) - Tomcat started on port(s): 8080 (http) with context path ''
2021-12-06 14:17:00,905 [restartedMain] INFO  com.iteyes.PmsApplication(logStarted:61) - Started PmsApplication in 0.312 seconds (JVM running for 10694.892)
2021-12-06 14:17:00,906 [restartedMain] INFO  org.springframework.boot.devtools.autoconfigure.ConditionEvaluationDeltaLoggingListener(onApplicationEvent:63) - Condition evaluation unchanged
2021-12-06 14:17:12,719 [restartedMain] INFO  com.iteyes.PmsApplication(logStarting:55) - Starting PmsApplication using Java 16.0.2 on DESKTOP-H5GEA9U with PID 16592 (C:\workspace\ProjectEyes\PMS\bin\main started by iteyes in C:\workspace\ProjectEyes\PMS)
2021-12-06 14:17:12,720 [restartedMain] DEBUG com.iteyes.PmsApplication(logStarting:56) - Running with Spring Boot v2.5.4, Spring v5.3.9
2021-12-06 14:17:12,720 [restartedMain] INFO  com.iteyes.PmsApplication(logStartupProfileInfo:659) - No active profile set, falling back to default profiles: default
2021-12-06 14:17:12,858 [restartedMain] INFO  org.springframework.context.support.PostProcessorRegistrationDelegate$BeanPostProcessorChecker(postProcessAfterInitialization:376) - Bean 'org.springframework.ws.config.annotation.DelegatingWsConfiguration' of type [org.springframework.ws.config.annotation.DelegatingWsConfiguration$$EnhancerBySpringCGLIB$$74901181] is not eligible for getting processed by all BeanPostProcessors (for example: not eligible for auto-proxying)
2021-12-06 14:17:12,859 [restartedMain] INFO  org.springframework.ws.soap.addressing.server.AnnotationActionEndpointMapping(afterPropertiesSet:239) - Supporting [WS-Addressing August 2004, WS-Addressing 1.0]
2021-12-06 14:17:12,889 [restartedMain] INFO  org.springframework.boot.web.embedded.tomcat.TomcatWebServer(initialize:108) - Tomcat initialized with port(s): 8080 (http)
2021-12-06 14:17:12,907 [restartedMain] INFO  org.springframework.boot.web.servlet.context.ServletWebServerApplicationContext(prepareWebApplicationContext:290) - Root WebApplicationContext: initialization completed in 186 ms
2021-12-06 14:17:12,986 [restartedMain] INFO  org.springframework.boot.autoconfigure.web.servlet.WelcomePageHandlerMapping(<init>:53) - Adding welcome page: class path resource [static/index.html]
2021-12-06 14:17:13,031 [restartedMain] INFO  org.springframework.boot.devtools.autoconfigure.OptionalLiveReloadServer(startServer:58) - LiveReload server is running on port 35729
2021-12-06 14:17:13,039 [restartedMain] INFO  org.springframework.boot.web.embedded.tomcat.TomcatWebServer(start:220) - Tomcat started on port(s): 8080 (http) with context path ''
2021-12-06 14:17:13,042 [restartedMain] INFO  com.iteyes.PmsApplication(logStarted:61) - Started PmsApplication in 0.355 seconds (JVM running for 10707.029)
2021-12-06 14:17:13,043 [restartedMain] INFO  org.springframework.boot.devtools.autoconfigure.ConditionEvaluationDeltaLoggingListener(onApplicationEvent:63) - Condition evaluation unchanged
2021-12-06 14:17:16,643 [restartedMain] INFO  com.iteyes.PmsApplication(logStarting:55) - Starting PmsApplication using Java 16.0.2 on DESKTOP-H5GEA9U with PID 16592 (C:\workspace\ProjectEyes\PMS\bin\main started by iteyes in C:\workspace\ProjectEyes\PMS)
2021-12-06 14:17:16,644 [restartedMain] DEBUG com.iteyes.PmsApplication(logStarting:56) - Running with Spring Boot v2.5.4, Spring v5.3.9
2021-12-06 14:17:16,644 [restartedMain] INFO  com.iteyes.PmsApplication(logStartupProfileInfo:659) - No active profile set, falling back to default profiles: default
2021-12-06 14:17:16,776 [restartedMain] INFO  org.springframework.context.support.PostProcessorRegistrationDelegate$BeanPostProcessorChecker(postProcessAfterInitialization:376) - Bean 'org.springframework.ws.config.annotation.DelegatingWsConfiguration' of type [org.springframework.ws.config.annotation.DelegatingWsConfiguration$$EnhancerBySpringCGLIB$$74901181] is not eligible for getting processed by all BeanPostProcessors (for example: not eligible for auto-proxying)
2021-12-06 14:17:16,777 [restartedMain] INFO  org.springframework.ws.soap.addressing.server.AnnotationActionEndpointMapping(afterPropertiesSet:239) - Supporting [WS-Addressing August 2004, WS-Addressing 1.0]
2021-12-06 14:17:16,803 [restartedMain] INFO  org.springframework.boot.web.embedded.tomcat.TomcatWebServer(initialize:108) - Tomcat initialized with port(s): 8080 (http)
2021-12-06 14:17:16,820 [restartedMain] INFO  org.springframework.boot.web.servlet.context.ServletWebServerApplicationContext(prepareWebApplicationContext:290) - Root WebApplicationContext: initialization completed in 175 ms
2021-12-06 14:17:16,886 [restartedMain] INFO  org.springframework.boot.autoconfigure.web.servlet.WelcomePageHandlerMapping(<init>:53) - Adding welcome page: class path resource [static/index.html]
2021-12-06 14:17:16,916 [restartedMain] INFO  org.springframework.boot.devtools.autoconfigure.OptionalLiveReloadServer(startServer:58) - LiveReload server is running on port 35729
2021-12-06 14:17:16,923 [restartedMain] INFO  org.springframework.boot.web.embedded.tomcat.TomcatWebServer(start:220) - Tomcat started on port(s): 8080 (http) with context path ''
2021-12-06 14:17:16,926 [restartedMain] INFO  com.iteyes.PmsApplication(logStarted:61) - Started PmsApplication in 0.309 seconds (JVM running for 10710.912)
2021-12-06 14:17:16,927 [restartedMain] INFO  org.springframework.boot.devtools.autoconfigure.ConditionEvaluationDeltaLoggingListener(onApplicationEvent:63) - Condition evaluation unchanged
2021-12-06 14:21:08,214 [restartedMain] INFO  com.iteyes.PmsApplication(logStarting:55) - Starting PmsApplication using Java 16.0.2 on DESKTOP-H5GEA9U with PID 16592 (C:\workspace\ProjectEyes\PMS\bin\main started by iteyes in C:\workspace\ProjectEyes\PMS)
2021-12-06 14:21:08,214 [restartedMain] DEBUG com.iteyes.PmsApplication(logStarting:56) - Running with Spring Boot v2.5.4, Spring v5.3.9
2021-12-06 14:21:08,214 [restartedMain] INFO  com.iteyes.PmsApplication(logStartupProfileInfo:659) - No active profile set, falling back to default profiles: default
2021-12-06 14:21:08,349 [restartedMain] INFO  org.springframework.context.support.PostProcessorRegistrationDelegate$BeanPostProcessorChecker(postProcessAfterInitialization:376) - Bean 'org.springframework.ws.config.annotation.DelegatingWsConfiguration' of type [org.springframework.ws.config.annotation.DelegatingWsConfiguration$$EnhancerBySpringCGLIB$$74901181] is not eligible for getting processed by all BeanPostProcessors (for example: not eligible for auto-proxying)
2021-12-06 14:21:08,350 [restartedMain] INFO  org.springframework.ws.soap.addressing.server.AnnotationActionEndpointMapping(afterPropertiesSet:239) - Supporting [WS-Addressing August 2004, WS-Addressing 1.0]
2021-12-06 14:21:08,373 [restartedMain] INFO  org.springframework.boot.web.embedded.tomcat.TomcatWebServer(initialize:108) - Tomcat initialized with port(s): 8080 (http)
2021-12-06 14:21:08,390 [restartedMain] INFO  org.springframework.boot.web.servlet.context.ServletWebServerApplicationContext(prepareWebApplicationContext:290) - Root WebApplicationContext: initialization completed in 174 ms
2021-12-06 14:21:08,460 [restartedMain] INFO  org.springframework.boot.autoconfigure.web.servlet.WelcomePageHandlerMapping(<init>:53) - Adding welcome page: class path resource [static/index.html]
2021-12-06 14:21:08,492 [restartedMain] INFO  org.springframework.boot.devtools.autoconfigure.OptionalLiveReloadServer(startServer:58) - LiveReload server is running on port 35729
2021-12-06 14:21:08,499 [restartedMain] INFO  org.springframework.boot.web.embedded.tomcat.TomcatWebServer(start:220) - Tomcat started on port(s): 8080 (http) with context path ''
2021-12-06 14:21:08,502 [restartedMain] INFO  com.iteyes.PmsApplication(logStarted:61) - Started PmsApplication in 0.316 seconds (JVM running for 10942.488)
2021-12-06 14:21:08,503 [restartedMain] INFO  org.springframework.boot.devtools.autoconfigure.ConditionEvaluationDeltaLoggingListener(onApplicationEvent:63) - Condition evaluation unchanged
2021-12-06 14:21:28,060 [http-nio-8080-exec-1] INFO  org.springframework.web.servlet.DispatcherServlet(initServletBean:525) - Initializing Servlet 'dispatcherServlet'
2021-12-06 14:21:28,061 [http-nio-8080-exec-1] INFO  org.springframework.web.servlet.DispatcherServlet(initServletBean:547) - Completed initialization in 1 ms
2021-12-06 14:21:28,066 [http-nio-8080-exec-2] DEBUG com.iteyes.controller.pms.SWZP0010Controller(select:36) - # pgm_id :: 
2021-12-06 14:21:28,066 [http-nio-8080-exec-2] DEBUG com.iteyes.controller.pms.SWZP0010Controller(select:37) - # pgm_nm :: 
2021-12-06 14:21:28,066 [http-nio-8080-exec-2] DEBUG com.iteyes.controller.pms.SWZP0010Controller(select:38) - # pl_no :: 
2021-12-06 14:21:28,066 [http-nio-8080-exec-2] DEBUG com.iteyes.controller.pms.SWZP0010Controller(select:39) - # dvlpe_no :: 
2021-12-06 14:21:28,066 [http-nio-8080-exec-2] DEBUG com.iteyes.controller.pms.SWZP0010Controller(select:40) - # pgm_dis_cd :: 000
2021-12-06 14:21:28,066 [http-nio-8080-exec-2] DEBUG com.iteyes.controller.pms.SWZP0010Controller(select:41) - # bzcd :: 000
2021-12-06 14:21:28,067 [http-nio-8080-exec-2] DEBUG com.iteyes.controller.pms.SWZP0010Controller(select:42) - # dvlp_dis_cd :: 000
2021-12-06 14:21:28,090 [http-nio-8080-exec-2] DEBUG com.iteyes.mapper.pms.SWZP0010Mapper.select_0010_01(debug:137) - ==>  Preparing: SELECT BKUP_ID /*백업ID */ , PRJT_ID /*프로젝트ID */ , PGM_ID /*프로그램ID */ , BZCD /*업무구분 */ , PGM_NM /*프로그램명 */ , BZ_DTLS_TXT /*업무세부 */ , DVLP_DIS_CD /*개발구분*/ , PGM_DIS_CD /*프로그램구분*/ , ENLPE_NM /*프로그램세부구분코드 */ , FRCS_STA_DT /*예상시작일자 */ , FRCS_END_DT /*예상종료일자 */ , STA_DT /*실제시작일자 */ , END_DT /*실제종료일자 */ , PRG_TXT /*진행현황 */ , DVLPE_NO /*개발자번호 */ , DVLPE_CNF_DT /*개발자확인일자 */ , PL_NO /*PL번호 */ , PL_CNF_DT /*PL확인일자 */ , CRPE_NO /*담당자번호 */ , RMRK /*비고 */ , OPR_NO /*조작자번호 */ , DB_CHG_TS /*DB변경일시 */ FROM PMS_PGM_MNG WHERE 1=1 /*프로그램ID*/ /*프로그램명*/ /*개발자번호*/ /*PL번호*/ /*개발구분*/ /*업무구분*/ /*프로그램구분*/
2021-12-06 14:21:28,091 [http-nio-8080-exec-2] DEBUG com.iteyes.mapper.pms.SWZP0010Mapper.select_0010_01(debug:137) - ==> Parameters: 
2021-12-06 14:21:28,094 [http-nio-8080-exec-2] DEBUG com.iteyes.mapper.pms.SWZP0010Mapper.select_0010_01(debug:137) - <==      Total: 4
2021-12-06 14:28:24,472 [http-nio-8080-exec-5] DEBUG com.iteyes.controller.pms.SWZP0010Controller(select:36) - # pgm_id :: 
2021-12-06 14:28:24,472 [http-nio-8080-exec-5] DEBUG com.iteyes.controller.pms.SWZP0010Controller(select:37) - # pgm_nm :: 
2021-12-06 14:28:24,472 [http-nio-8080-exec-5] DEBUG com.iteyes.controller.pms.SWZP0010Controller(select:38) - # pl_no :: 
2021-12-06 14:28:24,472 [http-nio-8080-exec-5] DEBUG com.iteyes.controller.pms.SWZP0010Controller(select:39) - # dvlpe_no :: 
2021-12-06 14:28:24,472 [http-nio-8080-exec-5] DEBUG com.iteyes.controller.pms.SWZP0010Controller(select:40) - # pgm_dis_cd :: 000
2021-12-06 14:28:24,472 [http-nio-8080-exec-5] DEBUG com.iteyes.controller.pms.SWZP0010Controller(select:41) - # bzcd :: 000
2021-12-06 14:28:24,472 [http-nio-8080-exec-5] DEBUG com.iteyes.controller.pms.SWZP0010Controller(select:42) - # dvlp_dis_cd :: 000
2021-12-06 14:28:24,476 [http-nio-8080-exec-5] DEBUG com.iteyes.mapper.pms.SWZP0010Mapper.select_0010_01(debug:137) - ==>  Preparing: SELECT BKUP_ID /*백업ID */ , PRJT_ID /*프로젝트ID */ , PGM_ID /*프로그램ID */ , BZCD /*업무구분 */ , PGM_NM /*프로그램명 */ , BZ_DTLS_TXT /*업무세부 */ , DVLP_DIS_CD /*개발구분*/ , PGM_DIS_CD /*프로그램구분*/ , ENLPE_NM /*프로그램세부구분코드 */ , FRCS_STA_DT /*예상시작일자 */ , FRCS_END_DT /*예상종료일자 */ , STA_DT /*실제시작일자 */ , END_DT /*실제종료일자 */ , PRG_TXT /*진행현황 */ , DVLPE_NO /*개발자번호 */ , DVLPE_CNF_DT /*개발자확인일자 */ , PL_NO /*PL번호 */ , PL_CNF_DT /*PL확인일자 */ , CRPE_NO /*담당자번호 */ , RMRK /*비고 */ , OPR_NO /*조작자번호 */ , DB_CHG_TS /*DB변경일시 */ FROM PMS_PGM_MNG WHERE 1=1 /*프로그램ID*/ /*프로그램명*/ /*개발자번호*/ /*PL번호*/ /*개발구분*/ /*업무구분*/ /*프로그램구분*/
2021-12-06 14:28:24,477 [http-nio-8080-exec-5] DEBUG com.iteyes.mapper.pms.SWZP0010Mapper.select_0010_01(debug:137) - ==> Parameters: 
2021-12-06 14:28:24,481 [http-nio-8080-exec-5] DEBUG com.iteyes.mapper.pms.SWZP0010Mapper.select_0010_01(debug:137) - <==      Total: 4
2021-12-06 14:28:35,600 [http-nio-8080-exec-7] DEBUG com.iteyes.controller.pms.SWZP0010Controller(select:36) - # pgm_id :: 
2021-12-06 14:28:35,600 [http-nio-8080-exec-7] DEBUG com.iteyes.controller.pms.SWZP0010Controller(select:37) - # pgm_nm :: 개요
2021-12-06 14:28:35,600 [http-nio-8080-exec-7] DEBUG com.iteyes.controller.pms.SWZP0010Controller(select:38) - # pl_no :: 
2021-12-06 14:28:35,600 [http-nio-8080-exec-7] DEBUG com.iteyes.controller.pms.SWZP0010Controller(select:39) - # dvlpe_no :: 
2021-12-06 14:28:35,600 [http-nio-8080-exec-7] DEBUG com.iteyes.controller.pms.SWZP0010Controller(select:40) - # pgm_dis_cd :: 000
2021-12-06 14:28:35,600 [http-nio-8080-exec-7] DEBUG com.iteyes.controller.pms.SWZP0010Controller(select:41) - # bzcd :: 000
2021-12-06 14:28:35,600 [http-nio-8080-exec-7] DEBUG com.iteyes.controller.pms.SWZP0010Controller(select:42) - # dvlp_dis_cd :: 000
2021-12-06 14:28:35,605 [http-nio-8080-exec-7] DEBUG com.iteyes.mapper.pms.SWZP0010Mapper.select_0010_01(debug:137) - ==>  Preparing: SELECT BKUP_ID /*백업ID */ , PRJT_ID /*프로젝트ID */ , PGM_ID /*프로그램ID */ , BZCD /*업무구분 */ , PGM_NM /*프로그램명 */ , BZ_DTLS_TXT /*업무세부 */ , DVLP_DIS_CD /*개발구분*/ , PGM_DIS_CD /*프로그램구분*/ , ENLPE_NM /*프로그램세부구분코드 */ , FRCS_STA_DT /*예상시작일자 */ , FRCS_END_DT /*예상종료일자 */ , STA_DT /*실제시작일자 */ , END_DT /*실제종료일자 */ , PRG_TXT /*진행현황 */ , DVLPE_NO /*개발자번호 */ , DVLPE_CNF_DT /*개발자확인일자 */ , PL_NO /*PL번호 */ , PL_CNF_DT /*PL확인일자 */ , CRPE_NO /*담당자번호 */ , RMRK /*비고 */ , OPR_NO /*조작자번호 */ , DB_CHG_TS /*DB변경일시 */ FROM PMS_PGM_MNG WHERE 1=1 /*프로그램ID*/ /*프로그램명*/ AND PGM_NM LIKE '%' ? '%' /*개발자번호*/ /*PL번호*/ /*개발구분*/ /*업무구분*/ /*프로그램구분*/
2021-12-06 14:28:35,606 [http-nio-8080-exec-7] DEBUG com.iteyes.mapper.pms.SWZP0010Mapper.select_0010_01(debug:137) - ==> Parameters: 개요(String)
2021-12-06 14:28:35,610 [http-nio-8080-exec-7] DEBUG com.iteyes.mapper.pms.SWZP0010Mapper.select_0010_01(debug:137) - <==      Total: 3
2021-12-06 14:28:39,184 [http-nio-8080-exec-9] DEBUG com.iteyes.controller.pms.SWZP0010Controller(select:36) - # pgm_id :: 
2021-12-06 14:28:39,184 [http-nio-8080-exec-9] DEBUG com.iteyes.controller.pms.SWZP0010Controller(select:37) - # pgm_nm :: 로직
2021-12-06 14:28:39,184 [http-nio-8080-exec-9] DEBUG com.iteyes.controller.pms.SWZP0010Controller(select:38) - # pl_no :: 
2021-12-06 14:28:39,184 [http-nio-8080-exec-9] DEBUG com.iteyes.controller.pms.SWZP0010Controller(select:39) - # dvlpe_no :: 
2021-12-06 14:28:39,184 [http-nio-8080-exec-9] DEBUG com.iteyes.controller.pms.SWZP0010Controller(select:40) - # pgm_dis_cd :: 000
2021-12-06 14:28:39,184 [http-nio-8080-exec-9] DEBUG com.iteyes.controller.pms.SWZP0010Controller(select:41) - # bzcd :: 000
2021-12-06 14:28:39,184 [http-nio-8080-exec-9] DEBUG com.iteyes.controller.pms.SWZP0010Controller(select:42) - # dvlp_dis_cd :: 000
2021-12-06 14:28:39,187 [http-nio-8080-exec-9] DEBUG com.iteyes.mapper.pms.SWZP0010Mapper.select_0010_01(debug:137) - ==>  Preparing: SELECT BKUP_ID /*백업ID */ , PRJT_ID /*프로젝트ID */ , PGM_ID /*프로그램ID */ , BZCD /*업무구분 */ , PGM_NM /*프로그램명 */ , BZ_DTLS_TXT /*업무세부 */ , DVLP_DIS_CD /*개발구분*/ , PGM_DIS_CD /*프로그램구분*/ , ENLPE_NM /*프로그램세부구분코드 */ , FRCS_STA_DT /*예상시작일자 */ , FRCS_END_DT /*예상종료일자 */ , STA_DT /*실제시작일자 */ , END_DT /*실제종료일자 */ , PRG_TXT /*진행현황 */ , DVLPE_NO /*개발자번호 */ , DVLPE_CNF_DT /*개발자확인일자 */ , PL_NO /*PL번호 */ , PL_CNF_DT /*PL확인일자 */ , CRPE_NO /*담당자번호 */ , RMRK /*비고 */ , OPR_NO /*조작자번호 */ , DB_CHG_TS /*DB변경일시 */ FROM PMS_PGM_MNG WHERE 1=1 /*프로그램ID*/ /*프로그램명*/ AND PGM_NM LIKE '%' ? '%' /*개발자번호*/ /*PL번호*/ /*개발구분*/ /*업무구분*/ /*프로그램구분*/
2021-12-06 14:28:39,188 [http-nio-8080-exec-9] DEBUG com.iteyes.mapper.pms.SWZP0010Mapper.select_0010_01(debug:137) - ==> Parameters: 로직(String)
2021-12-06 14:28:39,192 [http-nio-8080-exec-9] DEBUG com.iteyes.mapper.pms.SWZP0010Mapper.select_0010_01(debug:137) - <==      Total: 2
2021-12-06 14:28:45,672 [http-nio-8080-exec-1] DEBUG com.iteyes.controller.pms.SWZP0010Controller(select:36) - # pgm_id :: 
2021-12-06 14:28:45,672 [http-nio-8080-exec-1] DEBUG com.iteyes.controller.pms.SWZP0010Controller(select:37) - # pgm_nm :: 로직
2021-12-06 14:28:45,672 [http-nio-8080-exec-1] DEBUG com.iteyes.controller.pms.SWZP0010Controller(select:38) - # pl_no :: 
2021-12-06 14:28:45,672 [http-nio-8080-exec-1] DEBUG com.iteyes.controller.pms.SWZP0010Controller(select:39) - # dvlpe_no :: 
2021-12-06 14:28:45,672 [http-nio-8080-exec-1] DEBUG com.iteyes.controller.pms.SWZP0010Controller(select:40) - # pgm_dis_cd :: 000
2021-12-06 14:28:45,672 [http-nio-8080-exec-1] DEBUG com.iteyes.controller.pms.SWZP0010Controller(select:41) - # bzcd :: 000
2021-12-06 14:28:45,672 [http-nio-8080-exec-1] DEBUG com.iteyes.controller.pms.SWZP0010Controller(select:42) - # dvlp_dis_cd :: 100
2021-12-06 14:28:45,678 [http-nio-8080-exec-1] DEBUG com.iteyes.mapper.pms.SWZP0010Mapper.select_0010_01(debug:137) - ==>  Preparing: SELECT BKUP_ID /*백업ID */ , PRJT_ID /*프로젝트ID */ , PGM_ID /*프로그램ID */ , BZCD /*업무구분 */ , PGM_NM /*프로그램명 */ , BZ_DTLS_TXT /*업무세부 */ , DVLP_DIS_CD /*개발구분*/ , PGM_DIS_CD /*프로그램구분*/ , ENLPE_NM /*프로그램세부구분코드 */ , FRCS_STA_DT /*예상시작일자 */ , FRCS_END_DT /*예상종료일자 */ , STA_DT /*실제시작일자 */ , END_DT /*실제종료일자 */ , PRG_TXT /*진행현황 */ , DVLPE_NO /*개발자번호 */ , DVLPE_CNF_DT /*개발자확인일자 */ , PL_NO /*PL번호 */ , PL_CNF_DT /*PL확인일자 */ , CRPE_NO /*담당자번호 */ , RMRK /*비고 */ , OPR_NO /*조작자번호 */ , DB_CHG_TS /*DB변경일시 */ FROM PMS_PGM_MNG WHERE 1=1 /*프로그램ID*/ /*프로그램명*/ AND PGM_NM LIKE '%' ? '%' /*개발자번호*/ /*PL번호*/ /*개발구분*/ AND DVLP_DIS_CD = ? /*업무구분*/ /*프로그램구분*/
2021-12-06 14:28:45,678 [http-nio-8080-exec-1] DEBUG com.iteyes.mapper.pms.SWZP0010Mapper.select_0010_01(debug:137) - ==> Parameters: 로직(String), 100(String)
2021-12-06 14:28:45,681 [http-nio-8080-exec-1] DEBUG com.iteyes.mapper.pms.SWZP0010Mapper.select_0010_01(debug:137) - <==      Total: 2
2021-12-06 14:28:46,055 [http-nio-8080-exec-3] DEBUG com.iteyes.controller.pms.SWZP0010Controller(select:36) - # pgm_id :: 
2021-12-06 14:28:46,055 [http-nio-8080-exec-3] DEBUG com.iteyes.controller.pms.SWZP0010Controller(select:37) - # pgm_nm :: 로직
2021-12-06 14:28:46,055 [http-nio-8080-exec-3] DEBUG com.iteyes.controller.pms.SWZP0010Controller(select:38) - # pl_no :: 
2021-12-06 14:28:46,055 [http-nio-8080-exec-3] DEBUG com.iteyes.controller.pms.SWZP0010Controller(select:39) - # dvlpe_no :: 
2021-12-06 14:28:46,055 [http-nio-8080-exec-3] DEBUG com.iteyes.controller.pms.SWZP0010Controller(select:40) - # pgm_dis_cd :: 000
2021-12-06 14:28:46,056 [http-nio-8080-exec-3] DEBUG com.iteyes.controller.pms.SWZP0010Controller(select:41) - # bzcd :: 000
2021-12-06 14:28:46,056 [http-nio-8080-exec-3] DEBUG com.iteyes.controller.pms.SWZP0010Controller(select:42) - # dvlp_dis_cd :: 100
2021-12-06 14:28:46,056 [http-nio-8080-exec-3] DEBUG com.iteyes.mapper.pms.SWZP0010Mapper.select_0010_01(debug:137) - ==>  Preparing: SELECT BKUP_ID /*백업ID */ , PRJT_ID /*프로젝트ID */ , PGM_ID /*프로그램ID */ , BZCD /*업무구분 */ , PGM_NM /*프로그램명 */ , BZ_DTLS_TXT /*업무세부 */ , DVLP_DIS_CD /*개발구분*/ , PGM_DIS_CD /*프로그램구분*/ , ENLPE_NM /*프로그램세부구분코드 */ , FRCS_STA_DT /*예상시작일자 */ , FRCS_END_DT /*예상종료일자 */ , STA_DT /*실제시작일자 */ , END_DT /*실제종료일자 */ , PRG_TXT /*진행현황 */ , DVLPE_NO /*개발자번호 */ , DVLPE_CNF_DT /*개발자확인일자 */ , PL_NO /*PL번호 */ , PL_CNF_DT /*PL확인일자 */ , CRPE_NO /*담당자번호 */ , RMRK /*비고 */ , OPR_NO /*조작자번호 */ , DB_CHG_TS /*DB변경일시 */ FROM PMS_PGM_MNG WHERE 1=1 /*프로그램ID*/ /*프로그램명*/ AND PGM_NM LIKE '%' ? '%' /*개발자번호*/ /*PL번호*/ /*개발구분*/ AND DVLP_DIS_CD = ? /*업무구분*/ /*프로그램구분*/
2021-12-06 14:28:46,057 [http-nio-8080-exec-3] DEBUG com.iteyes.mapper.pms.SWZP0010Mapper.select_0010_01(debug:137) - ==> Parameters: 로직(String), 100(String)
2021-12-06 14:28:46,062 [http-nio-8080-exec-3] DEBUG com.iteyes.mapper.pms.SWZP0010Mapper.select_0010_01(debug:137) - <==      Total: 2
2021-12-06 14:28:48,824 [http-nio-8080-exec-5] DEBUG com.iteyes.controller.pms.SWZP0010Controller(select:36) - # pgm_id :: 
2021-12-06 14:28:48,824 [http-nio-8080-exec-5] DEBUG com.iteyes.controller.pms.SWZP0010Controller(select:37) - # pgm_nm :: 
2021-12-06 14:28:48,824 [http-nio-8080-exec-5] DEBUG com.iteyes.controller.pms.SWZP0010Controller(select:38) - # pl_no :: 
2021-12-06 14:28:48,824 [http-nio-8080-exec-5] DEBUG com.iteyes.controller.pms.SWZP0010Controller(select:39) - # dvlpe_no :: 
2021-12-06 14:28:48,824 [http-nio-8080-exec-5] DEBUG com.iteyes.controller.pms.SWZP0010Controller(select:40) - # pgm_dis_cd :: 000
2021-12-06 14:28:48,824 [http-nio-8080-exec-5] DEBUG com.iteyes.controller.pms.SWZP0010Controller(select:41) - # bzcd :: 000
2021-12-06 14:28:48,824 [http-nio-8080-exec-5] DEBUG com.iteyes.controller.pms.SWZP0010Controller(select:42) - # dvlp_dis_cd :: 100
2021-12-06 14:28:48,827 [http-nio-8080-exec-5] DEBUG com.iteyes.mapper.pms.SWZP0010Mapper.select_0010_01(debug:137) - ==>  Preparing: SELECT BKUP_ID /*백업ID */ , PRJT_ID /*프로젝트ID */ , PGM_ID /*프로그램ID */ , BZCD /*업무구분 */ , PGM_NM /*프로그램명 */ , BZ_DTLS_TXT /*업무세부 */ , DVLP_DIS_CD /*개발구분*/ , PGM_DIS_CD /*프로그램구분*/ , ENLPE_NM /*프로그램세부구분코드 */ , FRCS_STA_DT /*예상시작일자 */ , FRCS_END_DT /*예상종료일자 */ , STA_DT /*실제시작일자 */ , END_DT /*실제종료일자 */ , PRG_TXT /*진행현황 */ , DVLPE_NO /*개발자번호 */ , DVLPE_CNF_DT /*개발자확인일자 */ , PL_NO /*PL번호 */ , PL_CNF_DT /*PL확인일자 */ , CRPE_NO /*담당자번호 */ , RMRK /*비고 */ , OPR_NO /*조작자번호 */ , DB_CHG_TS /*DB변경일시 */ FROM PMS_PGM_MNG WHERE 1=1 /*프로그램ID*/ /*프로그램명*/ /*개발자번호*/ /*PL번호*/ /*개발구분*/ AND DVLP_DIS_CD = ? /*업무구분*/ /*프로그램구분*/
2021-12-06 14:28:48,828 [http-nio-8080-exec-5] DEBUG com.iteyes.mapper.pms.SWZP0010Mapper.select_0010_01(debug:137) - ==> Parameters: 100(String)
2021-12-06 14:28:48,830 [http-nio-8080-exec-5] DEBUG com.iteyes.mapper.pms.SWZP0010Mapper.select_0010_01(debug:137) - <==      Total: 4
2021-12-06 14:28:51,740 [http-nio-8080-exec-7] DEBUG com.iteyes.controller.pms.SWZP0010Controller(select:36) - # pgm_id :: 
2021-12-06 14:28:51,741 [http-nio-8080-exec-7] DEBUG com.iteyes.controller.pms.SWZP0010Controller(select:37) - # pgm_nm :: 
2021-12-06 14:28:51,741 [http-nio-8080-exec-7] DEBUG com.iteyes.controller.pms.SWZP0010Controller(select:38) - # pl_no :: 
2021-12-06 14:28:51,741 [http-nio-8080-exec-7] DEBUG com.iteyes.controller.pms.SWZP0010Controller(select:39) - # dvlpe_no :: 
2021-12-06 14:28:51,741 [http-nio-8080-exec-7] DEBUG com.iteyes.controller.pms.SWZP0010Controller(select:40) - # pgm_dis_cd :: 000
2021-12-06 14:28:51,741 [http-nio-8080-exec-7] DEBUG com.iteyes.controller.pms.SWZP0010Controller(select:41) - # bzcd :: 000
2021-12-06 14:28:51,741 [http-nio-8080-exec-7] DEBUG com.iteyes.controller.pms.SWZP0010Controller(select:42) - # dvlp_dis_cd :: 200
2021-12-06 14:28:51,743 [http-nio-8080-exec-7] DEBUG com.iteyes.mapper.pms.SWZP0010Mapper.select_0010_01(debug:137) - ==>  Preparing: SELECT BKUP_ID /*백업ID */ , PRJT_ID /*프로젝트ID */ , PGM_ID /*프로그램ID */ , BZCD /*업무구분 */ , PGM_NM /*프로그램명 */ , BZ_DTLS_TXT /*업무세부 */ , DVLP_DIS_CD /*개발구분*/ , PGM_DIS_CD /*프로그램구분*/ , ENLPE_NM /*프로그램세부구분코드 */ , FRCS_STA_DT /*예상시작일자 */ , FRCS_END_DT /*예상종료일자 */ , STA_DT /*실제시작일자 */ , END_DT /*실제종료일자 */ , PRG_TXT /*진행현황 */ , DVLPE_NO /*개발자번호 */ , DVLPE_CNF_DT /*개발자확인일자 */ , PL_NO /*PL번호 */ , PL_CNF_DT /*PL확인일자 */ , CRPE_NO /*담당자번호 */ , RMRK /*비고 */ , OPR_NO /*조작자번호 */ , DB_CHG_TS /*DB변경일시 */ FROM PMS_PGM_MNG WHERE 1=1 /*프로그램ID*/ /*프로그램명*/ /*개발자번호*/ /*PL번호*/ /*개발구분*/ AND DVLP_DIS_CD = ? /*업무구분*/ /*프로그램구분*/
2021-12-06 14:28:51,743 [http-nio-8080-exec-7] DEBUG com.iteyes.mapper.pms.SWZP0010Mapper.select_0010_01(debug:137) - ==> Parameters: 200(String)
2021-12-06 14:28:51,746 [http-nio-8080-exec-7] DEBUG com.iteyes.mapper.pms.SWZP0010Mapper.select_0010_01(debug:137) - <==      Total: 0
2021-12-06 14:30:14,089 [restartedMain] INFO  com.iteyes.PmsApplication(logStarting:55) - Starting PmsApplication using Java 16.0.2 on DESKTOP-H5GEA9U with PID 16592 (C:\workspace\ProjectEyes\PMS\bin\main started by iteyes in C:\workspace\ProjectEyes\PMS)
2021-12-06 14:30:14,090 [restartedMain] DEBUG com.iteyes.PmsApplication(logStarting:56) - Running with Spring Boot v2.5.4, Spring v5.3.9
2021-12-06 14:30:14,090 [restartedMain] INFO  com.iteyes.PmsApplication(logStartupProfileInfo:659) - No active profile set, falling back to default profiles: default
2021-12-06 14:30:14,232 [restartedMain] INFO  org.springframework.context.support.PostProcessorRegistrationDelegate$BeanPostProcessorChecker(postProcessAfterInitialization:376) - Bean 'org.springframework.ws.config.annotation.DelegatingWsConfiguration' of type [org.springframework.ws.config.annotation.DelegatingWsConfiguration$$EnhancerBySpringCGLIB$$74901181] is not eligible for getting processed by all BeanPostProcessors (for example: not eligible for auto-proxying)
2021-12-06 14:30:14,232 [restartedMain] INFO  org.springframework.ws.soap.addressing.server.AnnotationActionEndpointMapping(afterPropertiesSet:239) - Supporting [WS-Addressing August 2004, WS-Addressing 1.0]
2021-12-06 14:30:14,254 [restartedMain] INFO  org.springframework.boot.web.embedded.tomcat.TomcatWebServer(initialize:108) - Tomcat initialized with port(s): 8080 (http)
2021-12-06 14:30:14,271 [restartedMain] INFO  org.springframework.boot.web.servlet.context.ServletWebServerApplicationContext(prepareWebApplicationContext:290) - Root WebApplicationContext: initialization completed in 179 ms
2021-12-06 14:30:14,340 [restartedMain] INFO  org.springframework.boot.autoconfigure.web.servlet.WelcomePageHandlerMapping(<init>:53) - Adding welcome page: class path resource [static/index.html]
2021-12-06 14:30:14,369 [restartedMain] INFO  org.springframework.boot.devtools.autoconfigure.OptionalLiveReloadServer(startServer:58) - LiveReload server is running on port 35729
2021-12-06 14:30:14,375 [restartedMain] INFO  org.springframework.boot.web.embedded.tomcat.TomcatWebServer(start:220) - Tomcat started on port(s): 8080 (http) with context path ''
2021-12-06 14:30:14,378 [restartedMain] INFO  com.iteyes.PmsApplication(logStarted:61) - Started PmsApplication in 0.318 seconds (JVM running for 11488.364)
2021-12-06 14:30:14,379 [restartedMain] INFO  org.springframework.boot.devtools.autoconfigure.ConditionEvaluationDeltaLoggingListener(onApplicationEvent:63) - Condition evaluation unchanged
2021-12-06 14:30:48,200 [http-nio-8080-exec-1] INFO  org.springframework.web.servlet.DispatcherServlet(initServletBean:525) - Initializing Servlet 'dispatcherServlet'
2021-12-06 14:30:48,201 [http-nio-8080-exec-1] INFO  org.springframework.web.servlet.DispatcherServlet(initServletBean:547) - Completed initialization in 1 ms
2021-12-06 14:30:48,205 [http-nio-8080-exec-2] DEBUG com.iteyes.controller.pms.SWZP0010Controller(select:35) - # pgm_id :: 
2021-12-06 14:30:48,205 [http-nio-8080-exec-2] DEBUG com.iteyes.controller.pms.SWZP0010Controller(select:36) - # pgm_nm :: 
2021-12-06 14:30:48,205 [http-nio-8080-exec-2] DEBUG com.iteyes.controller.pms.SWZP0010Controller(select:37) - # pl_no :: 
2021-12-06 14:30:48,205 [http-nio-8080-exec-2] DEBUG com.iteyes.controller.pms.SWZP0010Controller(select:38) - # dvlpe_no :: 
2021-12-06 14:30:48,205 [http-nio-8080-exec-2] DEBUG com.iteyes.controller.pms.SWZP0010Controller(select:39) - # pgm_dis_cd :: 000
2021-12-06 14:30:48,205 [http-nio-8080-exec-2] DEBUG com.iteyes.controller.pms.SWZP0010Controller(select:40) - # bzcd :: 000
2021-12-06 14:30:48,205 [http-nio-8080-exec-2] DEBUG com.iteyes.controller.pms.SWZP0010Controller(select:41) - # dvlp_dis_cd :: 200
2021-12-06 14:30:48,226 [http-nio-8080-exec-2] DEBUG com.iteyes.mapper.pms.SWZP0010Mapper.select_0010_01(debug:137) - ==>  Preparing: SELECT BKUP_ID /*백업ID */ , PRJT_ID /*프로젝트ID */ , PGM_ID /*프로그램ID */ , BZCD /*업무구분 */ , PGM_NM /*프로그램명 */ , BZ_DTLS_TXT /*업무세부 */ , DVLP_DIS_CD /*개발구분*/ , PGM_DIS_CD /*프로그램구분*/ , ENLPE_NM /*프로그램세부구분코드 */ , FRCS_STA_DT /*예상시작일자 */ , FRCS_END_DT /*예상종료일자 */ , STA_DT /*실제시작일자 */ , END_DT /*실제종료일자 */ , PRG_TXT /*진행현황 */ , DVLPE_NO /*개발자번호 */ , DVLPE_CNF_DT /*개발자확인일자 */ , PL_NO /*PL번호 */ , PL_CNF_DT /*PL확인일자 */ , CRPE_NO /*담당자번호 */ , RMRK /*비고 */ , OPR_NO /*조작자번호 */ , DB_CHG_TS /*DB변경일시 */ FROM PMS_PGM_MNG WHERE 1=1 /*프로그램ID*/ /*프로그램명*/ /*개발자번호*/ /*PL번호*/ /*개발구분*/ AND DVLP_DIS_CD = ? /*업무구분*/ /*프로그램구분*/
2021-12-06 14:30:48,227 [http-nio-8080-exec-2] DEBUG com.iteyes.mapper.pms.SWZP0010Mapper.select_0010_01(debug:137) - ==> Parameters: 200(String)
2021-12-06 14:30:48,231 [http-nio-8080-exec-2] DEBUG com.iteyes.mapper.pms.SWZP0010Mapper.select_0010_01(debug:137) - <==      Total: 0
2021-12-06 14:30:48,863 [http-nio-8080-exec-4] DEBUG com.iteyes.controller.pms.SWZP0010Controller(select:35) - # pgm_id :: 
2021-12-06 14:30:48,863 [http-nio-8080-exec-4] DEBUG com.iteyes.controller.pms.SWZP0010Controller(select:36) - # pgm_nm :: 
2021-12-06 14:30:48,863 [http-nio-8080-exec-4] DEBUG com.iteyes.controller.pms.SWZP0010Controller(select:37) - # pl_no :: 
2021-12-06 14:30:48,863 [http-nio-8080-exec-4] DEBUG com.iteyes.controller.pms.SWZP0010Controller(select:38) - # dvlpe_no :: 
2021-12-06 14:30:48,863 [http-nio-8080-exec-4] DEBUG com.iteyes.controller.pms.SWZP0010Controller(select:39) - # pgm_dis_cd :: 000
2021-12-06 14:30:48,863 [http-nio-8080-exec-4] DEBUG com.iteyes.controller.pms.SWZP0010Controller(select:40) - # bzcd :: 000
2021-12-06 14:30:48,863 [http-nio-8080-exec-4] DEBUG com.iteyes.controller.pms.SWZP0010Controller(select:41) - # dvlp_dis_cd :: 200
2021-12-06 14:30:48,865 [http-nio-8080-exec-4] DEBUG com.iteyes.mapper.pms.SWZP0010Mapper.select_0010_01(debug:137) - ==>  Preparing: SELECT BKUP_ID /*백업ID */ , PRJT_ID /*프로젝트ID */ , PGM_ID /*프로그램ID */ , BZCD /*업무구분 */ , PGM_NM /*프로그램명 */ , BZ_DTLS_TXT /*업무세부 */ , DVLP_DIS_CD /*개발구분*/ , PGM_DIS_CD /*프로그램구분*/ , ENLPE_NM /*프로그램세부구분코드 */ , FRCS_STA_DT /*예상시작일자 */ , FRCS_END_DT /*예상종료일자 */ , STA_DT /*실제시작일자 */ , END_DT /*실제종료일자 */ , PRG_TXT /*진행현황 */ , DVLPE_NO /*개발자번호 */ , DVLPE_CNF_DT /*개발자확인일자 */ , PL_NO /*PL번호 */ , PL_CNF_DT /*PL확인일자 */ , CRPE_NO /*담당자번호 */ , RMRK /*비고 */ , OPR_NO /*조작자번호 */ , DB_CHG_TS /*DB변경일시 */ FROM PMS_PGM_MNG WHERE 1=1 /*프로그램ID*/ /*프로그램명*/ /*개발자번호*/ /*PL번호*/ /*개발구분*/ AND DVLP_DIS_CD = ? /*업무구분*/ /*프로그램구분*/
2021-12-06 14:30:48,865 [http-nio-8080-exec-4] DEBUG com.iteyes.mapper.pms.SWZP0010Mapper.select_0010_01(debug:137) - ==> Parameters: 200(String)
2021-12-06 14:30:48,868 [http-nio-8080-exec-4] DEBUG com.iteyes.mapper.pms.SWZP0010Mapper.select_0010_01(debug:137) - <==      Total: 0
2021-12-06 14:30:49,214 [http-nio-8080-exec-6] DEBUG com.iteyes.controller.pms.SWZP0010Controller(select:35) - # pgm_id :: 
2021-12-06 14:30:49,214 [http-nio-8080-exec-6] DEBUG com.iteyes.controller.pms.SWZP0010Controller(select:36) - # pgm_nm :: 
2021-12-06 14:30:49,215 [http-nio-8080-exec-6] DEBUG com.iteyes.controller.pms.SWZP0010Controller(select:37) - # pl_no :: 
2021-12-06 14:30:49,215 [http-nio-8080-exec-6] DEBUG com.iteyes.controller.pms.SWZP0010Controller(select:38) - # dvlpe_no :: 
2021-12-06 14:30:49,215 [http-nio-8080-exec-6] DEBUG com.iteyes.controller.pms.SWZP0010Controller(select:39) - # pgm_dis_cd :: 000
2021-12-06 14:30:49,215 [http-nio-8080-exec-6] DEBUG com.iteyes.controller.pms.SWZP0010Controller(select:40) - # bzcd :: 000
2021-12-06 14:30:49,215 [http-nio-8080-exec-6] DEBUG com.iteyes.controller.pms.SWZP0010Controller(select:41) - # dvlp_dis_cd :: 200
2021-12-06 14:30:49,215 [http-nio-8080-exec-6] DEBUG com.iteyes.mapper.pms.SWZP0010Mapper.select_0010_01(debug:137) - ==>  Preparing: SELECT BKUP_ID /*백업ID */ , PRJT_ID /*프로젝트ID */ , PGM_ID /*프로그램ID */ , BZCD /*업무구분 */ , PGM_NM /*프로그램명 */ , BZ_DTLS_TXT /*업무세부 */ , DVLP_DIS_CD /*개발구분*/ , PGM_DIS_CD /*프로그램구분*/ , ENLPE_NM /*프로그램세부구분코드 */ , FRCS_STA_DT /*예상시작일자 */ , FRCS_END_DT /*예상종료일자 */ , STA_DT /*실제시작일자 */ , END_DT /*실제종료일자 */ , PRG_TXT /*진행현황 */ , DVLPE_NO /*개발자번호 */ , DVLPE_CNF_DT /*개발자확인일자 */ , PL_NO /*PL번호 */ , PL_CNF_DT /*PL확인일자 */ , CRPE_NO /*담당자번호 */ , RMRK /*비고 */ , OPR_NO /*조작자번호 */ , DB_CHG_TS /*DB변경일시 */ FROM PMS_PGM_MNG WHERE 1=1 /*프로그램ID*/ /*프로그램명*/ /*개발자번호*/ /*PL번호*/ /*개발구분*/ AND DVLP_DIS_CD = ? /*업무구분*/ /*프로그램구분*/
2021-12-06 14:30:49,215 [http-nio-8080-exec-6] DEBUG com.iteyes.mapper.pms.SWZP0010Mapper.select_0010_01(debug:137) - ==> Parameters: 200(String)
2021-12-06 14:30:49,218 [http-nio-8080-exec-6] DEBUG com.iteyes.mapper.pms.SWZP0010Mapper.select_0010_01(debug:137) - <==      Total: 0
2021-12-06 14:30:49,410 [http-nio-8080-exec-8] DEBUG com.iteyes.controller.pms.SWZP0010Controller(select:35) - # pgm_id :: 
2021-12-06 14:30:49,410 [http-nio-8080-exec-8] DEBUG com.iteyes.controller.pms.SWZP0010Controller(select:36) - # pgm_nm :: 
2021-12-06 14:30:49,410 [http-nio-8080-exec-8] DEBUG com.iteyes.controller.pms.SWZP0010Controller(select:37) - # pl_no :: 
2021-12-06 14:30:49,410 [http-nio-8080-exec-8] DEBUG com.iteyes.controller.pms.SWZP0010Controller(select:38) - # dvlpe_no :: 
2021-12-06 14:30:49,410 [http-nio-8080-exec-8] DEBUG com.iteyes.controller.pms.SWZP0010Controller(select:39) - # pgm_dis_cd :: 000
2021-12-06 14:30:49,410 [http-nio-8080-exec-8] DEBUG com.iteyes.controller.pms.SWZP0010Controller(select:40) - # bzcd :: 000
2021-12-06 14:30:49,410 [http-nio-8080-exec-8] DEBUG com.iteyes.controller.pms.SWZP0010Controller(select:41) - # dvlp_dis_cd :: 200
2021-12-06 14:30:49,411 [http-nio-8080-exec-8] DEBUG com.iteyes.mapper.pms.SWZP0010Mapper.select_0010_01(debug:137) - ==>  Preparing: SELECT BKUP_ID /*백업ID */ , PRJT_ID /*프로젝트ID */ , PGM_ID /*프로그램ID */ , BZCD /*업무구분 */ , PGM_NM /*프로그램명 */ , BZ_DTLS_TXT /*업무세부 */ , DVLP_DIS_CD /*개발구분*/ , PGM_DIS_CD /*프로그램구분*/ , ENLPE_NM /*프로그램세부구분코드 */ , FRCS_STA_DT /*예상시작일자 */ , FRCS_END_DT /*예상종료일자 */ , STA_DT /*실제시작일자 */ , END_DT /*실제종료일자 */ , PRG_TXT /*진행현황 */ , DVLPE_NO /*개발자번호 */ , DVLPE_CNF_DT /*개발자확인일자 */ , PL_NO /*PL번호 */ , PL_CNF_DT /*PL확인일자 */ , CRPE_NO /*담당자번호 */ , RMRK /*비고 */ , OPR_NO /*조작자번호 */ , DB_CHG_TS /*DB변경일시 */ FROM PMS_PGM_MNG WHERE 1=1 /*프로그램ID*/ /*프로그램명*/ /*개발자번호*/ /*PL번호*/ /*개발구분*/ AND DVLP_DIS_CD = ? /*업무구분*/ /*프로그램구분*/
2021-12-06 14:30:49,411 [http-nio-8080-exec-8] DEBUG com.iteyes.mapper.pms.SWZP0010Mapper.select_0010_01(debug:137) - ==> Parameters: 200(String)
2021-12-06 14:30:49,416 [http-nio-8080-exec-8] DEBUG com.iteyes.mapper.pms.SWZP0010Mapper.select_0010_01(debug:137) - <==      Total: 0
2021-12-06 14:30:53,939 [http-nio-8080-exec-10] DEBUG com.iteyes.controller.pms.SWZP0010Controller(select:35) - # pgm_id :: 
2021-12-06 14:30:53,940 [http-nio-8080-exec-10] DEBUG com.iteyes.controller.pms.SWZP0010Controller(select:36) - # pgm_nm :: 
2021-12-06 14:30:53,940 [http-nio-8080-exec-10] DEBUG com.iteyes.controller.pms.SWZP0010Controller(select:37) - # pl_no :: 
2021-12-06 14:30:53,940 [http-nio-8080-exec-10] DEBUG com.iteyes.controller.pms.SWZP0010Controller(select:38) - # dvlpe_no :: 
2021-12-06 14:30:53,940 [http-nio-8080-exec-10] DEBUG com.iteyes.controller.pms.SWZP0010Controller(select:39) - # pgm_dis_cd :: 000
2021-12-06 14:30:53,940 [http-nio-8080-exec-10] DEBUG com.iteyes.controller.pms.SWZP0010Controller(select:40) - # bzcd :: 000
2021-12-06 14:30:53,940 [http-nio-8080-exec-10] DEBUG com.iteyes.controller.pms.SWZP0010Controller(select:41) - # dvlp_dis_cd :: 000
2021-12-06 14:30:53,942 [http-nio-8080-exec-10] DEBUG com.iteyes.mapper.pms.SWZP0010Mapper.select_0010_01(debug:137) - ==>  Preparing: SELECT BKUP_ID /*백업ID */ , PRJT_ID /*프로젝트ID */ , PGM_ID /*프로그램ID */ , BZCD /*업무구분 */ , PGM_NM /*프로그램명 */ , BZ_DTLS_TXT /*업무세부 */ , DVLP_DIS_CD /*개발구분*/ , PGM_DIS_CD /*프로그램구분*/ , ENLPE_NM /*프로그램세부구분코드 */ , FRCS_STA_DT /*예상시작일자 */ , FRCS_END_DT /*예상종료일자 */ , STA_DT /*실제시작일자 */ , END_DT /*실제종료일자 */ , PRG_TXT /*진행현황 */ , DVLPE_NO /*개발자번호 */ , DVLPE_CNF_DT /*개발자확인일자 */ , PL_NO /*PL번호 */ , PL_CNF_DT /*PL확인일자 */ , CRPE_NO /*담당자번호 */ , RMRK /*비고 */ , OPR_NO /*조작자번호 */ , DB_CHG_TS /*DB변경일시 */ FROM PMS_PGM_MNG WHERE 1=1 /*프로그램ID*/ /*프로그램명*/ /*개발자번호*/ /*PL번호*/ /*개발구분*/ /*업무구분*/ /*프로그램구분*/
2021-12-06 14:30:53,942 [http-nio-8080-exec-10] DEBUG com.iteyes.mapper.pms.SWZP0010Mapper.select_0010_01(debug:137) - ==> Parameters: 
2021-12-06 14:30:53,948 [http-nio-8080-exec-10] DEBUG com.iteyes.mapper.pms.SWZP0010Mapper.select_0010_01(debug:137) - <==      Total: 4
