2021-12-03 13:16:29,676 [restartedMain] INFO  com.iteyes.PmsApplication(logStarting:55) - Starting PmsApplication using Java 16.0.2 on DESKTOP-H5GEA9U with PID 15992 (C:\workspace\ProjectEyes\PMS\bin\main started by iteyes in C:\workspace\ProjectEyes\PMS)
2021-12-03 13:16:29,685 [restartedMain] DEBUG com.iteyes.PmsApplication(logStarting:56) - Running with Spring Boot v2.5.4, Spring v5.3.9
2021-12-03 13:16:29,686 [restartedMain] INFO  com.iteyes.PmsApplication(logStartupProfileInfo:659) - No active profile set, falling back to default profiles: default
2021-12-03 13:16:29,727 [restartedMain] INFO  org.springframework.boot.devtools.env.DevToolsPropertyDefaultsPostProcessor(logTo:255) - Devtools property defaults active! Set 'spring.devtools.add-properties' to 'false' to disable
2021-12-03 13:16:29,728 [restartedMain] INFO  org.springframework.boot.devtools.env.DevToolsPropertyDefaultsPostProcessor(logTo:255) - For additional web related logging consider setting the 'logging.level.web' property to 'DEBUG'
2021-12-03 13:16:30,400 [restartedMain] INFO  org.springframework.context.support.PostProcessorRegistrationDelegate$BeanPostProcessorChecker(postProcessAfterInitialization:376) - Bean 'org.springframework.ws.config.annotation.DelegatingWsConfiguration' of type [org.springframework.ws.config.annotation.DelegatingWsConfiguration$$EnhancerBySpringCGLIB$$d928dcd5] is not eligible for getting processed by all BeanPostProcessors (for example: not eligible for auto-proxying)
2021-12-03 13:16:30,433 [restartedMain] INFO  org.springframework.ws.soap.addressing.server.AnnotationActionEndpointMapping(afterPropertiesSet:239) - Supporting [WS-Addressing August 2004, WS-Addressing 1.0]
2021-12-03 13:16:30,639 [restartedMain] INFO  org.springframework.boot.web.embedded.tomcat.TomcatWebServer(initialize:108) - Tomcat initialized with port(s): 8080 (http)
2021-12-03 13:16:30,715 [restartedMain] INFO  org.springframework.boot.web.servlet.context.ServletWebServerApplicationContext(prepareWebApplicationContext:290) - Root WebApplicationContext: initialization completed in 986 ms
2021-12-03 13:16:31,084 [restartedMain] INFO  org.springframework.boot.autoconfigure.web.servlet.WelcomePageHandlerMapping(<init>:53) - Adding welcome page: class path resource [static/index.html]
2021-12-03 13:16:31,216 [restartedMain] INFO  org.springframework.boot.devtools.autoconfigure.OptionalLiveReloadServer(startServer:58) - LiveReload server is running on port 35729
2021-12-03 13:16:31,263 [restartedMain] INFO  org.springframework.boot.web.embedded.tomcat.TomcatWebServer(start:220) - Tomcat started on port(s): 8080 (http) with context path ''
2021-12-03 13:16:31,273 [restartedMain] INFO  com.iteyes.PmsApplication(logStarted:61) - Started PmsApplication in 1.878 seconds (JVM running for 2.767)
2021-12-03 13:16:37,978 [http-nio-8080-exec-1] INFO  org.springframework.web.servlet.DispatcherServlet(initServletBean:525) - Initializing Servlet 'dispatcherServlet'
2021-12-03 13:16:37,980 [http-nio-8080-exec-1] INFO  org.springframework.web.servlet.DispatcherServlet(initServletBean:547) - Completed initialization in 1 ms
2021-12-03 13:16:38,019 [http-nio-8080-exec-2] DEBUG com.iteyes.controller.pms.SWZP0010Controller(select:35) - # pgm_id :: Cust_History_C
2021-12-03 13:16:38,122 [http-nio-8080-exec-2] DEBUG com.iteyes.mapper.pms.SWZP0010Mapper.select_0010_01(debug:137) - ==>  Preparing: SELECT * FROM pms_pgm_mng WHERE pgm_id = ?
2021-12-03 13:16:38,137 [http-nio-8080-exec-2] DEBUG com.iteyes.mapper.pms.SWZP0010Mapper.select_0010_01(debug:137) - ==> Parameters: Cust_History_C(String)
2021-12-03 13:16:38,152 [http-nio-8080-exec-2] DEBUG com.iteyes.mapper.pms.SWZP0010Mapper.select_0010_01(debug:137) - <==      Total: 1
2021-12-03 13:18:35,949 [http-nio-8080-exec-4] DEBUG com.iteyes.controller.pms.SWZP0010Controller(select:35) - # pgm_id :: Cust_History_C
2021-12-03 13:18:36,014 [http-nio-8080-exec-4] DEBUG com.iteyes.mapper.pms.SWZP0010Mapper.select_0010_01(debug:137) - ==>  Preparing: SELECT * FROM pms_pgm_mng WHERE pgm_id = ?
2021-12-03 13:18:36,015 [http-nio-8080-exec-4] DEBUG com.iteyes.mapper.pms.SWZP0010Mapper.select_0010_01(debug:137) - ==> Parameters: Cust_History_C(String)
2021-12-03 13:18:36,043 [http-nio-8080-exec-4] DEBUG com.iteyes.mapper.pms.SWZP0010Mapper.select_0010_01(debug:137) - <==      Total: 1
2021-12-03 13:18:40,748 [http-nio-8080-exec-5] DEBUG com.iteyes.controller.pms.SWZP0010Controller(select:35) - # pgm_id :: Cust_History_C
2021-12-03 13:18:40,752 [http-nio-8080-exec-5] DEBUG com.iteyes.mapper.pms.SWZP0010Mapper.select_0010_01(debug:137) - ==>  Preparing: SELECT * FROM pms_pgm_mng WHERE pgm_id = ?
2021-12-03 13:18:40,753 [http-nio-8080-exec-5] DEBUG com.iteyes.mapper.pms.SWZP0010Mapper.select_0010_01(debug:137) - ==> Parameters: Cust_History_C(String)
2021-12-03 13:18:40,759 [http-nio-8080-exec-5] DEBUG com.iteyes.mapper.pms.SWZP0010Mapper.select_0010_01(debug:137) - <==      Total: 1
2021-12-03 13:18:41,551 [http-nio-8080-exec-6] DEBUG com.iteyes.controller.pms.SWZP0010Controller(select:35) - # pgm_id :: Cust_History_C
2021-12-03 13:18:41,555 [http-nio-8080-exec-6] DEBUG com.iteyes.mapper.pms.SWZP0010Mapper.select_0010_01(debug:137) - ==>  Preparing: SELECT * FROM pms_pgm_mng WHERE pgm_id = ?
2021-12-03 13:18:41,555 [http-nio-8080-exec-6] DEBUG com.iteyes.mapper.pms.SWZP0010Mapper.select_0010_01(debug:137) - ==> Parameters: Cust_History_C(String)
2021-12-03 13:18:41,559 [http-nio-8080-exec-6] DEBUG com.iteyes.mapper.pms.SWZP0010Mapper.select_0010_01(debug:137) - <==      Total: 1
2021-12-03 13:18:42,301 [http-nio-8080-exec-7] DEBUG com.iteyes.controller.pms.SWZP0010Controller(select:35) - # pgm_id :: Cust_History_C
2021-12-03 13:18:42,304 [http-nio-8080-exec-7] DEBUG com.iteyes.mapper.pms.SWZP0010Mapper.select_0010_01(debug:137) - ==>  Preparing: SELECT * FROM pms_pgm_mng WHERE pgm_id = ?
2021-12-03 13:18:42,304 [http-nio-8080-exec-7] DEBUG com.iteyes.mapper.pms.SWZP0010Mapper.select_0010_01(debug:137) - ==> Parameters: Cust_History_C(String)
2021-12-03 13:18:42,307 [http-nio-8080-exec-7] DEBUG com.iteyes.mapper.pms.SWZP0010Mapper.select_0010_01(debug:137) - <==      Total: 1
2021-12-03 13:19:03,536 [restartedMain] INFO  com.iteyes.PmsApplication(logStarting:55) - Starting PmsApplication using Java 16.0.2 on DESKTOP-H5GEA9U with PID 15992 (C:\workspace\ProjectEyes\PMS\bin\main started by iteyes in C:\workspace\ProjectEyes\PMS)
2021-12-03 13:19:03,536 [restartedMain] DEBUG com.iteyes.PmsApplication(logStarting:56) - Running with Spring Boot v2.5.4, Spring v5.3.9
2021-12-03 13:19:03,536 [restartedMain] INFO  com.iteyes.PmsApplication(logStartupProfileInfo:659) - No active profile set, falling back to default profiles: default
2021-12-03 13:19:03,703 [restartedMain] INFO  org.springframework.context.support.PostProcessorRegistrationDelegate$BeanPostProcessorChecker(postProcessAfterInitialization:376) - Bean 'org.springframework.ws.config.annotation.DelegatingWsConfiguration' of type [org.springframework.ws.config.annotation.DelegatingWsConfiguration$$EnhancerBySpringCGLIB$$d928dcd5] is not eligible for getting processed by all BeanPostProcessors (for example: not eligible for auto-proxying)
2021-12-03 13:19:03,705 [restartedMain] INFO  org.springframework.ws.soap.addressing.server.AnnotationActionEndpointMapping(afterPropertiesSet:239) - Supporting [WS-Addressing August 2004, WS-Addressing 1.0]
2021-12-03 13:19:03,736 [restartedMain] INFO  org.springframework.boot.web.embedded.tomcat.TomcatWebServer(initialize:108) - Tomcat initialized with port(s): 8080 (http)
2021-12-03 13:19:03,755 [restartedMain] INFO  org.springframework.boot.web.servlet.context.ServletWebServerApplicationContext(prepareWebApplicationContext:290) - Root WebApplicationContext: initialization completed in 217 ms
2021-12-03 13:19:03,843 [restartedMain] INFO  org.springframework.boot.autoconfigure.web.servlet.WelcomePageHandlerMapping(<init>:53) - Adding welcome page: class path resource [static/index.html]
2021-12-03 13:19:03,886 [restartedMain] INFO  org.springframework.boot.devtools.autoconfigure.OptionalLiveReloadServer(startServer:58) - LiveReload server is running on port 35729
2021-12-03 13:19:03,895 [restartedMain] INFO  org.springframework.boot.web.embedded.tomcat.TomcatWebServer(start:220) - Tomcat started on port(s): 8080 (http) with context path ''
2021-12-03 13:19:03,898 [restartedMain] INFO  com.iteyes.PmsApplication(logStarted:61) - Started PmsApplication in 0.397 seconds (JVM running for 155.392)
2021-12-03 13:19:03,901 [restartedMain] INFO  org.springframework.boot.devtools.autoconfigure.ConditionEvaluationDeltaLoggingListener(onApplicationEvent:63) - Condition evaluation unchanged
2021-12-03 13:20:28,317 [http-nio-8080-exec-1] INFO  org.springframework.web.servlet.DispatcherServlet(initServletBean:525) - Initializing Servlet 'dispatcherServlet'
2021-12-03 13:20:28,318 [http-nio-8080-exec-1] INFO  org.springframework.web.servlet.DispatcherServlet(initServletBean:547) - Completed initialization in 1 ms
2021-12-03 13:20:28,322 [http-nio-8080-exec-1] DEBUG com.iteyes.controller.pms.SWZP0010Controller(select:35) - # pgm_id :: Cust_History_C
2021-12-03 13:20:28,345 [http-nio-8080-exec-1] DEBUG com.iteyes.mapper.pms.SWZP0010Mapper.select_0010_01(debug:137) - ==>  Preparing: SELECT * FROM pms_pgm_mng WHERE pgm_id = ?
2021-12-03 13:20:28,345 [http-nio-8080-exec-1] DEBUG com.iteyes.mapper.pms.SWZP0010Mapper.select_0010_01(debug:137) - ==> Parameters: Cust_History_C(String)
2021-12-03 13:20:28,353 [http-nio-8080-exec-1] DEBUG com.iteyes.mapper.pms.SWZP0010Mapper.select_0010_01(debug:137) - <==      Total: 1
2021-12-03 13:21:34,836 [http-nio-8080-exec-3] DEBUG com.iteyes.controller.pms.SWZP0010Controller(select:35) - # pgm_id :: Cust_History_C
2021-12-03 13:21:34,841 [http-nio-8080-exec-3] DEBUG com.iteyes.mapper.pms.SWZP0010Mapper.select_0010_01(debug:137) - ==>  Preparing: SELECT * FROM pms_pgm_mng WHERE pgm_id = ?
2021-12-03 13:21:34,842 [http-nio-8080-exec-3] DEBUG com.iteyes.mapper.pms.SWZP0010Mapper.select_0010_01(debug:137) - ==> Parameters: Cust_History_C(String)
2021-12-03 13:21:34,848 [http-nio-8080-exec-3] DEBUG com.iteyes.mapper.pms.SWZP0010Mapper.select_0010_01(debug:137) - <==      Total: 1
2021-12-03 13:22:53,558 [http-nio-8080-exec-5] DEBUG com.iteyes.controller.pms.SWZP0010Controller(select:35) - # pgm_id :: Cust_History_C
2021-12-03 13:22:53,561 [http-nio-8080-exec-5] DEBUG com.iteyes.mapper.pms.SWZP0010Mapper.select_0010_01(debug:137) - ==>  Preparing: SELECT * FROM pms_pgm_mng WHERE pgm_id = ?
2021-12-03 13:22:53,561 [http-nio-8080-exec-5] DEBUG com.iteyes.mapper.pms.SWZP0010Mapper.select_0010_01(debug:137) - ==> Parameters: Cust_History_C(String)
2021-12-03 13:22:53,586 [http-nio-8080-exec-5] DEBUG com.iteyes.mapper.pms.SWZP0010Mapper.select_0010_01(debug:137) - <==      Total: 1
2021-12-03 13:23:03,460 [http-nio-8080-exec-6] DEBUG com.iteyes.controller.pms.SWZP0010Controller(select:35) - # pgm_id :: Cust_History_C
2021-12-03 13:23:03,465 [http-nio-8080-exec-6] DEBUG com.iteyes.mapper.pms.SWZP0010Mapper.select_0010_01(debug:137) - ==>  Preparing: SELECT * FROM pms_pgm_mng WHERE pgm_id = ?
2021-12-03 13:23:03,465 [http-nio-8080-exec-6] DEBUG com.iteyes.mapper.pms.SWZP0010Mapper.select_0010_01(debug:137) - ==> Parameters: Cust_History_C(String)
2021-12-03 13:23:03,470 [http-nio-8080-exec-6] DEBUG com.iteyes.mapper.pms.SWZP0010Mapper.select_0010_01(debug:137) - <==      Total: 1
2021-12-03 13:23:21,674 [http-nio-8080-exec-7] DEBUG com.iteyes.controller.pms.SWZP0010Controller(select:35) - # pgm_id :: Cust_History_C
2021-12-03 13:23:21,678 [http-nio-8080-exec-7] DEBUG com.iteyes.mapper.pms.SWZP0010Mapper.select_0010_01(debug:137) - ==>  Preparing: SELECT * FROM pms_pgm_mng WHERE pgm_id = ?
2021-12-03 13:23:21,679 [http-nio-8080-exec-7] DEBUG com.iteyes.mapper.pms.SWZP0010Mapper.select_0010_01(debug:137) - ==> Parameters: Cust_History_C(String)
2021-12-03 13:23:21,684 [http-nio-8080-exec-7] DEBUG com.iteyes.mapper.pms.SWZP0010Mapper.select_0010_01(debug:137) - <==      Total: 1
2021-12-03 13:23:56,727 [http-nio-8080-exec-9] DEBUG com.iteyes.controller.pms.SWZP0010Controller(select:35) - # pgm_id :: null
2021-12-03 13:23:56,733 [http-nio-8080-exec-9] DEBUG com.iteyes.mapper.pms.SWZP0010Mapper.select_0010_01(debug:137) - ==>  Preparing: SELECT * FROM pms_pgm_mng WHERE pgm_id = ?
2021-12-03 13:23:56,735 [http-nio-8080-exec-9] DEBUG com.iteyes.mapper.pms.SWZP0010Mapper.select_0010_01(debug:137) - ==> Parameters: null
2021-12-03 13:23:56,739 [http-nio-8080-exec-9] DEBUG com.iteyes.mapper.pms.SWZP0010Mapper.select_0010_01(debug:137) - <==      Total: 0
2021-12-03 13:24:36,224 [http-nio-8080-exec-10] DEBUG com.iteyes.controller.pms.SWZP0010Controller(select:35) - # pgm_id :: null
2021-12-03 13:24:36,227 [http-nio-8080-exec-10] DEBUG com.iteyes.mapper.pms.SWZP0010Mapper.select_0010_01(debug:137) - ==>  Preparing: SELECT * FROM pms_pgm_mng WHERE pgm_id = ?
2021-12-03 13:24:36,227 [http-nio-8080-exec-10] DEBUG com.iteyes.mapper.pms.SWZP0010Mapper.select_0010_01(debug:137) - ==> Parameters: null
2021-12-03 13:24:36,231 [http-nio-8080-exec-10] DEBUG com.iteyes.mapper.pms.SWZP0010Mapper.select_0010_01(debug:137) - <==      Total: 0
2021-12-03 13:24:44,893 [http-nio-8080-exec-1] DEBUG com.iteyes.controller.pms.SWZP0010Controller(select:35) - # pgm_id :: null
2021-12-03 13:24:44,902 [http-nio-8080-exec-1] DEBUG com.iteyes.mapper.pms.SWZP0010Mapper.select_0010_01(debug:137) - ==>  Preparing: SELECT * FROM pms_pgm_mng WHERE pgm_id = ?
2021-12-03 13:24:44,902 [http-nio-8080-exec-1] DEBUG com.iteyes.mapper.pms.SWZP0010Mapper.select_0010_01(debug:137) - ==> Parameters: null
2021-12-03 13:24:44,908 [http-nio-8080-exec-1] DEBUG com.iteyes.mapper.pms.SWZP0010Mapper.select_0010_01(debug:137) - <==      Total: 0
2021-12-03 13:25:33,748 [http-nio-8080-exec-2] DEBUG com.iteyes.controller.pms.SWZP0010Controller(select:35) - # pgm_id :: null
2021-12-03 13:25:33,754 [http-nio-8080-exec-2] DEBUG com.iteyes.mapper.pms.SWZP0010Mapper.select_0010_01(debug:137) - ==>  Preparing: SELECT * FROM pms_pgm_mng WHERE pgm_id = ?
2021-12-03 13:25:33,756 [http-nio-8080-exec-2] DEBUG com.iteyes.mapper.pms.SWZP0010Mapper.select_0010_01(debug:137) - ==> Parameters: null
2021-12-03 13:25:33,760 [http-nio-8080-exec-2] DEBUG com.iteyes.mapper.pms.SWZP0010Mapper.select_0010_01(debug:137) - <==      Total: 0
2021-12-03 13:27:46,426 [restartedMain] INFO  com.iteyes.PmsApplication(logStarting:55) - Starting PmsApplication using Java 16.0.2 on DESKTOP-H5GEA9U with PID 116 (C:\workspace\ProjectEyes\PMS\bin\main started by iteyes in C:\workspace\ProjectEyes\PMS)
2021-12-03 13:27:46,433 [restartedMain] DEBUG com.iteyes.PmsApplication(logStarting:56) - Running with Spring Boot v2.5.4, Spring v5.3.9
2021-12-03 13:27:46,433 [restartedMain] INFO  com.iteyes.PmsApplication(logStartupProfileInfo:659) - No active profile set, falling back to default profiles: default
2021-12-03 13:27:46,468 [restartedMain] INFO  org.springframework.boot.devtools.env.DevToolsPropertyDefaultsPostProcessor(logTo:255) - Devtools property defaults active! Set 'spring.devtools.add-properties' to 'false' to disable
2021-12-03 13:27:46,468 [restartedMain] INFO  org.springframework.boot.devtools.env.DevToolsPropertyDefaultsPostProcessor(logTo:255) - For additional web related logging consider setting the 'logging.level.web' property to 'DEBUG'
2021-12-03 13:27:47,123 [restartedMain] INFO  org.springframework.context.support.PostProcessorRegistrationDelegate$BeanPostProcessorChecker(postProcessAfterInitialization:376) - Bean 'org.springframework.ws.config.annotation.DelegatingWsConfiguration' of type [org.springframework.ws.config.annotation.DelegatingWsConfiguration$$EnhancerBySpringCGLIB$$74901181] is not eligible for getting processed by all BeanPostProcessors (for example: not eligible for auto-proxying)
2021-12-03 13:27:47,152 [restartedMain] INFO  org.springframework.ws.soap.addressing.server.AnnotationActionEndpointMapping(afterPropertiesSet:239) - Supporting [WS-Addressing August 2004, WS-Addressing 1.0]
2021-12-03 13:27:47,358 [restartedMain] INFO  org.springframework.boot.web.embedded.tomcat.TomcatWebServer(initialize:108) - Tomcat initialized with port(s): 8080 (http)
2021-12-03 13:27:47,438 [restartedMain] INFO  org.springframework.boot.web.servlet.context.ServletWebServerApplicationContext(prepareWebApplicationContext:290) - Root WebApplicationContext: initialization completed in 969 ms
2021-12-03 13:27:47,799 [restartedMain] INFO  org.springframework.boot.autoconfigure.web.servlet.WelcomePageHandlerMapping(<init>:53) - Adding welcome page: class path resource [static/index.html]
2021-12-03 13:27:47,935 [restartedMain] WARN  org.springframework.boot.devtools.autoconfigure.OptionalLiveReloadServer(startServer:61) - Unable to start LiveReload server
2021-12-03 13:27:47,954 [restartedMain] WARN  org.springframework.boot.web.servlet.context.AnnotationConfigServletWebServerApplicationContext(refresh:591) - Exception encountered during context initialization - cancelling refresh attempt: org.springframework.context.ApplicationContextException: Failed to start bean 'webServerStartStop'; nested exception is org.springframework.boot.web.server.PortInUseException: Port 8080 is already in use
2021-12-03 13:27:47,976 [restartedMain] INFO  org.springframework.boot.autoconfigure.logging.ConditionEvaluationReportLoggingListener(logMessage:136) - 

Error starting ApplicationContext. To display the conditions report re-run your application with 'debug' enabled.
2021-12-03 13:27:47,988 [restartedMain] ERROR org.springframework.boot.diagnostics.LoggingFailureAnalysisReporter(report:40) - 

***************************
APPLICATION FAILED TO START
***************************

Description:

Web server failed to start. Port 8080 was already in use.

Action:

Identify and stop the process that's listening on port 8080 or configure this application to listen on another port.

2021-12-03 13:28:42,044 [http-nio-8080-exec-5] DEBUG com.iteyes.controller.pms.SWZP0010Controller(select:35) - # pgm_id :: null
2021-12-03 13:28:42,052 [http-nio-8080-exec-5] DEBUG com.iteyes.mapper.pms.SWZP0010Mapper.select_0010_01(debug:137) - ==>  Preparing: SELECT * FROM pms_pgm_mng WHERE pgm_id = ?
2021-12-03 13:28:42,053 [http-nio-8080-exec-5] DEBUG com.iteyes.mapper.pms.SWZP0010Mapper.select_0010_01(debug:137) - ==> Parameters: null
2021-12-03 13:28:42,059 [http-nio-8080-exec-5] DEBUG com.iteyes.mapper.pms.SWZP0010Mapper.select_0010_01(debug:137) - <==      Total: 0
2021-12-03 13:32:38,499 [http-nio-8080-exec-8] DEBUG com.iteyes.controller.pms.SWZP0010Controller(select:35) - # pgm_id :: Cust_History_L
2021-12-03 13:32:38,505 [http-nio-8080-exec-8] DEBUG com.iteyes.mapper.pms.SWZP0010Mapper.select_0010_01(debug:137) - ==>  Preparing: SELECT * FROM pms_pgm_mng WHERE pgm_id = ?
2021-12-03 13:32:38,506 [http-nio-8080-exec-8] DEBUG com.iteyes.mapper.pms.SWZP0010Mapper.select_0010_01(debug:137) - ==> Parameters: Cust_History_L(String)
2021-12-03 13:32:38,515 [http-nio-8080-exec-8] DEBUG com.iteyes.mapper.pms.SWZP0010Mapper.select_0010_01(debug:137) - <==      Total: 1
2021-12-03 13:32:52,119 [http-nio-8080-exec-9] DEBUG com.iteyes.controller.pms.SWZP0010Controller(select:35) - # pgm_id :: Cust_History_L
2021-12-03 13:32:52,123 [http-nio-8080-exec-9] DEBUG com.iteyes.mapper.pms.SWZP0010Mapper.select_0010_01(debug:137) - ==>  Preparing: SELECT * FROM pms_pgm_mng WHERE pgm_id = ?
2021-12-03 13:32:52,124 [http-nio-8080-exec-9] DEBUG com.iteyes.mapper.pms.SWZP0010Mapper.select_0010_01(debug:137) - ==> Parameters: Cust_History_L(String)
2021-12-03 13:32:52,131 [http-nio-8080-exec-9] DEBUG com.iteyes.mapper.pms.SWZP0010Mapper.select_0010_01(debug:137) - <==      Total: 1
2021-12-03 13:39:13,898 [http-nio-8080-exec-2] DEBUG com.iteyes.controller.pms.SWZP0010Controller(select:35) - # pgm_id :: null
2021-12-03 13:39:13,900 [http-nio-8080-exec-2] DEBUG com.iteyes.mapper.pms.SWZP0010Mapper.select_0010_01(debug:137) - ==>  Preparing: SELECT * FROM pms_pgm_mng WHERE pgm_id = ?
2021-12-03 13:39:13,901 [http-nio-8080-exec-2] DEBUG com.iteyes.mapper.pms.SWZP0010Mapper.select_0010_01(debug:137) - ==> Parameters: null
2021-12-03 13:39:13,903 [http-nio-8080-exec-2] DEBUG com.iteyes.mapper.pms.SWZP0010Mapper.select_0010_01(debug:137) - <==      Total: 0
2021-12-03 13:39:14,893 [http-nio-8080-exec-3] DEBUG com.iteyes.controller.pms.SWZP0010Controller(select:35) - # pgm_id :: null
2021-12-03 13:39:14,897 [http-nio-8080-exec-3] DEBUG com.iteyes.mapper.pms.SWZP0010Mapper.select_0010_01(debug:137) - ==>  Preparing: SELECT * FROM pms_pgm_mng WHERE pgm_id = ?
2021-12-03 13:39:14,898 [http-nio-8080-exec-3] DEBUG com.iteyes.mapper.pms.SWZP0010Mapper.select_0010_01(debug:137) - ==> Parameters: null
2021-12-03 13:39:14,900 [http-nio-8080-exec-3] DEBUG com.iteyes.mapper.pms.SWZP0010Mapper.select_0010_01(debug:137) - <==      Total: 0
2021-12-03 13:39:15,072 [http-nio-8080-exec-4] DEBUG com.iteyes.controller.pms.SWZP0010Controller(select:35) - # pgm_id :: null
2021-12-03 13:39:15,073 [http-nio-8080-exec-4] DEBUG com.iteyes.mapper.pms.SWZP0010Mapper.select_0010_01(debug:137) - ==>  Preparing: SELECT * FROM pms_pgm_mng WHERE pgm_id = ?
2021-12-03 13:39:15,073 [http-nio-8080-exec-4] DEBUG com.iteyes.mapper.pms.SWZP0010Mapper.select_0010_01(debug:137) - ==> Parameters: null
2021-12-03 13:39:15,077 [http-nio-8080-exec-4] DEBUG com.iteyes.mapper.pms.SWZP0010Mapper.select_0010_01(debug:137) - <==      Total: 0
2021-12-03 13:39:15,274 [http-nio-8080-exec-5] DEBUG com.iteyes.controller.pms.SWZP0010Controller(select:35) - # pgm_id :: null
2021-12-03 13:39:15,274 [http-nio-8080-exec-5] DEBUG com.iteyes.mapper.pms.SWZP0010Mapper.select_0010_01(debug:137) - ==>  Preparing: SELECT * FROM pms_pgm_mng WHERE pgm_id = ?
2021-12-03 13:39:15,275 [http-nio-8080-exec-5] DEBUG com.iteyes.mapper.pms.SWZP0010Mapper.select_0010_01(debug:137) - ==> Parameters: null
2021-12-03 13:39:15,278 [http-nio-8080-exec-5] DEBUG com.iteyes.mapper.pms.SWZP0010Mapper.select_0010_01(debug:137) - <==      Total: 0
2021-12-03 13:39:50,154 [http-nio-8080-exec-7] DEBUG com.iteyes.controller.pms.SWZP0010Controller(select:35) - # pgm_id :: null
2021-12-03 13:39:50,157 [http-nio-8080-exec-7] DEBUG com.iteyes.mapper.pms.SWZP0010Mapper.select_0010_01(debug:137) - ==>  Preparing: SELECT * FROM pms_pgm_mng WHERE pgm_id = ?
2021-12-03 13:39:50,158 [http-nio-8080-exec-7] DEBUG com.iteyes.mapper.pms.SWZP0010Mapper.select_0010_01(debug:137) - ==> Parameters: null
2021-12-03 13:39:50,160 [http-nio-8080-exec-7] DEBUG com.iteyes.mapper.pms.SWZP0010Mapper.select_0010_01(debug:137) - <==      Total: 0
2021-12-03 13:40:48,773 [http-nio-8080-exec-9] DEBUG com.iteyes.controller.pms.SWZP0010Controller(select:35) - # pgm_id :: null
2021-12-03 13:40:48,776 [http-nio-8080-exec-9] DEBUG com.iteyes.mapper.pms.SWZP0010Mapper.select_0010_01(debug:137) - ==>  Preparing: SELECT * FROM pms_pgm_mng WHERE pgm_id = ?
2021-12-03 13:40:48,776 [http-nio-8080-exec-9] DEBUG com.iteyes.mapper.pms.SWZP0010Mapper.select_0010_01(debug:137) - ==> Parameters: null
2021-12-03 13:40:48,780 [http-nio-8080-exec-9] DEBUG com.iteyes.mapper.pms.SWZP0010Mapper.select_0010_01(debug:137) - <==      Total: 0
2021-12-03 13:40:49,955 [http-nio-8080-exec-10] DEBUG com.iteyes.controller.pms.SWZP0010Controller(select:35) - # pgm_id :: null
2021-12-03 13:40:49,958 [http-nio-8080-exec-10] DEBUG com.iteyes.mapper.pms.SWZP0010Mapper.select_0010_01(debug:137) - ==>  Preparing: SELECT * FROM pms_pgm_mng WHERE pgm_id = ?
2021-12-03 13:40:49,959 [http-nio-8080-exec-10] DEBUG com.iteyes.mapper.pms.SWZP0010Mapper.select_0010_01(debug:137) - ==> Parameters: null
2021-12-03 13:40:49,962 [http-nio-8080-exec-10] DEBUG com.iteyes.mapper.pms.SWZP0010Mapper.select_0010_01(debug:137) - <==      Total: 0
2021-12-03 13:40:50,134 [http-nio-8080-exec-1] DEBUG com.iteyes.controller.pms.SWZP0010Controller(select:35) - # pgm_id :: null
2021-12-03 13:40:50,135 [http-nio-8080-exec-1] DEBUG com.iteyes.mapper.pms.SWZP0010Mapper.select_0010_01(debug:137) - ==>  Preparing: SELECT * FROM pms_pgm_mng WHERE pgm_id = ?
2021-12-03 13:40:50,135 [http-nio-8080-exec-1] DEBUG com.iteyes.mapper.pms.SWZP0010Mapper.select_0010_01(debug:137) - ==> Parameters: null
2021-12-03 13:40:50,139 [http-nio-8080-exec-1] DEBUG com.iteyes.mapper.pms.SWZP0010Mapper.select_0010_01(debug:137) - <==      Total: 0
2021-12-03 13:40:50,323 [http-nio-8080-exec-2] DEBUG com.iteyes.controller.pms.SWZP0010Controller(select:35) - # pgm_id :: null
2021-12-03 13:40:50,323 [http-nio-8080-exec-2] DEBUG com.iteyes.mapper.pms.SWZP0010Mapper.select_0010_01(debug:137) - ==>  Preparing: SELECT * FROM pms_pgm_mng WHERE pgm_id = ?
2021-12-03 13:40:50,324 [http-nio-8080-exec-2] DEBUG com.iteyes.mapper.pms.SWZP0010Mapper.select_0010_01(debug:137) - ==> Parameters: null
2021-12-03 13:40:50,327 [http-nio-8080-exec-2] DEBUG com.iteyes.mapper.pms.SWZP0010Mapper.select_0010_01(debug:137) - <==      Total: 0
2021-12-03 13:40:50,788 [http-nio-8080-exec-3] DEBUG com.iteyes.controller.pms.SWZP0010Controller(select:35) - # pgm_id :: null
2021-12-03 13:40:50,789 [http-nio-8080-exec-3] DEBUG com.iteyes.mapper.pms.SWZP0010Mapper.select_0010_01(debug:137) - ==>  Preparing: SELECT * FROM pms_pgm_mng WHERE pgm_id = ?
2021-12-03 13:40:50,789 [http-nio-8080-exec-3] DEBUG com.iteyes.mapper.pms.SWZP0010Mapper.select_0010_01(debug:137) - ==> Parameters: null
2021-12-03 13:40:50,797 [http-nio-8080-exec-3] DEBUG com.iteyes.mapper.pms.SWZP0010Mapper.select_0010_01(debug:137) - <==      Total: 0
2021-12-03 13:40:51,028 [http-nio-8080-exec-4] DEBUG com.iteyes.controller.pms.SWZP0010Controller(select:35) - # pgm_id :: null
2021-12-03 13:40:51,029 [http-nio-8080-exec-4] DEBUG com.iteyes.mapper.pms.SWZP0010Mapper.select_0010_01(debug:137) - ==>  Preparing: SELECT * FROM pms_pgm_mng WHERE pgm_id = ?
2021-12-03 13:40:51,029 [http-nio-8080-exec-4] DEBUG com.iteyes.mapper.pms.SWZP0010Mapper.select_0010_01(debug:137) - ==> Parameters: null
2021-12-03 13:40:51,033 [http-nio-8080-exec-4] DEBUG com.iteyes.mapper.pms.SWZP0010Mapper.select_0010_01(debug:137) - <==      Total: 0
2021-12-03 13:40:51,223 [http-nio-8080-exec-5] DEBUG com.iteyes.controller.pms.SWZP0010Controller(select:35) - # pgm_id :: null
2021-12-03 13:40:51,223 [http-nio-8080-exec-5] DEBUG com.iteyes.mapper.pms.SWZP0010Mapper.select_0010_01(debug:137) - ==>  Preparing: SELECT * FROM pms_pgm_mng WHERE pgm_id = ?
2021-12-03 13:40:51,223 [http-nio-8080-exec-5] DEBUG com.iteyes.mapper.pms.SWZP0010Mapper.select_0010_01(debug:137) - ==> Parameters: null
2021-12-03 13:40:51,227 [http-nio-8080-exec-5] DEBUG com.iteyes.mapper.pms.SWZP0010Mapper.select_0010_01(debug:137) - <==      Total: 0
2021-12-03 13:40:51,426 [http-nio-8080-exec-6] DEBUG com.iteyes.controller.pms.SWZP0010Controller(select:35) - # pgm_id :: null
2021-12-03 13:40:51,427 [http-nio-8080-exec-6] DEBUG com.iteyes.mapper.pms.SWZP0010Mapper.select_0010_01(debug:137) - ==>  Preparing: SELECT * FROM pms_pgm_mng WHERE pgm_id = ?
2021-12-03 13:40:51,427 [http-nio-8080-exec-6] DEBUG com.iteyes.mapper.pms.SWZP0010Mapper.select_0010_01(debug:137) - ==> Parameters: null
2021-12-03 13:40:51,437 [http-nio-8080-exec-6] DEBUG com.iteyes.mapper.pms.SWZP0010Mapper.select_0010_01(debug:137) - <==      Total: 0
2021-12-03 13:40:51,673 [http-nio-8080-exec-7] DEBUG com.iteyes.controller.pms.SWZP0010Controller(select:35) - # pgm_id :: null
2021-12-03 13:40:51,674 [http-nio-8080-exec-7] DEBUG com.iteyes.mapper.pms.SWZP0010Mapper.select_0010_01(debug:137) - ==>  Preparing: SELECT * FROM pms_pgm_mng WHERE pgm_id = ?
2021-12-03 13:40:51,674 [http-nio-8080-exec-7] DEBUG com.iteyes.mapper.pms.SWZP0010Mapper.select_0010_01(debug:137) - ==> Parameters: null
2021-12-03 13:40:51,677 [http-nio-8080-exec-7] DEBUG com.iteyes.mapper.pms.SWZP0010Mapper.select_0010_01(debug:137) - <==      Total: 0
2021-12-03 13:41:17,632 [http-nio-8080-exec-9] DEBUG com.iteyes.controller.pms.SWZP0010Controller(select:35) - # pgm_id :: zcdss
2021-12-03 13:41:17,638 [http-nio-8080-exec-9] DEBUG com.iteyes.mapper.pms.SWZP0010Mapper.select_0010_01(debug:137) - ==>  Preparing: SELECT * FROM pms_pgm_mng WHERE pgm_id = ?
2021-12-03 13:41:17,638 [http-nio-8080-exec-9] DEBUG com.iteyes.mapper.pms.SWZP0010Mapper.select_0010_01(debug:137) - ==> Parameters: zcdss(String)
2021-12-03 13:41:17,659 [http-nio-8080-exec-9] DEBUG com.iteyes.mapper.pms.SWZP0010Mapper.select_0010_01(debug:137) - <==      Total: 0
2021-12-03 13:41:33,854 [http-nio-8080-exec-10] DEBUG com.iteyes.controller.pms.SWZP0010Controller(select:35) - # pgm_id :: Cust_History_L
2021-12-03 13:41:33,858 [http-nio-8080-exec-10] DEBUG com.iteyes.mapper.pms.SWZP0010Mapper.select_0010_01(debug:137) - ==>  Preparing: SELECT * FROM pms_pgm_mng WHERE pgm_id = ?
2021-12-03 13:41:33,859 [http-nio-8080-exec-10] DEBUG com.iteyes.mapper.pms.SWZP0010Mapper.select_0010_01(debug:137) - ==> Parameters: Cust_History_L(String)
2021-12-03 13:41:33,863 [http-nio-8080-exec-10] DEBUG com.iteyes.mapper.pms.SWZP0010Mapper.select_0010_01(debug:137) - <==      Total: 1
2021-12-03 13:42:09,617 [http-nio-8080-exec-2] DEBUG com.iteyes.controller.pms.SWZP0010Controller(select:35) - # pgm_id :: 
2021-12-03 13:42:09,620 [http-nio-8080-exec-2] DEBUG com.iteyes.mapper.pms.SWZP0010Mapper.select_0010_01(debug:137) - ==>  Preparing: SELECT * FROM pms_pgm_mng WHERE pgm_id = ?
2021-12-03 13:42:09,620 [http-nio-8080-exec-2] DEBUG com.iteyes.mapper.pms.SWZP0010Mapper.select_0010_01(debug:137) - ==> Parameters: (String)
2021-12-03 13:42:09,623 [http-nio-8080-exec-2] DEBUG com.iteyes.mapper.pms.SWZP0010Mapper.select_0010_01(debug:137) - <==      Total: 0
2021-12-03 13:42:09,818 [http-nio-8080-exec-3] DEBUG com.iteyes.controller.pms.SWZP0010Controller(select:35) - # pgm_id :: 
2021-12-03 13:42:09,818 [http-nio-8080-exec-3] DEBUG com.iteyes.mapper.pms.SWZP0010Mapper.select_0010_01(debug:137) - ==>  Preparing: SELECT * FROM pms_pgm_mng WHERE pgm_id = ?
2021-12-03 13:42:09,819 [http-nio-8080-exec-3] DEBUG com.iteyes.mapper.pms.SWZP0010Mapper.select_0010_01(debug:137) - ==> Parameters: (String)
2021-12-03 13:42:09,822 [http-nio-8080-exec-3] DEBUG com.iteyes.mapper.pms.SWZP0010Mapper.select_0010_01(debug:137) - <==      Total: 0
2021-12-03 13:43:13,010 [restartedMain] INFO  com.iteyes.PmsApplication(logStarting:55) - Starting PmsApplication using Java 16.0.2 on DESKTOP-H5GEA9U with PID 15992 (C:\workspace\ProjectEyes\PMS\bin\main started by iteyes in C:\workspace\ProjectEyes\PMS)
2021-12-03 13:43:13,011 [restartedMain] DEBUG com.iteyes.PmsApplication(logStarting:56) - Running with Spring Boot v2.5.4, Spring v5.3.9
2021-12-03 13:43:13,011 [restartedMain] INFO  com.iteyes.PmsApplication(logStartupProfileInfo:659) - No active profile set, falling back to default profiles: default
2021-12-03 13:43:13,169 [restartedMain] INFO  org.springframework.context.support.PostProcessorRegistrationDelegate$BeanPostProcessorChecker(postProcessAfterInitialization:376) - Bean 'org.springframework.ws.config.annotation.DelegatingWsConfiguration' of type [org.springframework.ws.config.annotation.DelegatingWsConfiguration$$EnhancerBySpringCGLIB$$d928dcd5] is not eligible for getting processed by all BeanPostProcessors (for example: not eligible for auto-proxying)
2021-12-03 13:43:13,171 [restartedMain] INFO  org.springframework.ws.soap.addressing.server.AnnotationActionEndpointMapping(afterPropertiesSet:239) - Supporting [WS-Addressing August 2004, WS-Addressing 1.0]
2021-12-03 13:43:13,197 [restartedMain] INFO  org.springframework.boot.web.embedded.tomcat.TomcatWebServer(initialize:108) - Tomcat initialized with port(s): 8080 (http)
2021-12-03 13:43:13,216 [restartedMain] INFO  org.springframework.boot.web.servlet.context.ServletWebServerApplicationContext(prepareWebApplicationContext:290) - Root WebApplicationContext: initialization completed in 203 ms
2021-12-03 13:43:13,331 [restartedMain] INFO  org.springframework.boot.autoconfigure.web.servlet.WelcomePageHandlerMapping(<init>:53) - Adding welcome page: class path resource [static/index.html]
2021-12-03 13:43:13,367 [restartedMain] INFO  org.springframework.boot.devtools.autoconfigure.OptionalLiveReloadServer(startServer:58) - LiveReload server is running on port 35729
2021-12-03 13:43:13,376 [restartedMain] INFO  org.springframework.boot.web.embedded.tomcat.TomcatWebServer(start:220) - Tomcat started on port(s): 8080 (http) with context path ''
2021-12-03 13:43:13,379 [restartedMain] INFO  com.iteyes.PmsApplication(logStarted:61) - Started PmsApplication in 0.404 seconds (JVM running for 1604.873)
2021-12-03 13:43:13,380 [restartedMain] INFO  org.springframework.boot.devtools.autoconfigure.ConditionEvaluationDeltaLoggingListener(onApplicationEvent:63) - Condition evaluation unchanged
2021-12-03 13:43:18,758 [http-nio-8080-exec-1] INFO  org.springframework.web.servlet.DispatcherServlet(initServletBean:525) - Initializing Servlet 'dispatcherServlet'
2021-12-03 13:43:18,759 [http-nio-8080-exec-1] INFO  org.springframework.web.servlet.DispatcherServlet(initServletBean:547) - Completed initialization in 1 ms
2021-12-03 13:43:18,763 [http-nio-8080-exec-2] DEBUG com.iteyes.controller.pms.SWZP0010Controller(select:35) - # pgm_id :: 
2021-12-03 13:43:18,779 [http-nio-8080-exec-2] DEBUG com.iteyes.mapper.pms.SWZP0010Mapper.select_0010_01(debug:137) - ==>  Preparing: SELECT * FROM pms_pgm_mng WHERE pgm_id = ?
2021-12-03 13:43:18,780 [http-nio-8080-exec-2] DEBUG com.iteyes.mapper.pms.SWZP0010Mapper.select_0010_01(debug:137) - ==> Parameters: (String)
2021-12-03 13:43:18,782 [http-nio-8080-exec-2] DEBUG com.iteyes.mapper.pms.SWZP0010Mapper.select_0010_01(debug:137) - <==      Total: 0
2021-12-03 13:43:23,626 [http-nio-8080-exec-3] DEBUG com.iteyes.controller.pms.SWZP0010Controller(select:35) - # pgm_id :: 
2021-12-03 13:43:23,629 [http-nio-8080-exec-3] DEBUG com.iteyes.mapper.pms.SWZP0010Mapper.select_0010_01(debug:137) - ==>  Preparing: SELECT * FROM pms_pgm_mng WHERE pgm_id = ?
2021-12-03 13:43:23,629 [http-nio-8080-exec-3] DEBUG com.iteyes.mapper.pms.SWZP0010Mapper.select_0010_01(debug:137) - ==> Parameters: (String)
2021-12-03 13:43:23,635 [http-nio-8080-exec-3] DEBUG com.iteyes.mapper.pms.SWZP0010Mapper.select_0010_01(debug:137) - <==      Total: 0
2021-12-03 13:44:38,009 [restartedMain] INFO  com.iteyes.PmsApplication(logStarting:55) - Starting PmsApplication using Java 16.0.2 on DESKTOP-H5GEA9U with PID 15992 (C:\workspace\ProjectEyes\PMS\bin\main started by iteyes in C:\workspace\ProjectEyes\PMS)
2021-12-03 13:44:38,010 [restartedMain] DEBUG com.iteyes.PmsApplication(logStarting:56) - Running with Spring Boot v2.5.4, Spring v5.3.9
2021-12-03 13:44:38,010 [restartedMain] INFO  com.iteyes.PmsApplication(logStartupProfileInfo:659) - No active profile set, falling back to default profiles: default
2021-12-03 13:44:38,167 [restartedMain] INFO  org.springframework.context.support.PostProcessorRegistrationDelegate$BeanPostProcessorChecker(postProcessAfterInitialization:376) - Bean 'org.springframework.ws.config.annotation.DelegatingWsConfiguration' of type [org.springframework.ws.config.annotation.DelegatingWsConfiguration$$EnhancerBySpringCGLIB$$d928dcd5] is not eligible for getting processed by all BeanPostProcessors (for example: not eligible for auto-proxying)
2021-12-03 13:44:38,168 [restartedMain] INFO  org.springframework.ws.soap.addressing.server.AnnotationActionEndpointMapping(afterPropertiesSet:239) - Supporting [WS-Addressing August 2004, WS-Addressing 1.0]
2021-12-03 13:44:38,193 [restartedMain] INFO  org.springframework.boot.web.embedded.tomcat.TomcatWebServer(initialize:108) - Tomcat initialized with port(s): 8080 (http)
2021-12-03 13:44:38,214 [restartedMain] INFO  org.springframework.boot.web.servlet.context.ServletWebServerApplicationContext(prepareWebApplicationContext:290) - Root WebApplicationContext: initialization completed in 203 ms
2021-12-03 13:44:38,304 [restartedMain] INFO  org.springframework.boot.autoconfigure.web.servlet.WelcomePageHandlerMapping(<init>:53) - Adding welcome page: class path resource [static/index.html]
2021-12-03 13:44:38,340 [restartedMain] INFO  org.springframework.boot.devtools.autoconfigure.OptionalLiveReloadServer(startServer:58) - LiveReload server is running on port 35729
2021-12-03 13:44:38,349 [restartedMain] INFO  org.springframework.boot.web.embedded.tomcat.TomcatWebServer(start:220) - Tomcat started on port(s): 8080 (http) with context path ''
2021-12-03 13:44:38,353 [restartedMain] INFO  com.iteyes.PmsApplication(logStarted:61) - Started PmsApplication in 0.378 seconds (JVM running for 1689.847)
2021-12-03 13:44:38,354 [restartedMain] INFO  org.springframework.boot.devtools.autoconfigure.ConditionEvaluationDeltaLoggingListener(onApplicationEvent:63) - Condition evaluation unchanged
2021-12-03 13:44:44,680 [http-nio-8080-exec-1] INFO  org.springframework.web.servlet.DispatcherServlet(initServletBean:525) - Initializing Servlet 'dispatcherServlet'
2021-12-03 13:44:44,680 [http-nio-8080-exec-1] INFO  org.springframework.web.servlet.DispatcherServlet(initServletBean:547) - Completed initialization in 0 ms
2021-12-03 13:44:44,682 [http-nio-8080-exec-1] DEBUG com.iteyes.controller.pms.SWZP0010Controller(select:35) - # pgm_id :: 
2021-12-03 13:44:44,698 [http-nio-8080-exec-1] WARN  org.springframework.web.servlet.mvc.method.annotation.ExceptionHandlerExceptionResolver(logException:207) - Resolved [org.mybatis.spring.MyBatisSystemException: nested exception is org.apache.ibatis.builder.BuilderException: Error evaluating expression 'pgm_id i= null'. Cause: org.apache.ibatis.ognl.ExpressionSyntaxException: Malformed OGNL expression: pgm_id i= null [org.apache.ibatis.ognl.ParseException: Encountered " <IDENT> "i "" at line 1, column 8.
Was expecting one of:
    <EOF> 
    "," ...
    "=" ...
    "?" ...
    "||" ...
    "or" ...
    "&&" ...
    "and" ...
    "|" ...
    "bor" ...
    "^" ...
    "xor" ...
    "&" ...
    "band" ...
    "==" ...
    "eq" ...
    "!=" ...
    "neq" ...
    "<" ...
    "lt" ...
    ">" ...
    "gt" ...
    "<=" ...
    "lte" ...
    ">=" ...
    "gte" ...
    "in" ...
    "not" ...
    "<<" ...
    "shl" ...
    ">>" ...
    "shr" ...
    ">>>" ...
    "ushr" ...
    "+" ...
    "-" ...
    "*" ...
    "/" ...
    "%" ...
    "instanceof" ...
    "." ...
    "(" ...
    "[" ...
    <DYNAMIC_SUBSCRIPT> ...
    "(" ...
    ]]
2021-12-03 13:44:45,349 [http-nio-8080-exec-2] DEBUG com.iteyes.controller.pms.SWZP0010Controller(select:35) - # pgm_id :: 
2021-12-03 13:44:45,350 [http-nio-8080-exec-2] WARN  org.springframework.web.servlet.mvc.method.annotation.ExceptionHandlerExceptionResolver(logException:207) - Resolved [org.mybatis.spring.MyBatisSystemException: nested exception is org.apache.ibatis.builder.BuilderException: Error evaluating expression 'pgm_id i= null'. Cause: org.apache.ibatis.ognl.ExpressionSyntaxException: Malformed OGNL expression: pgm_id i= null [org.apache.ibatis.ognl.ParseException: Encountered " <IDENT> "i "" at line 1, column 8.
Was expecting one of:
    <EOF> 
    "," ...
    "=" ...
    "?" ...
    "||" ...
    "or" ...
    "&&" ...
    "and" ...
    "|" ...
    "bor" ...
    "^" ...
    "xor" ...
    "&" ...
    "band" ...
    "==" ...
    "eq" ...
    "!=" ...
    "neq" ...
    "<" ...
    "lt" ...
    ">" ...
    "gt" ...
    "<=" ...
    "lte" ...
    ">=" ...
    "gte" ...
    "in" ...
    "not" ...
    "<<" ...
    "shl" ...
    ">>" ...
    "shr" ...
    ">>>" ...
    "ushr" ...
    "+" ...
    "-" ...
    "*" ...
    "/" ...
    "%" ...
    "instanceof" ...
    "." ...
    "(" ...
    "[" ...
    <DYNAMIC_SUBSCRIPT> ...
    "(" ...
    ]]
2021-12-03 13:44:45,557 [http-nio-8080-exec-3] DEBUG com.iteyes.controller.pms.SWZP0010Controller(select:35) - # pgm_id :: 
2021-12-03 13:44:45,558 [http-nio-8080-exec-3] WARN  org.springframework.web.servlet.mvc.method.annotation.ExceptionHandlerExceptionResolver(logException:207) - Resolved [org.mybatis.spring.MyBatisSystemException: nested exception is org.apache.ibatis.builder.BuilderException: Error evaluating expression 'pgm_id i= null'. Cause: org.apache.ibatis.ognl.ExpressionSyntaxException: Malformed OGNL expression: pgm_id i= null [org.apache.ibatis.ognl.ParseException: Encountered " <IDENT> "i "" at line 1, column 8.
Was expecting one of:
    <EOF> 
    "," ...
    "=" ...
    "?" ...
    "||" ...
    "or" ...
    "&&" ...
    "and" ...
    "|" ...
    "bor" ...
    "^" ...
    "xor" ...
    "&" ...
    "band" ...
    "==" ...
    "eq" ...
    "!=" ...
    "neq" ...
    "<" ...
    "lt" ...
    ">" ...
    "gt" ...
    "<=" ...
    "lte" ...
    ">=" ...
    "gte" ...
    "in" ...
    "not" ...
    "<<" ...
    "shl" ...
    ">>" ...
    "shr" ...
    ">>>" ...
    "ushr" ...
    "+" ...
    "-" ...
    "*" ...
    "/" ...
    "%" ...
    "instanceof" ...
    "." ...
    "(" ...
    "[" ...
    <DYNAMIC_SUBSCRIPT> ...
    "(" ...
    ]]
2021-12-03 13:44:45,783 [http-nio-8080-exec-4] DEBUG com.iteyes.controller.pms.SWZP0010Controller(select:35) - # pgm_id :: 
2021-12-03 13:44:45,784 [http-nio-8080-exec-4] WARN  org.springframework.web.servlet.mvc.method.annotation.ExceptionHandlerExceptionResolver(logException:207) - Resolved [org.mybatis.spring.MyBatisSystemException: nested exception is org.apache.ibatis.builder.BuilderException: Error evaluating expression 'pgm_id i= null'. Cause: org.apache.ibatis.ognl.ExpressionSyntaxException: Malformed OGNL expression: pgm_id i= null [org.apache.ibatis.ognl.ParseException: Encountered " <IDENT> "i "" at line 1, column 8.
Was expecting one of:
    <EOF> 
    "," ...
    "=" ...
    "?" ...
    "||" ...
    "or" ...
    "&&" ...
    "and" ...
    "|" ...
    "bor" ...
    "^" ...
    "xor" ...
    "&" ...
    "band" ...
    "==" ...
    "eq" ...
    "!=" ...
    "neq" ...
    "<" ...
    "lt" ...
    ">" ...
    "gt" ...
    "<=" ...
    "lte" ...
    ">=" ...
    "gte" ...
    "in" ...
    "not" ...
    "<<" ...
    "shl" ...
    ">>" ...
    "shr" ...
    ">>>" ...
    "ushr" ...
    "+" ...
    "-" ...
    "*" ...
    "/" ...
    "%" ...
    "instanceof" ...
    "." ...
    "(" ...
    "[" ...
    <DYNAMIC_SUBSCRIPT> ...
    "(" ...
    ]]
2021-12-03 13:44:45,977 [http-nio-8080-exec-5] DEBUG com.iteyes.controller.pms.SWZP0010Controller(select:35) - # pgm_id :: 
2021-12-03 13:44:45,978 [http-nio-8080-exec-5] WARN  org.springframework.web.servlet.mvc.method.annotation.ExceptionHandlerExceptionResolver(logException:207) - Resolved [org.mybatis.spring.MyBatisSystemException: nested exception is org.apache.ibatis.builder.BuilderException: Error evaluating expression 'pgm_id i= null'. Cause: org.apache.ibatis.ognl.ExpressionSyntaxException: Malformed OGNL expression: pgm_id i= null [org.apache.ibatis.ognl.ParseException: Encountered " <IDENT> "i "" at line 1, column 8.
Was expecting one of:
    <EOF> 
    "," ...
    "=" ...
    "?" ...
    "||" ...
    "or" ...
    "&&" ...
    "and" ...
    "|" ...
    "bor" ...
    "^" ...
    "xor" ...
    "&" ...
    "band" ...
    "==" ...
    "eq" ...
    "!=" ...
    "neq" ...
    "<" ...
    "lt" ...
    ">" ...
    "gt" ...
    "<=" ...
    "lte" ...
    ">=" ...
    "gte" ...
    "in" ...
    "not" ...
    "<<" ...
    "shl" ...
    ">>" ...
    "shr" ...
    ">>>" ...
    "ushr" ...
    "+" ...
    "-" ...
    "*" ...
    "/" ...
    "%" ...
    "instanceof" ...
    "." ...
    "(" ...
    "[" ...
    <DYNAMIC_SUBSCRIPT> ...
    "(" ...
    ]]
2021-12-03 13:45:43,504 [restartedMain] INFO  com.iteyes.PmsApplication(logStarting:55) - Starting PmsApplication using Java 16.0.2 on DESKTOP-H5GEA9U with PID 15992 (C:\workspace\ProjectEyes\PMS\bin\main started by iteyes in C:\workspace\ProjectEyes\PMS)
2021-12-03 13:45:43,505 [restartedMain] DEBUG com.iteyes.PmsApplication(logStarting:56) - Running with Spring Boot v2.5.4, Spring v5.3.9
2021-12-03 13:45:43,505 [restartedMain] INFO  com.iteyes.PmsApplication(logStartupProfileInfo:659) - No active profile set, falling back to default profiles: default
2021-12-03 13:45:43,642 [restartedMain] INFO  org.springframework.context.support.PostProcessorRegistrationDelegate$BeanPostProcessorChecker(postProcessAfterInitialization:376) - Bean 'org.springframework.ws.config.annotation.DelegatingWsConfiguration' of type [org.springframework.ws.config.annotation.DelegatingWsConfiguration$$EnhancerBySpringCGLIB$$d928dcd5] is not eligible for getting processed by all BeanPostProcessors (for example: not eligible for auto-proxying)
2021-12-03 13:45:43,643 [restartedMain] INFO  org.springframework.ws.soap.addressing.server.AnnotationActionEndpointMapping(afterPropertiesSet:239) - Supporting [WS-Addressing August 2004, WS-Addressing 1.0]
2021-12-03 13:45:43,665 [restartedMain] INFO  org.springframework.boot.web.embedded.tomcat.TomcatWebServer(initialize:108) - Tomcat initialized with port(s): 8080 (http)
2021-12-03 13:45:43,683 [restartedMain] INFO  org.springframework.boot.web.servlet.context.ServletWebServerApplicationContext(prepareWebApplicationContext:290) - Root WebApplicationContext: initialization completed in 176 ms
2021-12-03 13:45:43,760 [restartedMain] INFO  org.springframework.boot.autoconfigure.web.servlet.WelcomePageHandlerMapping(<init>:53) - Adding welcome page: class path resource [static/index.html]
2021-12-03 13:45:43,790 [restartedMain] INFO  org.springframework.boot.devtools.autoconfigure.OptionalLiveReloadServer(startServer:58) - LiveReload server is running on port 35729
2021-12-03 13:45:43,798 [restartedMain] INFO  org.springframework.boot.web.embedded.tomcat.TomcatWebServer(start:220) - Tomcat started on port(s): 8080 (http) with context path ''
2021-12-03 13:45:43,801 [restartedMain] INFO  com.iteyes.PmsApplication(logStarted:61) - Started PmsApplication in 0.329 seconds (JVM running for 1755.296)
2021-12-03 13:45:43,802 [restartedMain] INFO  org.springframework.boot.devtools.autoconfigure.ConditionEvaluationDeltaLoggingListener(onApplicationEvent:63) - Condition evaluation unchanged
2021-12-03 13:46:05,849 [restartedMain] INFO  com.iteyes.PmsApplication(logStarting:55) - Starting PmsApplication using Java 16.0.2 on DESKTOP-H5GEA9U with PID 15992 (C:\workspace\ProjectEyes\PMS\bin\main started by iteyes in C:\workspace\ProjectEyes\PMS)
2021-12-03 13:46:05,849 [restartedMain] DEBUG com.iteyes.PmsApplication(logStarting:56) - Running with Spring Boot v2.5.4, Spring v5.3.9
2021-12-03 13:46:05,849 [restartedMain] INFO  com.iteyes.PmsApplication(logStartupProfileInfo:659) - No active profile set, falling back to default profiles: default
2021-12-03 13:46:05,988 [restartedMain] INFO  org.springframework.context.support.PostProcessorRegistrationDelegate$BeanPostProcessorChecker(postProcessAfterInitialization:376) - Bean 'org.springframework.ws.config.annotation.DelegatingWsConfiguration' of type [org.springframework.ws.config.annotation.DelegatingWsConfiguration$$EnhancerBySpringCGLIB$$d928dcd5] is not eligible for getting processed by all BeanPostProcessors (for example: not eligible for auto-proxying)
2021-12-03 13:46:05,988 [restartedMain] INFO  org.springframework.ws.soap.addressing.server.AnnotationActionEndpointMapping(afterPropertiesSet:239) - Supporting [WS-Addressing August 2004, WS-Addressing 1.0]
2021-12-03 13:46:06,013 [restartedMain] INFO  org.springframework.boot.web.embedded.tomcat.TomcatWebServer(initialize:108) - Tomcat initialized with port(s): 8080 (http)
2021-12-03 13:46:06,031 [restartedMain] INFO  org.springframework.boot.web.servlet.context.ServletWebServerApplicationContext(prepareWebApplicationContext:290) - Root WebApplicationContext: initialization completed in 179 ms
2021-12-03 13:46:06,105 [restartedMain] INFO  org.springframework.boot.autoconfigure.web.servlet.WelcomePageHandlerMapping(<init>:53) - Adding welcome page: class path resource [static/index.html]
2021-12-03 13:46:06,136 [restartedMain] INFO  org.springframework.boot.devtools.autoconfigure.OptionalLiveReloadServer(startServer:58) - LiveReload server is running on port 35729
2021-12-03 13:46:06,145 [restartedMain] INFO  org.springframework.boot.web.embedded.tomcat.TomcatWebServer(start:220) - Tomcat started on port(s): 8080 (http) with context path ''
2021-12-03 13:46:06,148 [restartedMain] INFO  com.iteyes.PmsApplication(logStarted:61) - Started PmsApplication in 0.331 seconds (JVM running for 1777.642)
2021-12-03 13:46:06,149 [restartedMain] INFO  org.springframework.boot.devtools.autoconfigure.ConditionEvaluationDeltaLoggingListener(onApplicationEvent:63) - Condition evaluation unchanged
2021-12-03 13:46:14,112 [http-nio-8080-exec-1] INFO  org.springframework.web.servlet.DispatcherServlet(initServletBean:525) - Initializing Servlet 'dispatcherServlet'
2021-12-03 13:46:14,112 [http-nio-8080-exec-1] INFO  org.springframework.web.servlet.DispatcherServlet(initServletBean:547) - Completed initialization in 0 ms
2021-12-03 13:46:14,114 [http-nio-8080-exec-1] DEBUG com.iteyes.controller.pms.SWZP0010Controller(select:35) - # pgm_id :: 
2021-12-03 13:46:14,136 [http-nio-8080-exec-1] DEBUG com.iteyes.mapper.pms.SWZP0010Mapper.select_0010_01(debug:137) - ==>  Preparing: SELECT * FROM pms_pgm_mng WHERE 1=1
2021-12-03 13:46:14,136 [http-nio-8080-exec-1] DEBUG com.iteyes.mapper.pms.SWZP0010Mapper.select_0010_01(debug:137) - ==> Parameters: 
2021-12-03 13:46:14,140 [http-nio-8080-exec-1] DEBUG com.iteyes.mapper.pms.SWZP0010Mapper.select_0010_01(debug:137) - <==      Total: 4
2021-12-03 13:46:14,313 [http-nio-8080-exec-2] DEBUG com.iteyes.controller.pms.SWZP0010Controller(select:35) - # pgm_id :: 
2021-12-03 13:46:14,314 [http-nio-8080-exec-2] DEBUG com.iteyes.mapper.pms.SWZP0010Mapper.select_0010_01(debug:137) - ==>  Preparing: SELECT * FROM pms_pgm_mng WHERE 1=1
2021-12-03 13:46:14,314 [http-nio-8080-exec-2] DEBUG com.iteyes.mapper.pms.SWZP0010Mapper.select_0010_01(debug:137) - ==> Parameters: 
2021-12-03 13:46:14,318 [http-nio-8080-exec-2] DEBUG com.iteyes.mapper.pms.SWZP0010Mapper.select_0010_01(debug:137) - <==      Total: 4
2021-12-03 13:46:21,269 [http-nio-8080-exec-4] DEBUG com.iteyes.controller.pms.SWZP0010Controller(select:35) - # pgm_id :: Cust_History_C
2021-12-03 13:46:21,272 [http-nio-8080-exec-4] DEBUG com.iteyes.mapper.pms.SWZP0010Mapper.select_0010_01(debug:137) - ==>  Preparing: SELECT * FROM pms_pgm_mng WHERE 1=1 pgm_id = ?
2021-12-03 13:46:21,273 [http-nio-8080-exec-4] DEBUG com.iteyes.mapper.pms.SWZP0010Mapper.select_0010_01(debug:137) - ==> Parameters: Cust_History_C(String)
2021-12-03 13:46:21,309 [http-nio-8080-exec-4] WARN  org.springframework.web.servlet.mvc.method.annotation.ExceptionHandlerExceptionResolver(logException:207) - Resolved [org.springframework.jdbc.BadSqlGrammarException: 
### Error querying database.  Cause: java.sql.SQLSyntaxErrorException: (conn:279) You have an error in your SQL syntax; check the manual that corresponds to your MariaDB server version for the right syntax to use near 'pgm_id = 'Cust_History_C'' at line 6
### The error may exist in file [C:\workspace\ProjectEyes\PMS\bin\main\mapper\pms\SWZP0010.xml]
### The error may involve com.iteyes.mapper.pms.SWZP0010Mapper.select_0010_01-Inline
### The error occurred while setting parameters
### SQL: SELECT *           FROM pms_pgm_mng                    WHERE 1=1                    pgm_id = ?
### Cause: java.sql.SQLSyntaxErrorException: (conn:279) You have an error in your SQL syntax; check the manual that corresponds to your MariaDB server version for the right syntax to use near 'pgm_id = 'Cust_History_C'' at line 6
; bad SQL grammar []; nested exception is java.sql.SQLSyntaxErrorException: (conn:279) You have an error in your SQL syntax; check the manual that corresponds to your MariaDB server version for the right syntax to use near 'pgm_id = 'Cust_History_C'' at line 6]
2021-12-03 13:46:25,908 [http-nio-8080-exec-5] DEBUG com.iteyes.controller.pms.SWZP0010Controller(select:35) - # pgm_id :: Cust_History_C
2021-12-03 13:46:25,912 [http-nio-8080-exec-5] DEBUG com.iteyes.mapper.pms.SWZP0010Mapper.select_0010_01(debug:137) - ==>  Preparing: SELECT * FROM pms_pgm_mng WHERE 1=1 pgm_id = ?
2021-12-03 13:46:25,913 [http-nio-8080-exec-5] DEBUG com.iteyes.mapper.pms.SWZP0010Mapper.select_0010_01(debug:137) - ==> Parameters: Cust_History_C(String)
2021-12-03 13:46:25,928 [http-nio-8080-exec-5] WARN  org.springframework.web.servlet.mvc.method.annotation.ExceptionHandlerExceptionResolver(logException:207) - Resolved [org.springframework.jdbc.BadSqlGrammarException: 
### Error querying database.  Cause: java.sql.SQLSyntaxErrorException: (conn:279) You have an error in your SQL syntax; check the manual that corresponds to your MariaDB server version for the right syntax to use near 'pgm_id = 'Cust_History_C'' at line 6
### The error may exist in file [C:\workspace\ProjectEyes\PMS\bin\main\mapper\pms\SWZP0010.xml]
### The error may involve com.iteyes.mapper.pms.SWZP0010Mapper.select_0010_01-Inline
### The error occurred while setting parameters
### SQL: SELECT *           FROM pms_pgm_mng                    WHERE 1=1                    pgm_id = ?
### Cause: java.sql.SQLSyntaxErrorException: (conn:279) You have an error in your SQL syntax; check the manual that corresponds to your MariaDB server version for the right syntax to use near 'pgm_id = 'Cust_History_C'' at line 6
; bad SQL grammar []; nested exception is java.sql.SQLSyntaxErrorException: (conn:279) You have an error in your SQL syntax; check the manual that corresponds to your MariaDB server version for the right syntax to use near 'pgm_id = 'Cust_History_C'' at line 6]
2021-12-03 13:46:26,537 [http-nio-8080-exec-6] DEBUG com.iteyes.controller.pms.SWZP0010Controller(select:35) - # pgm_id :: Cust_History_C
2021-12-03 13:46:26,540 [http-nio-8080-exec-6] DEBUG com.iteyes.mapper.pms.SWZP0010Mapper.select_0010_01(debug:137) - ==>  Preparing: SELECT * FROM pms_pgm_mng WHERE 1=1 pgm_id = ?
2021-12-03 13:46:26,540 [http-nio-8080-exec-6] DEBUG com.iteyes.mapper.pms.SWZP0010Mapper.select_0010_01(debug:137) - ==> Parameters: Cust_History_C(String)
2021-12-03 13:46:26,543 [http-nio-8080-exec-6] WARN  org.springframework.web.servlet.mvc.method.annotation.ExceptionHandlerExceptionResolver(logException:207) - Resolved [org.springframework.jdbc.BadSqlGrammarException: 
### Error querying database.  Cause: java.sql.SQLSyntaxErrorException: (conn:279) You have an error in your SQL syntax; check the manual that corresponds to your MariaDB server version for the right syntax to use near 'pgm_id = 'Cust_History_C'' at line 6
### The error may exist in file [C:\workspace\ProjectEyes\PMS\bin\main\mapper\pms\SWZP0010.xml]
### The error may involve com.iteyes.mapper.pms.SWZP0010Mapper.select_0010_01-Inline
### The error occurred while setting parameters
### SQL: SELECT *           FROM pms_pgm_mng                    WHERE 1=1                    pgm_id = ?
### Cause: java.sql.SQLSyntaxErrorException: (conn:279) You have an error in your SQL syntax; check the manual that corresponds to your MariaDB server version for the right syntax to use near 'pgm_id = 'Cust_History_C'' at line 6
; bad SQL grammar []; nested exception is java.sql.SQLSyntaxErrorException: (conn:279) You have an error in your SQL syntax; check the manual that corresponds to your MariaDB server version for the right syntax to use near 'pgm_id = 'Cust_History_C'' at line 6]
2021-12-03 13:46:40,762 [http-nio-8080-exec-8] DEBUG com.iteyes.controller.pms.SWZP0010Controller(select:35) - # pgm_id :: Cust_History_C
2021-12-03 13:46:40,768 [http-nio-8080-exec-8] DEBUG com.iteyes.mapper.pms.SWZP0010Mapper.select_0010_01(debug:137) - ==>  Preparing: SELECT * FROM pms_pgm_mng WHERE 1=1 pgm_id = ?
2021-12-03 13:46:40,768 [http-nio-8080-exec-8] DEBUG com.iteyes.mapper.pms.SWZP0010Mapper.select_0010_01(debug:137) - ==> Parameters: Cust_History_C(String)
2021-12-03 13:46:40,775 [http-nio-8080-exec-8] WARN  org.springframework.web.servlet.mvc.method.annotation.ExceptionHandlerExceptionResolver(logException:207) - Resolved [org.springframework.jdbc.BadSqlGrammarException: 
### Error querying database.  Cause: java.sql.SQLSyntaxErrorException: (conn:279) You have an error in your SQL syntax; check the manual that corresponds to your MariaDB server version for the right syntax to use near 'pgm_id = 'Cust_History_C'' at line 6
### The error may exist in file [C:\workspace\ProjectEyes\PMS\bin\main\mapper\pms\SWZP0010.xml]
### The error may involve com.iteyes.mapper.pms.SWZP0010Mapper.select_0010_01-Inline
### The error occurred while setting parameters
### SQL: SELECT *           FROM pms_pgm_mng                    WHERE 1=1                    pgm_id = ?
### Cause: java.sql.SQLSyntaxErrorException: (conn:279) You have an error in your SQL syntax; check the manual that corresponds to your MariaDB server version for the right syntax to use near 'pgm_id = 'Cust_History_C'' at line 6
; bad SQL grammar []; nested exception is java.sql.SQLSyntaxErrorException: (conn:279) You have an error in your SQL syntax; check the manual that corresponds to your MariaDB server version for the right syntax to use near 'pgm_id = 'Cust_History_C'' at line 6]
2021-12-03 13:46:41,141 [http-nio-8080-exec-9] DEBUG com.iteyes.controller.pms.SWZP0010Controller(select:35) - # pgm_id :: Cust_History_C
2021-12-03 13:46:41,141 [http-nio-8080-exec-9] DEBUG com.iteyes.mapper.pms.SWZP0010Mapper.select_0010_01(debug:137) - ==>  Preparing: SELECT * FROM pms_pgm_mng WHERE 1=1 pgm_id = ?
2021-12-03 13:46:41,142 [http-nio-8080-exec-9] DEBUG com.iteyes.mapper.pms.SWZP0010Mapper.select_0010_01(debug:137) - ==> Parameters: Cust_History_C(String)
2021-12-03 13:46:41,145 [http-nio-8080-exec-9] WARN  org.springframework.web.servlet.mvc.method.annotation.ExceptionHandlerExceptionResolver(logException:207) - Resolved [org.springframework.jdbc.BadSqlGrammarException: 
### Error querying database.  Cause: java.sql.SQLSyntaxErrorException: (conn:279) You have an error in your SQL syntax; check the manual that corresponds to your MariaDB server version for the right syntax to use near 'pgm_id = 'Cust_History_C'' at line 6
### The error may exist in file [C:\workspace\ProjectEyes\PMS\bin\main\mapper\pms\SWZP0010.xml]
### The error may involve com.iteyes.mapper.pms.SWZP0010Mapper.select_0010_01-Inline
### The error occurred while setting parameters
### SQL: SELECT *           FROM pms_pgm_mng                    WHERE 1=1                    pgm_id = ?
### Cause: java.sql.SQLSyntaxErrorException: (conn:279) You have an error in your SQL syntax; check the manual that corresponds to your MariaDB server version for the right syntax to use near 'pgm_id = 'Cust_History_C'' at line 6
; bad SQL grammar []; nested exception is java.sql.SQLSyntaxErrorException: (conn:279) You have an error in your SQL syntax; check the manual that corresponds to your MariaDB server version for the right syntax to use near 'pgm_id = 'Cust_History_C'' at line 6]
2021-12-03 13:47:46,255 [restartedMain] INFO  com.iteyes.PmsApplication(logStarting:55) - Starting PmsApplication using Java 16.0.2 on DESKTOP-H5GEA9U with PID 15992 (C:\workspace\ProjectEyes\PMS\bin\main started by iteyes in C:\workspace\ProjectEyes\PMS)
2021-12-03 13:47:46,257 [restartedMain] DEBUG com.iteyes.PmsApplication(logStarting:56) - Running with Spring Boot v2.5.4, Spring v5.3.9
2021-12-03 13:47:46,257 [restartedMain] INFO  com.iteyes.PmsApplication(logStartupProfileInfo:659) - No active profile set, falling back to default profiles: default
2021-12-03 13:47:46,408 [restartedMain] INFO  org.springframework.context.support.PostProcessorRegistrationDelegate$BeanPostProcessorChecker(postProcessAfterInitialization:376) - Bean 'org.springframework.ws.config.annotation.DelegatingWsConfiguration' of type [org.springframework.ws.config.annotation.DelegatingWsConfiguration$$EnhancerBySpringCGLIB$$d928dcd5] is not eligible for getting processed by all BeanPostProcessors (for example: not eligible for auto-proxying)
2021-12-03 13:47:46,408 [restartedMain] INFO  org.springframework.ws.soap.addressing.server.AnnotationActionEndpointMapping(afterPropertiesSet:239) - Supporting [WS-Addressing August 2004, WS-Addressing 1.0]
2021-12-03 13:47:46,433 [restartedMain] INFO  org.springframework.boot.web.embedded.tomcat.TomcatWebServer(initialize:108) - Tomcat initialized with port(s): 8080 (http)
2021-12-03 13:47:46,451 [restartedMain] INFO  org.springframework.boot.web.servlet.context.ServletWebServerApplicationContext(prepareWebApplicationContext:290) - Root WebApplicationContext: initialization completed in 193 ms
2021-12-03 13:47:46,525 [restartedMain] INFO  org.springframework.boot.autoconfigure.web.servlet.WelcomePageHandlerMapping(<init>:53) - Adding welcome page: class path resource [static/index.html]
2021-12-03 13:47:46,555 [restartedMain] INFO  org.springframework.boot.devtools.autoconfigure.OptionalLiveReloadServer(startServer:58) - LiveReload server is running on port 35729
2021-12-03 13:47:46,565 [restartedMain] INFO  org.springframework.boot.web.embedded.tomcat.TomcatWebServer(start:220) - Tomcat started on port(s): 8080 (http) with context path ''
2021-12-03 13:47:46,568 [restartedMain] INFO  com.iteyes.PmsApplication(logStarted:61) - Started PmsApplication in 0.349 seconds (JVM running for 1878.062)
2021-12-03 13:47:46,569 [restartedMain] INFO  org.springframework.boot.devtools.autoconfigure.ConditionEvaluationDeltaLoggingListener(onApplicationEvent:63) - Condition evaluation unchanged
2021-12-03 13:47:55,280 [http-nio-8080-exec-1] INFO  org.springframework.web.servlet.DispatcherServlet(initServletBean:525) - Initializing Servlet 'dispatcherServlet'
2021-12-03 13:47:55,280 [http-nio-8080-exec-1] INFO  org.springframework.web.servlet.DispatcherServlet(initServletBean:547) - Completed initialization in 0 ms
2021-12-03 13:47:55,281 [http-nio-8080-exec-1] DEBUG com.iteyes.controller.pms.SWZP0010Controller(select:35) - # pgm_id :: 
2021-12-03 13:47:55,303 [http-nio-8080-exec-1] DEBUG com.iteyes.mapper.pms.SWZP0010Mapper.select_0010_01(debug:137) - ==>  Preparing: SELECT * FROM pms_pgm_mng WHERE 1=1
2021-12-03 13:47:55,304 [http-nio-8080-exec-1] DEBUG com.iteyes.mapper.pms.SWZP0010Mapper.select_0010_01(debug:137) - ==> Parameters: 
2021-12-03 13:47:55,307 [http-nio-8080-exec-1] DEBUG com.iteyes.mapper.pms.SWZP0010Mapper.select_0010_01(debug:137) - <==      Total: 4
2021-12-03 13:48:09,857 [http-nio-8080-exec-3] DEBUG com.iteyes.controller.pms.SWZP0010Controller(select:35) - # pgm_id :: 
2021-12-03 13:48:09,860 [http-nio-8080-exec-3] DEBUG com.iteyes.mapper.pms.SWZP0010Mapper.select_0010_01(debug:137) - ==>  Preparing: SELECT * FROM pms_pgm_mng WHERE 1=1 pgm_nm = ?
2021-12-03 13:48:09,860 [http-nio-8080-exec-3] DEBUG com.iteyes.mapper.pms.SWZP0010Mapper.select_0010_01(debug:137) - ==> Parameters: -(String)
2021-12-03 13:48:09,866 [http-nio-8080-exec-3] WARN  org.springframework.web.servlet.mvc.method.annotation.ExceptionHandlerExceptionResolver(logException:207) - Resolved [org.springframework.jdbc.BadSqlGrammarException: 
### Error querying database.  Cause: java.sql.SQLSyntaxErrorException: (conn:289) You have an error in your SQL syntax; check the manual that corresponds to your MariaDB server version for the right syntax to use near 'pgm_nm = '-'' at line 7
### The error may exist in file [C:\workspace\ProjectEyes\PMS\bin\main\mapper\pms\SWZP0010.xml]
### The error may involve com.iteyes.mapper.pms.SWZP0010Mapper.select_0010_01-Inline
### The error occurred while setting parameters
### SQL: SELECT *           FROM pms_pgm_mng                    WHERE 1=1                              pgm_nm = ?
### Cause: java.sql.SQLSyntaxErrorException: (conn:289) You have an error in your SQL syntax; check the manual that corresponds to your MariaDB server version for the right syntax to use near 'pgm_nm = '-'' at line 7
; bad SQL grammar []; nested exception is java.sql.SQLSyntaxErrorException: (conn:289) You have an error in your SQL syntax; check the manual that corresponds to your MariaDB server version for the right syntax to use near 'pgm_nm = '-'' at line 7]
2021-12-03 13:50:17,923 [restartedMain] INFO  com.iteyes.PmsApplication(logStarting:55) - Starting PmsApplication using Java 16.0.2 on DESKTOP-H5GEA9U with PID 15992 (C:\workspace\ProjectEyes\PMS\bin\main started by iteyes in C:\workspace\ProjectEyes\PMS)
2021-12-03 13:50:17,924 [restartedMain] DEBUG com.iteyes.PmsApplication(logStarting:56) - Running with Spring Boot v2.5.4, Spring v5.3.9
2021-12-03 13:50:17,924 [restartedMain] INFO  com.iteyes.PmsApplication(logStartupProfileInfo:659) - No active profile set, falling back to default profiles: default
2021-12-03 13:50:18,093 [restartedMain] INFO  org.springframework.context.support.PostProcessorRegistrationDelegate$BeanPostProcessorChecker(postProcessAfterInitialization:376) - Bean 'org.springframework.ws.config.annotation.DelegatingWsConfiguration' of type [org.springframework.ws.config.annotation.DelegatingWsConfiguration$$EnhancerBySpringCGLIB$$d928dcd5] is not eligible for getting processed by all BeanPostProcessors (for example: not eligible for auto-proxying)
2021-12-03 13:50:18,094 [restartedMain] INFO  org.springframework.ws.soap.addressing.server.AnnotationActionEndpointMapping(afterPropertiesSet:239) - Supporting [WS-Addressing August 2004, WS-Addressing 1.0]
2021-12-03 13:50:18,124 [restartedMain] INFO  org.springframework.boot.web.embedded.tomcat.TomcatWebServer(initialize:108) - Tomcat initialized with port(s): 8080 (http)
2021-12-03 13:50:18,144 [restartedMain] INFO  org.springframework.boot.web.servlet.context.ServletWebServerApplicationContext(prepareWebApplicationContext:290) - Root WebApplicationContext: initialization completed in 219 ms
2021-12-03 13:50:18,222 [restartedMain] INFO  org.springframework.boot.autoconfigure.web.servlet.WelcomePageHandlerMapping(<init>:53) - Adding welcome page: class path resource [static/index.html]
2021-12-03 13:50:18,256 [restartedMain] INFO  org.springframework.boot.devtools.autoconfigure.OptionalLiveReloadServer(startServer:58) - LiveReload server is running on port 35729
2021-12-03 13:50:18,264 [restartedMain] INFO  org.springframework.boot.web.embedded.tomcat.TomcatWebServer(start:220) - Tomcat started on port(s): 8080 (http) with context path ''
2021-12-03 13:50:18,267 [restartedMain] INFO  com.iteyes.PmsApplication(logStarted:61) - Started PmsApplication in 0.375 seconds (JVM running for 2029.761)
2021-12-03 13:50:18,269 [restartedMain] INFO  org.springframework.boot.devtools.autoconfigure.ConditionEvaluationDeltaLoggingListener(onApplicationEvent:63) - Condition evaluation unchanged
2021-12-03 13:50:26,498 [http-nio-8080-exec-1] INFO  org.springframework.web.servlet.DispatcherServlet(initServletBean:525) - Initializing Servlet 'dispatcherServlet'
2021-12-03 13:50:26,499 [http-nio-8080-exec-1] INFO  org.springframework.web.servlet.DispatcherServlet(initServletBean:547) - Completed initialization in 1 ms
2021-12-03 13:50:26,501 [http-nio-8080-exec-1] DEBUG com.iteyes.controller.pms.SWZP0010Controller(select:35) - # pgm_id :: 
2021-12-03 13:50:26,520 [http-nio-8080-exec-1] DEBUG com.iteyes.mapper.pms.SWZP0010Mapper.select_0010_01(debug:137) - ==>  Preparing: SELECT * FROM pms_pgm_mng WHERE 1=1 and pgm_nm = ?
2021-12-03 13:50:26,521 [http-nio-8080-exec-1] DEBUG com.iteyes.mapper.pms.SWZP0010Mapper.select_0010_01(debug:137) - ==> Parameters: (String)
2021-12-03 13:50:26,524 [http-nio-8080-exec-1] DEBUG com.iteyes.mapper.pms.SWZP0010Mapper.select_0010_01(debug:137) - <==      Total: 0
2021-12-03 13:50:44,468 [http-nio-8080-exec-2] DEBUG com.iteyes.controller.pms.SWZP0010Controller(select:35) - # pgm_id :: 
2021-12-03 13:50:44,471 [http-nio-8080-exec-2] DEBUG com.iteyes.mapper.pms.SWZP0010Mapper.select_0010_01(debug:137) - ==>  Preparing: SELECT * FROM pms_pgm_mng WHERE 1=1
2021-12-03 13:50:44,471 [http-nio-8080-exec-2] DEBUG com.iteyes.mapper.pms.SWZP0010Mapper.select_0010_01(debug:137) - ==> Parameters: 
2021-12-03 13:50:44,478 [http-nio-8080-exec-2] DEBUG com.iteyes.mapper.pms.SWZP0010Mapper.select_0010_01(debug:137) - <==      Total: 4
2021-12-03 13:50:49,012 [http-nio-8080-exec-3] DEBUG com.iteyes.controller.pms.SWZP0010Controller(select:35) - # pgm_id :: 
2021-12-03 13:50:49,016 [http-nio-8080-exec-3] DEBUG com.iteyes.mapper.pms.SWZP0010Mapper.select_0010_01(debug:137) - ==>  Preparing: SELECT * FROM pms_pgm_mng WHERE 1=1 and pgm_nm = ?
2021-12-03 13:50:49,016 [http-nio-8080-exec-3] DEBUG com.iteyes.mapper.pms.SWZP0010Mapper.select_0010_01(debug:137) - ==> Parameters: -(String)
2021-12-03 13:50:49,021 [http-nio-8080-exec-3] DEBUG com.iteyes.mapper.pms.SWZP0010Mapper.select_0010_01(debug:137) - <==      Total: 1
2021-12-03 13:53:47,262 [http-nio-8080-exec-5] DEBUG com.iteyes.controller.pms.SWZP0010Controller(select:35) - # pgm_id :: 
2021-12-03 13:53:47,266 [http-nio-8080-exec-5] DEBUG com.iteyes.mapper.pms.SWZP0010Mapper.select_0010_01(debug:137) - ==>  Preparing: SELECT * FROM pms_pgm_mng WHERE 1=1
2021-12-03 13:53:47,266 [http-nio-8080-exec-5] DEBUG com.iteyes.mapper.pms.SWZP0010Mapper.select_0010_01(debug:137) - ==> Parameters: 
2021-12-03 13:53:47,270 [http-nio-8080-exec-5] DEBUG com.iteyes.mapper.pms.SWZP0010Mapper.select_0010_01(debug:137) - <==      Total: 4
2021-12-03 13:53:53,307 [http-nio-8080-exec-6] DEBUG com.iteyes.controller.pms.SWZP0010Controller(select:35) - # pgm_id :: 
2021-12-03 13:53:53,312 [http-nio-8080-exec-6] DEBUG com.iteyes.mapper.pms.SWZP0010Mapper.select_0010_01(debug:137) - ==>  Preparing: SELECT * FROM pms_pgm_mng WHERE 1=1 and pgm_nm = ?
2021-12-03 13:53:53,312 [http-nio-8080-exec-6] DEBUG com.iteyes.mapper.pms.SWZP0010Mapper.select_0010_01(debug:137) - ==> Parameters: -(String)
2021-12-03 13:53:53,317 [http-nio-8080-exec-6] DEBUG com.iteyes.mapper.pms.SWZP0010Mapper.select_0010_01(debug:137) - <==      Total: 1
2021-12-03 13:55:29,270 [http-nio-8080-exec-8] DEBUG com.iteyes.controller.pms.SWZP0010Controller(select:35) - # pgm_id :: 
2021-12-03 13:55:29,275 [http-nio-8080-exec-8] DEBUG com.iteyes.mapper.pms.SWZP0010Mapper.select_0010_01(debug:137) - ==>  Preparing: SELECT * FROM pms_pgm_mng WHERE 1=1 and pgm_nm = ?
2021-12-03 13:55:29,275 [http-nio-8080-exec-8] DEBUG com.iteyes.mapper.pms.SWZP0010Mapper.select_0010_01(debug:137) - ==> Parameters: -(String)
2021-12-03 13:55:29,279 [http-nio-8080-exec-8] DEBUG com.iteyes.mapper.pms.SWZP0010Mapper.select_0010_01(debug:137) - <==      Total: 1
