2021-12-16 11:04:46,230 [restartedMain] INFO  com.iteyes.PmsApplication(logStarting:55) - Starting PmsApplication using Java 16.0.2 on DESKTOP-H5GEA9U with PID 15296 (C:\workspace\ProjectEyes\PMS\bin\main started by iteyes in C:\workspace\ProjectEyes\PMS)
2021-12-16 11:04:46,232 [restartedMain] DEBUG com.iteyes.PmsApplication(logStarting:56) - Running with Spring Boot v2.5.4, Spring v5.3.9
2021-12-16 11:04:46,232 [restartedMain] INFO  com.iteyes.PmsApplication(logStartupProfileInfo:659) - No active profile set, falling back to default profiles: default
2021-12-16 11:04:46,397 [restartedMain] INFO  org.springframework.context.support.PostProcessorRegistrationDelegate$BeanPostProcessorChecker(postProcessAfterInitialization:376) - Bean 'org.springframework.ws.config.annotation.DelegatingWsConfiguration' of type [org.springframework.ws.config.annotation.DelegatingWsConfiguration$$EnhancerBySpringCGLIB$$960fc6cc] is not eligible for getting processed by all BeanPostProcessors (for example: not eligible for auto-proxying)
2021-12-16 11:04:46,399 [restartedMain] INFO  org.springframework.ws.soap.addressing.server.AnnotationActionEndpointMapping(afterPropertiesSet:239) - Supporting [WS-Addressing August 2004, WS-Addressing 1.0]
2021-12-16 11:04:46,425 [restartedMain] INFO  org.springframework.boot.web.embedded.tomcat.TomcatWebServer(initialize:108) - Tomcat initialized with port(s): 8080 (http)
2021-12-16 11:04:46,443 [restartedMain] INFO  org.springframework.boot.web.servlet.context.ServletWebServerApplicationContext(prepareWebApplicationContext:290) - Root WebApplicationContext: initialization completed in 208 ms
2021-12-16 11:04:46,526 [restartedMain] INFO  org.springframework.boot.autoconfigure.web.servlet.WelcomePageHandlerMapping(<init>:53) - Adding welcome page: class path resource [static/index.html]
2021-12-16 11:04:46,587 [restartedMain] INFO  org.springframework.boot.devtools.autoconfigure.OptionalLiveReloadServer(startServer:58) - LiveReload server is running on port 35729
2021-12-16 11:04:46,597 [restartedMain] INFO  org.springframework.boot.web.embedded.tomcat.TomcatWebServer(start:220) - Tomcat started on port(s): 8080 (http) with context path ''
2021-12-16 11:04:46,599 [restartedMain] INFO  com.iteyes.PmsApplication(logStarted:61) - Started PmsApplication in 0.404 seconds (JVM running for 6833.097)
2021-12-16 11:04:46,600 [restartedMain] INFO  org.springframework.boot.devtools.autoconfigure.ConditionEvaluationDeltaLoggingListener(onApplicationEvent:63) - Condition evaluation unchanged
2021-12-16 11:04:57,386 [restartedMain] INFO  com.iteyes.PmsApplication(logStarting:55) - Starting PmsApplication using Java 16.0.2 on DESKTOP-H5GEA9U with PID 15296 (C:\workspace\ProjectEyes\PMS\bin\main started by iteyes in C:\workspace\ProjectEyes\PMS)
2021-12-16 11:04:57,387 [restartedMain] DEBUG com.iteyes.PmsApplication(logStarting:56) - Running with Spring Boot v2.5.4, Spring v5.3.9
2021-12-16 11:04:57,387 [restartedMain] INFO  com.iteyes.PmsApplication(logStartupProfileInfo:659) - No active profile set, falling back to default profiles: default
2021-12-16 11:04:57,523 [restartedMain] INFO  org.springframework.context.support.PostProcessorRegistrationDelegate$BeanPostProcessorChecker(postProcessAfterInitialization:376) - Bean 'org.springframework.ws.config.annotation.DelegatingWsConfiguration' of type [org.springframework.ws.config.annotation.DelegatingWsConfiguration$$EnhancerBySpringCGLIB$$960fc6cc] is not eligible for getting processed by all BeanPostProcessors (for example: not eligible for auto-proxying)
2021-12-16 11:04:57,523 [restartedMain] INFO  org.springframework.ws.soap.addressing.server.AnnotationActionEndpointMapping(afterPropertiesSet:239) - Supporting [WS-Addressing August 2004, WS-Addressing 1.0]
2021-12-16 11:04:57,544 [restartedMain] INFO  org.springframework.boot.web.embedded.tomcat.TomcatWebServer(initialize:108) - Tomcat initialized with port(s): 8080 (http)
2021-12-16 11:04:57,562 [restartedMain] INFO  org.springframework.boot.web.servlet.context.ServletWebServerApplicationContext(prepareWebApplicationContext:290) - Root WebApplicationContext: initialization completed in 174 ms
2021-12-16 11:04:57,638 [restartedMain] INFO  org.springframework.boot.autoconfigure.web.servlet.WelcomePageHandlerMapping(<init>:53) - Adding welcome page: class path resource [static/index.html]
2021-12-16 11:04:57,667 [restartedMain] INFO  org.springframework.boot.devtools.autoconfigure.OptionalLiveReloadServer(startServer:58) - LiveReload server is running on port 35729
2021-12-16 11:04:57,678 [restartedMain] INFO  org.springframework.boot.web.embedded.tomcat.TomcatWebServer(start:220) - Tomcat started on port(s): 8080 (http) with context path ''
2021-12-16 11:04:57,681 [restartedMain] INFO  com.iteyes.PmsApplication(logStarted:61) - Started PmsApplication in 0.322 seconds (JVM running for 6844.178)
2021-12-16 11:04:57,682 [restartedMain] INFO  org.springframework.boot.devtools.autoconfigure.ConditionEvaluationDeltaLoggingListener(onApplicationEvent:63) - Condition evaluation unchanged
2021-12-16 11:05:10,499 [restartedMain] INFO  com.iteyes.PmsApplication(logStarting:55) - Starting PmsApplication using Java 16.0.2 on DESKTOP-H5GEA9U with PID 15296 (C:\workspace\ProjectEyes\PMS\bin\main started by iteyes in C:\workspace\ProjectEyes\PMS)
2021-12-16 11:05:10,500 [restartedMain] DEBUG com.iteyes.PmsApplication(logStarting:56) - Running with Spring Boot v2.5.4, Spring v5.3.9
2021-12-16 11:05:10,500 [restartedMain] INFO  com.iteyes.PmsApplication(logStartupProfileInfo:659) - No active profile set, falling back to default profiles: default
2021-12-16 11:05:10,641 [restartedMain] INFO  org.springframework.context.support.PostProcessorRegistrationDelegate$BeanPostProcessorChecker(postProcessAfterInitialization:376) - Bean 'org.springframework.ws.config.annotation.DelegatingWsConfiguration' of type [org.springframework.ws.config.annotation.DelegatingWsConfiguration$$EnhancerBySpringCGLIB$$960fc6cc] is not eligible for getting processed by all BeanPostProcessors (for example: not eligible for auto-proxying)
2021-12-16 11:05:10,642 [restartedMain] INFO  org.springframework.ws.soap.addressing.server.AnnotationActionEndpointMapping(afterPropertiesSet:239) - Supporting [WS-Addressing August 2004, WS-Addressing 1.0]
2021-12-16 11:05:10,662 [restartedMain] INFO  org.springframework.boot.web.embedded.tomcat.TomcatWebServer(initialize:108) - Tomcat initialized with port(s): 8080 (http)
2021-12-16 11:05:10,679 [restartedMain] INFO  org.springframework.boot.web.servlet.context.ServletWebServerApplicationContext(prepareWebApplicationContext:290) - Root WebApplicationContext: initialization completed in 178 ms
2021-12-16 11:05:10,757 [restartedMain] INFO  org.springframework.boot.autoconfigure.web.servlet.WelcomePageHandlerMapping(<init>:53) - Adding welcome page: class path resource [static/index.html]
2021-12-16 11:05:10,795 [restartedMain] INFO  org.springframework.boot.devtools.autoconfigure.OptionalLiveReloadServer(startServer:58) - LiveReload server is running on port 35729
2021-12-16 11:05:10,803 [restartedMain] INFO  org.springframework.boot.web.embedded.tomcat.TomcatWebServer(start:220) - Tomcat started on port(s): 8080 (http) with context path ''
2021-12-16 11:05:10,806 [restartedMain] INFO  com.iteyes.PmsApplication(logStarted:61) - Started PmsApplication in 0.334 seconds (JVM running for 6857.304)
2021-12-16 11:05:10,807 [restartedMain] INFO  org.springframework.boot.devtools.autoconfigure.ConditionEvaluationDeltaLoggingListener(onApplicationEvent:63) - Condition evaluation unchanged
2021-12-16 11:05:13,384 [restartedMain] INFO  com.iteyes.PmsApplication(logStarting:55) - Starting PmsApplication using Java 16.0.2 on DESKTOP-H5GEA9U with PID 15296 (C:\workspace\ProjectEyes\PMS\bin\main started by iteyes in C:\workspace\ProjectEyes\PMS)
2021-12-16 11:05:13,385 [restartedMain] DEBUG com.iteyes.PmsApplication(logStarting:56) - Running with Spring Boot v2.5.4, Spring v5.3.9
2021-12-16 11:05:13,385 [restartedMain] INFO  com.iteyes.PmsApplication(logStartupProfileInfo:659) - No active profile set, falling back to default profiles: default
2021-12-16 11:05:13,520 [restartedMain] INFO  org.springframework.context.support.PostProcessorRegistrationDelegate$BeanPostProcessorChecker(postProcessAfterInitialization:376) - Bean 'org.springframework.ws.config.annotation.DelegatingWsConfiguration' of type [org.springframework.ws.config.annotation.DelegatingWsConfiguration$$EnhancerBySpringCGLIB$$960fc6cc] is not eligible for getting processed by all BeanPostProcessors (for example: not eligible for auto-proxying)
2021-12-16 11:05:13,521 [restartedMain] INFO  org.springframework.ws.soap.addressing.server.AnnotationActionEndpointMapping(afterPropertiesSet:239) - Supporting [WS-Addressing August 2004, WS-Addressing 1.0]
2021-12-16 11:05:13,541 [restartedMain] INFO  org.springframework.boot.web.embedded.tomcat.TomcatWebServer(initialize:108) - Tomcat initialized with port(s): 8080 (http)
2021-12-16 11:05:13,558 [restartedMain] INFO  org.springframework.boot.web.servlet.context.ServletWebServerApplicationContext(prepareWebApplicationContext:290) - Root WebApplicationContext: initialization completed in 172 ms
2021-12-16 11:05:13,632 [restartedMain] INFO  org.springframework.boot.autoconfigure.web.servlet.WelcomePageHandlerMapping(<init>:53) - Adding welcome page: class path resource [static/index.html]
2021-12-16 11:05:13,671 [restartedMain] INFO  org.springframework.boot.devtools.autoconfigure.OptionalLiveReloadServer(startServer:58) - LiveReload server is running on port 35729
2021-12-16 11:05:13,678 [restartedMain] INFO  org.springframework.boot.web.embedded.tomcat.TomcatWebServer(start:220) - Tomcat started on port(s): 8080 (http) with context path ''
2021-12-16 11:05:13,681 [restartedMain] INFO  com.iteyes.PmsApplication(logStarted:61) - Started PmsApplication in 0.325 seconds (JVM running for 6860.178)
2021-12-16 11:05:13,681 [restartedMain] INFO  org.springframework.boot.devtools.autoconfigure.ConditionEvaluationDeltaLoggingListener(onApplicationEvent:63) - Condition evaluation unchanged
2021-12-16 11:06:07,585 [restartedMain] INFO  com.iteyes.PmsApplication(logStarting:55) - Starting PmsApplication using Java 16.0.2 on DESKTOP-H5GEA9U with PID 15296 (C:\workspace\ProjectEyes\PMS\bin\main started by iteyes in C:\workspace\ProjectEyes\PMS)
2021-12-16 11:06:07,586 [restartedMain] DEBUG com.iteyes.PmsApplication(logStarting:56) - Running with Spring Boot v2.5.4, Spring v5.3.9
2021-12-16 11:06:07,586 [restartedMain] INFO  com.iteyes.PmsApplication(logStartupProfileInfo:659) - No active profile set, falling back to default profiles: default
2021-12-16 11:06:07,720 [restartedMain] INFO  org.springframework.context.support.PostProcessorRegistrationDelegate$BeanPostProcessorChecker(postProcessAfterInitialization:376) - Bean 'org.springframework.ws.config.annotation.DelegatingWsConfiguration' of type [org.springframework.ws.config.annotation.DelegatingWsConfiguration$$EnhancerBySpringCGLIB$$960fc6cc] is not eligible for getting processed by all BeanPostProcessors (for example: not eligible for auto-proxying)
2021-12-16 11:06:07,720 [restartedMain] INFO  org.springframework.ws.soap.addressing.server.AnnotationActionEndpointMapping(afterPropertiesSet:239) - Supporting [WS-Addressing August 2004, WS-Addressing 1.0]
2021-12-16 11:06:07,741 [restartedMain] INFO  org.springframework.boot.web.embedded.tomcat.TomcatWebServer(initialize:108) - Tomcat initialized with port(s): 8080 (http)
2021-12-16 11:06:07,758 [restartedMain] INFO  org.springframework.boot.web.servlet.context.ServletWebServerApplicationContext(prepareWebApplicationContext:290) - Root WebApplicationContext: initialization completed in 171 ms
2021-12-16 11:06:07,832 [restartedMain] INFO  org.springframework.boot.autoconfigure.web.servlet.WelcomePageHandlerMapping(<init>:53) - Adding welcome page: class path resource [static/index.html]
2021-12-16 11:06:07,867 [restartedMain] INFO  org.springframework.boot.devtools.autoconfigure.OptionalLiveReloadServer(startServer:58) - LiveReload server is running on port 35729
2021-12-16 11:06:07,879 [restartedMain] INFO  org.springframework.boot.web.embedded.tomcat.TomcatWebServer(start:220) - Tomcat started on port(s): 8080 (http) with context path ''
2021-12-16 11:06:07,882 [restartedMain] INFO  com.iteyes.PmsApplication(logStarted:61) - Started PmsApplication in 0.325 seconds (JVM running for 6914.38)
2021-12-16 11:06:07,883 [restartedMain] INFO  org.springframework.boot.devtools.autoconfigure.ConditionEvaluationDeltaLoggingListener(onApplicationEvent:63) - Condition evaluation unchanged
2021-12-16 11:06:29,962 [restartedMain] INFO  com.iteyes.PmsApplication(logStarting:55) - Starting PmsApplication using Java 16.0.2 on DESKTOP-H5GEA9U with PID 15296 (C:\workspace\ProjectEyes\PMS\bin\main started by iteyes in C:\workspace\ProjectEyes\PMS)
2021-12-16 11:06:29,963 [restartedMain] DEBUG com.iteyes.PmsApplication(logStarting:56) - Running with Spring Boot v2.5.4, Spring v5.3.9
2021-12-16 11:06:29,963 [restartedMain] INFO  com.iteyes.PmsApplication(logStartupProfileInfo:659) - No active profile set, falling back to default profiles: default
2021-12-16 11:06:30,099 [restartedMain] INFO  org.springframework.context.support.PostProcessorRegistrationDelegate$BeanPostProcessorChecker(postProcessAfterInitialization:376) - Bean 'org.springframework.ws.config.annotation.DelegatingWsConfiguration' of type [org.springframework.ws.config.annotation.DelegatingWsConfiguration$$EnhancerBySpringCGLIB$$960fc6cc] is not eligible for getting processed by all BeanPostProcessors (for example: not eligible for auto-proxying)
2021-12-16 11:06:30,099 [restartedMain] INFO  org.springframework.ws.soap.addressing.server.AnnotationActionEndpointMapping(afterPropertiesSet:239) - Supporting [WS-Addressing August 2004, WS-Addressing 1.0]
2021-12-16 11:06:30,121 [restartedMain] INFO  org.springframework.boot.web.embedded.tomcat.TomcatWebServer(initialize:108) - Tomcat initialized with port(s): 8080 (http)
2021-12-16 11:06:30,138 [restartedMain] INFO  org.springframework.boot.web.servlet.context.ServletWebServerApplicationContext(prepareWebApplicationContext:290) - Root WebApplicationContext: initialization completed in 173 ms
2021-12-16 11:06:30,209 [restartedMain] INFO  org.springframework.boot.autoconfigure.web.servlet.WelcomePageHandlerMapping(<init>:53) - Adding welcome page: class path resource [static/index.html]
2021-12-16 11:06:30,248 [restartedMain] INFO  org.springframework.boot.devtools.autoconfigure.OptionalLiveReloadServer(startServer:58) - LiveReload server is running on port 35729
2021-12-16 11:06:30,255 [restartedMain] INFO  org.springframework.boot.web.embedded.tomcat.TomcatWebServer(start:220) - Tomcat started on port(s): 8080 (http) with context path ''
2021-12-16 11:06:30,258 [restartedMain] INFO  com.iteyes.PmsApplication(logStarted:61) - Started PmsApplication in 0.323 seconds (JVM running for 6936.755)
2021-12-16 11:06:30,259 [restartedMain] INFO  org.springframework.boot.devtools.autoconfigure.ConditionEvaluationDeltaLoggingListener(onApplicationEvent:63) - Condition evaluation unchanged
2021-12-16 11:06:36,935 [restartedMain] INFO  com.iteyes.PmsApplication(logStarting:55) - Starting PmsApplication using Java 16.0.2 on DESKTOP-H5GEA9U with PID 15296 (C:\workspace\ProjectEyes\PMS\bin\main started by iteyes in C:\workspace\ProjectEyes\PMS)
2021-12-16 11:06:36,935 [restartedMain] DEBUG com.iteyes.PmsApplication(logStarting:56) - Running with Spring Boot v2.5.4, Spring v5.3.9
2021-12-16 11:06:36,935 [restartedMain] INFO  com.iteyes.PmsApplication(logStartupProfileInfo:659) - No active profile set, falling back to default profiles: default
2021-12-16 11:06:37,067 [restartedMain] INFO  org.springframework.context.support.PostProcessorRegistrationDelegate$BeanPostProcessorChecker(postProcessAfterInitialization:376) - Bean 'org.springframework.ws.config.annotation.DelegatingWsConfiguration' of type [org.springframework.ws.config.annotation.DelegatingWsConfiguration$$EnhancerBySpringCGLIB$$960fc6cc] is not eligible for getting processed by all BeanPostProcessors (for example: not eligible for auto-proxying)
2021-12-16 11:06:37,067 [restartedMain] INFO  org.springframework.ws.soap.addressing.server.AnnotationActionEndpointMapping(afterPropertiesSet:239) - Supporting [WS-Addressing August 2004, WS-Addressing 1.0]
2021-12-16 11:06:37,087 [restartedMain] INFO  org.springframework.boot.web.embedded.tomcat.TomcatWebServer(initialize:108) - Tomcat initialized with port(s): 8080 (http)
2021-12-16 11:06:37,106 [restartedMain] INFO  org.springframework.boot.web.servlet.context.ServletWebServerApplicationContext(prepareWebApplicationContext:290) - Root WebApplicationContext: initialization completed in 169 ms
2021-12-16 11:06:37,178 [restartedMain] INFO  org.springframework.boot.autoconfigure.web.servlet.WelcomePageHandlerMapping(<init>:53) - Adding welcome page: class path resource [static/index.html]
2021-12-16 11:06:37,217 [restartedMain] INFO  org.springframework.boot.devtools.autoconfigure.OptionalLiveReloadServer(startServer:58) - LiveReload server is running on port 35729
2021-12-16 11:06:37,225 [restartedMain] INFO  org.springframework.boot.web.embedded.tomcat.TomcatWebServer(start:220) - Tomcat started on port(s): 8080 (http) with context path ''
2021-12-16 11:06:37,227 [restartedMain] INFO  com.iteyes.PmsApplication(logStarted:61) - Started PmsApplication in 0.318 seconds (JVM running for 6943.724)
2021-12-16 11:06:37,228 [restartedMain] INFO  org.springframework.boot.devtools.autoconfigure.ConditionEvaluationDeltaLoggingListener(onApplicationEvent:63) - Condition evaluation unchanged
2021-12-16 11:06:55,202 [restartedMain] INFO  com.iteyes.PmsApplication(logStarting:55) - Starting PmsApplication using Java 16.0.2 on DESKTOP-H5GEA9U with PID 15296 (C:\workspace\ProjectEyes\PMS\bin\main started by iteyes in C:\workspace\ProjectEyes\PMS)
2021-12-16 11:06:55,202 [restartedMain] DEBUG com.iteyes.PmsApplication(logStarting:56) - Running with Spring Boot v2.5.4, Spring v5.3.9
2021-12-16 11:06:55,202 [restartedMain] INFO  com.iteyes.PmsApplication(logStartupProfileInfo:659) - No active profile set, falling back to default profiles: default
2021-12-16 11:06:55,340 [restartedMain] INFO  org.springframework.context.support.PostProcessorRegistrationDelegate$BeanPostProcessorChecker(postProcessAfterInitialization:376) - Bean 'org.springframework.ws.config.annotation.DelegatingWsConfiguration' of type [org.springframework.ws.config.annotation.DelegatingWsConfiguration$$EnhancerBySpringCGLIB$$960fc6cc] is not eligible for getting processed by all BeanPostProcessors (for example: not eligible for auto-proxying)
2021-12-16 11:06:55,341 [restartedMain] INFO  org.springframework.ws.soap.addressing.server.AnnotationActionEndpointMapping(afterPropertiesSet:239) - Supporting [WS-Addressing August 2004, WS-Addressing 1.0]
2021-12-16 11:06:55,362 [restartedMain] INFO  org.springframework.boot.web.embedded.tomcat.TomcatWebServer(initialize:108) - Tomcat initialized with port(s): 8080 (http)
2021-12-16 11:06:55,380 [restartedMain] INFO  org.springframework.boot.web.servlet.context.ServletWebServerApplicationContext(prepareWebApplicationContext:290) - Root WebApplicationContext: initialization completed in 176 ms
2021-12-16 11:06:55,456 [restartedMain] INFO  org.springframework.boot.autoconfigure.web.servlet.WelcomePageHandlerMapping(<init>:53) - Adding welcome page: class path resource [static/index.html]
2021-12-16 11:06:55,491 [restartedMain] INFO  org.springframework.boot.devtools.autoconfigure.OptionalLiveReloadServer(startServer:58) - LiveReload server is running on port 35729
2021-12-16 11:06:55,498 [restartedMain] INFO  org.springframework.boot.web.embedded.tomcat.TomcatWebServer(start:220) - Tomcat started on port(s): 8080 (http) with context path ''
2021-12-16 11:06:55,501 [restartedMain] INFO  com.iteyes.PmsApplication(logStarted:61) - Started PmsApplication in 0.325 seconds (JVM running for 6961.998)
2021-12-16 11:06:55,502 [restartedMain] INFO  org.springframework.boot.devtools.autoconfigure.ConditionEvaluationDeltaLoggingListener(onApplicationEvent:63) - Condition evaluation unchanged
2021-12-16 11:07:44,307 [restartedMain] INFO  com.iteyes.PmsApplication(logStarting:55) - Starting PmsApplication using Java 16.0.2 on DESKTOP-H5GEA9U with PID 15296 (C:\workspace\ProjectEyes\PMS\bin\main started by iteyes in C:\workspace\ProjectEyes\PMS)
2021-12-16 11:07:44,308 [restartedMain] DEBUG com.iteyes.PmsApplication(logStarting:56) - Running with Spring Boot v2.5.4, Spring v5.3.9
2021-12-16 11:07:44,308 [restartedMain] INFO  com.iteyes.PmsApplication(logStartupProfileInfo:659) - No active profile set, falling back to default profiles: default
2021-12-16 11:07:44,435 [restartedMain] INFO  org.springframework.context.support.PostProcessorRegistrationDelegate$BeanPostProcessorChecker(postProcessAfterInitialization:376) - Bean 'org.springframework.ws.config.annotation.DelegatingWsConfiguration' of type [org.springframework.ws.config.annotation.DelegatingWsConfiguration$$EnhancerBySpringCGLIB$$960fc6cc] is not eligible for getting processed by all BeanPostProcessors (for example: not eligible for auto-proxying)
2021-12-16 11:07:44,436 [restartedMain] INFO  org.springframework.ws.soap.addressing.server.AnnotationActionEndpointMapping(afterPropertiesSet:239) - Supporting [WS-Addressing August 2004, WS-Addressing 1.0]
2021-12-16 11:07:44,455 [restartedMain] INFO  org.springframework.boot.web.embedded.tomcat.TomcatWebServer(initialize:108) - Tomcat initialized with port(s): 8080 (http)
2021-12-16 11:07:44,473 [restartedMain] INFO  org.springframework.boot.web.servlet.context.ServletWebServerApplicationContext(prepareWebApplicationContext:290) - Root WebApplicationContext: initialization completed in 164 ms
2021-12-16 11:07:44,548 [restartedMain] INFO  org.springframework.boot.autoconfigure.web.servlet.WelcomePageHandlerMapping(<init>:53) - Adding welcome page: class path resource [static/index.html]
2021-12-16 11:07:44,582 [restartedMain] INFO  org.springframework.boot.devtools.autoconfigure.OptionalLiveReloadServer(startServer:58) - LiveReload server is running on port 35729
2021-12-16 11:07:44,589 [restartedMain] INFO  org.springframework.boot.web.embedded.tomcat.TomcatWebServer(start:220) - Tomcat started on port(s): 8080 (http) with context path ''
2021-12-16 11:07:44,591 [restartedMain] INFO  com.iteyes.PmsApplication(logStarted:61) - Started PmsApplication in 0.309 seconds (JVM running for 7011.089)
2021-12-16 11:07:44,592 [restartedMain] INFO  org.springframework.boot.devtools.autoconfigure.ConditionEvaluationDeltaLoggingListener(onApplicationEvent:63) - Condition evaluation unchanged
2021-12-16 11:07:53,303 [restartedMain] INFO  com.iteyes.PmsApplication(logStarting:55) - Starting PmsApplication using Java 16.0.2 on DESKTOP-H5GEA9U with PID 15296 (C:\workspace\ProjectEyes\PMS\bin\main started by iteyes in C:\workspace\ProjectEyes\PMS)
2021-12-16 11:07:53,303 [restartedMain] DEBUG com.iteyes.PmsApplication(logStarting:56) - Running with Spring Boot v2.5.4, Spring v5.3.9
2021-12-16 11:07:53,303 [restartedMain] INFO  com.iteyes.PmsApplication(logStartupProfileInfo:659) - No active profile set, falling back to default profiles: default
2021-12-16 11:07:53,444 [restartedMain] INFO  org.springframework.context.support.PostProcessorRegistrationDelegate$BeanPostProcessorChecker(postProcessAfterInitialization:376) - Bean 'org.springframework.ws.config.annotation.DelegatingWsConfiguration' of type [org.springframework.ws.config.annotation.DelegatingWsConfiguration$$EnhancerBySpringCGLIB$$960fc6cc] is not eligible for getting processed by all BeanPostProcessors (for example: not eligible for auto-proxying)
2021-12-16 11:07:53,445 [restartedMain] INFO  org.springframework.ws.soap.addressing.server.AnnotationActionEndpointMapping(afterPropertiesSet:239) - Supporting [WS-Addressing August 2004, WS-Addressing 1.0]
2021-12-16 11:07:53,466 [restartedMain] INFO  org.springframework.boot.web.embedded.tomcat.TomcatWebServer(initialize:108) - Tomcat initialized with port(s): 8080 (http)
2021-12-16 11:07:53,484 [restartedMain] INFO  org.springframework.boot.web.servlet.context.ServletWebServerApplicationContext(prepareWebApplicationContext:290) - Root WebApplicationContext: initialization completed in 179 ms
2021-12-16 11:07:53,561 [restartedMain] INFO  org.springframework.boot.autoconfigure.web.servlet.WelcomePageHandlerMapping(<init>:53) - Adding welcome page: class path resource [static/index.html]
2021-12-16 11:07:53,594 [restartedMain] INFO  org.springframework.boot.devtools.autoconfigure.OptionalLiveReloadServer(startServer:58) - LiveReload server is running on port 35729
2021-12-16 11:07:53,601 [restartedMain] INFO  org.springframework.boot.web.embedded.tomcat.TomcatWebServer(start:220) - Tomcat started on port(s): 8080 (http) with context path ''
2021-12-16 11:07:53,604 [restartedMain] INFO  com.iteyes.PmsApplication(logStarted:61) - Started PmsApplication in 0.329 seconds (JVM running for 7020.101)
2021-12-16 11:07:53,605 [restartedMain] INFO  org.springframework.boot.devtools.autoconfigure.ConditionEvaluationDeltaLoggingListener(onApplicationEvent:63) - Condition evaluation unchanged
2021-12-16 11:08:16,758 [restartedMain] INFO  com.iteyes.PmsApplication(logStarting:55) - Starting PmsApplication using Java 16.0.2 on DESKTOP-H5GEA9U with PID 15296 (C:\workspace\ProjectEyes\PMS\bin\main started by iteyes in C:\workspace\ProjectEyes\PMS)
2021-12-16 11:08:16,758 [restartedMain] DEBUG com.iteyes.PmsApplication(logStarting:56) - Running with Spring Boot v2.5.4, Spring v5.3.9
2021-12-16 11:08:16,758 [restartedMain] INFO  com.iteyes.PmsApplication(logStartupProfileInfo:659) - No active profile set, falling back to default profiles: default
2021-12-16 11:08:16,888 [restartedMain] INFO  org.springframework.context.support.PostProcessorRegistrationDelegate$BeanPostProcessorChecker(postProcessAfterInitialization:376) - Bean 'org.springframework.ws.config.annotation.DelegatingWsConfiguration' of type [org.springframework.ws.config.annotation.DelegatingWsConfiguration$$EnhancerBySpringCGLIB$$960fc6cc] is not eligible for getting processed by all BeanPostProcessors (for example: not eligible for auto-proxying)
2021-12-16 11:08:16,888 [restartedMain] INFO  org.springframework.ws.soap.addressing.server.AnnotationActionEndpointMapping(afterPropertiesSet:239) - Supporting [WS-Addressing August 2004, WS-Addressing 1.0]
2021-12-16 11:08:16,908 [restartedMain] INFO  org.springframework.boot.web.embedded.tomcat.TomcatWebServer(initialize:108) - Tomcat initialized with port(s): 8080 (http)
2021-12-16 11:08:16,925 [restartedMain] INFO  org.springframework.boot.web.servlet.context.ServletWebServerApplicationContext(prepareWebApplicationContext:290) - Root WebApplicationContext: initialization completed in 166 ms
2021-12-16 11:08:16,998 [restartedMain] INFO  org.springframework.boot.autoconfigure.web.servlet.WelcomePageHandlerMapping(<init>:53) - Adding welcome page: class path resource [static/index.html]
2021-12-16 11:08:17,024 [restartedMain] INFO  org.springframework.boot.devtools.autoconfigure.OptionalLiveReloadServer(startServer:58) - LiveReload server is running on port 35729
2021-12-16 11:08:17,031 [restartedMain] INFO  org.springframework.boot.web.embedded.tomcat.TomcatWebServer(start:220) - Tomcat started on port(s): 8080 (http) with context path ''
2021-12-16 11:08:17,033 [restartedMain] INFO  com.iteyes.PmsApplication(logStarted:61) - Started PmsApplication in 0.301 seconds (JVM running for 7043.531)
2021-12-16 11:08:17,034 [restartedMain] INFO  org.springframework.boot.devtools.autoconfigure.ConditionEvaluationDeltaLoggingListener(onApplicationEvent:63) - Condition evaluation unchanged
2021-12-16 11:08:37,085 [restartedMain] INFO  com.iteyes.PmsApplication(logStarting:55) - Starting PmsApplication using Java 16.0.2 on DESKTOP-H5GEA9U with PID 15296 (C:\workspace\ProjectEyes\PMS\bin\main started by iteyes in C:\workspace\ProjectEyes\PMS)
2021-12-16 11:08:37,085 [restartedMain] DEBUG com.iteyes.PmsApplication(logStarting:56) - Running with Spring Boot v2.5.4, Spring v5.3.9
2021-12-16 11:08:37,085 [restartedMain] INFO  com.iteyes.PmsApplication(logStartupProfileInfo:659) - No active profile set, falling back to default profiles: default
2021-12-16 11:08:37,224 [restartedMain] INFO  org.springframework.context.support.PostProcessorRegistrationDelegate$BeanPostProcessorChecker(postProcessAfterInitialization:376) - Bean 'org.springframework.ws.config.annotation.DelegatingWsConfiguration' of type [org.springframework.ws.config.annotation.DelegatingWsConfiguration$$EnhancerBySpringCGLIB$$960fc6cc] is not eligible for getting processed by all BeanPostProcessors (for example: not eligible for auto-proxying)
2021-12-16 11:08:37,224 [restartedMain] INFO  org.springframework.ws.soap.addressing.server.AnnotationActionEndpointMapping(afterPropertiesSet:239) - Supporting [WS-Addressing August 2004, WS-Addressing 1.0]
2021-12-16 11:08:37,244 [restartedMain] INFO  org.springframework.boot.web.embedded.tomcat.TomcatWebServer(initialize:108) - Tomcat initialized with port(s): 8080 (http)
2021-12-16 11:08:37,263 [restartedMain] INFO  org.springframework.boot.web.servlet.context.ServletWebServerApplicationContext(prepareWebApplicationContext:290) - Root WebApplicationContext: initialization completed in 176 ms
2021-12-16 11:08:37,348 [restartedMain] INFO  org.springframework.boot.autoconfigure.web.servlet.WelcomePageHandlerMapping(<init>:53) - Adding welcome page: class path resource [static/index.html]
2021-12-16 11:08:37,380 [restartedMain] INFO  org.springframework.boot.devtools.autoconfigure.OptionalLiveReloadServer(startServer:58) - LiveReload server is running on port 35729
2021-12-16 11:08:37,387 [restartedMain] INFO  org.springframework.boot.web.embedded.tomcat.TomcatWebServer(start:220) - Tomcat started on port(s): 8080 (http) with context path ''
2021-12-16 11:08:37,389 [restartedMain] INFO  com.iteyes.PmsApplication(logStarted:61) - Started PmsApplication in 0.333 seconds (JVM running for 7063.886)
2021-12-16 11:08:37,390 [restartedMain] INFO  org.springframework.boot.devtools.autoconfigure.ConditionEvaluationDeltaLoggingListener(onApplicationEvent:63) - Condition evaluation unchanged
2021-12-16 11:08:49,197 [restartedMain] INFO  com.iteyes.PmsApplication(logStarting:55) - Starting PmsApplication using Java 16.0.2 on DESKTOP-H5GEA9U with PID 15296 (C:\workspace\ProjectEyes\PMS\bin\main started by iteyes in C:\workspace\ProjectEyes\PMS)
2021-12-16 11:08:49,197 [restartedMain] DEBUG com.iteyes.PmsApplication(logStarting:56) - Running with Spring Boot v2.5.4, Spring v5.3.9
2021-12-16 11:08:49,197 [restartedMain] INFO  com.iteyes.PmsApplication(logStartupProfileInfo:659) - No active profile set, falling back to default profiles: default
2021-12-16 11:08:49,333 [restartedMain] INFO  org.springframework.context.support.PostProcessorRegistrationDelegate$BeanPostProcessorChecker(postProcessAfterInitialization:376) - Bean 'org.springframework.ws.config.annotation.DelegatingWsConfiguration' of type [org.springframework.ws.config.annotation.DelegatingWsConfiguration$$EnhancerBySpringCGLIB$$960fc6cc] is not eligible for getting processed by all BeanPostProcessors (for example: not eligible for auto-proxying)
2021-12-16 11:08:49,333 [restartedMain] INFO  org.springframework.ws.soap.addressing.server.AnnotationActionEndpointMapping(afterPropertiesSet:239) - Supporting [WS-Addressing August 2004, WS-Addressing 1.0]
2021-12-16 11:08:49,353 [restartedMain] INFO  org.springframework.boot.web.embedded.tomcat.TomcatWebServer(initialize:108) - Tomcat initialized with port(s): 8080 (http)
2021-12-16 11:08:49,370 [restartedMain] INFO  org.springframework.boot.web.servlet.context.ServletWebServerApplicationContext(prepareWebApplicationContext:290) - Root WebApplicationContext: initialization completed in 171 ms
2021-12-16 11:08:49,446 [restartedMain] INFO  org.springframework.boot.autoconfigure.web.servlet.WelcomePageHandlerMapping(<init>:53) - Adding welcome page: class path resource [static/index.html]
2021-12-16 11:08:49,475 [restartedMain] INFO  org.springframework.boot.devtools.autoconfigure.OptionalLiveReloadServer(startServer:58) - LiveReload server is running on port 35729
2021-12-16 11:08:49,482 [restartedMain] INFO  org.springframework.boot.web.embedded.tomcat.TomcatWebServer(start:220) - Tomcat started on port(s): 8080 (http) with context path ''
2021-12-16 11:08:49,485 [restartedMain] INFO  com.iteyes.PmsApplication(logStarted:61) - Started PmsApplication in 0.312 seconds (JVM running for 7075.982)
2021-12-16 11:08:49,485 [restartedMain] INFO  org.springframework.boot.devtools.autoconfigure.ConditionEvaluationDeltaLoggingListener(onApplicationEvent:63) - Condition evaluation unchanged
2021-12-16 11:09:01,236 [restartedMain] INFO  com.iteyes.PmsApplication(logStarting:55) - Starting PmsApplication using Java 16.0.2 on DESKTOP-H5GEA9U with PID 15296 (C:\workspace\ProjectEyes\PMS\bin\main started by iteyes in C:\workspace\ProjectEyes\PMS)
2021-12-16 11:09:01,236 [restartedMain] DEBUG com.iteyes.PmsApplication(logStarting:56) - Running with Spring Boot v2.5.4, Spring v5.3.9
2021-12-16 11:09:01,236 [restartedMain] INFO  com.iteyes.PmsApplication(logStartupProfileInfo:659) - No active profile set, falling back to default profiles: default
2021-12-16 11:09:01,373 [restartedMain] INFO  org.springframework.context.support.PostProcessorRegistrationDelegate$BeanPostProcessorChecker(postProcessAfterInitialization:376) - Bean 'org.springframework.ws.config.annotation.DelegatingWsConfiguration' of type [org.springframework.ws.config.annotation.DelegatingWsConfiguration$$EnhancerBySpringCGLIB$$960fc6cc] is not eligible for getting processed by all BeanPostProcessors (for example: not eligible for auto-proxying)
2021-12-16 11:09:01,374 [restartedMain] INFO  org.springframework.ws.soap.addressing.server.AnnotationActionEndpointMapping(afterPropertiesSet:239) - Supporting [WS-Addressing August 2004, WS-Addressing 1.0]
2021-12-16 11:09:01,394 [restartedMain] INFO  org.springframework.boot.web.embedded.tomcat.TomcatWebServer(initialize:108) - Tomcat initialized with port(s): 8080 (http)
2021-12-16 11:09:01,411 [restartedMain] INFO  org.springframework.boot.web.servlet.context.ServletWebServerApplicationContext(prepareWebApplicationContext:290) - Root WebApplicationContext: initialization completed in 173 ms
2021-12-16 11:09:01,488 [restartedMain] INFO  org.springframework.boot.autoconfigure.web.servlet.WelcomePageHandlerMapping(<init>:53) - Adding welcome page: class path resource [static/index.html]
2021-12-16 11:09:01,516 [restartedMain] INFO  org.springframework.boot.devtools.autoconfigure.OptionalLiveReloadServer(startServer:58) - LiveReload server is running on port 35729
2021-12-16 11:09:01,523 [restartedMain] INFO  org.springframework.boot.web.embedded.tomcat.TomcatWebServer(start:220) - Tomcat started on port(s): 8080 (http) with context path ''
2021-12-16 11:09:01,525 [restartedMain] INFO  com.iteyes.PmsApplication(logStarted:61) - Started PmsApplication in 0.316 seconds (JVM running for 7088.023)
2021-12-16 11:09:01,526 [restartedMain] INFO  org.springframework.boot.devtools.autoconfigure.ConditionEvaluationDeltaLoggingListener(onApplicationEvent:63) - Condition evaluation unchanged
2021-12-16 11:09:10,154 [restartedMain] INFO  com.iteyes.PmsApplication(logStarting:55) - Starting PmsApplication using Java 16.0.2 on DESKTOP-H5GEA9U with PID 15296 (C:\workspace\ProjectEyes\PMS\bin\main started by iteyes in C:\workspace\ProjectEyes\PMS)
2021-12-16 11:09:10,155 [restartedMain] DEBUG com.iteyes.PmsApplication(logStarting:56) - Running with Spring Boot v2.5.4, Spring v5.3.9
2021-12-16 11:09:10,155 [restartedMain] INFO  com.iteyes.PmsApplication(logStartupProfileInfo:659) - No active profile set, falling back to default profiles: default
2021-12-16 11:09:10,292 [restartedMain] INFO  org.springframework.context.support.PostProcessorRegistrationDelegate$BeanPostProcessorChecker(postProcessAfterInitialization:376) - Bean 'org.springframework.ws.config.annotation.DelegatingWsConfiguration' of type [org.springframework.ws.config.annotation.DelegatingWsConfiguration$$EnhancerBySpringCGLIB$$960fc6cc] is not eligible for getting processed by all BeanPostProcessors (for example: not eligible for auto-proxying)
2021-12-16 11:09:10,292 [restartedMain] INFO  org.springframework.ws.soap.addressing.server.AnnotationActionEndpointMapping(afterPropertiesSet:239) - Supporting [WS-Addressing August 2004, WS-Addressing 1.0]
2021-12-16 11:09:10,314 [restartedMain] INFO  org.springframework.boot.web.embedded.tomcat.TomcatWebServer(initialize:108) - Tomcat initialized with port(s): 8080 (http)
2021-12-16 11:09:10,331 [restartedMain] INFO  org.springframework.boot.web.servlet.context.ServletWebServerApplicationContext(prepareWebApplicationContext:290) - Root WebApplicationContext: initialization completed in 175 ms
2021-12-16 11:09:10,402 [restartedMain] INFO  org.springframework.boot.autoconfigure.web.servlet.WelcomePageHandlerMapping(<init>:53) - Adding welcome page: class path resource [static/index.html]
2021-12-16 11:09:10,429 [restartedMain] INFO  org.springframework.boot.devtools.autoconfigure.OptionalLiveReloadServer(startServer:58) - LiveReload server is running on port 35729
2021-12-16 11:09:10,437 [restartedMain] INFO  org.springframework.boot.web.embedded.tomcat.TomcatWebServer(start:220) - Tomcat started on port(s): 8080 (http) with context path ''
2021-12-16 11:09:10,439 [restartedMain] INFO  com.iteyes.PmsApplication(logStarted:61) - Started PmsApplication in 0.313 seconds (JVM running for 7096.937)
2021-12-16 11:09:10,440 [restartedMain] INFO  org.springframework.boot.devtools.autoconfigure.ConditionEvaluationDeltaLoggingListener(onApplicationEvent:63) - Condition evaluation unchanged
2021-12-16 11:11:35,199 [restartedMain] INFO  com.iteyes.PmsApplication(logStarting:55) - Starting PmsApplication using Java 16.0.2 on DESKTOP-H5GEA9U with PID 15296 (C:\workspace\ProjectEyes\PMS\bin\main started by iteyes in C:\workspace\ProjectEyes\PMS)
2021-12-16 11:11:35,199 [restartedMain] DEBUG com.iteyes.PmsApplication(logStarting:56) - Running with Spring Boot v2.5.4, Spring v5.3.9
2021-12-16 11:11:35,199 [restartedMain] INFO  com.iteyes.PmsApplication(logStartupProfileInfo:659) - No active profile set, falling back to default profiles: default
2021-12-16 11:11:35,344 [restartedMain] INFO  org.springframework.context.support.PostProcessorRegistrationDelegate$BeanPostProcessorChecker(postProcessAfterInitialization:376) - Bean 'org.springframework.ws.config.annotation.DelegatingWsConfiguration' of type [org.springframework.ws.config.annotation.DelegatingWsConfiguration$$EnhancerBySpringCGLIB$$960fc6cc] is not eligible for getting processed by all BeanPostProcessors (for example: not eligible for auto-proxying)
2021-12-16 11:11:35,345 [restartedMain] INFO  org.springframework.ws.soap.addressing.server.AnnotationActionEndpointMapping(afterPropertiesSet:239) - Supporting [WS-Addressing August 2004, WS-Addressing 1.0]
2021-12-16 11:11:35,371 [restartedMain] INFO  org.springframework.boot.web.embedded.tomcat.TomcatWebServer(initialize:108) - Tomcat initialized with port(s): 8080 (http)
2021-12-16 11:11:35,391 [restartedMain] INFO  org.springframework.boot.web.servlet.context.ServletWebServerApplicationContext(prepareWebApplicationContext:290) - Root WebApplicationContext: initialization completed in 190 ms
2021-12-16 11:11:35,477 [restartedMain] INFO  org.springframework.boot.autoconfigure.web.servlet.WelcomePageHandlerMapping(<init>:53) - Adding welcome page: class path resource [static/index.html]
2021-12-16 11:11:35,522 [restartedMain] INFO  org.springframework.boot.devtools.autoconfigure.OptionalLiveReloadServer(startServer:58) - LiveReload server is running on port 35729
2021-12-16 11:11:35,532 [restartedMain] INFO  org.springframework.boot.web.embedded.tomcat.TomcatWebServer(start:220) - Tomcat started on port(s): 8080 (http) with context path ''
2021-12-16 11:11:35,535 [restartedMain] INFO  com.iteyes.PmsApplication(logStarted:61) - Started PmsApplication in 0.368 seconds (JVM running for 7242.032)
2021-12-16 11:11:35,536 [restartedMain] INFO  org.springframework.boot.devtools.autoconfigure.ConditionEvaluationDeltaLoggingListener(onApplicationEvent:63) - Condition evaluation unchanged
2021-12-16 11:11:57,578 [restartedMain] INFO  com.iteyes.PmsApplication(logStarting:55) - Starting PmsApplication using Java 16.0.2 on DESKTOP-H5GEA9U with PID 15296 (C:\workspace\ProjectEyes\PMS\bin\main started by iteyes in C:\workspace\ProjectEyes\PMS)
2021-12-16 11:11:57,579 [restartedMain] DEBUG com.iteyes.PmsApplication(logStarting:56) - Running with Spring Boot v2.5.4, Spring v5.3.9
2021-12-16 11:11:57,579 [restartedMain] INFO  com.iteyes.PmsApplication(logStartupProfileInfo:659) - No active profile set, falling back to default profiles: default
2021-12-16 11:11:57,718 [restartedMain] INFO  org.springframework.context.support.PostProcessorRegistrationDelegate$BeanPostProcessorChecker(postProcessAfterInitialization:376) - Bean 'org.springframework.ws.config.annotation.DelegatingWsConfiguration' of type [org.springframework.ws.config.annotation.DelegatingWsConfiguration$$EnhancerBySpringCGLIB$$960fc6cc] is not eligible for getting processed by all BeanPostProcessors (for example: not eligible for auto-proxying)
2021-12-16 11:11:57,719 [restartedMain] INFO  org.springframework.ws.soap.addressing.server.AnnotationActionEndpointMapping(afterPropertiesSet:239) - Supporting [WS-Addressing August 2004, WS-Addressing 1.0]
2021-12-16 11:11:57,739 [restartedMain] INFO  org.springframework.boot.web.embedded.tomcat.TomcatWebServer(initialize:108) - Tomcat initialized with port(s): 8080 (http)
2021-12-16 11:11:57,757 [restartedMain] INFO  org.springframework.boot.web.servlet.context.ServletWebServerApplicationContext(prepareWebApplicationContext:290) - Root WebApplicationContext: initialization completed in 176 ms
2021-12-16 11:11:57,828 [restartedMain] INFO  org.springframework.boot.autoconfigure.web.servlet.WelcomePageHandlerMapping(<init>:53) - Adding welcome page: class path resource [static/index.html]
2021-12-16 11:11:57,857 [restartedMain] INFO  org.springframework.boot.devtools.autoconfigure.OptionalLiveReloadServer(startServer:58) - LiveReload server is running on port 35729
2021-12-16 11:11:57,864 [restartedMain] INFO  org.springframework.boot.web.embedded.tomcat.TomcatWebServer(start:220) - Tomcat started on port(s): 8080 (http) with context path ''
2021-12-16 11:11:57,867 [restartedMain] INFO  com.iteyes.PmsApplication(logStarted:61) - Started PmsApplication in 0.318 seconds (JVM running for 7264.364)
2021-12-16 11:11:57,867 [restartedMain] INFO  org.springframework.boot.devtools.autoconfigure.ConditionEvaluationDeltaLoggingListener(onApplicationEvent:63) - Condition evaluation unchanged
2021-12-16 11:12:48,680 [restartedMain] INFO  com.iteyes.PmsApplication(logStarting:55) - Starting PmsApplication using Java 16.0.2 on DESKTOP-H5GEA9U with PID 15296 (C:\workspace\ProjectEyes\PMS\bin\main started by iteyes in C:\workspace\ProjectEyes\PMS)
2021-12-16 11:12:48,681 [restartedMain] DEBUG com.iteyes.PmsApplication(logStarting:56) - Running with Spring Boot v2.5.4, Spring v5.3.9
2021-12-16 11:12:48,681 [restartedMain] INFO  com.iteyes.PmsApplication(logStartupProfileInfo:659) - No active profile set, falling back to default profiles: default
2021-12-16 11:12:48,823 [restartedMain] INFO  org.springframework.context.support.PostProcessorRegistrationDelegate$BeanPostProcessorChecker(postProcessAfterInitialization:376) - Bean 'org.springframework.ws.config.annotation.DelegatingWsConfiguration' of type [org.springframework.ws.config.annotation.DelegatingWsConfiguration$$EnhancerBySpringCGLIB$$960fc6cc] is not eligible for getting processed by all BeanPostProcessors (for example: not eligible for auto-proxying)
2021-12-16 11:12:48,823 [restartedMain] INFO  org.springframework.ws.soap.addressing.server.AnnotationActionEndpointMapping(afterPropertiesSet:239) - Supporting [WS-Addressing August 2004, WS-Addressing 1.0]
2021-12-16 11:12:48,845 [restartedMain] INFO  org.springframework.boot.web.embedded.tomcat.TomcatWebServer(initialize:108) - Tomcat initialized with port(s): 8080 (http)
2021-12-16 11:12:48,864 [restartedMain] INFO  org.springframework.boot.web.servlet.context.ServletWebServerApplicationContext(prepareWebApplicationContext:290) - Root WebApplicationContext: initialization completed in 181 ms
2021-12-16 11:12:48,940 [restartedMain] INFO  org.springframework.boot.autoconfigure.web.servlet.WelcomePageHandlerMapping(<init>:53) - Adding welcome page: class path resource [static/index.html]
2021-12-16 11:12:48,970 [restartedMain] INFO  org.springframework.boot.devtools.autoconfigure.OptionalLiveReloadServer(startServer:58) - LiveReload server is running on port 35729
2021-12-16 11:12:48,977 [restartedMain] INFO  org.springframework.boot.web.embedded.tomcat.TomcatWebServer(start:220) - Tomcat started on port(s): 8080 (http) with context path ''
2021-12-16 11:12:48,980 [restartedMain] INFO  com.iteyes.PmsApplication(logStarted:61) - Started PmsApplication in 0.329 seconds (JVM running for 7315.477)
2021-12-16 11:12:48,980 [restartedMain] INFO  org.springframework.boot.devtools.autoconfigure.ConditionEvaluationDeltaLoggingListener(onApplicationEvent:63) - Condition evaluation unchanged
2021-12-16 11:13:02,833 [restartedMain] INFO  com.iteyes.PmsApplication(logStarting:55) - Starting PmsApplication using Java 16.0.2 on DESKTOP-H5GEA9U with PID 15296 (C:\workspace\ProjectEyes\PMS\bin\main started by iteyes in C:\workspace\ProjectEyes\PMS)
2021-12-16 11:13:02,834 [restartedMain] DEBUG com.iteyes.PmsApplication(logStarting:56) - Running with Spring Boot v2.5.4, Spring v5.3.9
2021-12-16 11:13:02,834 [restartedMain] INFO  com.iteyes.PmsApplication(logStartupProfileInfo:659) - No active profile set, falling back to default profiles: default
2021-12-16 11:13:02,964 [restartedMain] INFO  org.springframework.context.support.PostProcessorRegistrationDelegate$BeanPostProcessorChecker(postProcessAfterInitialization:376) - Bean 'org.springframework.ws.config.annotation.DelegatingWsConfiguration' of type [org.springframework.ws.config.annotation.DelegatingWsConfiguration$$EnhancerBySpringCGLIB$$960fc6cc] is not eligible for getting processed by all BeanPostProcessors (for example: not eligible for auto-proxying)
2021-12-16 11:13:02,965 [restartedMain] INFO  org.springframework.ws.soap.addressing.server.AnnotationActionEndpointMapping(afterPropertiesSet:239) - Supporting [WS-Addressing August 2004, WS-Addressing 1.0]
2021-12-16 11:13:02,985 [restartedMain] INFO  org.springframework.boot.web.embedded.tomcat.TomcatWebServer(initialize:108) - Tomcat initialized with port(s): 8080 (http)
2021-12-16 11:13:03,002 [restartedMain] INFO  org.springframework.boot.web.servlet.context.ServletWebServerApplicationContext(prepareWebApplicationContext:290) - Root WebApplicationContext: initialization completed in 167 ms
2021-12-16 11:13:03,078 [restartedMain] INFO  org.springframework.boot.autoconfigure.web.servlet.WelcomePageHandlerMapping(<init>:53) - Adding welcome page: class path resource [static/index.html]
2021-12-16 11:13:03,107 [restartedMain] INFO  org.springframework.boot.devtools.autoconfigure.OptionalLiveReloadServer(startServer:58) - LiveReload server is running on port 35729
2021-12-16 11:13:03,114 [restartedMain] INFO  org.springframework.boot.web.embedded.tomcat.TomcatWebServer(start:220) - Tomcat started on port(s): 8080 (http) with context path ''
2021-12-16 11:13:03,116 [restartedMain] INFO  com.iteyes.PmsApplication(logStarted:61) - Started PmsApplication in 0.309 seconds (JVM running for 7329.614)
2021-12-16 11:13:03,117 [restartedMain] INFO  org.springframework.boot.devtools.autoconfigure.ConditionEvaluationDeltaLoggingListener(onApplicationEvent:63) - Condition evaluation unchanged
2021-12-16 11:13:05,690 [restartedMain] INFO  com.iteyes.PmsApplication(logStarting:55) - Starting PmsApplication using Java 16.0.2 on DESKTOP-H5GEA9U with PID 15296 (C:\workspace\ProjectEyes\PMS\bin\main started by iteyes in C:\workspace\ProjectEyes\PMS)
2021-12-16 11:13:05,690 [restartedMain] DEBUG com.iteyes.PmsApplication(logStarting:56) - Running with Spring Boot v2.5.4, Spring v5.3.9
2021-12-16 11:13:05,690 [restartedMain] INFO  com.iteyes.PmsApplication(logStartupProfileInfo:659) - No active profile set, falling back to default profiles: default
2021-12-16 11:13:05,826 [restartedMain] INFO  org.springframework.context.support.PostProcessorRegistrationDelegate$BeanPostProcessorChecker(postProcessAfterInitialization:376) - Bean 'org.springframework.ws.config.annotation.DelegatingWsConfiguration' of type [org.springframework.ws.config.annotation.DelegatingWsConfiguration$$EnhancerBySpringCGLIB$$960fc6cc] is not eligible for getting processed by all BeanPostProcessors (for example: not eligible for auto-proxying)
2021-12-16 11:13:05,826 [restartedMain] INFO  org.springframework.ws.soap.addressing.server.AnnotationActionEndpointMapping(afterPropertiesSet:239) - Supporting [WS-Addressing August 2004, WS-Addressing 1.0]
2021-12-16 11:13:05,846 [restartedMain] INFO  org.springframework.boot.web.embedded.tomcat.TomcatWebServer(initialize:108) - Tomcat initialized with port(s): 8080 (http)
2021-12-16 11:13:05,864 [restartedMain] INFO  org.springframework.boot.web.servlet.context.ServletWebServerApplicationContext(prepareWebApplicationContext:290) - Root WebApplicationContext: initialization completed in 172 ms
2021-12-16 11:13:05,939 [restartedMain] INFO  org.springframework.boot.autoconfigure.web.servlet.WelcomePageHandlerMapping(<init>:53) - Adding welcome page: class path resource [static/index.html]
2021-12-16 11:13:05,967 [restartedMain] INFO  org.springframework.boot.devtools.autoconfigure.OptionalLiveReloadServer(startServer:58) - LiveReload server is running on port 35729
2021-12-16 11:13:05,974 [restartedMain] INFO  org.springframework.boot.web.embedded.tomcat.TomcatWebServer(start:220) - Tomcat started on port(s): 8080 (http) with context path ''
2021-12-16 11:13:05,976 [restartedMain] INFO  com.iteyes.PmsApplication(logStarted:61) - Started PmsApplication in 0.312 seconds (JVM running for 7332.473)
2021-12-16 11:13:05,976 [restartedMain] INFO  org.springframework.boot.devtools.autoconfigure.ConditionEvaluationDeltaLoggingListener(onApplicationEvent:63) - Condition evaluation unchanged
2021-12-16 11:13:25,998 [restartedMain] INFO  com.iteyes.PmsApplication(logStarting:55) - Starting PmsApplication using Java 16.0.2 on DESKTOP-H5GEA9U with PID 15296 (C:\workspace\ProjectEyes\PMS\bin\main started by iteyes in C:\workspace\ProjectEyes\PMS)
2021-12-16 11:13:25,998 [restartedMain] DEBUG com.iteyes.PmsApplication(logStarting:56) - Running with Spring Boot v2.5.4, Spring v5.3.9
2021-12-16 11:13:25,998 [restartedMain] INFO  com.iteyes.PmsApplication(logStartupProfileInfo:659) - No active profile set, falling back to default profiles: default
2021-12-16 11:13:26,134 [restartedMain] INFO  org.springframework.context.support.PostProcessorRegistrationDelegate$BeanPostProcessorChecker(postProcessAfterInitialization:376) - Bean 'org.springframework.ws.config.annotation.DelegatingWsConfiguration' of type [org.springframework.ws.config.annotation.DelegatingWsConfiguration$$EnhancerBySpringCGLIB$$960fc6cc] is not eligible for getting processed by all BeanPostProcessors (for example: not eligible for auto-proxying)
2021-12-16 11:13:26,135 [restartedMain] INFO  org.springframework.ws.soap.addressing.server.AnnotationActionEndpointMapping(afterPropertiesSet:239) - Supporting [WS-Addressing August 2004, WS-Addressing 1.0]
2021-12-16 11:13:26,154 [restartedMain] INFO  org.springframework.boot.web.embedded.tomcat.TomcatWebServer(initialize:108) - Tomcat initialized with port(s): 8080 (http)
2021-12-16 11:13:26,171 [restartedMain] INFO  org.springframework.boot.web.servlet.context.ServletWebServerApplicationContext(prepareWebApplicationContext:290) - Root WebApplicationContext: initialization completed in 171 ms
2021-12-16 11:13:26,244 [restartedMain] INFO  org.springframework.boot.autoconfigure.web.servlet.WelcomePageHandlerMapping(<init>:53) - Adding welcome page: class path resource [static/index.html]
2021-12-16 11:13:26,270 [restartedMain] INFO  org.springframework.boot.devtools.autoconfigure.OptionalLiveReloadServer(startServer:58) - LiveReload server is running on port 35729
2021-12-16 11:13:26,277 [restartedMain] INFO  org.springframework.boot.web.embedded.tomcat.TomcatWebServer(start:220) - Tomcat started on port(s): 8080 (http) with context path ''
2021-12-16 11:13:26,279 [restartedMain] INFO  com.iteyes.PmsApplication(logStarted:61) - Started PmsApplication in 0.308 seconds (JVM running for 7352.777)
2021-12-16 11:13:26,280 [restartedMain] INFO  org.springframework.boot.devtools.autoconfigure.ConditionEvaluationDeltaLoggingListener(onApplicationEvent:63) - Condition evaluation unchanged
2021-12-16 11:13:29,889 [restartedMain] INFO  com.iteyes.PmsApplication(logStarting:55) - Starting PmsApplication using Java 16.0.2 on DESKTOP-H5GEA9U with PID 15296 (C:\workspace\ProjectEyes\PMS\bin\main started by iteyes in C:\workspace\ProjectEyes\PMS)
2021-12-16 11:13:29,889 [restartedMain] DEBUG com.iteyes.PmsApplication(logStarting:56) - Running with Spring Boot v2.5.4, Spring v5.3.9
2021-12-16 11:13:29,889 [restartedMain] INFO  com.iteyes.PmsApplication(logStartupProfileInfo:659) - No active profile set, falling back to default profiles: default
2021-12-16 11:13:30,020 [restartedMain] INFO  org.springframework.context.support.PostProcessorRegistrationDelegate$BeanPostProcessorChecker(postProcessAfterInitialization:376) - Bean 'org.springframework.ws.config.annotation.DelegatingWsConfiguration' of type [org.springframework.ws.config.annotation.DelegatingWsConfiguration$$EnhancerBySpringCGLIB$$960fc6cc] is not eligible for getting processed by all BeanPostProcessors (for example: not eligible for auto-proxying)
2021-12-16 11:13:30,020 [restartedMain] INFO  org.springframework.ws.soap.addressing.server.AnnotationActionEndpointMapping(afterPropertiesSet:239) - Supporting [WS-Addressing August 2004, WS-Addressing 1.0]
2021-12-16 11:13:30,040 [restartedMain] INFO  org.springframework.boot.web.embedded.tomcat.TomcatWebServer(initialize:108) - Tomcat initialized with port(s): 8080 (http)
2021-12-16 11:13:30,057 [restartedMain] INFO  org.springframework.boot.web.servlet.context.ServletWebServerApplicationContext(prepareWebApplicationContext:290) - Root WebApplicationContext: initialization completed in 167 ms
2021-12-16 11:13:30,131 [restartedMain] INFO  org.springframework.boot.autoconfigure.web.servlet.WelcomePageHandlerMapping(<init>:53) - Adding welcome page: class path resource [static/index.html]
2021-12-16 11:13:30,161 [restartedMain] INFO  org.springframework.boot.devtools.autoconfigure.OptionalLiveReloadServer(startServer:58) - LiveReload server is running on port 35729
2021-12-16 11:13:30,169 [restartedMain] INFO  org.springframework.boot.web.embedded.tomcat.TomcatWebServer(start:220) - Tomcat started on port(s): 8080 (http) with context path ''
2021-12-16 11:13:30,171 [restartedMain] INFO  com.iteyes.PmsApplication(logStarted:61) - Started PmsApplication in 0.307 seconds (JVM running for 7356.669)
2021-12-16 11:13:30,172 [restartedMain] INFO  org.springframework.boot.devtools.autoconfigure.ConditionEvaluationDeltaLoggingListener(onApplicationEvent:63) - Condition evaluation unchanged
2021-12-16 11:13:51,221 [restartedMain] INFO  com.iteyes.PmsApplication(logStarting:55) - Starting PmsApplication using Java 16.0.2 on DESKTOP-H5GEA9U with PID 15296 (C:\workspace\ProjectEyes\PMS\bin\main started by iteyes in C:\workspace\ProjectEyes\PMS)
2021-12-16 11:13:51,221 [restartedMain] DEBUG com.iteyes.PmsApplication(logStarting:56) - Running with Spring Boot v2.5.4, Spring v5.3.9
2021-12-16 11:13:51,221 [restartedMain] INFO  com.iteyes.PmsApplication(logStartupProfileInfo:659) - No active profile set, falling back to default profiles: default
2021-12-16 11:13:51,356 [restartedMain] INFO  org.springframework.context.support.PostProcessorRegistrationDelegate$BeanPostProcessorChecker(postProcessAfterInitialization:376) - Bean 'org.springframework.ws.config.annotation.DelegatingWsConfiguration' of type [org.springframework.ws.config.annotation.DelegatingWsConfiguration$$EnhancerBySpringCGLIB$$960fc6cc] is not eligible for getting processed by all BeanPostProcessors (for example: not eligible for auto-proxying)
2021-12-16 11:13:51,356 [restartedMain] INFO  org.springframework.ws.soap.addressing.server.AnnotationActionEndpointMapping(afterPropertiesSet:239) - Supporting [WS-Addressing August 2004, WS-Addressing 1.0]
2021-12-16 11:13:51,376 [restartedMain] INFO  org.springframework.boot.web.embedded.tomcat.TomcatWebServer(initialize:108) - Tomcat initialized with port(s): 8080 (http)
2021-12-16 11:13:51,393 [restartedMain] INFO  org.springframework.boot.web.servlet.context.ServletWebServerApplicationContext(prepareWebApplicationContext:290) - Root WebApplicationContext: initialization completed in 170 ms
2021-12-16 11:13:51,467 [restartedMain] INFO  org.springframework.boot.autoconfigure.web.servlet.WelcomePageHandlerMapping(<init>:53) - Adding welcome page: class path resource [static/index.html]
2021-12-16 11:13:51,495 [restartedMain] INFO  org.springframework.boot.devtools.autoconfigure.OptionalLiveReloadServer(startServer:58) - LiveReload server is running on port 35729
2021-12-16 11:13:51,502 [restartedMain] INFO  org.springframework.boot.web.embedded.tomcat.TomcatWebServer(start:220) - Tomcat started on port(s): 8080 (http) with context path ''
2021-12-16 11:13:51,504 [restartedMain] INFO  com.iteyes.PmsApplication(logStarted:61) - Started PmsApplication in 0.309 seconds (JVM running for 7378.002)
2021-12-16 11:13:51,505 [restartedMain] INFO  org.springframework.boot.devtools.autoconfigure.ConditionEvaluationDeltaLoggingListener(onApplicationEvent:63) - Condition evaluation unchanged
2021-12-16 11:14:02,273 [restartedMain] INFO  com.iteyes.PmsApplication(logStarting:55) - Starting PmsApplication using Java 16.0.2 on DESKTOP-H5GEA9U with PID 15296 (C:\workspace\ProjectEyes\PMS\bin\main started by iteyes in C:\workspace\ProjectEyes\PMS)
2021-12-16 11:14:02,273 [restartedMain] DEBUG com.iteyes.PmsApplication(logStarting:56) - Running with Spring Boot v2.5.4, Spring v5.3.9
2021-12-16 11:14:02,273 [restartedMain] INFO  com.iteyes.PmsApplication(logStartupProfileInfo:659) - No active profile set, falling back to default profiles: default
2021-12-16 11:14:02,419 [restartedMain] INFO  org.springframework.context.support.PostProcessorRegistrationDelegate$BeanPostProcessorChecker(postProcessAfterInitialization:376) - Bean 'org.springframework.ws.config.annotation.DelegatingWsConfiguration' of type [org.springframework.ws.config.annotation.DelegatingWsConfiguration$$EnhancerBySpringCGLIB$$960fc6cc] is not eligible for getting processed by all BeanPostProcessors (for example: not eligible for auto-proxying)
2021-12-16 11:14:02,419 [restartedMain] INFO  org.springframework.ws.soap.addressing.server.AnnotationActionEndpointMapping(afterPropertiesSet:239) - Supporting [WS-Addressing August 2004, WS-Addressing 1.0]
2021-12-16 11:14:02,439 [restartedMain] INFO  org.springframework.boot.web.embedded.tomcat.TomcatWebServer(initialize:108) - Tomcat initialized with port(s): 8080 (http)
2021-12-16 11:14:02,456 [restartedMain] INFO  org.springframework.boot.web.servlet.context.ServletWebServerApplicationContext(prepareWebApplicationContext:290) - Root WebApplicationContext: initialization completed in 181 ms
2021-12-16 11:14:02,527 [restartedMain] INFO  org.springframework.boot.autoconfigure.web.servlet.WelcomePageHandlerMapping(<init>:53) - Adding welcome page: class path resource [static/index.html]
2021-12-16 11:14:02,553 [restartedMain] INFO  org.springframework.boot.devtools.autoconfigure.OptionalLiveReloadServer(startServer:58) - LiveReload server is running on port 35729
2021-12-16 11:14:02,560 [restartedMain] INFO  org.springframework.boot.web.embedded.tomcat.TomcatWebServer(start:220) - Tomcat started on port(s): 8080 (http) with context path ''
2021-12-16 11:14:02,562 [restartedMain] INFO  com.iteyes.PmsApplication(logStarted:61) - Started PmsApplication in 0.318 seconds (JVM running for 7389.059)
2021-12-16 11:14:02,563 [restartedMain] INFO  org.springframework.boot.devtools.autoconfigure.ConditionEvaluationDeltaLoggingListener(onApplicationEvent:63) - Condition evaluation unchanged
2021-12-16 11:14:12,326 [restartedMain] INFO  com.iteyes.PmsApplication(logStarting:55) - Starting PmsApplication using Java 16.0.2 on DESKTOP-H5GEA9U with PID 15296 (C:\workspace\ProjectEyes\PMS\bin\main started by iteyes in C:\workspace\ProjectEyes\PMS)
2021-12-16 11:14:12,327 [restartedMain] DEBUG com.iteyes.PmsApplication(logStarting:56) - Running with Spring Boot v2.5.4, Spring v5.3.9
2021-12-16 11:14:12,327 [restartedMain] INFO  com.iteyes.PmsApplication(logStartupProfileInfo:659) - No active profile set, falling back to default profiles: default
2021-12-16 11:14:12,465 [restartedMain] INFO  org.springframework.context.support.PostProcessorRegistrationDelegate$BeanPostProcessorChecker(postProcessAfterInitialization:376) - Bean 'org.springframework.ws.config.annotation.DelegatingWsConfiguration' of type [org.springframework.ws.config.annotation.DelegatingWsConfiguration$$EnhancerBySpringCGLIB$$960fc6cc] is not eligible for getting processed by all BeanPostProcessors (for example: not eligible for auto-proxying)
2021-12-16 11:14:12,465 [restartedMain] INFO  org.springframework.ws.soap.addressing.server.AnnotationActionEndpointMapping(afterPropertiesSet:239) - Supporting [WS-Addressing August 2004, WS-Addressing 1.0]
2021-12-16 11:14:12,485 [restartedMain] INFO  org.springframework.boot.web.embedded.tomcat.TomcatWebServer(initialize:108) - Tomcat initialized with port(s): 8080 (http)
2021-12-16 11:14:12,502 [restartedMain] INFO  org.springframework.boot.web.servlet.context.ServletWebServerApplicationContext(prepareWebApplicationContext:290) - Root WebApplicationContext: initialization completed in 174 ms
2021-12-16 11:14:12,575 [restartedMain] INFO  org.springframework.boot.autoconfigure.web.servlet.WelcomePageHandlerMapping(<init>:53) - Adding welcome page: class path resource [static/index.html]
2021-12-16 11:14:12,602 [restartedMain] INFO  org.springframework.boot.devtools.autoconfigure.OptionalLiveReloadServer(startServer:58) - LiveReload server is running on port 35729
2021-12-16 11:14:12,609 [restartedMain] INFO  org.springframework.boot.web.embedded.tomcat.TomcatWebServer(start:220) - Tomcat started on port(s): 8080 (http) with context path ''
2021-12-16 11:14:12,611 [restartedMain] INFO  com.iteyes.PmsApplication(logStarted:61) - Started PmsApplication in 0.32 seconds (JVM running for 7399.109)
2021-12-16 11:14:12,612 [restartedMain] INFO  org.springframework.boot.devtools.autoconfigure.ConditionEvaluationDeltaLoggingListener(onApplicationEvent:63) - Condition evaluation unchanged
2021-12-16 11:19:48,338 [http-nio-8080-exec-1] INFO  org.springframework.web.servlet.DispatcherServlet(initServletBean:525) - Initializing Servlet 'dispatcherServlet'
2021-12-16 11:19:48,339 [http-nio-8080-exec-1] INFO  org.springframework.web.servlet.DispatcherServlet(initServletBean:547) - Completed initialization in 1 ms
2021-12-16 11:19:48,349 [http-nio-8080-exec-2] WARN  org.springframework.web.servlet.mvc.method.annotation.ExceptionHandlerExceptionResolver(logException:207) - Resolved [java.lang.RuntimeException:   .]
2021-12-16 11:20:14,417 [http-nio-8080-exec-3] WARN  org.springframework.web.servlet.mvc.method.annotation.ExceptionHandlerExceptionResolver(logException:207) - Resolved [java.lang.RuntimeException:   .]
2021-12-16 11:20:25,349 [http-nio-8080-exec-4] WARN  org.springframework.web.servlet.mvc.method.annotation.ExceptionHandlerExceptionResolver(logException:207) - Resolved [java.lang.RuntimeException:   .]
