2021-12-16 15:15:38,887 [restartedMain] INFO  com.iteyes.PmsApplication(logStarting:55) - Starting PmsApplication using Java 16.0.2 on DESKTOP-H5GEA9U with PID 3516 (C:\workspace\ProjectEyes\PMS\bin\main started by iteyes in C:\workspace\ProjectEyes\PMS)
2021-12-16 15:15:38,901 [restartedMain] DEBUG com.iteyes.PmsApplication(logStarting:56) - Running with Spring Boot v2.5.4, Spring v5.3.9
2021-12-16 15:15:38,902 [restartedMain] INFO  com.iteyes.PmsApplication(logStartupProfileInfo:659) - No active profile set, falling back to default profiles: default
2021-12-16 15:15:38,955 [restartedMain] INFO  org.springframework.boot.devtools.env.DevToolsPropertyDefaultsPostProcessor(logTo:255) - Devtools property defaults active! Set 'spring.devtools.add-properties' to 'false' to disable
2021-12-16 15:15:38,956 [restartedMain] INFO  org.springframework.boot.devtools.env.DevToolsPropertyDefaultsPostProcessor(logTo:255) - For additional web related logging consider setting the 'logging.level.web' property to 'DEBUG'
2021-12-16 15:15:40,013 [restartedMain] INFO  org.springframework.context.support.PostProcessorRegistrationDelegate$BeanPostProcessorChecker(postProcessAfterInitialization:376) - Bean 'org.springframework.ws.config.annotation.DelegatingWsConfiguration' of type [org.springframework.ws.config.annotation.DelegatingWsConfiguration$$EnhancerBySpringCGLIB$$b4b39a70] is not eligible for getting processed by all BeanPostProcessors (for example: not eligible for auto-proxying)
2021-12-16 15:15:40,072 [restartedMain] INFO  org.springframework.ws.soap.addressing.server.AnnotationActionEndpointMapping(afterPropertiesSet:239) - Supporting [WS-Addressing August 2004, WS-Addressing 1.0]
2021-12-16 15:15:40,407 [restartedMain] INFO  org.springframework.boot.web.embedded.tomcat.TomcatWebServer(initialize:108) - Tomcat initialized with port(s): 8080 (http)
2021-12-16 15:15:40,530 [restartedMain] INFO  org.springframework.boot.web.servlet.context.ServletWebServerApplicationContext(prepareWebApplicationContext:290) - Root WebApplicationContext: initialization completed in 1573 ms
2021-12-16 15:15:41,084 [restartedMain] INFO  org.springframework.boot.autoconfigure.web.servlet.WelcomePageHandlerMapping(<init>:53) - Adding welcome page: class path resource [static/index.html]
2021-12-16 15:15:41,277 [restartedMain] INFO  org.springframework.boot.devtools.autoconfigure.OptionalLiveReloadServer(startServer:58) - LiveReload server is running on port 35729
2021-12-16 15:15:41,349 [restartedMain] INFO  org.springframework.boot.web.embedded.tomcat.TomcatWebServer(start:220) - Tomcat started on port(s): 8080 (http) with context path ''
2021-12-16 15:15:41,362 [restartedMain] INFO  com.iteyes.PmsApplication(logStarted:61) - Started PmsApplication in 2.909 seconds (JVM running for 4.939)
2021-12-16 15:53:18,179 [http-nio-8080-exec-1] INFO  org.springframework.web.servlet.DispatcherServlet(initServletBean:525) - Initializing Servlet 'dispatcherServlet'
2021-12-16 15:53:18,180 [http-nio-8080-exec-1] INFO  org.springframework.web.servlet.DispatcherServlet(initServletBean:547) - Completed initialization in 0 ms
2021-12-16 15:53:18,671 [http-nio-8080-exec-2] DEBUG com.iteyes.mapper.MainMapper.select_0120_01(debug:137) - ==>  Preparing: SELECT A.EMPNO , A.EMPNM , A.EMAIL_ADDR , A.CPNO , A.BZCD , A.AUT_CD , A.LGN_PWD , CASE WHEN A.LGN_PWD != ? THEN 'N' WHEN A.LGN_PWD = ? '211111' THEN 'C' ELSE 'Y' END AS LOGIN_YN FROM PMS_EMP_INFO A WHERE 1=1 AND A.EMPNO = ? AND A.PRJT_ID = '1000000001' AND A.BKUP_ID = '0000000000'
2021-12-16 15:53:18,685 [http-nio-8080-exec-2] DEBUG com.iteyes.mapper.MainMapper.select_0120_01(debug:137) - ==> Parameters: 1234(String), 100(String), 100(String)
2021-12-16 15:53:18,704 [http-nio-8080-exec-2] TRACE com.iteyes.mapper.MainMapper.select_0120_01(trace:143) - <==    Columns: EMPNO, EMPNM, EMAIL_ADDR, CPNO, BZCD, AUT_CD, LGN_PWD, LOGIN_YN
2021-12-16 15:53:18,704 [http-nio-8080-exec-2] TRACE com.iteyes.mapper.MainMapper.select_0120_01(trace:143) - <==        Row: 100, 황일섭, null, null, null, 500, 1234, Y
2021-12-16 15:53:18,705 [http-nio-8080-exec-2] DEBUG com.iteyes.mapper.MainMapper.select_0120_01(debug:137) - <==      Total: 1
2021-12-16 15:53:18,712 [http-nio-8080-exec-2] TRACE com.iteyes.service.JwtService(create:35) - time: 5
2021-12-16 15:53:18,745 [http-nio-8080-exec-2] DEBUG com.iteyes.service.JwtService(create:51) - 토큰 발행: eyJ0eXAiOiJKV1QiLCJhbGciOiJIUzI1NiJ9.eyJzdWIiOiLroZzqt7jsnbjthqDtgbAiLCJleHAiOjE2Mzk2Mzc4OTgsIlVzZXIiOnsidXNlcklkIjoiMTAwIiwicGFzc3dvcmQiOiIxMjM0In0sInNlY29uZCI6Iuy2lOqwgOygleuztCJ9.I9q81IFdeQAedIGMSOzo8LDAf5jZeLn3r6fzLg9x4nE
2021-12-16 15:53:19,147 [http-nio-8080-exec-3] DEBUG com.iteyes.mapper.MainMapper.select_0120_01(debug:137) - ==>  Preparing: SELECT A.EMPNO , A.EMPNM , A.EMAIL_ADDR , A.CPNO , A.BZCD , A.AUT_CD , A.LGN_PWD , CASE WHEN A.LGN_PWD != ? THEN 'N' WHEN A.LGN_PWD = ? '211111' THEN 'C' ELSE 'Y' END AS LOGIN_YN FROM PMS_EMP_INFO A WHERE 1=1 AND A.EMPNO = ? AND A.PRJT_ID = '1000000001' AND A.BKUP_ID = '0000000000'
2021-12-16 15:53:19,147 [http-nio-8080-exec-3] DEBUG com.iteyes.mapper.MainMapper.select_0120_01(debug:137) - ==> Parameters: 1234(String), 100(String), 100(String)
2021-12-16 15:53:19,154 [http-nio-8080-exec-3] TRACE com.iteyes.mapper.MainMapper.select_0120_01(trace:143) - <==    Columns: EMPNO, EMPNM, EMAIL_ADDR, CPNO, BZCD, AUT_CD, LGN_PWD, LOGIN_YN
2021-12-16 15:53:19,154 [http-nio-8080-exec-3] TRACE com.iteyes.mapper.MainMapper.select_0120_01(trace:143) - <==        Row: 100, 황일섭, null, null, null, 500, 1234, Y
2021-12-16 15:53:19,156 [http-nio-8080-exec-3] DEBUG com.iteyes.mapper.MainMapper.select_0120_01(debug:137) - <==      Total: 1
2021-12-16 15:53:19,157 [http-nio-8080-exec-3] TRACE com.iteyes.service.JwtService(create:35) - time: 5
2021-12-16 15:53:19,159 [http-nio-8080-exec-3] DEBUG com.iteyes.service.JwtService(create:51) - 토큰 발행: eyJ0eXAiOiJKV1QiLCJhbGciOiJIUzI1NiJ9.eyJzdWIiOiLroZzqt7jsnbjthqDtgbAiLCJleHAiOjE2Mzk2Mzc4OTksIlVzZXIiOnsidXNlcklkIjoiMTAwIiwicGFzc3dvcmQiOiIxMjM0In0sInNlY29uZCI6Iuy2lOqwgOygleuztCJ9.f9H1e31m8JYTTdAieJE5XeuCW97MMf0raicosXhM4Jw
2021-12-16 15:53:40,068 [http-nio-8080-exec-4] DEBUG com.iteyes.mapper.MainMapper.select_0120_01(debug:137) - ==>  Preparing: SELECT A.EMPNO , A.EMPNM , A.EMAIL_ADDR , A.CPNO , A.BZCD , A.AUT_CD , A.LGN_PWD , CASE WHEN A.LGN_PWD != ? THEN 'N' WHEN A.LGN_PWD = ? '211111' THEN 'C' ELSE 'Y' END AS LOGIN_YN FROM PMS_EMP_INFO A WHERE 1=1 AND A.EMPNO = ? AND A.PRJT_ID = '1000000001' AND A.BKUP_ID = '0000000000'
2021-12-16 15:53:40,069 [http-nio-8080-exec-4] DEBUG com.iteyes.mapper.MainMapper.select_0120_01(debug:137) - ==> Parameters: dasf(String), 100(String), 100(String)
2021-12-16 15:53:40,077 [http-nio-8080-exec-4] TRACE com.iteyes.mapper.MainMapper.select_0120_01(trace:143) - <==    Columns: EMPNO, EMPNM, EMAIL_ADDR, CPNO, BZCD, AUT_CD, LGN_PWD, LOGIN_YN
2021-12-16 15:53:40,078 [http-nio-8080-exec-4] TRACE com.iteyes.mapper.MainMapper.select_0120_01(trace:143) - <==        Row: 100, 황일섭, null, null, null, 500, 1234, N
2021-12-16 15:53:40,078 [http-nio-8080-exec-4] DEBUG com.iteyes.mapper.MainMapper.select_0120_01(debug:137) - <==      Total: 1
2021-12-16 15:53:40,078 [http-nio-8080-exec-4] TRACE com.iteyes.service.JwtService(create:35) - time: 5
2021-12-16 15:53:40,079 [http-nio-8080-exec-4] DEBUG com.iteyes.service.JwtService(create:51) - 토큰 발행: eyJ0eXAiOiJKV1QiLCJhbGciOiJIUzI1NiJ9.eyJzdWIiOiLroZzqt7jsnbjthqDtgbAiLCJleHAiOjE2Mzk2Mzc5MjAsIlVzZXIiOnsidXNlcklkIjoiMTAwIiwicGFzc3dvcmQiOiIxMjM0In0sInNlY29uZCI6Iuy2lOqwgOygleuztCJ9.5NfV15VDp9sOimuhnWgBRux7UFem6UPZDV-JkxqzX7Q
2021-12-16 15:53:51,780 [http-nio-8080-exec-5] DEBUG com.iteyes.mapper.MainMapper.select_0120_01(debug:137) - ==>  Preparing: SELECT A.EMPNO , A.EMPNM , A.EMAIL_ADDR , A.CPNO , A.BZCD , A.AUT_CD , A.LGN_PWD , CASE WHEN A.LGN_PWD != ? THEN 'N' WHEN A.LGN_PWD = ? '211111' THEN 'C' ELSE 'Y' END AS LOGIN_YN FROM PMS_EMP_INFO A WHERE 1=1 AND A.EMPNO = ? AND A.PRJT_ID = '1000000001' AND A.BKUP_ID = '0000000000'
2021-12-16 15:53:51,781 [http-nio-8080-exec-5] DEBUG com.iteyes.mapper.MainMapper.select_0120_01(debug:137) - ==> Parameters: 101211111(String), 101(String), 101(String)
2021-12-16 15:53:51,818 [http-nio-8080-exec-5] TRACE com.iteyes.mapper.MainMapper.select_0120_01(trace:143) - <==    Columns: EMPNO, EMPNM, EMAIL_ADDR, CPNO, BZCD, AUT_CD, LGN_PWD, LOGIN_YN
2021-12-16 15:53:51,818 [http-nio-8080-exec-5] TRACE com.iteyes.mapper.MainMapper.select_0120_01(trace:143) - <==        Row: 101, 신현규, null, null, null, 600, 101211111, C
2021-12-16 15:53:51,819 [http-nio-8080-exec-5] DEBUG com.iteyes.mapper.MainMapper.select_0120_01(debug:137) - <==      Total: 1
2021-12-16 15:53:51,819 [http-nio-8080-exec-5] TRACE com.iteyes.service.JwtService(create:35) - time: 5
2021-12-16 15:53:51,819 [http-nio-8080-exec-5] DEBUG com.iteyes.service.JwtService(create:51) - 토큰 발행: eyJ0eXAiOiJKV1QiLCJhbGciOiJIUzI1NiJ9.eyJzdWIiOiLroZzqt7jsnbjthqDtgbAiLCJleHAiOjE2Mzk2Mzc5MzEsIlVzZXIiOnsidXNlcklkIjoiMTAxIiwicGFzc3dvcmQiOiIxMDEyMTExMTEifSwic2Vjb25kIjoi7LaU6rCA7KCV67O0In0.0lDpa-mRerJBa8KK_llOIuD2wRjhvkEsvK8yLXB443M
2021-12-16 15:54:52,570 [http-nio-8080-exec-7] DEBUG com.iteyes.mapper.MainMapper.select_0120_01(debug:137) - ==>  Preparing: SELECT A.EMPNO , A.EMPNM , A.EMAIL_ADDR , A.CPNO , A.BZCD , A.AUT_CD , A.LGN_PWD , CASE WHEN A.LGN_PWD != ? THEN 'N' WHEN A.LGN_PWD = ? '211111' THEN 'C' ELSE 'Y' END AS LOGIN_YN FROM PMS_EMP_INFO A WHERE 1=1 AND A.EMPNO = ? AND A.PRJT_ID = '1000000001' AND A.BKUP_ID = '0000000000'
2021-12-16 15:54:52,571 [http-nio-8080-exec-7] DEBUG com.iteyes.mapper.MainMapper.select_0120_01(debug:137) - ==> Parameters: 101211111(String), 101(String), 101(String)
2021-12-16 15:54:52,577 [http-nio-8080-exec-7] TRACE com.iteyes.mapper.MainMapper.select_0120_01(trace:143) - <==    Columns: EMPNO, EMPNM, EMAIL_ADDR, CPNO, BZCD, AUT_CD, LGN_PWD, LOGIN_YN
2021-12-16 15:54:52,577 [http-nio-8080-exec-7] TRACE com.iteyes.mapper.MainMapper.select_0120_01(trace:143) - <==        Row: 101, 신현규, null, null, null, 600, 101211111, C
2021-12-16 15:54:52,577 [http-nio-8080-exec-7] DEBUG com.iteyes.mapper.MainMapper.select_0120_01(debug:137) - <==      Total: 1
2021-12-16 15:54:52,578 [http-nio-8080-exec-7] TRACE com.iteyes.service.JwtService(create:35) - time: 5
2021-12-16 15:54:52,578 [http-nio-8080-exec-7] DEBUG com.iteyes.service.JwtService(create:51) - 토큰 발행: eyJ0eXAiOiJKV1QiLCJhbGciOiJIUzI1NiJ9.eyJzdWIiOiLroZzqt7jsnbjthqDtgbAiLCJleHAiOjE2Mzk2Mzc5OTIsIlVzZXIiOnsidXNlcklkIjoiMTAxIiwicGFzc3dvcmQiOiIxMDEyMTExMTEifSwic2Vjb25kIjoi7LaU6rCA7KCV67O0In0.N1B6J3OLVkfbQrg-S_T5_-Yryj4N5ZfSg3zYsuPBBd4
2021-12-16 15:54:59,118 [http-nio-8080-exec-8] DEBUG com.iteyes.mapper.MainMapper.select_0120_01(debug:137) - ==>  Preparing: SELECT A.EMPNO , A.EMPNM , A.EMAIL_ADDR , A.CPNO , A.BZCD , A.AUT_CD , A.LGN_PWD , CASE WHEN A.LGN_PWD != ? THEN 'N' WHEN A.LGN_PWD = ? '211111' THEN 'C' ELSE 'Y' END AS LOGIN_YN FROM PMS_EMP_INFO A WHERE 1=1 AND A.EMPNO = ? AND A.PRJT_ID = '1000000001' AND A.BKUP_ID = '0000000000'
2021-12-16 15:54:59,119 [http-nio-8080-exec-8] DEBUG com.iteyes.mapper.MainMapper.select_0120_01(debug:137) - ==> Parameters: 1234(String), 100(String), 100(String)
2021-12-16 15:54:59,127 [http-nio-8080-exec-8] TRACE com.iteyes.mapper.MainMapper.select_0120_01(trace:143) - <==    Columns: EMPNO, EMPNM, EMAIL_ADDR, CPNO, BZCD, AUT_CD, LGN_PWD, LOGIN_YN
2021-12-16 15:54:59,127 [http-nio-8080-exec-8] TRACE com.iteyes.mapper.MainMapper.select_0120_01(trace:143) - <==        Row: 100, 황일섭, null, null, null, 500, 1234, Y
2021-12-16 15:54:59,129 [http-nio-8080-exec-8] DEBUG com.iteyes.mapper.MainMapper.select_0120_01(debug:137) - <==      Total: 1
2021-12-16 15:54:59,129 [http-nio-8080-exec-8] TRACE com.iteyes.service.JwtService(create:35) - time: 5
2021-12-16 15:54:59,129 [http-nio-8080-exec-8] DEBUG com.iteyes.service.JwtService(create:51) - 토큰 발행: eyJ0eXAiOiJKV1QiLCJhbGciOiJIUzI1NiJ9.eyJzdWIiOiLroZzqt7jsnbjthqDtgbAiLCJleHAiOjE2Mzk2Mzc5OTksIlVzZXIiOnsidXNlcklkIjoiMTAwIiwicGFzc3dvcmQiOiIxMjM0In0sInNlY29uZCI6Iuy2lOqwgOygleuztCJ9.Ru1Q7RlpPR7cOBHiuu1k0EGgQJiUOJoTDaAesU3MLno
2021-12-16 15:55:02,895 [http-nio-8080-exec-10] DEBUG com.iteyes.controller.pms.SWZP0010Controller(select:35) - # pgm_id :: 
2021-12-16 15:55:02,895 [http-nio-8080-exec-10] DEBUG com.iteyes.controller.pms.SWZP0010Controller(select:36) - # pgm_nm :: 
2021-12-16 15:55:02,895 [http-nio-8080-exec-10] DEBUG com.iteyes.controller.pms.SWZP0010Controller(select:37) - # pl_no :: 
2021-12-16 15:55:02,895 [http-nio-8080-exec-10] DEBUG com.iteyes.controller.pms.SWZP0010Controller(select:38) - # dvlpe_no :: 
2021-12-16 15:55:02,895 [http-nio-8080-exec-10] DEBUG com.iteyes.controller.pms.SWZP0010Controller(select:39) - # pgm_dis_cd :: 999
2021-12-16 15:55:02,896 [http-nio-8080-exec-10] DEBUG com.iteyes.controller.pms.SWZP0010Controller(select:40) - # bzcd :: 999
2021-12-16 15:55:02,896 [http-nio-8080-exec-10] DEBUG com.iteyes.controller.pms.SWZP0010Controller(select:41) - # dvlp_dis_cd :: 999
2021-12-16 15:55:03,012 [http-nio-8080-exec-10] DEBUG com.iteyes.mapper.pms.SWZP0010Mapper.select_0010_01(debug:137) - ==>  Preparing: SELECT BKUP_ID /*백업ID */ , PRJT_ID /*프로젝트ID */ , PGM_ID /*프로그램ID */ , BZCD /*업무구분 */ , PGM_NM /*프로그램명 */ , BZ_DTLS_TXT /*업무세부 */ , DVLP_DIS_CD /*개발구분*/ , PGM_DIS_CD /*프로그램구분*/ , ENLPE_NM /*프로그램세부구분코드 */ , FRCS_STA_DT /*예상시작일자 */ , FRCS_END_DT /*예상종료일자 */ , STA_DT /*실제시작일자 */ , END_DT /*실제종료일자 */ , PRG_TXT /*진행현황 */ , DVLPE_NO /*개발자번호 */ , DVLPE_CNF_DT /*개발자확인일자 */ , PL_NO /*PL번호 */ , PL_CNF_DT /*PL확인일자 */ , CRPE_NO /*담당자번호 */ , RMRK /*비고 */ , OPR_NO /*조작자번호 */ , DB_CHG_TS /*DB변경일시 */ FROM PMS_PGM_MNG WHERE 1=1 /*프로그램ID*/ /*프로그램명*/ /*개발자번호*/ /*PL번호*/ /*개발구분*/ /*업무구분*/ /*프로그램구분*/
2021-12-16 15:55:03,013 [http-nio-8080-exec-10] DEBUG com.iteyes.mapper.pms.SWZP0010Mapper.select_0010_01(debug:137) - ==> Parameters: 
2021-12-16 15:55:03,024 [http-nio-8080-exec-10] TRACE com.iteyes.mapper.pms.SWZP0010Mapper.select_0010_01(trace:143) - <==    Columns: BKUP_ID, PRJT_ID, PGM_ID, BZCD, PGM_NM, BZ_DTLS_TXT, DVLP_DIS_CD, PGM_DIS_CD, ENLPE_NM, FRCS_STA_DT, FRCS_END_DT, STA_DT, END_DT, PRG_TXT, DVLPE_NO, DVLPE_CNF_DT, PL_NO, PL_CNF_DT, CRPE_NO, RMRK, OPR_NO, DB_CHG_TS
2021-12-16 15:55:03,025 [http-nio-8080-exec-10] TRACE com.iteyes.mapper.pms.SWZP0010Mapper.select_0010_01(trace:143) - <==        Row: 0000000000, 1000000001, Cust_History_C, AAA, 업체연혁-화면, 신용조사의 업체이력, 100, 100, 100, 20211206, 20211208, null, null, null, 104, null, 101, null, 100, null, 101, 2021-12-01 16:59:27.0
2021-12-16 15:55:03,026 [http-nio-8080-exec-10] TRACE com.iteyes.mapper.pms.SWZP0010Mapper.select_0010_01(trace:143) - <==        Row: 0000000000, 1000000001, Cust_History_L, AAA, 업체개요-로직, 신용조사의 업체이력, 100, 100, 200, 20211206, 20211208, null, null, null, 104, null, 101, null, 100, null, 101, 2021-12-01 16:59:02.0
2021-12-16 15:55:03,027 [http-nio-8080-exec-10] TRACE com.iteyes.mapper.pms.SWZP0010Mapper.select_0010_01(trace:143) - <==        Row: 0000000000, 1000000001, Cust_summary_C, AAA, 업체개요-화면, 신용조사의 업체개요, 100, 100, 100, 20211206, 20211208, null, null, null, 103, null, 101, null, 100, null, 101, 2021-12-01 16:55:30.0
2021-12-16 15:55:03,028 [http-nio-8080-exec-10] TRACE com.iteyes.mapper.pms.SWZP0010Mapper.select_0010_01(trace:143) - <==        Row: 0000000000, 1000000001, Cust_summary_L, AAA, 업체개요-로직, 신용조사의 업체개요, 100, 100, 200, 20211206, 20211208, null, null, null, 103, null, 101, null, 100, null, 101, 2021-12-01 16:57:50.0
2021-12-16 15:55:03,029 [http-nio-8080-exec-10] DEBUG com.iteyes.mapper.pms.SWZP0010Mapper.select_0010_01(debug:137) - <==      Total: 4
2021-12-16 15:55:03,318 [http-nio-8080-exec-2] DEBUG com.iteyes.controller.pms.SWZP0010Controller(select:35) - # pgm_id :: 
2021-12-16 15:55:03,319 [http-nio-8080-exec-2] DEBUG com.iteyes.controller.pms.SWZP0010Controller(select:36) - # pgm_nm :: 
2021-12-16 15:55:03,319 [http-nio-8080-exec-2] DEBUG com.iteyes.controller.pms.SWZP0010Controller(select:37) - # pl_no :: 
2021-12-16 15:55:03,319 [http-nio-8080-exec-2] DEBUG com.iteyes.controller.pms.SWZP0010Controller(select:38) - # dvlpe_no :: 
2021-12-16 15:55:03,319 [http-nio-8080-exec-2] DEBUG com.iteyes.controller.pms.SWZP0010Controller(select:39) - # pgm_dis_cd :: 999
2021-12-16 15:55:03,319 [http-nio-8080-exec-2] DEBUG com.iteyes.controller.pms.SWZP0010Controller(select:40) - # bzcd :: 999
2021-12-16 15:55:03,319 [http-nio-8080-exec-2] DEBUG com.iteyes.controller.pms.SWZP0010Controller(select:41) - # dvlp_dis_cd :: 999
2021-12-16 15:55:03,320 [http-nio-8080-exec-2] DEBUG com.iteyes.mapper.pms.SWZP0010Mapper.select_0010_01(debug:137) - ==>  Preparing: SELECT BKUP_ID /*백업ID */ , PRJT_ID /*프로젝트ID */ , PGM_ID /*프로그램ID */ , BZCD /*업무구분 */ , PGM_NM /*프로그램명 */ , BZ_DTLS_TXT /*업무세부 */ , DVLP_DIS_CD /*개발구분*/ , PGM_DIS_CD /*프로그램구분*/ , ENLPE_NM /*프로그램세부구분코드 */ , FRCS_STA_DT /*예상시작일자 */ , FRCS_END_DT /*예상종료일자 */ , STA_DT /*실제시작일자 */ , END_DT /*실제종료일자 */ , PRG_TXT /*진행현황 */ , DVLPE_NO /*개발자번호 */ , DVLPE_CNF_DT /*개발자확인일자 */ , PL_NO /*PL번호 */ , PL_CNF_DT /*PL확인일자 */ , CRPE_NO /*담당자번호 */ , RMRK /*비고 */ , OPR_NO /*조작자번호 */ , DB_CHG_TS /*DB변경일시 */ FROM PMS_PGM_MNG WHERE 1=1 /*프로그램ID*/ /*프로그램명*/ /*개발자번호*/ /*PL번호*/ /*개발구분*/ /*업무구분*/ /*프로그램구분*/
2021-12-16 15:55:03,320 [http-nio-8080-exec-2] DEBUG com.iteyes.mapper.pms.SWZP0010Mapper.select_0010_01(debug:137) - ==> Parameters: 
2021-12-16 15:55:03,421 [http-nio-8080-exec-2] TRACE com.iteyes.mapper.pms.SWZP0010Mapper.select_0010_01(trace:143) - <==    Columns: BKUP_ID, PRJT_ID, PGM_ID, BZCD, PGM_NM, BZ_DTLS_TXT, DVLP_DIS_CD, PGM_DIS_CD, ENLPE_NM, FRCS_STA_DT, FRCS_END_DT, STA_DT, END_DT, PRG_TXT, DVLPE_NO, DVLPE_CNF_DT, PL_NO, PL_CNF_DT, CRPE_NO, RMRK, OPR_NO, DB_CHG_TS
2021-12-16 15:55:03,421 [http-nio-8080-exec-2] TRACE com.iteyes.mapper.pms.SWZP0010Mapper.select_0010_01(trace:143) - <==        Row: 0000000000, 1000000001, Cust_History_C, AAA, 업체연혁-화면, 신용조사의 업체이력, 100, 100, 100, 20211206, 20211208, null, null, null, 104, null, 101, null, 100, null, 101, 2021-12-01 16:59:27.0
2021-12-16 15:55:03,423 [http-nio-8080-exec-2] TRACE com.iteyes.mapper.pms.SWZP0010Mapper.select_0010_01(trace:143) - <==        Row: 0000000000, 1000000001, Cust_History_L, AAA, 업체개요-로직, 신용조사의 업체이력, 100, 100, 200, 20211206, 20211208, null, null, null, 104, null, 101, null, 100, null, 101, 2021-12-01 16:59:02.0
2021-12-16 15:55:03,424 [http-nio-8080-exec-2] TRACE com.iteyes.mapper.pms.SWZP0010Mapper.select_0010_01(trace:143) - <==        Row: 0000000000, 1000000001, Cust_summary_C, AAA, 업체개요-화면, 신용조사의 업체개요, 100, 100, 100, 20211206, 20211208, null, null, null, 103, null, 101, null, 100, null, 101, 2021-12-01 16:55:30.0
2021-12-16 15:55:03,425 [http-nio-8080-exec-2] TRACE com.iteyes.mapper.pms.SWZP0010Mapper.select_0010_01(trace:143) - <==        Row: 0000000000, 1000000001, Cust_summary_L, AAA, 업체개요-로직, 신용조사의 업체개요, 100, 100, 200, 20211206, 20211208, null, null, null, 103, null, 101, null, 100, null, 101, 2021-12-01 16:57:50.0
2021-12-16 15:55:03,426 [http-nio-8080-exec-2] DEBUG com.iteyes.mapper.pms.SWZP0010Mapper.select_0010_01(debug:137) - <==      Total: 4
