2021-12-03 17:26:05,152 [http-nio-8080-exec-3] DEBUG com.iteyes.controller.pms.SWZP0010Controller(select:36) - # pgm_id :: 
2021-12-03 17:26:05,155 [http-nio-8080-exec-3] DEBUG com.iteyes.controller.pms.SWZP0010Controller(select:37) - # pgm_nm :: 
2021-12-03 17:26:05,155 [http-nio-8080-exec-3] DEBUG com.iteyes.controller.pms.SWZP0010Controller(select:38) - # pl_no :: 
2021-12-03 17:26:05,155 [http-nio-8080-exec-3] DEBUG com.iteyes.controller.pms.SWZP0010Controller(select:39) - # dvlpe_no :: 
2021-12-03 17:26:05,158 [http-nio-8080-exec-3] DEBUG com.iteyes.mapper.pms.SWZP0010Mapper.select_0010_01(debug:137) - ==>  Preparing: SELECT bkup_id /*백업ID */ , prjt_id /*프로젝트ID */ , pgm_id /*프로그램ID */ , bzcd /*업무구분 */ , pgm_nm /*프로그램명 */ , enlpe_nm /*확장자명 */ , frcs_sta_dt /*예상시작일자 */ , frcs_end_dt /*예상종료일자 */ , sta_dt /*실제시작일자 */ , end_dt /*실제종료일자 */ , prg_txt /*진행현황 */ , dvlpe_no /*개발자번호 */ , dvlpe_cnf_dt /*개발자확인일자 */ , pl_no /*PL번호 */ , pl_cnf_dt /*PL확인일자 */ , crpe_no /*담당자번호 */ , rmrk /*비고 */ , opr_no /*조작자번호 */ , db_chg_ts /*DB변경일시 */ FROM PMS_PGM_MNG WHERE 1=1 /*프로그램ID*/ /*프로그램명*/ /*개발자번호*/ /*PL번호*/
2021-12-03 17:26:05,159 [http-nio-8080-exec-3] DEBUG com.iteyes.mapper.pms.SWZP0010Mapper.select_0010_01(debug:137) - ==> Parameters: 
2021-12-03 17:26:05,162 [http-nio-8080-exec-3] DEBUG com.iteyes.mapper.pms.SWZP0010Mapper.select_0010_01(debug:137) - <==      Total: 4
2021-12-03 17:26:05,335 [http-nio-8080-exec-4] DEBUG com.iteyes.controller.pms.SWZP0010Controller(select:36) - # pgm_id :: 
2021-12-03 17:26:05,335 [http-nio-8080-exec-4] DEBUG com.iteyes.controller.pms.SWZP0010Controller(select:37) - # pgm_nm :: 
2021-12-03 17:26:05,335 [http-nio-8080-exec-4] DEBUG com.iteyes.controller.pms.SWZP0010Controller(select:38) - # pl_no :: 
2021-12-03 17:26:05,335 [http-nio-8080-exec-4] DEBUG com.iteyes.controller.pms.SWZP0010Controller(select:39) - # dvlpe_no :: 
2021-12-03 17:26:05,335 [http-nio-8080-exec-4] DEBUG com.iteyes.mapper.pms.SWZP0010Mapper.select_0010_01(debug:137) - ==>  Preparing: SELECT bkup_id /*백업ID */ , prjt_id /*프로젝트ID */ , pgm_id /*프로그램ID */ , bzcd /*업무구분 */ , pgm_nm /*프로그램명 */ , enlpe_nm /*확장자명 */ , frcs_sta_dt /*예상시작일자 */ , frcs_end_dt /*예상종료일자 */ , sta_dt /*실제시작일자 */ , end_dt /*실제종료일자 */ , prg_txt /*진행현황 */ , dvlpe_no /*개발자번호 */ , dvlpe_cnf_dt /*개발자확인일자 */ , pl_no /*PL번호 */ , pl_cnf_dt /*PL확인일자 */ , crpe_no /*담당자번호 */ , rmrk /*비고 */ , opr_no /*조작자번호 */ , db_chg_ts /*DB변경일시 */ FROM PMS_PGM_MNG WHERE 1=1 /*프로그램ID*/ /*프로그램명*/ /*개발자번호*/ /*PL번호*/
2021-12-03 17:26:05,335 [http-nio-8080-exec-4] DEBUG com.iteyes.mapper.pms.SWZP0010Mapper.select_0010_01(debug:137) - ==> Parameters: 
2021-12-03 17:26:05,339 [http-nio-8080-exec-4] DEBUG com.iteyes.mapper.pms.SWZP0010Mapper.select_0010_01(debug:137) - <==      Total: 4
2021-12-03 17:26:45,702 [restartedMain] INFO  com.iteyes.PmsApplication(logStarting:55) - Starting PmsApplication using Java 16.0.2 on DESKTOP-H5GEA9U with PID 15992 (C:\workspace\ProjectEyes\PMS\bin\main started by iteyes in C:\workspace\ProjectEyes\PMS)
2021-12-03 17:26:45,703 [restartedMain] DEBUG com.iteyes.PmsApplication(logStarting:56) - Running with Spring Boot v2.5.4, Spring v5.3.9
2021-12-03 17:26:45,703 [restartedMain] INFO  com.iteyes.PmsApplication(logStartupProfileInfo:659) - No active profile set, falling back to default profiles: default
2021-12-03 17:26:45,857 [restartedMain] INFO  org.springframework.context.support.PostProcessorRegistrationDelegate$BeanPostProcessorChecker(postProcessAfterInitialization:376) - Bean 'org.springframework.ws.config.annotation.DelegatingWsConfiguration' of type [org.springframework.ws.config.annotation.DelegatingWsConfiguration$$EnhancerBySpringCGLIB$$d928dcd5] is not eligible for getting processed by all BeanPostProcessors (for example: not eligible for auto-proxying)
2021-12-03 17:26:45,858 [restartedMain] INFO  org.springframework.ws.soap.addressing.server.AnnotationActionEndpointMapping(afterPropertiesSet:239) - Supporting [WS-Addressing August 2004, WS-Addressing 1.0]
2021-12-03 17:26:45,884 [restartedMain] INFO  org.springframework.boot.web.embedded.tomcat.TomcatWebServer(initialize:108) - Tomcat initialized with port(s): 8080 (http)
2021-12-03 17:26:45,902 [restartedMain] INFO  org.springframework.boot.web.servlet.context.ServletWebServerApplicationContext(prepareWebApplicationContext:290) - Root WebApplicationContext: initialization completed in 197 ms
2021-12-03 17:26:45,991 [restartedMain] INFO  org.springframework.boot.autoconfigure.web.servlet.WelcomePageHandlerMapping(<init>:53) - Adding welcome page: class path resource [static/index.html]
2021-12-03 17:26:46,031 [restartedMain] INFO  org.springframework.boot.devtools.autoconfigure.OptionalLiveReloadServer(startServer:58) - LiveReload server is running on port 35729
2021-12-03 17:26:46,038 [restartedMain] INFO  org.springframework.boot.web.embedded.tomcat.TomcatWebServer(start:220) - Tomcat started on port(s): 8080 (http) with context path ''
2021-12-03 17:26:46,041 [restartedMain] INFO  com.iteyes.PmsApplication(logStarted:61) - Started PmsApplication in 0.373 seconds (JVM running for 15017.535)
2021-12-03 17:26:46,042 [restartedMain] INFO  org.springframework.boot.devtools.autoconfigure.ConditionEvaluationDeltaLoggingListener(onApplicationEvent:63) - Condition evaluation unchanged
2021-12-03 17:26:53,825 [http-nio-8080-exec-1] INFO  org.springframework.web.servlet.DispatcherServlet(initServletBean:525) - Initializing Servlet 'dispatcherServlet'
2021-12-03 17:26:53,826 [http-nio-8080-exec-1] INFO  org.springframework.web.servlet.DispatcherServlet(initServletBean:547) - Completed initialization in 1 ms
2021-12-03 17:26:53,830 [http-nio-8080-exec-2] DEBUG com.iteyes.controller.pms.SWZP0010Controller(select:36) - # pgm_id :: 
2021-12-03 17:26:53,830 [http-nio-8080-exec-2] DEBUG com.iteyes.controller.pms.SWZP0010Controller(select:37) - # pgm_nm :: 업체
2021-12-03 17:26:53,830 [http-nio-8080-exec-2] DEBUG com.iteyes.controller.pms.SWZP0010Controller(select:38) - # pl_no :: 
2021-12-03 17:26:53,830 [http-nio-8080-exec-2] DEBUG com.iteyes.controller.pms.SWZP0010Controller(select:39) - # dvlpe_no :: 
2021-12-03 17:26:53,848 [http-nio-8080-exec-2] DEBUG com.iteyes.mapper.pms.SWZP0010Mapper.select_0010_01(debug:137) - ==>  Preparing: SELECT bkup_id /*백업ID */ , prjt_id /*프로젝트ID */ , pgm_id /*프로그램ID */ , bzcd /*업무구분 */ , pgm_nm /*프로그램명 */ , enlpe_nm /*확장자명 */ , frcs_sta_dt /*예상시작일자 */ , frcs_end_dt /*예상종료일자 */ , sta_dt /*실제시작일자 */ , end_dt /*실제종료일자 */ , prg_txt /*진행현황 */ , dvlpe_no /*개발자번호 */ , dvlpe_cnf_dt /*개발자확인일자 */ , pl_no /*PL번호 */ , pl_cnf_dt /*PL확인일자 */ , crpe_no /*담당자번호 */ , rmrk /*비고 */ , opr_no /*조작자번호 */ , db_chg_ts /*DB변경일시 */ FROM PMS_PGM_MNG WHERE 1=1 /*프로그램ID*/ /*프로그램명*/ AND PGM_NM LIKE '%' || ? || '%' /*개발자번호*/ /*PL번호*/
2021-12-03 17:26:53,849 [http-nio-8080-exec-2] DEBUG com.iteyes.mapper.pms.SWZP0010Mapper.select_0010_01(debug:137) - ==> Parameters: 업체(String)
2021-12-03 17:26:53,859 [http-nio-8080-exec-2] DEBUG com.iteyes.mapper.pms.SWZP0010Mapper.select_0010_01(debug:137) - <==      Total: 4
2021-12-03 17:27:00,959 [http-nio-8080-exec-4] DEBUG com.iteyes.controller.pms.SWZP0010Controller(select:36) - # pgm_id :: 
2021-12-03 17:27:00,959 [http-nio-8080-exec-4] DEBUG com.iteyes.controller.pms.SWZP0010Controller(select:37) - # pgm_nm :: 업체개요
2021-12-03 17:27:00,959 [http-nio-8080-exec-4] DEBUG com.iteyes.controller.pms.SWZP0010Controller(select:38) - # pl_no :: 
2021-12-03 17:27:00,959 [http-nio-8080-exec-4] DEBUG com.iteyes.controller.pms.SWZP0010Controller(select:39) - # dvlpe_no :: 
2021-12-03 17:27:00,962 [http-nio-8080-exec-4] DEBUG com.iteyes.mapper.pms.SWZP0010Mapper.select_0010_01(debug:137) - ==>  Preparing: SELECT bkup_id /*백업ID */ , prjt_id /*프로젝트ID */ , pgm_id /*프로그램ID */ , bzcd /*업무구분 */ , pgm_nm /*프로그램명 */ , enlpe_nm /*확장자명 */ , frcs_sta_dt /*예상시작일자 */ , frcs_end_dt /*예상종료일자 */ , sta_dt /*실제시작일자 */ , end_dt /*실제종료일자 */ , prg_txt /*진행현황 */ , dvlpe_no /*개발자번호 */ , dvlpe_cnf_dt /*개발자확인일자 */ , pl_no /*PL번호 */ , pl_cnf_dt /*PL확인일자 */ , crpe_no /*담당자번호 */ , rmrk /*비고 */ , opr_no /*조작자번호 */ , db_chg_ts /*DB변경일시 */ FROM PMS_PGM_MNG WHERE 1=1 /*프로그램ID*/ /*프로그램명*/ AND PGM_NM LIKE '%' || ? || '%' /*개발자번호*/ /*PL번호*/
2021-12-03 17:27:00,962 [http-nio-8080-exec-4] DEBUG com.iteyes.mapper.pms.SWZP0010Mapper.select_0010_01(debug:137) - ==> Parameters: 업체개요(String)
2021-12-03 17:27:00,965 [http-nio-8080-exec-4] DEBUG com.iteyes.mapper.pms.SWZP0010Mapper.select_0010_01(debug:137) - <==      Total: 4
2021-12-03 17:27:29,625 [restartedMain] INFO  com.iteyes.PmsApplication(logStarting:55) - Starting PmsApplication using Java 16.0.2 on DESKTOP-H5GEA9U with PID 15992 (C:\workspace\ProjectEyes\PMS\bin\main started by iteyes in C:\workspace\ProjectEyes\PMS)
2021-12-03 17:27:29,626 [restartedMain] DEBUG com.iteyes.PmsApplication(logStarting:56) - Running with Spring Boot v2.5.4, Spring v5.3.9
2021-12-03 17:27:29,626 [restartedMain] INFO  com.iteyes.PmsApplication(logStartupProfileInfo:659) - No active profile set, falling back to default profiles: default
2021-12-03 17:27:29,763 [restartedMain] INFO  org.springframework.context.support.PostProcessorRegistrationDelegate$BeanPostProcessorChecker(postProcessAfterInitialization:376) - Bean 'org.springframework.ws.config.annotation.DelegatingWsConfiguration' of type [org.springframework.ws.config.annotation.DelegatingWsConfiguration$$EnhancerBySpringCGLIB$$d928dcd5] is not eligible for getting processed by all BeanPostProcessors (for example: not eligible for auto-proxying)
2021-12-03 17:27:29,765 [restartedMain] INFO  org.springframework.ws.soap.addressing.server.AnnotationActionEndpointMapping(afterPropertiesSet:239) - Supporting [WS-Addressing August 2004, WS-Addressing 1.0]
2021-12-03 17:27:29,785 [restartedMain] INFO  org.springframework.boot.web.embedded.tomcat.TomcatWebServer(initialize:108) - Tomcat initialized with port(s): 8080 (http)
2021-12-03 17:27:29,807 [restartedMain] INFO  org.springframework.boot.web.servlet.context.ServletWebServerApplicationContext(prepareWebApplicationContext:290) - Root WebApplicationContext: initialization completed in 180 ms
2021-12-03 17:27:29,874 [restartedMain] INFO  org.springframework.boot.autoconfigure.web.servlet.WelcomePageHandlerMapping(<init>:53) - Adding welcome page: class path resource [static/index.html]
2021-12-03 17:27:29,904 [restartedMain] INFO  org.springframework.boot.devtools.autoconfigure.OptionalLiveReloadServer(startServer:58) - LiveReload server is running on port 35729
2021-12-03 17:27:29,910 [restartedMain] INFO  org.springframework.boot.web.embedded.tomcat.TomcatWebServer(start:220) - Tomcat started on port(s): 8080 (http) with context path ''
2021-12-03 17:27:29,913 [restartedMain] INFO  com.iteyes.PmsApplication(logStarted:61) - Started PmsApplication in 0.315 seconds (JVM running for 15061.408)
2021-12-03 17:27:29,914 [restartedMain] INFO  org.springframework.boot.devtools.autoconfigure.ConditionEvaluationDeltaLoggingListener(onApplicationEvent:63) - Condition evaluation unchanged
2021-12-03 17:30:12,877 [http-nio-8080-exec-1] INFO  org.springframework.web.servlet.DispatcherServlet(initServletBean:525) - Initializing Servlet 'dispatcherServlet'
2021-12-03 17:30:12,878 [http-nio-8080-exec-1] INFO  org.springframework.web.servlet.DispatcherServlet(initServletBean:547) - Completed initialization in 1 ms
2021-12-03 17:30:12,882 [http-nio-8080-exec-2] DEBUG com.iteyes.controller.pms.SWZP0010Controller(select:36) - # pgm_id :: 
2021-12-03 17:30:12,882 [http-nio-8080-exec-2] DEBUG com.iteyes.controller.pms.SWZP0010Controller(select:37) - # pgm_nm :: 
2021-12-03 17:30:12,882 [http-nio-8080-exec-2] DEBUG com.iteyes.controller.pms.SWZP0010Controller(select:38) - # pl_no :: 
2021-12-03 17:30:12,883 [http-nio-8080-exec-2] DEBUG com.iteyes.controller.pms.SWZP0010Controller(select:39) - # dvlpe_no :: 
2021-12-03 17:30:12,905 [http-nio-8080-exec-2] DEBUG com.iteyes.mapper.pms.SWZP0010Mapper.select_0010_01(debug:137) - ==>  Preparing: SELECT bkup_id /*백업ID */ , prjt_id /*프로젝트ID */ , pgm_id /*프로그램ID */ , bzcd /*업무구분 */ , pgm_nm /*프로그램명 */ , enlpe_nm /*확장자명 */ , frcs_sta_dt /*예상시작일자 */ , frcs_end_dt /*예상종료일자 */ , sta_dt /*실제시작일자 */ , end_dt /*실제종료일자 */ , prg_txt /*진행현황 */ , dvlpe_no /*개발자번호 */ , dvlpe_cnf_dt /*개발자확인일자 */ , pl_no /*PL번호 */ , pl_cnf_dt /*PL확인일자 */ , crpe_no /*담당자번호 */ , rmrk /*비고 */ , opr_no /*조작자번호 */ , db_chg_ts /*DB변경일시 */ FROM PMS_PGM_MNG WHERE 1=1 /*프로그램ID*/ /*프로그램명*/ /*개발자번호*/ /*PL번호*/
2021-12-03 17:30:12,905 [http-nio-8080-exec-2] DEBUG com.iteyes.mapper.pms.SWZP0010Mapper.select_0010_01(debug:137) - ==> Parameters: 
2021-12-03 17:30:12,909 [http-nio-8080-exec-2] DEBUG com.iteyes.mapper.pms.SWZP0010Mapper.select_0010_01(debug:137) - <==      Total: 4
2021-12-03 17:30:13,070 [http-nio-8080-exec-3] DEBUG com.iteyes.controller.pms.SWZP0010Controller(select:36) - # pgm_id :: 
2021-12-03 17:30:13,071 [http-nio-8080-exec-3] DEBUG com.iteyes.controller.pms.SWZP0010Controller(select:37) - # pgm_nm :: 
2021-12-03 17:30:13,071 [http-nio-8080-exec-3] DEBUG com.iteyes.controller.pms.SWZP0010Controller(select:38) - # pl_no :: 
2021-12-03 17:30:13,071 [http-nio-8080-exec-3] DEBUG com.iteyes.controller.pms.SWZP0010Controller(select:39) - # dvlpe_no :: 
2021-12-03 17:30:13,071 [http-nio-8080-exec-3] DEBUG com.iteyes.mapper.pms.SWZP0010Mapper.select_0010_01(debug:137) - ==>  Preparing: SELECT bkup_id /*백업ID */ , prjt_id /*프로젝트ID */ , pgm_id /*프로그램ID */ , bzcd /*업무구분 */ , pgm_nm /*프로그램명 */ , enlpe_nm /*확장자명 */ , frcs_sta_dt /*예상시작일자 */ , frcs_end_dt /*예상종료일자 */ , sta_dt /*실제시작일자 */ , end_dt /*실제종료일자 */ , prg_txt /*진행현황 */ , dvlpe_no /*개발자번호 */ , dvlpe_cnf_dt /*개발자확인일자 */ , pl_no /*PL번호 */ , pl_cnf_dt /*PL확인일자 */ , crpe_no /*담당자번호 */ , rmrk /*비고 */ , opr_no /*조작자번호 */ , db_chg_ts /*DB변경일시 */ FROM PMS_PGM_MNG WHERE 1=1 /*프로그램ID*/ /*프로그램명*/ /*개발자번호*/ /*PL번호*/
2021-12-03 17:30:13,071 [http-nio-8080-exec-3] DEBUG com.iteyes.mapper.pms.SWZP0010Mapper.select_0010_01(debug:137) - ==> Parameters: 
2021-12-03 17:30:13,074 [http-nio-8080-exec-3] DEBUG com.iteyes.mapper.pms.SWZP0010Mapper.select_0010_01(debug:137) - <==      Total: 4
2021-12-03 17:30:19,367 [http-nio-8080-exec-5] DEBUG com.iteyes.controller.pms.SWZP0010Controller(select:36) - # pgm_id :: 
2021-12-03 17:30:19,367 [http-nio-8080-exec-5] DEBUG com.iteyes.controller.pms.SWZP0010Controller(select:37) - # pgm_nm :: 업체개요
2021-12-03 17:30:19,367 [http-nio-8080-exec-5] DEBUG com.iteyes.controller.pms.SWZP0010Controller(select:38) - # pl_no :: 
2021-12-03 17:30:19,367 [http-nio-8080-exec-5] DEBUG com.iteyes.controller.pms.SWZP0010Controller(select:39) - # dvlpe_no :: 
2021-12-03 17:30:19,376 [http-nio-8080-exec-5] DEBUG com.iteyes.mapper.pms.SWZP0010Mapper.select_0010_01(debug:137) - ==>  Preparing: SELECT bkup_id /*백업ID */ , prjt_id /*프로젝트ID */ , pgm_id /*프로그램ID */ , bzcd /*업무구분 */ , pgm_nm /*프로그램명 */ , enlpe_nm /*확장자명 */ , frcs_sta_dt /*예상시작일자 */ , frcs_end_dt /*예상종료일자 */ , sta_dt /*실제시작일자 */ , end_dt /*실제종료일자 */ , prg_txt /*진행현황 */ , dvlpe_no /*개발자번호 */ , dvlpe_cnf_dt /*개발자확인일자 */ , pl_no /*PL번호 */ , pl_cnf_dt /*PL확인일자 */ , crpe_no /*담당자번호 */ , rmrk /*비고 */ , opr_no /*조작자번호 */ , db_chg_ts /*DB변경일시 */ FROM PMS_PGM_MNG WHERE 1=1 /*프로그램ID*/ /*프로그램명*/ AND PGM_NM LIKE '%'||?||'%' /*개발자번호*/ /*PL번호*/
2021-12-03 17:30:19,377 [http-nio-8080-exec-5] DEBUG com.iteyes.mapper.pms.SWZP0010Mapper.select_0010_01(debug:137) - ==> Parameters: 업체개요(String)
2021-12-03 17:30:19,380 [http-nio-8080-exec-5] DEBUG com.iteyes.mapper.pms.SWZP0010Mapper.select_0010_01(debug:137) - <==      Total: 4
2021-12-03 17:30:19,552 [http-nio-8080-exec-6] DEBUG com.iteyes.controller.pms.SWZP0010Controller(select:36) - # pgm_id :: 
2021-12-03 17:30:19,552 [http-nio-8080-exec-6] DEBUG com.iteyes.controller.pms.SWZP0010Controller(select:37) - # pgm_nm :: 업체개요
2021-12-03 17:30:19,552 [http-nio-8080-exec-6] DEBUG com.iteyes.controller.pms.SWZP0010Controller(select:38) - # pl_no :: 
2021-12-03 17:30:19,552 [http-nio-8080-exec-6] DEBUG com.iteyes.controller.pms.SWZP0010Controller(select:39) - # dvlpe_no :: 
2021-12-03 17:30:19,553 [http-nio-8080-exec-6] DEBUG com.iteyes.mapper.pms.SWZP0010Mapper.select_0010_01(debug:137) - ==>  Preparing: SELECT bkup_id /*백업ID */ , prjt_id /*프로젝트ID */ , pgm_id /*프로그램ID */ , bzcd /*업무구분 */ , pgm_nm /*프로그램명 */ , enlpe_nm /*확장자명 */ , frcs_sta_dt /*예상시작일자 */ , frcs_end_dt /*예상종료일자 */ , sta_dt /*실제시작일자 */ , end_dt /*실제종료일자 */ , prg_txt /*진행현황 */ , dvlpe_no /*개발자번호 */ , dvlpe_cnf_dt /*개발자확인일자 */ , pl_no /*PL번호 */ , pl_cnf_dt /*PL확인일자 */ , crpe_no /*담당자번호 */ , rmrk /*비고 */ , opr_no /*조작자번호 */ , db_chg_ts /*DB변경일시 */ FROM PMS_PGM_MNG WHERE 1=1 /*프로그램ID*/ /*프로그램명*/ AND PGM_NM LIKE '%'||?||'%' /*개발자번호*/ /*PL번호*/
2021-12-03 17:30:19,553 [http-nio-8080-exec-6] DEBUG com.iteyes.mapper.pms.SWZP0010Mapper.select_0010_01(debug:137) - ==> Parameters: 업체개요(String)
2021-12-03 17:30:19,557 [http-nio-8080-exec-6] DEBUG com.iteyes.mapper.pms.SWZP0010Mapper.select_0010_01(debug:137) - <==      Total: 4
2021-12-03 17:30:19,733 [http-nio-8080-exec-7] DEBUG com.iteyes.controller.pms.SWZP0010Controller(select:36) - # pgm_id :: 
2021-12-03 17:30:19,733 [http-nio-8080-exec-7] DEBUG com.iteyes.controller.pms.SWZP0010Controller(select:37) - # pgm_nm :: 업체개요
2021-12-03 17:30:19,733 [http-nio-8080-exec-7] DEBUG com.iteyes.controller.pms.SWZP0010Controller(select:38) - # pl_no :: 
2021-12-03 17:30:19,733 [http-nio-8080-exec-7] DEBUG com.iteyes.controller.pms.SWZP0010Controller(select:39) - # dvlpe_no :: 
2021-12-03 17:30:19,733 [http-nio-8080-exec-7] DEBUG com.iteyes.mapper.pms.SWZP0010Mapper.select_0010_01(debug:137) - ==>  Preparing: SELECT bkup_id /*백업ID */ , prjt_id /*프로젝트ID */ , pgm_id /*프로그램ID */ , bzcd /*업무구분 */ , pgm_nm /*프로그램명 */ , enlpe_nm /*확장자명 */ , frcs_sta_dt /*예상시작일자 */ , frcs_end_dt /*예상종료일자 */ , sta_dt /*실제시작일자 */ , end_dt /*실제종료일자 */ , prg_txt /*진행현황 */ , dvlpe_no /*개발자번호 */ , dvlpe_cnf_dt /*개발자확인일자 */ , pl_no /*PL번호 */ , pl_cnf_dt /*PL확인일자 */ , crpe_no /*담당자번호 */ , rmrk /*비고 */ , opr_no /*조작자번호 */ , db_chg_ts /*DB변경일시 */ FROM PMS_PGM_MNG WHERE 1=1 /*프로그램ID*/ /*프로그램명*/ AND PGM_NM LIKE '%'||?||'%' /*개발자번호*/ /*PL번호*/
2021-12-03 17:30:19,733 [http-nio-8080-exec-7] DEBUG com.iteyes.mapper.pms.SWZP0010Mapper.select_0010_01(debug:137) - ==> Parameters: 업체개요(String)
2021-12-03 17:30:19,736 [http-nio-8080-exec-7] DEBUG com.iteyes.mapper.pms.SWZP0010Mapper.select_0010_01(debug:137) - <==      Total: 4
2021-12-03 17:30:19,949 [http-nio-8080-exec-8] DEBUG com.iteyes.controller.pms.SWZP0010Controller(select:36) - # pgm_id :: 
2021-12-03 17:30:19,949 [http-nio-8080-exec-8] DEBUG com.iteyes.controller.pms.SWZP0010Controller(select:37) - # pgm_nm :: 업체개요
2021-12-03 17:30:19,950 [http-nio-8080-exec-8] DEBUG com.iteyes.controller.pms.SWZP0010Controller(select:38) - # pl_no :: 
2021-12-03 17:30:19,950 [http-nio-8080-exec-8] DEBUG com.iteyes.controller.pms.SWZP0010Controller(select:39) - # dvlpe_no :: 
2021-12-03 17:30:19,950 [http-nio-8080-exec-8] DEBUG com.iteyes.mapper.pms.SWZP0010Mapper.select_0010_01(debug:137) - ==>  Preparing: SELECT bkup_id /*백업ID */ , prjt_id /*프로젝트ID */ , pgm_id /*프로그램ID */ , bzcd /*업무구분 */ , pgm_nm /*프로그램명 */ , enlpe_nm /*확장자명 */ , frcs_sta_dt /*예상시작일자 */ , frcs_end_dt /*예상종료일자 */ , sta_dt /*실제시작일자 */ , end_dt /*실제종료일자 */ , prg_txt /*진행현황 */ , dvlpe_no /*개발자번호 */ , dvlpe_cnf_dt /*개발자확인일자 */ , pl_no /*PL번호 */ , pl_cnf_dt /*PL확인일자 */ , crpe_no /*담당자번호 */ , rmrk /*비고 */ , opr_no /*조작자번호 */ , db_chg_ts /*DB변경일시 */ FROM PMS_PGM_MNG WHERE 1=1 /*프로그램ID*/ /*프로그램명*/ AND PGM_NM LIKE '%'||?||'%' /*개발자번호*/ /*PL번호*/
2021-12-03 17:30:19,950 [http-nio-8080-exec-8] DEBUG com.iteyes.mapper.pms.SWZP0010Mapper.select_0010_01(debug:137) - ==> Parameters: 업체개요(String)
2021-12-03 17:30:19,954 [http-nio-8080-exec-8] DEBUG com.iteyes.mapper.pms.SWZP0010Mapper.select_0010_01(debug:137) - <==      Total: 4
2021-12-03 17:30:20,685 [http-nio-8080-exec-9] DEBUG com.iteyes.controller.pms.SWZP0010Controller(select:36) - # pgm_id :: 
2021-12-03 17:30:20,685 [http-nio-8080-exec-9] DEBUG com.iteyes.controller.pms.SWZP0010Controller(select:37) - # pgm_nm :: 업체개요
2021-12-03 17:30:20,685 [http-nio-8080-exec-9] DEBUG com.iteyes.controller.pms.SWZP0010Controller(select:38) - # pl_no :: 
2021-12-03 17:30:20,685 [http-nio-8080-exec-9] DEBUG com.iteyes.controller.pms.SWZP0010Controller(select:39) - # dvlpe_no :: 
2021-12-03 17:30:20,688 [http-nio-8080-exec-9] DEBUG com.iteyes.mapper.pms.SWZP0010Mapper.select_0010_01(debug:137) - ==>  Preparing: SELECT bkup_id /*백업ID */ , prjt_id /*프로젝트ID */ , pgm_id /*프로그램ID */ , bzcd /*업무구분 */ , pgm_nm /*프로그램명 */ , enlpe_nm /*확장자명 */ , frcs_sta_dt /*예상시작일자 */ , frcs_end_dt /*예상종료일자 */ , sta_dt /*실제시작일자 */ , end_dt /*실제종료일자 */ , prg_txt /*진행현황 */ , dvlpe_no /*개발자번호 */ , dvlpe_cnf_dt /*개발자확인일자 */ , pl_no /*PL번호 */ , pl_cnf_dt /*PL확인일자 */ , crpe_no /*담당자번호 */ , rmrk /*비고 */ , opr_no /*조작자번호 */ , db_chg_ts /*DB변경일시 */ FROM PMS_PGM_MNG WHERE 1=1 /*프로그램ID*/ /*프로그램명*/ AND PGM_NM LIKE '%'||?||'%' /*개발자번호*/ /*PL번호*/
2021-12-03 17:30:20,688 [http-nio-8080-exec-9] DEBUG com.iteyes.mapper.pms.SWZP0010Mapper.select_0010_01(debug:137) - ==> Parameters: 업체개요(String)
2021-12-03 17:30:20,691 [http-nio-8080-exec-9] DEBUG com.iteyes.mapper.pms.SWZP0010Mapper.select_0010_01(debug:137) - <==      Total: 4
2021-12-03 17:30:21,074 [http-nio-8080-exec-10] DEBUG com.iteyes.controller.pms.SWZP0010Controller(select:36) - # pgm_id :: 
2021-12-03 17:30:21,074 [http-nio-8080-exec-10] DEBUG com.iteyes.controller.pms.SWZP0010Controller(select:37) - # pgm_nm :: 업체개요
2021-12-03 17:30:21,074 [http-nio-8080-exec-10] DEBUG com.iteyes.controller.pms.SWZP0010Controller(select:38) - # pl_no :: 
2021-12-03 17:30:21,074 [http-nio-8080-exec-10] DEBUG com.iteyes.controller.pms.SWZP0010Controller(select:39) - # dvlpe_no :: 
2021-12-03 17:30:21,074 [http-nio-8080-exec-10] DEBUG com.iteyes.mapper.pms.SWZP0010Mapper.select_0010_01(debug:137) - ==>  Preparing: SELECT bkup_id /*백업ID */ , prjt_id /*프로젝트ID */ , pgm_id /*프로그램ID */ , bzcd /*업무구분 */ , pgm_nm /*프로그램명 */ , enlpe_nm /*확장자명 */ , frcs_sta_dt /*예상시작일자 */ , frcs_end_dt /*예상종료일자 */ , sta_dt /*실제시작일자 */ , end_dt /*실제종료일자 */ , prg_txt /*진행현황 */ , dvlpe_no /*개발자번호 */ , dvlpe_cnf_dt /*개발자확인일자 */ , pl_no /*PL번호 */ , pl_cnf_dt /*PL확인일자 */ , crpe_no /*담당자번호 */ , rmrk /*비고 */ , opr_no /*조작자번호 */ , db_chg_ts /*DB변경일시 */ FROM PMS_PGM_MNG WHERE 1=1 /*프로그램ID*/ /*프로그램명*/ AND PGM_NM LIKE '%'||?||'%' /*개발자번호*/ /*PL번호*/
2021-12-03 17:30:21,074 [http-nio-8080-exec-10] DEBUG com.iteyes.mapper.pms.SWZP0010Mapper.select_0010_01(debug:137) - ==> Parameters: 업체개요(String)
2021-12-03 17:30:21,077 [http-nio-8080-exec-10] DEBUG com.iteyes.mapper.pms.SWZP0010Mapper.select_0010_01(debug:137) - <==      Total: 4
2021-12-03 17:30:21,268 [http-nio-8080-exec-1] DEBUG com.iteyes.controller.pms.SWZP0010Controller(select:36) - # pgm_id :: 
2021-12-03 17:30:21,268 [http-nio-8080-exec-1] DEBUG com.iteyes.controller.pms.SWZP0010Controller(select:37) - # pgm_nm :: 업체개요
2021-12-03 17:30:21,268 [http-nio-8080-exec-1] DEBUG com.iteyes.controller.pms.SWZP0010Controller(select:38) - # pl_no :: 
2021-12-03 17:30:21,268 [http-nio-8080-exec-1] DEBUG com.iteyes.controller.pms.SWZP0010Controller(select:39) - # dvlpe_no :: 
2021-12-03 17:30:21,268 [http-nio-8080-exec-1] DEBUG com.iteyes.mapper.pms.SWZP0010Mapper.select_0010_01(debug:137) - ==>  Preparing: SELECT bkup_id /*백업ID */ , prjt_id /*프로젝트ID */ , pgm_id /*프로그램ID */ , bzcd /*업무구분 */ , pgm_nm /*프로그램명 */ , enlpe_nm /*확장자명 */ , frcs_sta_dt /*예상시작일자 */ , frcs_end_dt /*예상종료일자 */ , sta_dt /*실제시작일자 */ , end_dt /*실제종료일자 */ , prg_txt /*진행현황 */ , dvlpe_no /*개발자번호 */ , dvlpe_cnf_dt /*개발자확인일자 */ , pl_no /*PL번호 */ , pl_cnf_dt /*PL확인일자 */ , crpe_no /*담당자번호 */ , rmrk /*비고 */ , opr_no /*조작자번호 */ , db_chg_ts /*DB변경일시 */ FROM PMS_PGM_MNG WHERE 1=1 /*프로그램ID*/ /*프로그램명*/ AND PGM_NM LIKE '%'||?||'%' /*개발자번호*/ /*PL번호*/
2021-12-03 17:30:21,269 [http-nio-8080-exec-1] DEBUG com.iteyes.mapper.pms.SWZP0010Mapper.select_0010_01(debug:137) - ==> Parameters: 업체개요(String)
2021-12-03 17:30:21,272 [http-nio-8080-exec-1] DEBUG com.iteyes.mapper.pms.SWZP0010Mapper.select_0010_01(debug:137) - <==      Total: 4
2021-12-03 17:30:43,250 [restartedMain] INFO  com.iteyes.PmsApplication(logStarting:55) - Starting PmsApplication using Java 16.0.2 on DESKTOP-H5GEA9U with PID 15992 (C:\workspace\ProjectEyes\PMS\bin\main started by iteyes in C:\workspace\ProjectEyes\PMS)
2021-12-03 17:30:43,251 [restartedMain] DEBUG com.iteyes.PmsApplication(logStarting:56) - Running with Spring Boot v2.5.4, Spring v5.3.9
2021-12-03 17:30:43,251 [restartedMain] INFO  com.iteyes.PmsApplication(logStartupProfileInfo:659) - No active profile set, falling back to default profiles: default
2021-12-03 17:30:43,383 [restartedMain] INFO  org.springframework.context.support.PostProcessorRegistrationDelegate$BeanPostProcessorChecker(postProcessAfterInitialization:376) - Bean 'org.springframework.ws.config.annotation.DelegatingWsConfiguration' of type [org.springframework.ws.config.annotation.DelegatingWsConfiguration$$EnhancerBySpringCGLIB$$d928dcd5] is not eligible for getting processed by all BeanPostProcessors (for example: not eligible for auto-proxying)
2021-12-03 17:30:43,384 [restartedMain] INFO  org.springframework.ws.soap.addressing.server.AnnotationActionEndpointMapping(afterPropertiesSet:239) - Supporting [WS-Addressing August 2004, WS-Addressing 1.0]
2021-12-03 17:30:43,409 [restartedMain] INFO  org.springframework.boot.web.embedded.tomcat.TomcatWebServer(initialize:108) - Tomcat initialized with port(s): 8080 (http)
2021-12-03 17:30:43,426 [restartedMain] INFO  org.springframework.boot.web.servlet.context.ServletWebServerApplicationContext(prepareWebApplicationContext:290) - Root WebApplicationContext: initialization completed in 174 ms
2021-12-03 17:30:43,490 [restartedMain] INFO  org.springframework.boot.autoconfigure.web.servlet.WelcomePageHandlerMapping(<init>:53) - Adding welcome page: class path resource [static/index.html]
2021-12-03 17:30:43,520 [restartedMain] INFO  org.springframework.boot.devtools.autoconfigure.OptionalLiveReloadServer(startServer:58) - LiveReload server is running on port 35729
2021-12-03 17:30:43,527 [restartedMain] INFO  org.springframework.boot.web.embedded.tomcat.TomcatWebServer(start:220) - Tomcat started on port(s): 8080 (http) with context path ''
2021-12-03 17:30:43,529 [restartedMain] INFO  com.iteyes.PmsApplication(logStarted:61) - Started PmsApplication in 0.304 seconds (JVM running for 15255.023)
2021-12-03 17:30:43,530 [restartedMain] INFO  org.springframework.boot.devtools.autoconfigure.ConditionEvaluationDeltaLoggingListener(onApplicationEvent:63) - Condition evaluation unchanged
2021-12-03 17:30:45,902 [http-nio-8080-exec-1] INFO  org.springframework.web.servlet.DispatcherServlet(initServletBean:525) - Initializing Servlet 'dispatcherServlet'
2021-12-03 17:30:45,903 [http-nio-8080-exec-1] INFO  org.springframework.web.servlet.DispatcherServlet(initServletBean:547) - Completed initialization in 1 ms
2021-12-03 17:30:45,904 [http-nio-8080-exec-1] DEBUG com.iteyes.controller.pms.SWZP0010Controller(select:36) - # pgm_id :: 
2021-12-03 17:30:45,904 [http-nio-8080-exec-1] DEBUG com.iteyes.controller.pms.SWZP0010Controller(select:37) - # pgm_nm :: 업체개요
2021-12-03 17:30:45,904 [http-nio-8080-exec-1] DEBUG com.iteyes.controller.pms.SWZP0010Controller(select:38) - # pl_no :: 
2021-12-03 17:30:45,904 [http-nio-8080-exec-1] DEBUG com.iteyes.controller.pms.SWZP0010Controller(select:39) - # dvlpe_no :: 
2021-12-03 17:30:45,922 [http-nio-8080-exec-1] DEBUG com.iteyes.mapper.pms.SWZP0010Mapper.select_0010_01(debug:137) - ==>  Preparing: SELECT bkup_id /*백업ID */ , prjt_id /*프로젝트ID */ , pgm_id /*프로그램ID */ , bzcd /*업무구분 */ , pgm_nm /*프로그램명 */ , enlpe_nm /*확장자명 */ , frcs_sta_dt /*예상시작일자 */ , frcs_end_dt /*예상종료일자 */ , sta_dt /*실제시작일자 */ , end_dt /*실제종료일자 */ , prg_txt /*진행현황 */ , dvlpe_no /*개발자번호 */ , dvlpe_cnf_dt /*개발자확인일자 */ , pl_no /*PL번호 */ , pl_cnf_dt /*PL확인일자 */ , crpe_no /*담당자번호 */ , rmrk /*비고 */ , opr_no /*조작자번호 */ , db_chg_ts /*DB변경일시 */ FROM PMS_PGM_MNG WHERE 1=1 /*프로그램ID*/ /*프로그램명*/ AND PGM_NM LIKE ?||'%' /*개발자번호*/ /*PL번호*/
2021-12-03 17:30:45,922 [http-nio-8080-exec-1] DEBUG com.iteyes.mapper.pms.SWZP0010Mapper.select_0010_01(debug:137) - ==> Parameters: 업체개요(String)
2021-12-03 17:30:45,925 [http-nio-8080-exec-1] DEBUG com.iteyes.mapper.pms.SWZP0010Mapper.select_0010_01(debug:137) - <==      Total: 0
2021-12-03 17:30:47,383 [http-nio-8080-exec-2] DEBUG com.iteyes.controller.pms.SWZP0010Controller(select:36) - # pgm_id :: 
2021-12-03 17:30:47,384 [http-nio-8080-exec-2] DEBUG com.iteyes.controller.pms.SWZP0010Controller(select:37) - # pgm_nm :: 업체개요
2021-12-03 17:30:47,384 [http-nio-8080-exec-2] DEBUG com.iteyes.controller.pms.SWZP0010Controller(select:38) - # pl_no :: 
2021-12-03 17:30:47,384 [http-nio-8080-exec-2] DEBUG com.iteyes.controller.pms.SWZP0010Controller(select:39) - # dvlpe_no :: 
2021-12-03 17:30:47,389 [http-nio-8080-exec-2] DEBUG com.iteyes.mapper.pms.SWZP0010Mapper.select_0010_01(debug:137) - ==>  Preparing: SELECT bkup_id /*백업ID */ , prjt_id /*프로젝트ID */ , pgm_id /*프로그램ID */ , bzcd /*업무구분 */ , pgm_nm /*프로그램명 */ , enlpe_nm /*확장자명 */ , frcs_sta_dt /*예상시작일자 */ , frcs_end_dt /*예상종료일자 */ , sta_dt /*실제시작일자 */ , end_dt /*실제종료일자 */ , prg_txt /*진행현황 */ , dvlpe_no /*개발자번호 */ , dvlpe_cnf_dt /*개발자확인일자 */ , pl_no /*PL번호 */ , pl_cnf_dt /*PL확인일자 */ , crpe_no /*담당자번호 */ , rmrk /*비고 */ , opr_no /*조작자번호 */ , db_chg_ts /*DB변경일시 */ FROM PMS_PGM_MNG WHERE 1=1 /*프로그램ID*/ /*프로그램명*/ AND PGM_NM LIKE ?||'%' /*개발자번호*/ /*PL번호*/
2021-12-03 17:30:47,389 [http-nio-8080-exec-2] DEBUG com.iteyes.mapper.pms.SWZP0010Mapper.select_0010_01(debug:137) - ==> Parameters: 업체개요(String)
2021-12-03 17:30:47,393 [http-nio-8080-exec-2] DEBUG com.iteyes.mapper.pms.SWZP0010Mapper.select_0010_01(debug:137) - <==      Total: 0
2021-12-03 17:31:08,667 [restartedMain] INFO  com.iteyes.PmsApplication(logStarting:55) - Starting PmsApplication using Java 16.0.2 on DESKTOP-H5GEA9U with PID 15992 (C:\workspace\ProjectEyes\PMS\bin\main started by iteyes in C:\workspace\ProjectEyes\PMS)
2021-12-03 17:31:08,668 [restartedMain] DEBUG com.iteyes.PmsApplication(logStarting:56) - Running with Spring Boot v2.5.4, Spring v5.3.9
2021-12-03 17:31:08,668 [restartedMain] INFO  com.iteyes.PmsApplication(logStartupProfileInfo:659) - No active profile set, falling back to default profiles: default
2021-12-03 17:31:08,806 [restartedMain] INFO  org.springframework.context.support.PostProcessorRegistrationDelegate$BeanPostProcessorChecker(postProcessAfterInitialization:376) - Bean 'org.springframework.ws.config.annotation.DelegatingWsConfiguration' of type [org.springframework.ws.config.annotation.DelegatingWsConfiguration$$EnhancerBySpringCGLIB$$d928dcd5] is not eligible for getting processed by all BeanPostProcessors (for example: not eligible for auto-proxying)
2021-12-03 17:31:08,806 [restartedMain] INFO  org.springframework.ws.soap.addressing.server.AnnotationActionEndpointMapping(afterPropertiesSet:239) - Supporting [WS-Addressing August 2004, WS-Addressing 1.0]
2021-12-03 17:31:08,831 [restartedMain] INFO  org.springframework.boot.web.embedded.tomcat.TomcatWebServer(initialize:108) - Tomcat initialized with port(s): 8080 (http)
2021-12-03 17:31:08,848 [restartedMain] INFO  org.springframework.boot.web.servlet.context.ServletWebServerApplicationContext(prepareWebApplicationContext:290) - Root WebApplicationContext: initialization completed in 179 ms
2021-12-03 17:31:08,918 [restartedMain] INFO  org.springframework.boot.autoconfigure.web.servlet.WelcomePageHandlerMapping(<init>:53) - Adding welcome page: class path resource [static/index.html]
2021-12-03 17:31:08,948 [restartedMain] INFO  org.springframework.boot.devtools.autoconfigure.OptionalLiveReloadServer(startServer:58) - LiveReload server is running on port 35729
2021-12-03 17:31:08,957 [restartedMain] INFO  org.springframework.boot.web.embedded.tomcat.TomcatWebServer(start:220) - Tomcat started on port(s): 8080 (http) with context path ''
2021-12-03 17:31:08,960 [restartedMain] INFO  com.iteyes.PmsApplication(logStarted:61) - Started PmsApplication in 0.319 seconds (JVM running for 15280.454)
2021-12-03 17:31:08,962 [restartedMain] INFO  org.springframework.boot.devtools.autoconfigure.ConditionEvaluationDeltaLoggingListener(onApplicationEvent:63) - Condition evaluation unchanged
2021-12-03 17:31:09,429 [http-nio-8080-exec-1] INFO  org.springframework.web.servlet.DispatcherServlet(initServletBean:525) - Initializing Servlet 'dispatcherServlet'
2021-12-03 17:31:09,430 [http-nio-8080-exec-1] INFO  org.springframework.web.servlet.DispatcherServlet(initServletBean:547) - Completed initialization in 0 ms
2021-12-03 17:31:09,431 [http-nio-8080-exec-1] DEBUG com.iteyes.controller.pms.SWZP0010Controller(select:36) - # pgm_id :: 
2021-12-03 17:31:09,431 [http-nio-8080-exec-1] DEBUG com.iteyes.controller.pms.SWZP0010Controller(select:37) - # pgm_nm :: 업체개요
2021-12-03 17:31:09,431 [http-nio-8080-exec-1] DEBUG com.iteyes.controller.pms.SWZP0010Controller(select:38) - # pl_no :: 
2021-12-03 17:31:09,431 [http-nio-8080-exec-1] DEBUG com.iteyes.controller.pms.SWZP0010Controller(select:39) - # dvlpe_no :: 
2021-12-03 17:31:09,462 [http-nio-8080-exec-1] DEBUG com.iteyes.mapper.pms.SWZP0010Mapper.select_0010_01(debug:137) - ==>  Preparing: SELECT bkup_id /*백업ID */ , prjt_id /*프로젝트ID */ , pgm_id /*프로그램ID */ , bzcd /*업무구분 */ , pgm_nm /*프로그램명 */ , enlpe_nm /*확장자명 */ , frcs_sta_dt /*예상시작일자 */ , frcs_end_dt /*예상종료일자 */ , sta_dt /*실제시작일자 */ , end_dt /*실제종료일자 */ , prg_txt /*진행현황 */ , dvlpe_no /*개발자번호 */ , dvlpe_cnf_dt /*개발자확인일자 */ , pl_no /*PL번호 */ , pl_cnf_dt /*PL확인일자 */ , crpe_no /*담당자번호 */ , rmrk /*비고 */ , opr_no /*조작자번호 */ , db_chg_ts /*DB변경일시 */ FROM PMS_PGM_MNG WHERE 1=1 /*프로그램ID*/ /*프로그램명*/ AND PGM_NM LIKE '?'||'%' /*개발자번호*/ /*PL번호*/
2021-12-03 17:31:09,463 [http-nio-8080-exec-1] WARN  org.springframework.web.servlet.mvc.method.annotation.ExceptionHandlerExceptionResolver(logException:207) - Resolved [org.mybatis.spring.MyBatisSystemException: nested exception is org.apache.ibatis.type.TypeException: Could not set parameters for mapping: ParameterMapping{property='pgm_nm', mode=IN, javaType=class java.lang.String, jdbcType=null, numericScale=null, resultMapId='null', jdbcTypeName='null', expression='null'}. Cause: org.apache.ibatis.type.TypeException: Error setting non null for parameter #1 with JdbcType null . Try setting a different JdbcType for this parameter or a different configuration property. Cause: java.sql.SQLException: Could not set parameter at position 1 (values vas '업체개요')]
2021-12-03 17:31:09,631 [http-nio-8080-exec-2] DEBUG com.iteyes.controller.pms.SWZP0010Controller(select:36) - # pgm_id :: 
2021-12-03 17:31:09,631 [http-nio-8080-exec-2] DEBUG com.iteyes.controller.pms.SWZP0010Controller(select:37) - # pgm_nm :: 업체개요
2021-12-03 17:31:09,631 [http-nio-8080-exec-2] DEBUG com.iteyes.controller.pms.SWZP0010Controller(select:38) - # pl_no :: 
2021-12-03 17:31:09,631 [http-nio-8080-exec-2] DEBUG com.iteyes.controller.pms.SWZP0010Controller(select:39) - # dvlpe_no :: 
2021-12-03 17:31:09,632 [http-nio-8080-exec-2] DEBUG com.iteyes.mapper.pms.SWZP0010Mapper.select_0010_01(debug:137) - ==>  Preparing: SELECT bkup_id /*백업ID */ , prjt_id /*프로젝트ID */ , pgm_id /*프로그램ID */ , bzcd /*업무구분 */ , pgm_nm /*프로그램명 */ , enlpe_nm /*확장자명 */ , frcs_sta_dt /*예상시작일자 */ , frcs_end_dt /*예상종료일자 */ , sta_dt /*실제시작일자 */ , end_dt /*실제종료일자 */ , prg_txt /*진행현황 */ , dvlpe_no /*개발자번호 */ , dvlpe_cnf_dt /*개발자확인일자 */ , pl_no /*PL번호 */ , pl_cnf_dt /*PL확인일자 */ , crpe_no /*담당자번호 */ , rmrk /*비고 */ , opr_no /*조작자번호 */ , db_chg_ts /*DB변경일시 */ FROM PMS_PGM_MNG WHERE 1=1 /*프로그램ID*/ /*프로그램명*/ AND PGM_NM LIKE '?'||'%' /*개발자번호*/ /*PL번호*/
2021-12-03 17:31:09,632 [http-nio-8080-exec-2] WARN  org.springframework.web.servlet.mvc.method.annotation.ExceptionHandlerExceptionResolver(logException:207) - Resolved [org.mybatis.spring.MyBatisSystemException: nested exception is org.apache.ibatis.type.TypeException: Could not set parameters for mapping: ParameterMapping{property='pgm_nm', mode=IN, javaType=class java.lang.String, jdbcType=null, numericScale=null, resultMapId='null', jdbcTypeName='null', expression='null'}. Cause: org.apache.ibatis.type.TypeException: Error setting non null for parameter #1 with JdbcType null . Try setting a different JdbcType for this parameter or a different configuration property. Cause: java.sql.SQLException: Could not set parameter at position 1 (values vas '업체개요')]
2021-12-03 17:31:09,863 [http-nio-8080-exec-3] DEBUG com.iteyes.controller.pms.SWZP0010Controller(select:36) - # pgm_id :: 
2021-12-03 17:31:09,863 [http-nio-8080-exec-3] DEBUG com.iteyes.controller.pms.SWZP0010Controller(select:37) - # pgm_nm :: 업체개요
2021-12-03 17:31:09,863 [http-nio-8080-exec-3] DEBUG com.iteyes.controller.pms.SWZP0010Controller(select:38) - # pl_no :: 
2021-12-03 17:31:09,863 [http-nio-8080-exec-3] DEBUG com.iteyes.controller.pms.SWZP0010Controller(select:39) - # dvlpe_no :: 
2021-12-03 17:31:09,863 [http-nio-8080-exec-3] DEBUG com.iteyes.mapper.pms.SWZP0010Mapper.select_0010_01(debug:137) - ==>  Preparing: SELECT bkup_id /*백업ID */ , prjt_id /*프로젝트ID */ , pgm_id /*프로그램ID */ , bzcd /*업무구분 */ , pgm_nm /*프로그램명 */ , enlpe_nm /*확장자명 */ , frcs_sta_dt /*예상시작일자 */ , frcs_end_dt /*예상종료일자 */ , sta_dt /*실제시작일자 */ , end_dt /*실제종료일자 */ , prg_txt /*진행현황 */ , dvlpe_no /*개발자번호 */ , dvlpe_cnf_dt /*개발자확인일자 */ , pl_no /*PL번호 */ , pl_cnf_dt /*PL확인일자 */ , crpe_no /*담당자번호 */ , rmrk /*비고 */ , opr_no /*조작자번호 */ , db_chg_ts /*DB변경일시 */ FROM PMS_PGM_MNG WHERE 1=1 /*프로그램ID*/ /*프로그램명*/ AND PGM_NM LIKE '?'||'%' /*개발자번호*/ /*PL번호*/
2021-12-03 17:31:09,864 [http-nio-8080-exec-3] WARN  org.springframework.web.servlet.mvc.method.annotation.ExceptionHandlerExceptionResolver(logException:207) - Resolved [org.mybatis.spring.MyBatisSystemException: nested exception is org.apache.ibatis.type.TypeException: Could not set parameters for mapping: ParameterMapping{property='pgm_nm', mode=IN, javaType=class java.lang.String, jdbcType=null, numericScale=null, resultMapId='null', jdbcTypeName='null', expression='null'}. Cause: org.apache.ibatis.type.TypeException: Error setting non null for parameter #1 with JdbcType null . Try setting a different JdbcType for this parameter or a different configuration property. Cause: java.sql.SQLException: Could not set parameter at position 1 (values vas '업체개요')]
2021-12-03 17:31:10,111 [http-nio-8080-exec-4] DEBUG com.iteyes.controller.pms.SWZP0010Controller(select:36) - # pgm_id :: 
2021-12-03 17:31:10,111 [http-nio-8080-exec-4] DEBUG com.iteyes.controller.pms.SWZP0010Controller(select:37) - # pgm_nm :: 업체개요
2021-12-03 17:31:10,111 [http-nio-8080-exec-4] DEBUG com.iteyes.controller.pms.SWZP0010Controller(select:38) - # pl_no :: 
2021-12-03 17:31:10,111 [http-nio-8080-exec-4] DEBUG com.iteyes.controller.pms.SWZP0010Controller(select:39) - # dvlpe_no :: 
2021-12-03 17:31:10,111 [http-nio-8080-exec-4] DEBUG com.iteyes.mapper.pms.SWZP0010Mapper.select_0010_01(debug:137) - ==>  Preparing: SELECT bkup_id /*백업ID */ , prjt_id /*프로젝트ID */ , pgm_id /*프로그램ID */ , bzcd /*업무구분 */ , pgm_nm /*프로그램명 */ , enlpe_nm /*확장자명 */ , frcs_sta_dt /*예상시작일자 */ , frcs_end_dt /*예상종료일자 */ , sta_dt /*실제시작일자 */ , end_dt /*실제종료일자 */ , prg_txt /*진행현황 */ , dvlpe_no /*개발자번호 */ , dvlpe_cnf_dt /*개발자확인일자 */ , pl_no /*PL번호 */ , pl_cnf_dt /*PL확인일자 */ , crpe_no /*담당자번호 */ , rmrk /*비고 */ , opr_no /*조작자번호 */ , db_chg_ts /*DB변경일시 */ FROM PMS_PGM_MNG WHERE 1=1 /*프로그램ID*/ /*프로그램명*/ AND PGM_NM LIKE '?'||'%' /*개발자번호*/ /*PL번호*/
2021-12-03 17:31:10,112 [http-nio-8080-exec-4] WARN  org.springframework.web.servlet.mvc.method.annotation.ExceptionHandlerExceptionResolver(logException:207) - Resolved [org.mybatis.spring.MyBatisSystemException: nested exception is org.apache.ibatis.type.TypeException: Could not set parameters for mapping: ParameterMapping{property='pgm_nm', mode=IN, javaType=class java.lang.String, jdbcType=null, numericScale=null, resultMapId='null', jdbcTypeName='null', expression='null'}. Cause: org.apache.ibatis.type.TypeException: Error setting non null for parameter #1 with JdbcType null . Try setting a different JdbcType for this parameter or a different configuration property. Cause: java.sql.SQLException: Could not set parameter at position 1 (values vas '업체개요')]
2021-12-03 17:31:10,304 [http-nio-8080-exec-5] DEBUG com.iteyes.controller.pms.SWZP0010Controller(select:36) - # pgm_id :: 
2021-12-03 17:31:10,305 [http-nio-8080-exec-5] DEBUG com.iteyes.controller.pms.SWZP0010Controller(select:37) - # pgm_nm :: 업체개요
2021-12-03 17:31:10,305 [http-nio-8080-exec-5] DEBUG com.iteyes.controller.pms.SWZP0010Controller(select:38) - # pl_no :: 
2021-12-03 17:31:10,305 [http-nio-8080-exec-5] DEBUG com.iteyes.controller.pms.SWZP0010Controller(select:39) - # dvlpe_no :: 
2021-12-03 17:31:10,305 [http-nio-8080-exec-5] DEBUG com.iteyes.mapper.pms.SWZP0010Mapper.select_0010_01(debug:137) - ==>  Preparing: SELECT bkup_id /*백업ID */ , prjt_id /*프로젝트ID */ , pgm_id /*프로그램ID */ , bzcd /*업무구분 */ , pgm_nm /*프로그램명 */ , enlpe_nm /*확장자명 */ , frcs_sta_dt /*예상시작일자 */ , frcs_end_dt /*예상종료일자 */ , sta_dt /*실제시작일자 */ , end_dt /*실제종료일자 */ , prg_txt /*진행현황 */ , dvlpe_no /*개발자번호 */ , dvlpe_cnf_dt /*개발자확인일자 */ , pl_no /*PL번호 */ , pl_cnf_dt /*PL확인일자 */ , crpe_no /*담당자번호 */ , rmrk /*비고 */ , opr_no /*조작자번호 */ , db_chg_ts /*DB변경일시 */ FROM PMS_PGM_MNG WHERE 1=1 /*프로그램ID*/ /*프로그램명*/ AND PGM_NM LIKE '?'||'%' /*개발자번호*/ /*PL번호*/
2021-12-03 17:31:10,306 [http-nio-8080-exec-5] WARN  org.springframework.web.servlet.mvc.method.annotation.ExceptionHandlerExceptionResolver(logException:207) - Resolved [org.mybatis.spring.MyBatisSystemException: nested exception is org.apache.ibatis.type.TypeException: Could not set parameters for mapping: ParameterMapping{property='pgm_nm', mode=IN, javaType=class java.lang.String, jdbcType=null, numericScale=null, resultMapId='null', jdbcTypeName='null', expression='null'}. Cause: org.apache.ibatis.type.TypeException: Error setting non null for parameter #1 with JdbcType null . Try setting a different JdbcType for this parameter or a different configuration property. Cause: java.sql.SQLException: Could not set parameter at position 1 (values vas '업체개요')]
2021-12-03 17:31:10,508 [http-nio-8080-exec-6] DEBUG com.iteyes.controller.pms.SWZP0010Controller(select:36) - # pgm_id :: 
2021-12-03 17:31:10,508 [http-nio-8080-exec-6] DEBUG com.iteyes.controller.pms.SWZP0010Controller(select:37) - # pgm_nm :: 업체개요
2021-12-03 17:31:10,508 [http-nio-8080-exec-6] DEBUG com.iteyes.controller.pms.SWZP0010Controller(select:38) - # pl_no :: 
2021-12-03 17:31:10,508 [http-nio-8080-exec-6] DEBUG com.iteyes.controller.pms.SWZP0010Controller(select:39) - # dvlpe_no :: 
2021-12-03 17:31:10,508 [http-nio-8080-exec-6] DEBUG com.iteyes.mapper.pms.SWZP0010Mapper.select_0010_01(debug:137) - ==>  Preparing: SELECT bkup_id /*백업ID */ , prjt_id /*프로젝트ID */ , pgm_id /*프로그램ID */ , bzcd /*업무구분 */ , pgm_nm /*프로그램명 */ , enlpe_nm /*확장자명 */ , frcs_sta_dt /*예상시작일자 */ , frcs_end_dt /*예상종료일자 */ , sta_dt /*실제시작일자 */ , end_dt /*실제종료일자 */ , prg_txt /*진행현황 */ , dvlpe_no /*개발자번호 */ , dvlpe_cnf_dt /*개발자확인일자 */ , pl_no /*PL번호 */ , pl_cnf_dt /*PL확인일자 */ , crpe_no /*담당자번호 */ , rmrk /*비고 */ , opr_no /*조작자번호 */ , db_chg_ts /*DB변경일시 */ FROM PMS_PGM_MNG WHERE 1=1 /*프로그램ID*/ /*프로그램명*/ AND PGM_NM LIKE '?'||'%' /*개발자번호*/ /*PL번호*/
2021-12-03 17:31:10,509 [http-nio-8080-exec-6] WARN  org.springframework.web.servlet.mvc.method.annotation.ExceptionHandlerExceptionResolver(logException:207) - Resolved [org.mybatis.spring.MyBatisSystemException: nested exception is org.apache.ibatis.type.TypeException: Could not set parameters for mapping: ParameterMapping{property='pgm_nm', mode=IN, javaType=class java.lang.String, jdbcType=null, numericScale=null, resultMapId='null', jdbcTypeName='null', expression='null'}. Cause: org.apache.ibatis.type.TypeException: Error setting non null for parameter #1 with JdbcType null . Try setting a different JdbcType for this parameter or a different configuration property. Cause: java.sql.SQLException: Could not set parameter at position 1 (values vas '업체개요')]
2021-12-03 17:31:13,904 [http-nio-8080-exec-7] DEBUG com.iteyes.controller.pms.SWZP0010Controller(select:36) - # pgm_id :: 
2021-12-03 17:31:13,904 [http-nio-8080-exec-7] DEBUG com.iteyes.controller.pms.SWZP0010Controller(select:37) - # pgm_nm :: 업체개요
2021-12-03 17:31:13,904 [http-nio-8080-exec-7] DEBUG com.iteyes.controller.pms.SWZP0010Controller(select:38) - # pl_no :: 
2021-12-03 17:31:13,904 [http-nio-8080-exec-7] DEBUG com.iteyes.controller.pms.SWZP0010Controller(select:39) - # dvlpe_no :: 
2021-12-03 17:31:13,910 [http-nio-8080-exec-7] DEBUG com.iteyes.mapper.pms.SWZP0010Mapper.select_0010_01(debug:137) - ==>  Preparing: SELECT bkup_id /*백업ID */ , prjt_id /*프로젝트ID */ , pgm_id /*프로그램ID */ , bzcd /*업무구분 */ , pgm_nm /*프로그램명 */ , enlpe_nm /*확장자명 */ , frcs_sta_dt /*예상시작일자 */ , frcs_end_dt /*예상종료일자 */ , sta_dt /*실제시작일자 */ , end_dt /*실제종료일자 */ , prg_txt /*진행현황 */ , dvlpe_no /*개발자번호 */ , dvlpe_cnf_dt /*개발자확인일자 */ , pl_no /*PL번호 */ , pl_cnf_dt /*PL확인일자 */ , crpe_no /*담당자번호 */ , rmrk /*비고 */ , opr_no /*조작자번호 */ , db_chg_ts /*DB변경일시 */ FROM PMS_PGM_MNG WHERE 1=1 /*프로그램ID*/ /*프로그램명*/ AND PGM_NM LIKE '?'||'%' /*개발자번호*/ /*PL번호*/
2021-12-03 17:31:13,910 [http-nio-8080-exec-7] WARN  org.springframework.web.servlet.mvc.method.annotation.ExceptionHandlerExceptionResolver(logException:207) - Resolved [org.mybatis.spring.MyBatisSystemException: nested exception is org.apache.ibatis.type.TypeException: Could not set parameters for mapping: ParameterMapping{property='pgm_nm', mode=IN, javaType=class java.lang.String, jdbcType=null, numericScale=null, resultMapId='null', jdbcTypeName='null', expression='null'}. Cause: org.apache.ibatis.type.TypeException: Error setting non null for parameter #1 with JdbcType null . Try setting a different JdbcType for this parameter or a different configuration property. Cause: java.sql.SQLException: Could not set parameter at position 1 (values vas '업체개요')]
2021-12-03 17:31:14,085 [http-nio-8080-exec-8] DEBUG com.iteyes.controller.pms.SWZP0010Controller(select:36) - # pgm_id :: 
2021-12-03 17:31:14,085 [http-nio-8080-exec-8] DEBUG com.iteyes.controller.pms.SWZP0010Controller(select:37) - # pgm_nm :: 업체개요
2021-12-03 17:31:14,085 [http-nio-8080-exec-8] DEBUG com.iteyes.controller.pms.SWZP0010Controller(select:38) - # pl_no :: 
2021-12-03 17:31:14,085 [http-nio-8080-exec-8] DEBUG com.iteyes.controller.pms.SWZP0010Controller(select:39) - # dvlpe_no :: 
2021-12-03 17:31:14,086 [http-nio-8080-exec-8] DEBUG com.iteyes.mapper.pms.SWZP0010Mapper.select_0010_01(debug:137) - ==>  Preparing: SELECT bkup_id /*백업ID */ , prjt_id /*프로젝트ID */ , pgm_id /*프로그램ID */ , bzcd /*업무구분 */ , pgm_nm /*프로그램명 */ , enlpe_nm /*확장자명 */ , frcs_sta_dt /*예상시작일자 */ , frcs_end_dt /*예상종료일자 */ , sta_dt /*실제시작일자 */ , end_dt /*실제종료일자 */ , prg_txt /*진행현황 */ , dvlpe_no /*개발자번호 */ , dvlpe_cnf_dt /*개발자확인일자 */ , pl_no /*PL번호 */ , pl_cnf_dt /*PL확인일자 */ , crpe_no /*담당자번호 */ , rmrk /*비고 */ , opr_no /*조작자번호 */ , db_chg_ts /*DB변경일시 */ FROM PMS_PGM_MNG WHERE 1=1 /*프로그램ID*/ /*프로그램명*/ AND PGM_NM LIKE '?'||'%' /*개발자번호*/ /*PL번호*/
2021-12-03 17:31:14,086 [http-nio-8080-exec-8] WARN  org.springframework.web.servlet.mvc.method.annotation.ExceptionHandlerExceptionResolver(logException:207) - Resolved [org.mybatis.spring.MyBatisSystemException: nested exception is org.apache.ibatis.type.TypeException: Could not set parameters for mapping: ParameterMapping{property='pgm_nm', mode=IN, javaType=class java.lang.String, jdbcType=null, numericScale=null, resultMapId='null', jdbcTypeName='null', expression='null'}. Cause: org.apache.ibatis.type.TypeException: Error setting non null for parameter #1 with JdbcType null . Try setting a different JdbcType for this parameter or a different configuration property. Cause: java.sql.SQLException: Could not set parameter at position 1 (values vas '업체개요')]
2021-12-03 17:31:14,638 [restartedMain] INFO  com.iteyes.PmsApplication(logStarting:55) - Starting PmsApplication using Java 16.0.2 on DESKTOP-H5GEA9U with PID 15992 (C:\workspace\ProjectEyes\PMS\bin\main started by iteyes in C:\workspace\ProjectEyes\PMS)
2021-12-03 17:31:14,639 [restartedMain] DEBUG com.iteyes.PmsApplication(logStarting:56) - Running with Spring Boot v2.5.4, Spring v5.3.9
2021-12-03 17:31:14,639 [restartedMain] INFO  com.iteyes.PmsApplication(logStartupProfileInfo:659) - No active profile set, falling back to default profiles: default
2021-12-03 17:31:14,772 [restartedMain] INFO  org.springframework.context.support.PostProcessorRegistrationDelegate$BeanPostProcessorChecker(postProcessAfterInitialization:376) - Bean 'org.springframework.ws.config.annotation.DelegatingWsConfiguration' of type [org.springframework.ws.config.annotation.DelegatingWsConfiguration$$EnhancerBySpringCGLIB$$d928dcd5] is not eligible for getting processed by all BeanPostProcessors (for example: not eligible for auto-proxying)
2021-12-03 17:31:14,773 [restartedMain] INFO  org.springframework.ws.soap.addressing.server.AnnotationActionEndpointMapping(afterPropertiesSet:239) - Supporting [WS-Addressing August 2004, WS-Addressing 1.0]
2021-12-03 17:31:14,801 [restartedMain] INFO  org.springframework.boot.web.embedded.tomcat.TomcatWebServer(initialize:108) - Tomcat initialized with port(s): 8080 (http)
2021-12-03 17:31:14,819 [restartedMain] INFO  org.springframework.boot.web.servlet.context.ServletWebServerApplicationContext(prepareWebApplicationContext:290) - Root WebApplicationContext: initialization completed in 178 ms
2021-12-03 17:31:14,885 [restartedMain] INFO  org.springframework.boot.autoconfigure.web.servlet.WelcomePageHandlerMapping(<init>:53) - Adding welcome page: class path resource [static/index.html]
2021-12-03 17:31:14,919 [restartedMain] INFO  org.springframework.boot.devtools.autoconfigure.OptionalLiveReloadServer(startServer:58) - LiveReload server is running on port 35729
2021-12-03 17:31:14,928 [restartedMain] INFO  org.springframework.boot.web.embedded.tomcat.TomcatWebServer(start:220) - Tomcat started on port(s): 8080 (http) with context path ''
2021-12-03 17:31:14,930 [restartedMain] INFO  com.iteyes.PmsApplication(logStarted:61) - Started PmsApplication in 0.32 seconds (JVM running for 15286.425)
2021-12-03 17:31:14,932 [restartedMain] INFO  org.springframework.boot.devtools.autoconfigure.ConditionEvaluationDeltaLoggingListener(onApplicationEvent:63) - Condition evaluation unchanged
2021-12-03 17:31:15,050 [http-nio-8080-exec-1] INFO  org.springframework.web.servlet.DispatcherServlet(initServletBean:525) - Initializing Servlet 'dispatcherServlet'
2021-12-03 17:31:15,051 [http-nio-8080-exec-1] INFO  org.springframework.web.servlet.DispatcherServlet(initServletBean:547) - Completed initialization in 1 ms
2021-12-03 17:31:15,052 [http-nio-8080-exec-1] DEBUG com.iteyes.controller.pms.SWZP0010Controller(select:36) - # pgm_id :: 
2021-12-03 17:31:15,052 [http-nio-8080-exec-1] DEBUG com.iteyes.controller.pms.SWZP0010Controller(select:37) - # pgm_nm :: 업체개요
2021-12-03 17:31:15,052 [http-nio-8080-exec-1] DEBUG com.iteyes.controller.pms.SWZP0010Controller(select:38) - # pl_no :: 
2021-12-03 17:31:15,052 [http-nio-8080-exec-1] DEBUG com.iteyes.controller.pms.SWZP0010Controller(select:39) - # dvlpe_no :: 
2021-12-03 17:31:15,067 [http-nio-8080-exec-1] DEBUG com.iteyes.mapper.pms.SWZP0010Mapper.select_0010_01(debug:137) - ==>  Preparing: SELECT bkup_id /*백업ID */ , prjt_id /*프로젝트ID */ , pgm_id /*프로그램ID */ , bzcd /*업무구분 */ , pgm_nm /*프로그램명 */ , enlpe_nm /*확장자명 */ , frcs_sta_dt /*예상시작일자 */ , frcs_end_dt /*예상종료일자 */ , sta_dt /*실제시작일자 */ , end_dt /*실제종료일자 */ , prg_txt /*진행현황 */ , dvlpe_no /*개발자번호 */ , dvlpe_cnf_dt /*개발자확인일자 */ , pl_no /*PL번호 */ , pl_cnf_dt /*PL확인일자 */ , crpe_no /*담당자번호 */ , rmrk /*비고 */ , opr_no /*조작자번호 */ , db_chg_ts /*DB변경일시 */ FROM PMS_PGM_MNG WHERE 1=1 /*프로그램ID*/ /*프로그램명*/ AND PGM_NM LIKE ?||'%' /*개발자번호*/ /*PL번호*/
2021-12-03 17:31:15,068 [http-nio-8080-exec-1] DEBUG com.iteyes.mapper.pms.SWZP0010Mapper.select_0010_01(debug:137) - ==> Parameters: 업체개요(String)
2021-12-03 17:31:15,070 [http-nio-8080-exec-1] DEBUG com.iteyes.mapper.pms.SWZP0010Mapper.select_0010_01(debug:137) - <==      Total: 0
2021-12-03 17:33:22,503 [http-nio-8080-exec-4] DEBUG com.iteyes.controller.pms.SWZP0010Controller(select:36) - # pgm_id :: 
2021-12-03 17:33:22,503 [http-nio-8080-exec-4] DEBUG com.iteyes.controller.pms.SWZP0010Controller(select:37) - # pgm_nm :: 업체개요
2021-12-03 17:33:22,503 [http-nio-8080-exec-4] DEBUG com.iteyes.controller.pms.SWZP0010Controller(select:38) - # pl_no :: 
2021-12-03 17:33:22,503 [http-nio-8080-exec-4] DEBUG com.iteyes.controller.pms.SWZP0010Controller(select:39) - # dvlpe_no :: 
2021-12-03 17:33:22,507 [http-nio-8080-exec-4] DEBUG com.iteyes.mapper.pms.SWZP0010Mapper.select_0010_01(debug:137) - ==>  Preparing: SELECT bkup_id /*백업ID */ , prjt_id /*프로젝트ID */ , pgm_id /*프로그램ID */ , bzcd /*업무구분 */ , pgm_nm /*프로그램명 */ , enlpe_nm /*확장자명 */ , frcs_sta_dt /*예상시작일자 */ , frcs_end_dt /*예상종료일자 */ , sta_dt /*실제시작일자 */ , end_dt /*실제종료일자 */ , prg_txt /*진행현황 */ , dvlpe_no /*개발자번호 */ , dvlpe_cnf_dt /*개발자확인일자 */ , pl_no /*PL번호 */ , pl_cnf_dt /*PL확인일자 */ , crpe_no /*담당자번호 */ , rmrk /*비고 */ , opr_no /*조작자번호 */ , db_chg_ts /*DB변경일시 */ FROM PMS_PGM_MNG WHERE 1=1 /*프로그램ID*/ /*프로그램명*/ AND PGM_NM LIKE ?||'%' /*개발자번호*/ /*PL번호*/
2021-12-03 17:33:22,508 [http-nio-8080-exec-4] DEBUG com.iteyes.mapper.pms.SWZP0010Mapper.select_0010_01(debug:137) - ==> Parameters: 업체개요(String)
2021-12-03 17:33:22,511 [http-nio-8080-exec-4] DEBUG com.iteyes.mapper.pms.SWZP0010Mapper.select_0010_01(debug:137) - <==      Total: 0
2021-12-03 17:33:31,777 [restartedMain] INFO  com.iteyes.PmsApplication(logStarting:55) - Starting PmsApplication using Java 16.0.2 on DESKTOP-H5GEA9U with PID 15992 (C:\workspace\ProjectEyes\PMS\bin\main started by iteyes in C:\workspace\ProjectEyes\PMS)
2021-12-03 17:33:31,777 [restartedMain] DEBUG com.iteyes.PmsApplication(logStarting:56) - Running with Spring Boot v2.5.4, Spring v5.3.9
2021-12-03 17:33:31,777 [restartedMain] INFO  com.iteyes.PmsApplication(logStartupProfileInfo:659) - No active profile set, falling back to default profiles: default
2021-12-03 17:33:31,914 [restartedMain] INFO  org.springframework.context.support.PostProcessorRegistrationDelegate$BeanPostProcessorChecker(postProcessAfterInitialization:376) - Bean 'org.springframework.ws.config.annotation.DelegatingWsConfiguration' of type [org.springframework.ws.config.annotation.DelegatingWsConfiguration$$EnhancerBySpringCGLIB$$d928dcd5] is not eligible for getting processed by all BeanPostProcessors (for example: not eligible for auto-proxying)
2021-12-03 17:33:31,914 [restartedMain] INFO  org.springframework.ws.soap.addressing.server.AnnotationActionEndpointMapping(afterPropertiesSet:239) - Supporting [WS-Addressing August 2004, WS-Addressing 1.0]
2021-12-03 17:33:31,938 [restartedMain] INFO  org.springframework.boot.web.embedded.tomcat.TomcatWebServer(initialize:108) - Tomcat initialized with port(s): 8080 (http)
2021-12-03 17:33:31,955 [restartedMain] INFO  org.springframework.boot.web.servlet.context.ServletWebServerApplicationContext(prepareWebApplicationContext:290) - Root WebApplicationContext: initialization completed in 176 ms
2021-12-03 17:33:32,019 [restartedMain] INFO  org.springframework.boot.autoconfigure.web.servlet.WelcomePageHandlerMapping(<init>:53) - Adding welcome page: class path resource [static/index.html]
2021-12-03 17:33:32,048 [restartedMain] INFO  org.springframework.boot.devtools.autoconfigure.OptionalLiveReloadServer(startServer:58) - LiveReload server is running on port 35729
2021-12-03 17:33:32,057 [restartedMain] INFO  org.springframework.boot.web.embedded.tomcat.TomcatWebServer(start:220) - Tomcat started on port(s): 8080 (http) with context path ''
2021-12-03 17:33:32,060 [restartedMain] INFO  com.iteyes.PmsApplication(logStarted:61) - Started PmsApplication in 0.308 seconds (JVM running for 15423.554)
2021-12-03 17:33:32,061 [restartedMain] INFO  org.springframework.boot.devtools.autoconfigure.ConditionEvaluationDeltaLoggingListener(onApplicationEvent:63) - Condition evaluation unchanged
2021-12-03 17:33:35,103 [http-nio-8080-exec-1] INFO  org.springframework.web.servlet.DispatcherServlet(initServletBean:525) - Initializing Servlet 'dispatcherServlet'
2021-12-03 17:33:35,104 [http-nio-8080-exec-1] INFO  org.springframework.web.servlet.DispatcherServlet(initServletBean:547) - Completed initialization in 0 ms
2021-12-03 17:33:35,105 [http-nio-8080-exec-1] DEBUG com.iteyes.controller.pms.SWZP0010Controller(select:36) - # pgm_id :: 
2021-12-03 17:33:35,105 [http-nio-8080-exec-1] DEBUG com.iteyes.controller.pms.SWZP0010Controller(select:37) - # pgm_nm :: 
2021-12-03 17:33:35,105 [http-nio-8080-exec-1] DEBUG com.iteyes.controller.pms.SWZP0010Controller(select:38) - # pl_no :: 
2021-12-03 17:33:35,106 [http-nio-8080-exec-1] DEBUG com.iteyes.controller.pms.SWZP0010Controller(select:39) - # dvlpe_no :: 
2021-12-03 17:33:35,125 [http-nio-8080-exec-1] DEBUG com.iteyes.mapper.pms.SWZP0010Mapper.select_0010_01(debug:137) - ==>  Preparing: SELECT bkup_id /*백업ID */ , prjt_id /*프로젝트ID */ , pgm_id /*프로그램ID */ , bzcd /*업무구분 */ , pgm_nm /*프로그램명 */ , enlpe_nm /*확장자명 */ , frcs_sta_dt /*예상시작일자 */ , frcs_end_dt /*예상종료일자 */ , sta_dt /*실제시작일자 */ , end_dt /*실제종료일자 */ , prg_txt /*진행현황 */ , dvlpe_no /*개발자번호 */ , dvlpe_cnf_dt /*개발자확인일자 */ , pl_no /*PL번호 */ , pl_cnf_dt /*PL확인일자 */ , crpe_no /*담당자번호 */ , rmrk /*비고 */ , opr_no /*조작자번호 */ , db_chg_ts /*DB변경일시 */ FROM PMS_PGM_MNG WHERE 1=1 /*프로그램ID*/ /*프로그램명*/ /*개발자번호*/ /*PL번호*/
2021-12-03 17:33:35,125 [http-nio-8080-exec-1] DEBUG com.iteyes.mapper.pms.SWZP0010Mapper.select_0010_01(debug:137) - ==> Parameters: 
2021-12-03 17:33:35,129 [http-nio-8080-exec-1] DEBUG com.iteyes.mapper.pms.SWZP0010Mapper.select_0010_01(debug:137) - <==      Total: 4
2021-12-03 17:33:42,251 [http-nio-8080-exec-2] DEBUG com.iteyes.controller.pms.SWZP0010Controller(select:36) - # pgm_id :: 
2021-12-03 17:33:42,252 [http-nio-8080-exec-2] DEBUG com.iteyes.controller.pms.SWZP0010Controller(select:37) - # pgm_nm :: 업체개요
2021-12-03 17:33:42,252 [http-nio-8080-exec-2] DEBUG com.iteyes.controller.pms.SWZP0010Controller(select:38) - # pl_no :: 
2021-12-03 17:33:42,252 [http-nio-8080-exec-2] DEBUG com.iteyes.controller.pms.SWZP0010Controller(select:39) - # dvlpe_no :: 
2021-12-03 17:33:42,255 [http-nio-8080-exec-2] DEBUG com.iteyes.mapper.pms.SWZP0010Mapper.select_0010_01(debug:137) - ==>  Preparing: SELECT bkup_id /*백업ID */ , prjt_id /*프로젝트ID */ , pgm_id /*프로그램ID */ , bzcd /*업무구분 */ , pgm_nm /*프로그램명 */ , enlpe_nm /*확장자명 */ , frcs_sta_dt /*예상시작일자 */ , frcs_end_dt /*예상종료일자 */ , sta_dt /*실제시작일자 */ , end_dt /*실제종료일자 */ , prg_txt /*진행현황 */ , dvlpe_no /*개발자번호 */ , dvlpe_cnf_dt /*개발자확인일자 */ , pl_no /*PL번호 */ , pl_cnf_dt /*PL확인일자 */ , crpe_no /*담당자번호 */ , rmrk /*비고 */ , opr_no /*조작자번호 */ , db_chg_ts /*DB변경일시 */ FROM PMS_PGM_MNG WHERE 1=1 /*프로그램ID*/ /*프로그램명*/ AND PGM_NM LIKE ? /*개발자번호*/ /*PL번호*/
2021-12-03 17:33:42,255 [http-nio-8080-exec-2] DEBUG com.iteyes.mapper.pms.SWZP0010Mapper.select_0010_01(debug:137) - ==> Parameters: 업체개요(String)
2021-12-03 17:33:42,259 [http-nio-8080-exec-2] DEBUG com.iteyes.mapper.pms.SWZP0010Mapper.select_0010_01(debug:137) - <==      Total: 0
2021-12-03 17:33:46,947 [http-nio-8080-exec-4] DEBUG com.iteyes.controller.pms.SWZP0010Controller(select:36) - # pgm_id :: 
2021-12-03 17:33:46,947 [http-nio-8080-exec-4] DEBUG com.iteyes.controller.pms.SWZP0010Controller(select:37) - # pgm_nm :: 업체개요로직
2021-12-03 17:33:46,947 [http-nio-8080-exec-4] DEBUG com.iteyes.controller.pms.SWZP0010Controller(select:38) - # pl_no :: 
2021-12-03 17:33:46,947 [http-nio-8080-exec-4] DEBUG com.iteyes.controller.pms.SWZP0010Controller(select:39) - # dvlpe_no :: 
2021-12-03 17:33:46,953 [http-nio-8080-exec-4] DEBUG com.iteyes.mapper.pms.SWZP0010Mapper.select_0010_01(debug:137) - ==>  Preparing: SELECT bkup_id /*백업ID */ , prjt_id /*프로젝트ID */ , pgm_id /*프로그램ID */ , bzcd /*업무구분 */ , pgm_nm /*프로그램명 */ , enlpe_nm /*확장자명 */ , frcs_sta_dt /*예상시작일자 */ , frcs_end_dt /*예상종료일자 */ , sta_dt /*실제시작일자 */ , end_dt /*실제종료일자 */ , prg_txt /*진행현황 */ , dvlpe_no /*개발자번호 */ , dvlpe_cnf_dt /*개발자확인일자 */ , pl_no /*PL번호 */ , pl_cnf_dt /*PL확인일자 */ , crpe_no /*담당자번호 */ , rmrk /*비고 */ , opr_no /*조작자번호 */ , db_chg_ts /*DB변경일시 */ FROM PMS_PGM_MNG WHERE 1=1 /*프로그램ID*/ /*프로그램명*/ AND PGM_NM LIKE ? /*개발자번호*/ /*PL번호*/
2021-12-03 17:33:46,953 [http-nio-8080-exec-4] DEBUG com.iteyes.mapper.pms.SWZP0010Mapper.select_0010_01(debug:137) - ==> Parameters: 업체개요로직(String)
2021-12-03 17:33:46,956 [http-nio-8080-exec-4] DEBUG com.iteyes.mapper.pms.SWZP0010Mapper.select_0010_01(debug:137) - <==      Total: 0
2021-12-03 17:33:51,575 [http-nio-8080-exec-6] DEBUG com.iteyes.controller.pms.SWZP0010Controller(select:36) - # pgm_id :: 
2021-12-03 17:33:51,576 [http-nio-8080-exec-6] DEBUG com.iteyes.controller.pms.SWZP0010Controller(select:37) - # pgm_nm :: 업체개요-로직
2021-12-03 17:33:51,576 [http-nio-8080-exec-6] DEBUG com.iteyes.controller.pms.SWZP0010Controller(select:38) - # pl_no :: 
2021-12-03 17:33:51,576 [http-nio-8080-exec-6] DEBUG com.iteyes.controller.pms.SWZP0010Controller(select:39) - # dvlpe_no :: 
2021-12-03 17:33:51,580 [http-nio-8080-exec-6] DEBUG com.iteyes.mapper.pms.SWZP0010Mapper.select_0010_01(debug:137) - ==>  Preparing: SELECT bkup_id /*백업ID */ , prjt_id /*프로젝트ID */ , pgm_id /*프로그램ID */ , bzcd /*업무구분 */ , pgm_nm /*프로그램명 */ , enlpe_nm /*확장자명 */ , frcs_sta_dt /*예상시작일자 */ , frcs_end_dt /*예상종료일자 */ , sta_dt /*실제시작일자 */ , end_dt /*실제종료일자 */ , prg_txt /*진행현황 */ , dvlpe_no /*개발자번호 */ , dvlpe_cnf_dt /*개발자확인일자 */ , pl_no /*PL번호 */ , pl_cnf_dt /*PL확인일자 */ , crpe_no /*담당자번호 */ , rmrk /*비고 */ , opr_no /*조작자번호 */ , db_chg_ts /*DB변경일시 */ FROM PMS_PGM_MNG WHERE 1=1 /*프로그램ID*/ /*프로그램명*/ AND PGM_NM LIKE ? /*개발자번호*/ /*PL번호*/
2021-12-03 17:33:51,581 [http-nio-8080-exec-6] DEBUG com.iteyes.mapper.pms.SWZP0010Mapper.select_0010_01(debug:137) - ==> Parameters: 업체개요-로직(String)
2021-12-03 17:33:51,583 [http-nio-8080-exec-6] DEBUG com.iteyes.mapper.pms.SWZP0010Mapper.select_0010_01(debug:137) - <==      Total: 2
2021-12-03 17:34:40,704 [restartedMain] INFO  com.iteyes.PmsApplication(logStarting:55) - Starting PmsApplication using Java 16.0.2 on DESKTOP-H5GEA9U with PID 15992 (C:\workspace\ProjectEyes\PMS\bin\main started by iteyes in C:\workspace\ProjectEyes\PMS)
2021-12-03 17:34:40,705 [restartedMain] DEBUG com.iteyes.PmsApplication(logStarting:56) - Running with Spring Boot v2.5.4, Spring v5.3.9
2021-12-03 17:34:40,705 [restartedMain] INFO  com.iteyes.PmsApplication(logStartupProfileInfo:659) - No active profile set, falling back to default profiles: default
2021-12-03 17:34:40,836 [restartedMain] INFO  org.springframework.context.support.PostProcessorRegistrationDelegate$BeanPostProcessorChecker(postProcessAfterInitialization:376) - Bean 'org.springframework.ws.config.annotation.DelegatingWsConfiguration' of type [org.springframework.ws.config.annotation.DelegatingWsConfiguration$$EnhancerBySpringCGLIB$$d928dcd5] is not eligible for getting processed by all BeanPostProcessors (for example: not eligible for auto-proxying)
2021-12-03 17:34:40,837 [restartedMain] INFO  org.springframework.ws.soap.addressing.server.AnnotationActionEndpointMapping(afterPropertiesSet:239) - Supporting [WS-Addressing August 2004, WS-Addressing 1.0]
2021-12-03 17:34:40,859 [restartedMain] INFO  org.springframework.boot.web.embedded.tomcat.TomcatWebServer(initialize:108) - Tomcat initialized with port(s): 8080 (http)
2021-12-03 17:34:40,876 [restartedMain] INFO  org.springframework.boot.web.servlet.context.ServletWebServerApplicationContext(prepareWebApplicationContext:290) - Root WebApplicationContext: initialization completed in 169 ms
2021-12-03 17:34:40,958 [restartedMain] INFO  org.springframework.boot.autoconfigure.web.servlet.WelcomePageHandlerMapping(<init>:53) - Adding welcome page: class path resource [static/index.html]
2021-12-03 17:34:40,990 [restartedMain] INFO  org.springframework.boot.devtools.autoconfigure.OptionalLiveReloadServer(startServer:58) - LiveReload server is running on port 35729
2021-12-03 17:34:40,996 [restartedMain] INFO  org.springframework.boot.web.embedded.tomcat.TomcatWebServer(start:220) - Tomcat started on port(s): 8080 (http) with context path ''
2021-12-03 17:34:40,999 [restartedMain] INFO  com.iteyes.PmsApplication(logStarted:61) - Started PmsApplication in 0.321 seconds (JVM running for 15492.493)
2021-12-03 17:34:41,000 [restartedMain] INFO  org.springframework.boot.devtools.autoconfigure.ConditionEvaluationDeltaLoggingListener(onApplicationEvent:63) - Condition evaluation unchanged
2021-12-03 17:34:45,231 [http-nio-8080-exec-1] INFO  org.springframework.web.servlet.DispatcherServlet(initServletBean:525) - Initializing Servlet 'dispatcherServlet'
2021-12-03 17:34:45,232 [http-nio-8080-exec-1] INFO  org.springframework.web.servlet.DispatcherServlet(initServletBean:547) - Completed initialization in 1 ms
2021-12-03 17:34:45,233 [http-nio-8080-exec-1] DEBUG com.iteyes.controller.pms.SWZP0010Controller(select:36) - # pgm_id :: 
2021-12-03 17:34:45,233 [http-nio-8080-exec-1] DEBUG com.iteyes.controller.pms.SWZP0010Controller(select:37) - # pgm_nm :: 업체개요
2021-12-03 17:34:45,233 [http-nio-8080-exec-1] DEBUG com.iteyes.controller.pms.SWZP0010Controller(select:38) - # pl_no :: 
2021-12-03 17:34:45,233 [http-nio-8080-exec-1] DEBUG com.iteyes.controller.pms.SWZP0010Controller(select:39) - # dvlpe_no :: 
2021-12-03 17:34:45,249 [http-nio-8080-exec-1] DEBUG com.iteyes.mapper.pms.SWZP0010Mapper.select_0010_01(debug:137) - ==>  Preparing: SELECT bkup_id /*백업ID */ , prjt_id /*프로젝트ID */ , pgm_id /*프로그램ID */ , bzcd /*업무구분 */ , pgm_nm /*프로그램명 */ , enlpe_nm /*확장자명 */ , frcs_sta_dt /*예상시작일자 */ , frcs_end_dt /*예상종료일자 */ , sta_dt /*실제시작일자 */ , end_dt /*실제종료일자 */ , prg_txt /*진행현황 */ , dvlpe_no /*개발자번호 */ , dvlpe_cnf_dt /*개발자확인일자 */ , pl_no /*PL번호 */ , pl_cnf_dt /*PL확인일자 */ , crpe_no /*담당자번호 */ , rmrk /*비고 */ , opr_no /*조작자번호 */ , db_chg_ts /*DB변경일시 */ FROM PMS_PGM_MNG WHERE 1=1 /*프로그램ID*/ /*프로그램명*/ AND PGM_NM LIKE ? + '%' /*개발자번호*/ /*PL번호*/
2021-12-03 17:34:45,250 [http-nio-8080-exec-1] DEBUG com.iteyes.mapper.pms.SWZP0010Mapper.select_0010_01(debug:137) - ==> Parameters: 업체개요(String)
2021-12-03 17:34:45,259 [http-nio-8080-exec-1] DEBUG com.iteyes.mapper.pms.SWZP0010Mapper.select_0010_01(debug:137) - <==      Total: 0
2021-12-03 17:34:46,227 [http-nio-8080-exec-2] DEBUG com.iteyes.controller.pms.SWZP0010Controller(select:36) - # pgm_id :: 
2021-12-03 17:34:46,227 [http-nio-8080-exec-2] DEBUG com.iteyes.controller.pms.SWZP0010Controller(select:37) - # pgm_nm :: 업체개요
2021-12-03 17:34:46,227 [http-nio-8080-exec-2] DEBUG com.iteyes.controller.pms.SWZP0010Controller(select:38) - # pl_no :: 
2021-12-03 17:34:46,227 [http-nio-8080-exec-2] DEBUG com.iteyes.controller.pms.SWZP0010Controller(select:39) - # dvlpe_no :: 
2021-12-03 17:34:46,230 [http-nio-8080-exec-2] DEBUG com.iteyes.mapper.pms.SWZP0010Mapper.select_0010_01(debug:137) - ==>  Preparing: SELECT bkup_id /*백업ID */ , prjt_id /*프로젝트ID */ , pgm_id /*프로그램ID */ , bzcd /*업무구분 */ , pgm_nm /*프로그램명 */ , enlpe_nm /*확장자명 */ , frcs_sta_dt /*예상시작일자 */ , frcs_end_dt /*예상종료일자 */ , sta_dt /*실제시작일자 */ , end_dt /*실제종료일자 */ , prg_txt /*진행현황 */ , dvlpe_no /*개발자번호 */ , dvlpe_cnf_dt /*개발자확인일자 */ , pl_no /*PL번호 */ , pl_cnf_dt /*PL확인일자 */ , crpe_no /*담당자번호 */ , rmrk /*비고 */ , opr_no /*조작자번호 */ , db_chg_ts /*DB변경일시 */ FROM PMS_PGM_MNG WHERE 1=1 /*프로그램ID*/ /*프로그램명*/ AND PGM_NM LIKE ? + '%' /*개발자번호*/ /*PL번호*/
2021-12-03 17:34:46,230 [http-nio-8080-exec-2] DEBUG com.iteyes.mapper.pms.SWZP0010Mapper.select_0010_01(debug:137) - ==> Parameters: 업체개요(String)
2021-12-03 17:34:46,233 [http-nio-8080-exec-2] DEBUG com.iteyes.mapper.pms.SWZP0010Mapper.select_0010_01(debug:137) - <==      Total: 0
2021-12-03 17:35:18,436 [restartedMain] INFO  com.iteyes.PmsApplication(logStarting:55) - Starting PmsApplication using Java 16.0.2 on DESKTOP-H5GEA9U with PID 15992 (C:\workspace\ProjectEyes\PMS\bin\main started by iteyes in C:\workspace\ProjectEyes\PMS)
2021-12-03 17:35:18,436 [restartedMain] DEBUG com.iteyes.PmsApplication(logStarting:56) - Running with Spring Boot v2.5.4, Spring v5.3.9
2021-12-03 17:35:18,436 [restartedMain] INFO  com.iteyes.PmsApplication(logStartupProfileInfo:659) - No active profile set, falling back to default profiles: default
2021-12-03 17:35:18,571 [restartedMain] INFO  org.springframework.context.support.PostProcessorRegistrationDelegate$BeanPostProcessorChecker(postProcessAfterInitialization:376) - Bean 'org.springframework.ws.config.annotation.DelegatingWsConfiguration' of type [org.springframework.ws.config.annotation.DelegatingWsConfiguration$$EnhancerBySpringCGLIB$$d928dcd5] is not eligible for getting processed by all BeanPostProcessors (for example: not eligible for auto-proxying)
2021-12-03 17:35:18,571 [restartedMain] INFO  org.springframework.ws.soap.addressing.server.AnnotationActionEndpointMapping(afterPropertiesSet:239) - Supporting [WS-Addressing August 2004, WS-Addressing 1.0]
2021-12-03 17:35:18,595 [restartedMain] INFO  org.springframework.boot.web.embedded.tomcat.TomcatWebServer(initialize:108) - Tomcat initialized with port(s): 8080 (http)
2021-12-03 17:35:18,612 [restartedMain] INFO  org.springframework.boot.web.servlet.context.ServletWebServerApplicationContext(prepareWebApplicationContext:290) - Root WebApplicationContext: initialization completed in 175 ms
2021-12-03 17:35:18,676 [restartedMain] INFO  org.springframework.boot.autoconfigure.web.servlet.WelcomePageHandlerMapping(<init>:53) - Adding welcome page: class path resource [static/index.html]
2021-12-03 17:35:18,706 [restartedMain] INFO  org.springframework.boot.devtools.autoconfigure.OptionalLiveReloadServer(startServer:58) - LiveReload server is running on port 35729
2021-12-03 17:35:18,713 [restartedMain] INFO  org.springframework.boot.web.embedded.tomcat.TomcatWebServer(start:220) - Tomcat started on port(s): 8080 (http) with context path ''
2021-12-03 17:35:18,715 [restartedMain] INFO  com.iteyes.PmsApplication(logStarted:61) - Started PmsApplication in 0.305 seconds (JVM running for 15530.209)
2021-12-03 17:35:18,716 [restartedMain] INFO  org.springframework.boot.devtools.autoconfigure.ConditionEvaluationDeltaLoggingListener(onApplicationEvent:63) - Condition evaluation unchanged
2021-12-03 17:35:18,973 [http-nio-8080-exec-1] INFO  org.springframework.web.servlet.DispatcherServlet(initServletBean:525) - Initializing Servlet 'dispatcherServlet'
2021-12-03 17:35:18,974 [http-nio-8080-exec-1] INFO  org.springframework.web.servlet.DispatcherServlet(initServletBean:547) - Completed initialization in 1 ms
2021-12-03 17:35:18,976 [http-nio-8080-exec-1] DEBUG com.iteyes.controller.pms.SWZP0010Controller(select:36) - # pgm_id :: 
2021-12-03 17:35:18,976 [http-nio-8080-exec-1] DEBUG com.iteyes.controller.pms.SWZP0010Controller(select:37) - # pgm_nm :: 업체개요
2021-12-03 17:35:18,976 [http-nio-8080-exec-1] DEBUG com.iteyes.controller.pms.SWZP0010Controller(select:38) - # pl_no :: 
2021-12-03 17:35:18,976 [http-nio-8080-exec-1] DEBUG com.iteyes.controller.pms.SWZP0010Controller(select:39) - # dvlpe_no :: 
2021-12-03 17:35:18,999 [http-nio-8080-exec-1] DEBUG com.iteyes.mapper.pms.SWZP0010Mapper.select_0010_01(debug:137) - ==>  Preparing: SELECT bkup_id /*백업ID */ , prjt_id /*프로젝트ID */ , pgm_id /*프로그램ID */ , bzcd /*업무구분 */ , pgm_nm /*프로그램명 */ , enlpe_nm /*확장자명 */ , frcs_sta_dt /*예상시작일자 */ , frcs_end_dt /*예상종료일자 */ , sta_dt /*실제시작일자 */ , end_dt /*실제종료일자 */ , prg_txt /*진행현황 */ , dvlpe_no /*개발자번호 */ , dvlpe_cnf_dt /*개발자확인일자 */ , pl_no /*PL번호 */ , pl_cnf_dt /*PL확인일자 */ , crpe_no /*담당자번호 */ , rmrk /*비고 */ , opr_no /*조작자번호 */ , db_chg_ts /*DB변경일시 */ FROM PMS_PGM_MNG WHERE 1=1 /*프로그램ID*/ /*프로그램명*/ AND PGM_NM LIKE ? '%' /*개발자번호*/ /*PL번호*/
2021-12-03 17:35:18,999 [http-nio-8080-exec-1] DEBUG com.iteyes.mapper.pms.SWZP0010Mapper.select_0010_01(debug:137) - ==> Parameters: 업체개요(String)
2021-12-03 17:35:19,003 [http-nio-8080-exec-1] DEBUG com.iteyes.mapper.pms.SWZP0010Mapper.select_0010_01(debug:137) - <==      Total: 3
2021-12-03 17:35:36,846 [http-nio-8080-exec-3] DEBUG com.iteyes.controller.pms.SWZP0010Controller(select:36) - # pgm_id :: 
2021-12-03 17:35:36,846 [http-nio-8080-exec-3] DEBUG com.iteyes.controller.pms.SWZP0010Controller(select:37) - # pgm_nm :: 업체
2021-12-03 17:35:36,846 [http-nio-8080-exec-3] DEBUG com.iteyes.controller.pms.SWZP0010Controller(select:38) - # pl_no :: 
2021-12-03 17:35:36,846 [http-nio-8080-exec-3] DEBUG com.iteyes.controller.pms.SWZP0010Controller(select:39) - # dvlpe_no :: 
2021-12-03 17:35:36,849 [http-nio-8080-exec-3] DEBUG com.iteyes.mapper.pms.SWZP0010Mapper.select_0010_01(debug:137) - ==>  Preparing: SELECT bkup_id /*백업ID */ , prjt_id /*프로젝트ID */ , pgm_id /*프로그램ID */ , bzcd /*업무구분 */ , pgm_nm /*프로그램명 */ , enlpe_nm /*확장자명 */ , frcs_sta_dt /*예상시작일자 */ , frcs_end_dt /*예상종료일자 */ , sta_dt /*실제시작일자 */ , end_dt /*실제종료일자 */ , prg_txt /*진행현황 */ , dvlpe_no /*개발자번호 */ , dvlpe_cnf_dt /*개발자확인일자 */ , pl_no /*PL번호 */ , pl_cnf_dt /*PL확인일자 */ , crpe_no /*담당자번호 */ , rmrk /*비고 */ , opr_no /*조작자번호 */ , db_chg_ts /*DB변경일시 */ FROM PMS_PGM_MNG WHERE 1=1 /*프로그램ID*/ /*프로그램명*/ AND PGM_NM LIKE ? '%' /*개발자번호*/ /*PL번호*/
2021-12-03 17:35:36,850 [http-nio-8080-exec-3] DEBUG com.iteyes.mapper.pms.SWZP0010Mapper.select_0010_01(debug:137) - ==> Parameters: 업체(String)
2021-12-03 17:35:36,853 [http-nio-8080-exec-3] DEBUG com.iteyes.mapper.pms.SWZP0010Mapper.select_0010_01(debug:137) - <==      Total: 4
2021-12-03 17:45:27,249 [http-nio-8080-exec-5] DEBUG com.iteyes.controller.pms.SWZP0010Controller(select:36) - # pgm_id :: 
2021-12-03 17:45:27,249 [http-nio-8080-exec-5] DEBUG com.iteyes.controller.pms.SWZP0010Controller(select:37) - # pgm_nm :: 업체개요
2021-12-03 17:45:27,249 [http-nio-8080-exec-5] DEBUG com.iteyes.controller.pms.SWZP0010Controller(select:38) - # pl_no :: 
2021-12-03 17:45:27,249 [http-nio-8080-exec-5] DEBUG com.iteyes.controller.pms.SWZP0010Controller(select:39) - # dvlpe_no :: 
2021-12-03 17:45:27,254 [http-nio-8080-exec-5] DEBUG com.iteyes.mapper.pms.SWZP0010Mapper.select_0010_01(debug:137) - ==>  Preparing: SELECT bkup_id /*백업ID */ , prjt_id /*프로젝트ID */ , pgm_id /*프로그램ID */ , bzcd /*업무구분 */ , pgm_nm /*프로그램명 */ , enlpe_nm /*확장자명 */ , frcs_sta_dt /*예상시작일자 */ , frcs_end_dt /*예상종료일자 */ , sta_dt /*실제시작일자 */ , end_dt /*실제종료일자 */ , prg_txt /*진행현황 */ , dvlpe_no /*개발자번호 */ , dvlpe_cnf_dt /*개발자확인일자 */ , pl_no /*PL번호 */ , pl_cnf_dt /*PL확인일자 */ , crpe_no /*담당자번호 */ , rmrk /*비고 */ , opr_no /*조작자번호 */ , db_chg_ts /*DB변경일시 */ FROM PMS_PGM_MNG WHERE 1=1 /*프로그램ID*/ /*프로그램명*/ AND PGM_NM LIKE ? '%' /*개발자번호*/ /*PL번호*/
2021-12-03 17:45:27,254 [http-nio-8080-exec-5] DEBUG com.iteyes.mapper.pms.SWZP0010Mapper.select_0010_01(debug:137) - ==> Parameters: 업체개요(String)
2021-12-03 17:45:27,258 [http-nio-8080-exec-5] DEBUG com.iteyes.mapper.pms.SWZP0010Mapper.select_0010_01(debug:137) - <==      Total: 3
2021-12-03 17:45:27,458 [http-nio-8080-exec-6] DEBUG com.iteyes.controller.pms.SWZP0010Controller(select:36) - # pgm_id :: 
2021-12-03 17:45:27,458 [http-nio-8080-exec-6] DEBUG com.iteyes.controller.pms.SWZP0010Controller(select:37) - # pgm_nm :: 업체개요
2021-12-03 17:45:27,458 [http-nio-8080-exec-6] DEBUG com.iteyes.controller.pms.SWZP0010Controller(select:38) - # pl_no :: 
2021-12-03 17:45:27,458 [http-nio-8080-exec-6] DEBUG com.iteyes.controller.pms.SWZP0010Controller(select:39) - # dvlpe_no :: 
2021-12-03 17:45:27,458 [http-nio-8080-exec-6] DEBUG com.iteyes.mapper.pms.SWZP0010Mapper.select_0010_01(debug:137) - ==>  Preparing: SELECT bkup_id /*백업ID */ , prjt_id /*프로젝트ID */ , pgm_id /*프로그램ID */ , bzcd /*업무구분 */ , pgm_nm /*프로그램명 */ , enlpe_nm /*확장자명 */ , frcs_sta_dt /*예상시작일자 */ , frcs_end_dt /*예상종료일자 */ , sta_dt /*실제시작일자 */ , end_dt /*실제종료일자 */ , prg_txt /*진행현황 */ , dvlpe_no /*개발자번호 */ , dvlpe_cnf_dt /*개발자확인일자 */ , pl_no /*PL번호 */ , pl_cnf_dt /*PL확인일자 */ , crpe_no /*담당자번호 */ , rmrk /*비고 */ , opr_no /*조작자번호 */ , db_chg_ts /*DB변경일시 */ FROM PMS_PGM_MNG WHERE 1=1 /*프로그램ID*/ /*프로그램명*/ AND PGM_NM LIKE ? '%' /*개발자번호*/ /*PL번호*/
2021-12-03 17:45:27,458 [http-nio-8080-exec-6] DEBUG com.iteyes.mapper.pms.SWZP0010Mapper.select_0010_01(debug:137) - ==> Parameters: 업체개요(String)
2021-12-03 17:45:27,464 [http-nio-8080-exec-6] DEBUG com.iteyes.mapper.pms.SWZP0010Mapper.select_0010_01(debug:137) - <==      Total: 3
2021-12-03 17:45:27,689 [http-nio-8080-exec-7] DEBUG com.iteyes.controller.pms.SWZP0010Controller(select:36) - # pgm_id :: 
2021-12-03 17:45:27,689 [http-nio-8080-exec-7] DEBUG com.iteyes.controller.pms.SWZP0010Controller(select:37) - # pgm_nm :: 업체개요
2021-12-03 17:45:27,689 [http-nio-8080-exec-7] DEBUG com.iteyes.controller.pms.SWZP0010Controller(select:38) - # pl_no :: 
2021-12-03 17:45:27,690 [http-nio-8080-exec-7] DEBUG com.iteyes.controller.pms.SWZP0010Controller(select:39) - # dvlpe_no :: 
2021-12-03 17:45:27,690 [http-nio-8080-exec-7] DEBUG com.iteyes.mapper.pms.SWZP0010Mapper.select_0010_01(debug:137) - ==>  Preparing: SELECT bkup_id /*백업ID */ , prjt_id /*프로젝트ID */ , pgm_id /*프로그램ID */ , bzcd /*업무구분 */ , pgm_nm /*프로그램명 */ , enlpe_nm /*확장자명 */ , frcs_sta_dt /*예상시작일자 */ , frcs_end_dt /*예상종료일자 */ , sta_dt /*실제시작일자 */ , end_dt /*실제종료일자 */ , prg_txt /*진행현황 */ , dvlpe_no /*개발자번호 */ , dvlpe_cnf_dt /*개발자확인일자 */ , pl_no /*PL번호 */ , pl_cnf_dt /*PL확인일자 */ , crpe_no /*담당자번호 */ , rmrk /*비고 */ , opr_no /*조작자번호 */ , db_chg_ts /*DB변경일시 */ FROM PMS_PGM_MNG WHERE 1=1 /*프로그램ID*/ /*프로그램명*/ AND PGM_NM LIKE ? '%' /*개발자번호*/ /*PL번호*/
2021-12-03 17:45:27,690 [http-nio-8080-exec-7] DEBUG com.iteyes.mapper.pms.SWZP0010Mapper.select_0010_01(debug:137) - ==> Parameters: 업체개요(String)
2021-12-03 17:45:27,695 [http-nio-8080-exec-7] DEBUG com.iteyes.mapper.pms.SWZP0010Mapper.select_0010_01(debug:137) - <==      Total: 3
2021-12-03 17:46:23,715 [http-nio-8080-exec-8] DEBUG com.iteyes.controller.pms.SWZP0010Controller(select:36) - # pgm_id :: 
2021-12-03 17:46:23,715 [http-nio-8080-exec-8] DEBUG com.iteyes.controller.pms.SWZP0010Controller(select:37) - # pgm_nm :: 
2021-12-03 17:46:23,715 [http-nio-8080-exec-8] DEBUG com.iteyes.controller.pms.SWZP0010Controller(select:38) - # pl_no :: 
2021-12-03 17:46:23,715 [http-nio-8080-exec-8] DEBUG com.iteyes.controller.pms.SWZP0010Controller(select:39) - # dvlpe_no :: 
2021-12-03 17:46:23,718 [http-nio-8080-exec-8] DEBUG com.iteyes.mapper.pms.SWZP0010Mapper.select_0010_01(debug:137) - ==>  Preparing: SELECT bkup_id /*백업ID */ , prjt_id /*프로젝트ID */ , pgm_id /*프로그램ID */ , bzcd /*업무구분 */ , pgm_nm /*프로그램명 */ , enlpe_nm /*확장자명 */ , frcs_sta_dt /*예상시작일자 */ , frcs_end_dt /*예상종료일자 */ , sta_dt /*실제시작일자 */ , end_dt /*실제종료일자 */ , prg_txt /*진행현황 */ , dvlpe_no /*개발자번호 */ , dvlpe_cnf_dt /*개발자확인일자 */ , pl_no /*PL번호 */ , pl_cnf_dt /*PL확인일자 */ , crpe_no /*담당자번호 */ , rmrk /*비고 */ , opr_no /*조작자번호 */ , db_chg_ts /*DB변경일시 */ FROM PMS_PGM_MNG WHERE 1=1 /*프로그램ID*/ /*프로그램명*/ /*개발자번호*/ /*PL번호*/
2021-12-03 17:46:23,718 [http-nio-8080-exec-8] DEBUG com.iteyes.mapper.pms.SWZP0010Mapper.select_0010_01(debug:137) - ==> Parameters: 
2021-12-03 17:46:23,721 [http-nio-8080-exec-8] DEBUG com.iteyes.mapper.pms.SWZP0010Mapper.select_0010_01(debug:137) - <==      Total: 4
2021-12-03 17:49:06,272 [http-nio-8080-exec-10] DEBUG com.iteyes.controller.pms.SWZP0010Controller(select:36) - # pgm_id :: 
2021-12-03 17:49:06,273 [http-nio-8080-exec-10] DEBUG com.iteyes.controller.pms.SWZP0010Controller(select:37) - # pgm_nm :: 
2021-12-03 17:49:06,273 [http-nio-8080-exec-10] DEBUG com.iteyes.controller.pms.SWZP0010Controller(select:38) - # pl_no :: 
2021-12-03 17:49:06,273 [http-nio-8080-exec-10] DEBUG com.iteyes.controller.pms.SWZP0010Controller(select:39) - # dvlpe_no :: 
2021-12-03 17:49:06,275 [http-nio-8080-exec-10] DEBUG com.iteyes.mapper.pms.SWZP0010Mapper.select_0010_01(debug:137) - ==>  Preparing: SELECT bkup_id /*백업ID */ , prjt_id /*프로젝트ID */ , pgm_id /*프로그램ID */ , bzcd /*업무구분 */ , pgm_nm /*프로그램명 */ , enlpe_nm /*확장자명 */ , frcs_sta_dt /*예상시작일자 */ , frcs_end_dt /*예상종료일자 */ , sta_dt /*실제시작일자 */ , end_dt /*실제종료일자 */ , prg_txt /*진행현황 */ , dvlpe_no /*개발자번호 */ , dvlpe_cnf_dt /*개발자확인일자 */ , pl_no /*PL번호 */ , pl_cnf_dt /*PL확인일자 */ , crpe_no /*담당자번호 */ , rmrk /*비고 */ , opr_no /*조작자번호 */ , db_chg_ts /*DB변경일시 */ FROM PMS_PGM_MNG WHERE 1=1 /*프로그램ID*/ /*프로그램명*/ /*개발자번호*/ /*PL번호*/
2021-12-03 17:49:06,275 [http-nio-8080-exec-10] DEBUG com.iteyes.mapper.pms.SWZP0010Mapper.select_0010_01(debug:137) - ==> Parameters: 
2021-12-03 17:49:06,278 [http-nio-8080-exec-10] DEBUG com.iteyes.mapper.pms.SWZP0010Mapper.select_0010_01(debug:137) - <==      Total: 4
2021-12-03 17:50:40,318 [http-nio-8080-exec-3] DEBUG com.iteyes.controller.pms.SWZP0010Controller(select:36) - # pgm_id :: Cust_History_C
2021-12-03 17:50:40,318 [http-nio-8080-exec-3] DEBUG com.iteyes.controller.pms.SWZP0010Controller(select:37) - # pgm_nm :: 
2021-12-03 17:50:40,318 [http-nio-8080-exec-3] DEBUG com.iteyes.controller.pms.SWZP0010Controller(select:38) - # pl_no :: 
2021-12-03 17:50:40,318 [http-nio-8080-exec-3] DEBUG com.iteyes.controller.pms.SWZP0010Controller(select:39) - # dvlpe_no :: 
2021-12-03 17:50:40,322 [http-nio-8080-exec-3] DEBUG com.iteyes.mapper.pms.SWZP0010Mapper.select_0010_01(debug:137) - ==>  Preparing: SELECT bkup_id /*백업ID */ , prjt_id /*프로젝트ID */ , pgm_id /*프로그램ID */ , bzcd /*업무구분 */ , pgm_nm /*프로그램명 */ , enlpe_nm /*확장자명 */ , frcs_sta_dt /*예상시작일자 */ , frcs_end_dt /*예상종료일자 */ , sta_dt /*실제시작일자 */ , end_dt /*실제종료일자 */ , prg_txt /*진행현황 */ , dvlpe_no /*개발자번호 */ , dvlpe_cnf_dt /*개발자확인일자 */ , pl_no /*PL번호 */ , pl_cnf_dt /*PL확인일자 */ , crpe_no /*담당자번호 */ , rmrk /*비고 */ , opr_no /*조작자번호 */ , db_chg_ts /*DB변경일시 */ FROM PMS_PGM_MNG WHERE 1=1 /*프로그램ID*/ AND PGM_ID = ? /*프로그램명*/ /*개발자번호*/ /*PL번호*/
2021-12-03 17:50:40,322 [http-nio-8080-exec-3] DEBUG com.iteyes.mapper.pms.SWZP0010Mapper.select_0010_01(debug:137) - ==> Parameters: Cust_History_C(String)
2021-12-03 17:50:40,324 [http-nio-8080-exec-3] DEBUG com.iteyes.mapper.pms.SWZP0010Mapper.select_0010_01(debug:137) - <==      Total: 1
2021-12-03 17:52:12,324 [http-nio-8080-exec-5] DEBUG com.iteyes.controller.pms.SWZP0010Controller(select:36) - # pgm_id :: 
2021-12-03 17:52:12,324 [http-nio-8080-exec-5] DEBUG com.iteyes.controller.pms.SWZP0010Controller(select:37) - # pgm_nm :: 업체
2021-12-03 17:52:12,324 [http-nio-8080-exec-5] DEBUG com.iteyes.controller.pms.SWZP0010Controller(select:38) - # pl_no :: 
2021-12-03 17:52:12,324 [http-nio-8080-exec-5] DEBUG com.iteyes.controller.pms.SWZP0010Controller(select:39) - # dvlpe_no :: 
2021-12-03 17:52:12,327 [http-nio-8080-exec-5] DEBUG com.iteyes.mapper.pms.SWZP0010Mapper.select_0010_01(debug:137) - ==>  Preparing: SELECT bkup_id /*백업ID */ , prjt_id /*프로젝트ID */ , pgm_id /*프로그램ID */ , bzcd /*업무구분 */ , pgm_nm /*프로그램명 */ , enlpe_nm /*확장자명 */ , frcs_sta_dt /*예상시작일자 */ , frcs_end_dt /*예상종료일자 */ , sta_dt /*실제시작일자 */ , end_dt /*실제종료일자 */ , prg_txt /*진행현황 */ , dvlpe_no /*개발자번호 */ , dvlpe_cnf_dt /*개발자확인일자 */ , pl_no /*PL번호 */ , pl_cnf_dt /*PL확인일자 */ , crpe_no /*담당자번호 */ , rmrk /*비고 */ , opr_no /*조작자번호 */ , db_chg_ts /*DB변경일시 */ FROM PMS_PGM_MNG WHERE 1=1 /*프로그램ID*/ /*프로그램명*/ AND PGM_NM LIKE ? '%' /*개발자번호*/ /*PL번호*/
2021-12-03 17:52:12,327 [http-nio-8080-exec-5] DEBUG com.iteyes.mapper.pms.SWZP0010Mapper.select_0010_01(debug:137) - ==> Parameters: 업체(String)
2021-12-03 17:52:12,330 [http-nio-8080-exec-5] DEBUG com.iteyes.mapper.pms.SWZP0010Mapper.select_0010_01(debug:137) - <==      Total: 4
2021-12-03 17:52:14,258 [http-nio-8080-exec-6] DEBUG com.iteyes.controller.pms.SWZP0010Controller(select:36) - # pgm_id :: 
2021-12-03 17:52:14,258 [http-nio-8080-exec-6] DEBUG com.iteyes.controller.pms.SWZP0010Controller(select:37) - # pgm_nm :: 업체개요
2021-12-03 17:52:14,258 [http-nio-8080-exec-6] DEBUG com.iteyes.controller.pms.SWZP0010Controller(select:38) - # pl_no :: 
2021-12-03 17:52:14,258 [http-nio-8080-exec-6] DEBUG com.iteyes.controller.pms.SWZP0010Controller(select:39) - # dvlpe_no :: 
2021-12-03 17:52:14,264 [http-nio-8080-exec-6] DEBUG com.iteyes.mapper.pms.SWZP0010Mapper.select_0010_01(debug:137) - ==>  Preparing: SELECT bkup_id /*백업ID */ , prjt_id /*프로젝트ID */ , pgm_id /*프로그램ID */ , bzcd /*업무구분 */ , pgm_nm /*프로그램명 */ , enlpe_nm /*확장자명 */ , frcs_sta_dt /*예상시작일자 */ , frcs_end_dt /*예상종료일자 */ , sta_dt /*실제시작일자 */ , end_dt /*실제종료일자 */ , prg_txt /*진행현황 */ , dvlpe_no /*개발자번호 */ , dvlpe_cnf_dt /*개발자확인일자 */ , pl_no /*PL번호 */ , pl_cnf_dt /*PL확인일자 */ , crpe_no /*담당자번호 */ , rmrk /*비고 */ , opr_no /*조작자번호 */ , db_chg_ts /*DB변경일시 */ FROM PMS_PGM_MNG WHERE 1=1 /*프로그램ID*/ /*프로그램명*/ AND PGM_NM LIKE ? '%' /*개발자번호*/ /*PL번호*/
2021-12-03 17:52:14,265 [http-nio-8080-exec-6] DEBUG com.iteyes.mapper.pms.SWZP0010Mapper.select_0010_01(debug:137) - ==> Parameters: 업체개요(String)
2021-12-03 17:52:14,270 [http-nio-8080-exec-6] DEBUG com.iteyes.mapper.pms.SWZP0010Mapper.select_0010_01(debug:137) - <==      Total: 3
2021-12-03 17:52:17,645 [http-nio-8080-exec-8] DEBUG com.iteyes.controller.pms.SWZP0010Controller(select:36) - # pgm_id :: 
2021-12-03 17:52:17,645 [http-nio-8080-exec-8] DEBUG com.iteyes.controller.pms.SWZP0010Controller(select:37) - # pgm_nm :: 업체개요-화면
2021-12-03 17:52:17,645 [http-nio-8080-exec-8] DEBUG com.iteyes.controller.pms.SWZP0010Controller(select:38) - # pl_no :: 
2021-12-03 17:52:17,645 [http-nio-8080-exec-8] DEBUG com.iteyes.controller.pms.SWZP0010Controller(select:39) - # dvlpe_no :: 
2021-12-03 17:52:17,651 [http-nio-8080-exec-8] DEBUG com.iteyes.mapper.pms.SWZP0010Mapper.select_0010_01(debug:137) - ==>  Preparing: SELECT bkup_id /*백업ID */ , prjt_id /*프로젝트ID */ , pgm_id /*프로그램ID */ , bzcd /*업무구분 */ , pgm_nm /*프로그램명 */ , enlpe_nm /*확장자명 */ , frcs_sta_dt /*예상시작일자 */ , frcs_end_dt /*예상종료일자 */ , sta_dt /*실제시작일자 */ , end_dt /*실제종료일자 */ , prg_txt /*진행현황 */ , dvlpe_no /*개발자번호 */ , dvlpe_cnf_dt /*개발자확인일자 */ , pl_no /*PL번호 */ , pl_cnf_dt /*PL확인일자 */ , crpe_no /*담당자번호 */ , rmrk /*비고 */ , opr_no /*조작자번호 */ , db_chg_ts /*DB변경일시 */ FROM PMS_PGM_MNG WHERE 1=1 /*프로그램ID*/ /*프로그램명*/ AND PGM_NM LIKE ? '%' /*개발자번호*/ /*PL번호*/
2021-12-03 17:52:17,652 [http-nio-8080-exec-8] DEBUG com.iteyes.mapper.pms.SWZP0010Mapper.select_0010_01(debug:137) - ==> Parameters: 업체개요-화면(String)
2021-12-03 17:52:17,666 [http-nio-8080-exec-8] DEBUG com.iteyes.mapper.pms.SWZP0010Mapper.select_0010_01(debug:137) - <==      Total: 1
2021-12-03 17:52:31,117 [http-nio-8080-exec-10] DEBUG com.iteyes.controller.pms.SWZP0010Controller(select:36) - # pgm_id :: 
2021-12-03 17:52:31,117 [http-nio-8080-exec-10] DEBUG com.iteyes.controller.pms.SWZP0010Controller(select:37) - # pgm_nm :: 
2021-12-03 17:52:31,117 [http-nio-8080-exec-10] DEBUG com.iteyes.controller.pms.SWZP0010Controller(select:38) - # pl_no :: 
2021-12-03 17:52:31,117 [http-nio-8080-exec-10] DEBUG com.iteyes.controller.pms.SWZP0010Controller(select:39) - # dvlpe_no :: 
2021-12-03 17:52:31,120 [http-nio-8080-exec-10] DEBUG com.iteyes.mapper.pms.SWZP0010Mapper.select_0010_01(debug:137) - ==>  Preparing: SELECT bkup_id /*백업ID */ , prjt_id /*프로젝트ID */ , pgm_id /*프로그램ID */ , bzcd /*업무구분 */ , pgm_nm /*프로그램명 */ , enlpe_nm /*확장자명 */ , frcs_sta_dt /*예상시작일자 */ , frcs_end_dt /*예상종료일자 */ , sta_dt /*실제시작일자 */ , end_dt /*실제종료일자 */ , prg_txt /*진행현황 */ , dvlpe_no /*개발자번호 */ , dvlpe_cnf_dt /*개발자확인일자 */ , pl_no /*PL번호 */ , pl_cnf_dt /*PL확인일자 */ , crpe_no /*담당자번호 */ , rmrk /*비고 */ , opr_no /*조작자번호 */ , db_chg_ts /*DB변경일시 */ FROM PMS_PGM_MNG WHERE 1=1 /*프로그램ID*/ /*프로그램명*/ /*개발자번호*/ /*PL번호*/
2021-12-03 17:52:31,120 [http-nio-8080-exec-10] DEBUG com.iteyes.mapper.pms.SWZP0010Mapper.select_0010_01(debug:137) - ==> Parameters: 
2021-12-03 17:52:31,123 [http-nio-8080-exec-10] DEBUG com.iteyes.mapper.pms.SWZP0010Mapper.select_0010_01(debug:137) - <==      Total: 4
2021-12-03 17:52:31,303 [http-nio-8080-exec-1] DEBUG com.iteyes.controller.pms.SWZP0010Controller(select:36) - # pgm_id :: 
2021-12-03 17:52:31,303 [http-nio-8080-exec-1] DEBUG com.iteyes.controller.pms.SWZP0010Controller(select:37) - # pgm_nm :: 
2021-12-03 17:52:31,303 [http-nio-8080-exec-1] DEBUG com.iteyes.controller.pms.SWZP0010Controller(select:38) - # pl_no :: 
2021-12-03 17:52:31,303 [http-nio-8080-exec-1] DEBUG com.iteyes.controller.pms.SWZP0010Controller(select:39) - # dvlpe_no :: 
2021-12-03 17:52:31,304 [http-nio-8080-exec-1] DEBUG com.iteyes.mapper.pms.SWZP0010Mapper.select_0010_01(debug:137) - ==>  Preparing: SELECT bkup_id /*백업ID */ , prjt_id /*프로젝트ID */ , pgm_id /*프로그램ID */ , bzcd /*업무구분 */ , pgm_nm /*프로그램명 */ , enlpe_nm /*확장자명 */ , frcs_sta_dt /*예상시작일자 */ , frcs_end_dt /*예상종료일자 */ , sta_dt /*실제시작일자 */ , end_dt /*실제종료일자 */ , prg_txt /*진행현황 */ , dvlpe_no /*개발자번호 */ , dvlpe_cnf_dt /*개발자확인일자 */ , pl_no /*PL번호 */ , pl_cnf_dt /*PL확인일자 */ , crpe_no /*담당자번호 */ , rmrk /*비고 */ , opr_no /*조작자번호 */ , db_chg_ts /*DB변경일시 */ FROM PMS_PGM_MNG WHERE 1=1 /*프로그램ID*/ /*프로그램명*/ /*개발자번호*/ /*PL번호*/
2021-12-03 17:52:31,304 [http-nio-8080-exec-1] DEBUG com.iteyes.mapper.pms.SWZP0010Mapper.select_0010_01(debug:137) - ==> Parameters: 
2021-12-03 17:52:31,307 [http-nio-8080-exec-1] DEBUG com.iteyes.mapper.pms.SWZP0010Mapper.select_0010_01(debug:137) - <==      Total: 4
2021-12-03 17:52:31,484 [http-nio-8080-exec-2] DEBUG com.iteyes.controller.pms.SWZP0010Controller(select:36) - # pgm_id :: 
2021-12-03 17:52:31,484 [http-nio-8080-exec-2] DEBUG com.iteyes.controller.pms.SWZP0010Controller(select:37) - # pgm_nm :: 
2021-12-03 17:52:31,484 [http-nio-8080-exec-2] DEBUG com.iteyes.controller.pms.SWZP0010Controller(select:38) - # pl_no :: 
2021-12-03 17:52:31,484 [http-nio-8080-exec-2] DEBUG com.iteyes.controller.pms.SWZP0010Controller(select:39) - # dvlpe_no :: 
2021-12-03 17:52:31,485 [http-nio-8080-exec-2] DEBUG com.iteyes.mapper.pms.SWZP0010Mapper.select_0010_01(debug:137) - ==>  Preparing: SELECT bkup_id /*백업ID */ , prjt_id /*프로젝트ID */ , pgm_id /*프로그램ID */ , bzcd /*업무구분 */ , pgm_nm /*프로그램명 */ , enlpe_nm /*확장자명 */ , frcs_sta_dt /*예상시작일자 */ , frcs_end_dt /*예상종료일자 */ , sta_dt /*실제시작일자 */ , end_dt /*실제종료일자 */ , prg_txt /*진행현황 */ , dvlpe_no /*개발자번호 */ , dvlpe_cnf_dt /*개발자확인일자 */ , pl_no /*PL번호 */ , pl_cnf_dt /*PL확인일자 */ , crpe_no /*담당자번호 */ , rmrk /*비고 */ , opr_no /*조작자번호 */ , db_chg_ts /*DB변경일시 */ FROM PMS_PGM_MNG WHERE 1=1 /*프로그램ID*/ /*프로그램명*/ /*개발자번호*/ /*PL번호*/
2021-12-03 17:52:31,485 [http-nio-8080-exec-2] DEBUG com.iteyes.mapper.pms.SWZP0010Mapper.select_0010_01(debug:137) - ==> Parameters: 
2021-12-03 17:52:31,488 [http-nio-8080-exec-2] DEBUG com.iteyes.mapper.pms.SWZP0010Mapper.select_0010_01(debug:137) - <==      Total: 4
2021-12-03 17:52:34,486 [http-nio-8080-exec-4] DEBUG com.iteyes.controller.pms.SWZP0010Controller(select:36) - # pgm_id :: 
2021-12-03 17:52:34,486 [http-nio-8080-exec-4] DEBUG com.iteyes.controller.pms.SWZP0010Controller(select:37) - # pgm_nm :: 
2021-12-03 17:52:34,486 [http-nio-8080-exec-4] DEBUG com.iteyes.controller.pms.SWZP0010Controller(select:38) - # pl_no :: 
2021-12-03 17:52:34,486 [http-nio-8080-exec-4] DEBUG com.iteyes.controller.pms.SWZP0010Controller(select:39) - # dvlpe_no :: 
2021-12-03 17:52:34,490 [http-nio-8080-exec-4] DEBUG com.iteyes.mapper.pms.SWZP0010Mapper.select_0010_01(debug:137) - ==>  Preparing: SELECT bkup_id /*백업ID */ , prjt_id /*프로젝트ID */ , pgm_id /*프로그램ID */ , bzcd /*업무구분 */ , pgm_nm /*프로그램명 */ , enlpe_nm /*확장자명 */ , frcs_sta_dt /*예상시작일자 */ , frcs_end_dt /*예상종료일자 */ , sta_dt /*실제시작일자 */ , end_dt /*실제종료일자 */ , prg_txt /*진행현황 */ , dvlpe_no /*개발자번호 */ , dvlpe_cnf_dt /*개발자확인일자 */ , pl_no /*PL번호 */ , pl_cnf_dt /*PL확인일자 */ , crpe_no /*담당자번호 */ , rmrk /*비고 */ , opr_no /*조작자번호 */ , db_chg_ts /*DB변경일시 */ FROM PMS_PGM_MNG WHERE 1=1 /*프로그램ID*/ /*프로그램명*/ /*개발자번호*/ /*PL번호*/
2021-12-03 17:52:34,491 [http-nio-8080-exec-4] DEBUG com.iteyes.mapper.pms.SWZP0010Mapper.select_0010_01(debug:137) - ==> Parameters: 
2021-12-03 17:52:34,500 [http-nio-8080-exec-4] DEBUG com.iteyes.mapper.pms.SWZP0010Mapper.select_0010_01(debug:137) - <==      Total: 4
2021-12-03 17:52:34,693 [http-nio-8080-exec-5] DEBUG com.iteyes.controller.pms.SWZP0010Controller(select:36) - # pgm_id :: 
2021-12-03 17:52:34,693 [http-nio-8080-exec-5] DEBUG com.iteyes.controller.pms.SWZP0010Controller(select:37) - # pgm_nm :: 
2021-12-03 17:52:34,694 [http-nio-8080-exec-5] DEBUG com.iteyes.controller.pms.SWZP0010Controller(select:38) - # pl_no :: 
2021-12-03 17:52:34,694 [http-nio-8080-exec-5] DEBUG com.iteyes.controller.pms.SWZP0010Controller(select:39) - # dvlpe_no :: 
2021-12-03 17:52:34,694 [http-nio-8080-exec-5] DEBUG com.iteyes.mapper.pms.SWZP0010Mapper.select_0010_01(debug:137) - ==>  Preparing: SELECT bkup_id /*백업ID */ , prjt_id /*프로젝트ID */ , pgm_id /*프로그램ID */ , bzcd /*업무구분 */ , pgm_nm /*프로그램명 */ , enlpe_nm /*확장자명 */ , frcs_sta_dt /*예상시작일자 */ , frcs_end_dt /*예상종료일자 */ , sta_dt /*실제시작일자 */ , end_dt /*실제종료일자 */ , prg_txt /*진행현황 */ , dvlpe_no /*개발자번호 */ , dvlpe_cnf_dt /*개발자확인일자 */ , pl_no /*PL번호 */ , pl_cnf_dt /*PL확인일자 */ , crpe_no /*담당자번호 */ , rmrk /*비고 */ , opr_no /*조작자번호 */ , db_chg_ts /*DB변경일시 */ FROM PMS_PGM_MNG WHERE 1=1 /*프로그램ID*/ /*프로그램명*/ /*개발자번호*/ /*PL번호*/
2021-12-03 17:52:34,694 [http-nio-8080-exec-5] DEBUG com.iteyes.mapper.pms.SWZP0010Mapper.select_0010_01(debug:137) - ==> Parameters: 
2021-12-03 17:52:34,697 [http-nio-8080-exec-5] DEBUG com.iteyes.mapper.pms.SWZP0010Mapper.select_0010_01(debug:137) - <==      Total: 4
2021-12-03 17:59:00,209 [http-nio-8080-exec-8] DEBUG com.iteyes.controller.pms.SWZP0010Controller(select:36) - # pgm_id :: 
2021-12-03 17:59:00,209 [http-nio-8080-exec-8] DEBUG com.iteyes.controller.pms.SWZP0010Controller(select:37) - # pgm_nm :: 
2021-12-03 17:59:00,209 [http-nio-8080-exec-8] DEBUG com.iteyes.controller.pms.SWZP0010Controller(select:38) - # pl_no :: 
2021-12-03 17:59:00,209 [http-nio-8080-exec-8] DEBUG com.iteyes.controller.pms.SWZP0010Controller(select:39) - # dvlpe_no :: 
2021-12-03 17:59:00,213 [http-nio-8080-exec-8] DEBUG com.iteyes.mapper.pms.SWZP0010Mapper.select_0010_01(debug:137) - ==>  Preparing: SELECT bkup_id /*백업ID */ , prjt_id /*프로젝트ID */ , pgm_id /*프로그램ID */ , bzcd /*업무구분 */ , pgm_nm /*프로그램명 */ , enlpe_nm /*확장자명 */ , frcs_sta_dt /*예상시작일자 */ , frcs_end_dt /*예상종료일자 */ , sta_dt /*실제시작일자 */ , end_dt /*실제종료일자 */ , prg_txt /*진행현황 */ , dvlpe_no /*개발자번호 */ , dvlpe_cnf_dt /*개발자확인일자 */ , pl_no /*PL번호 */ , pl_cnf_dt /*PL확인일자 */ , crpe_no /*담당자번호 */ , rmrk /*비고 */ , opr_no /*조작자번호 */ , db_chg_ts /*DB변경일시 */ FROM PMS_PGM_MNG WHERE 1=1 /*프로그램ID*/ /*프로그램명*/ /*개발자번호*/ /*PL번호*/
2021-12-03 17:59:00,213 [http-nio-8080-exec-8] DEBUG com.iteyes.mapper.pms.SWZP0010Mapper.select_0010_01(debug:137) - ==> Parameters: 
2021-12-03 17:59:00,217 [http-nio-8080-exec-8] DEBUG com.iteyes.mapper.pms.SWZP0010Mapper.select_0010_01(debug:137) - <==      Total: 4
2021-12-03 17:59:00,402 [http-nio-8080-exec-9] DEBUG com.iteyes.controller.pms.SWZP0010Controller(select:36) - # pgm_id :: 
2021-12-03 17:59:00,402 [http-nio-8080-exec-9] DEBUG com.iteyes.controller.pms.SWZP0010Controller(select:37) - # pgm_nm :: 
2021-12-03 17:59:00,402 [http-nio-8080-exec-9] DEBUG com.iteyes.controller.pms.SWZP0010Controller(select:38) - # pl_no :: 
2021-12-03 17:59:00,402 [http-nio-8080-exec-9] DEBUG com.iteyes.controller.pms.SWZP0010Controller(select:39) - # dvlpe_no :: 
2021-12-03 17:59:00,402 [http-nio-8080-exec-9] DEBUG com.iteyes.mapper.pms.SWZP0010Mapper.select_0010_01(debug:137) - ==>  Preparing: SELECT bkup_id /*백업ID */ , prjt_id /*프로젝트ID */ , pgm_id /*프로그램ID */ , bzcd /*업무구분 */ , pgm_nm /*프로그램명 */ , enlpe_nm /*확장자명 */ , frcs_sta_dt /*예상시작일자 */ , frcs_end_dt /*예상종료일자 */ , sta_dt /*실제시작일자 */ , end_dt /*실제종료일자 */ , prg_txt /*진행현황 */ , dvlpe_no /*개발자번호 */ , dvlpe_cnf_dt /*개발자확인일자 */ , pl_no /*PL번호 */ , pl_cnf_dt /*PL확인일자 */ , crpe_no /*담당자번호 */ , rmrk /*비고 */ , opr_no /*조작자번호 */ , db_chg_ts /*DB변경일시 */ FROM PMS_PGM_MNG WHERE 1=1 /*프로그램ID*/ /*프로그램명*/ /*개발자번호*/ /*PL번호*/
2021-12-03 17:59:00,403 [http-nio-8080-exec-9] DEBUG com.iteyes.mapper.pms.SWZP0010Mapper.select_0010_01(debug:137) - ==> Parameters: 
2021-12-03 17:59:00,407 [http-nio-8080-exec-9] DEBUG com.iteyes.mapper.pms.SWZP0010Mapper.select_0010_01(debug:137) - <==      Total: 4
2021-12-03 17:59:47,158 [http-nio-8080-exec-10] DEBUG com.iteyes.controller.pms.SWZP0010Controller(select:36) - # pgm_id :: 
2021-12-03 17:59:47,158 [http-nio-8080-exec-10] DEBUG com.iteyes.controller.pms.SWZP0010Controller(select:37) - # pgm_nm :: 
2021-12-03 17:59:47,158 [http-nio-8080-exec-10] DEBUG com.iteyes.controller.pms.SWZP0010Controller(select:38) - # pl_no :: 
2021-12-03 17:59:47,158 [http-nio-8080-exec-10] DEBUG com.iteyes.controller.pms.SWZP0010Controller(select:39) - # dvlpe_no :: 
2021-12-03 17:59:47,161 [http-nio-8080-exec-10] DEBUG com.iteyes.mapper.pms.SWZP0010Mapper.select_0010_01(debug:137) - ==>  Preparing: SELECT bkup_id /*백업ID */ , prjt_id /*프로젝트ID */ , pgm_id /*프로그램ID */ , bzcd /*업무구분 */ , pgm_nm /*프로그램명 */ , enlpe_nm /*확장자명 */ , frcs_sta_dt /*예상시작일자 */ , frcs_end_dt /*예상종료일자 */ , sta_dt /*실제시작일자 */ , end_dt /*실제종료일자 */ , prg_txt /*진행현황 */ , dvlpe_no /*개발자번호 */ , dvlpe_cnf_dt /*개발자확인일자 */ , pl_no /*PL번호 */ , pl_cnf_dt /*PL확인일자 */ , crpe_no /*담당자번호 */ , rmrk /*비고 */ , opr_no /*조작자번호 */ , db_chg_ts /*DB변경일시 */ FROM PMS_PGM_MNG WHERE 1=1 /*프로그램ID*/ /*프로그램명*/ /*개발자번호*/ /*PL번호*/
2021-12-03 17:59:47,162 [http-nio-8080-exec-10] DEBUG com.iteyes.mapper.pms.SWZP0010Mapper.select_0010_01(debug:137) - ==> Parameters: 
2021-12-03 17:59:47,167 [http-nio-8080-exec-10] DEBUG com.iteyes.mapper.pms.SWZP0010Mapper.select_0010_01(debug:137) - <==      Total: 4
2021-12-03 17:59:47,472 [http-nio-8080-exec-1] DEBUG com.iteyes.controller.pms.SWZP0010Controller(select:36) - # pgm_id :: 
2021-12-03 17:59:47,472 [http-nio-8080-exec-1] DEBUG com.iteyes.controller.pms.SWZP0010Controller(select:37) - # pgm_nm :: 
2021-12-03 17:59:47,472 [http-nio-8080-exec-1] DEBUG com.iteyes.controller.pms.SWZP0010Controller(select:38) - # pl_no :: 
2021-12-03 17:59:47,472 [http-nio-8080-exec-1] DEBUG com.iteyes.controller.pms.SWZP0010Controller(select:39) - # dvlpe_no :: 
2021-12-03 17:59:47,473 [http-nio-8080-exec-1] DEBUG com.iteyes.mapper.pms.SWZP0010Mapper.select_0010_01(debug:137) - ==>  Preparing: SELECT bkup_id /*백업ID */ , prjt_id /*프로젝트ID */ , pgm_id /*프로그램ID */ , bzcd /*업무구분 */ , pgm_nm /*프로그램명 */ , enlpe_nm /*확장자명 */ , frcs_sta_dt /*예상시작일자 */ , frcs_end_dt /*예상종료일자 */ , sta_dt /*실제시작일자 */ , end_dt /*실제종료일자 */ , prg_txt /*진행현황 */ , dvlpe_no /*개발자번호 */ , dvlpe_cnf_dt /*개발자확인일자 */ , pl_no /*PL번호 */ , pl_cnf_dt /*PL확인일자 */ , crpe_no /*담당자번호 */ , rmrk /*비고 */ , opr_no /*조작자번호 */ , db_chg_ts /*DB변경일시 */ FROM PMS_PGM_MNG WHERE 1=1 /*프로그램ID*/ /*프로그램명*/ /*개발자번호*/ /*PL번호*/
2021-12-03 17:59:47,473 [http-nio-8080-exec-1] DEBUG com.iteyes.mapper.pms.SWZP0010Mapper.select_0010_01(debug:137) - ==> Parameters: 
2021-12-03 17:59:47,477 [http-nio-8080-exec-1] DEBUG com.iteyes.mapper.pms.SWZP0010Mapper.select_0010_01(debug:137) - <==      Total: 4
