2021-10-01 11:05:56,964 [restartedMain] INFO  com.iteyes.PmsApplication(logStarting:55) - Starting PmsApplication using Java 16.0.2 on DESKTOP-H5GEA9U with PID 14240 (C:\iteyesPMS\PMS\bin\main started by iteyes in C:\iteyesPMS\PMS)
2021-10-01 11:05:56,973 [restartedMain] DEBUG com.iteyes.PmsApplication(logStarting:56) - Running with Spring Boot v2.5.4, Spring v5.3.9
2021-10-01 11:05:56,974 [restartedMain] INFO  com.iteyes.PmsApplication(logStartupProfileInfo:659) - No active profile set, falling back to default profiles: default
2021-10-01 11:05:57,146 [restartedMain] INFO  org.springframework.boot.devtools.env.DevToolsPropertyDefaultsPostProcessor(logTo:255) - Devtools property defaults active! Set 'spring.devtools.add-properties' to 'false' to disable
2021-10-01 11:05:57,147 [restartedMain] INFO  org.springframework.boot.devtools.env.DevToolsPropertyDefaultsPostProcessor(logTo:255) - For additional web related logging consider setting the 'logging.level.web' property to 'DEBUG'
2021-10-01 11:05:57,859 [restartedMain] INFO  org.springframework.context.support.PostProcessorRegistrationDelegate$BeanPostProcessorChecker(postProcessAfterInitialization:376) - Bean 'org.springframework.ws.config.annotation.DelegatingWsConfiguration' of type [org.springframework.ws.config.annotation.DelegatingWsConfiguration$$EnhancerBySpringCGLIB$$5178c664] is not eligible for getting processed by all BeanPostProcessors (for example: not eligible for auto-proxying)
2021-10-01 11:05:57,886 [restartedMain] INFO  org.springframework.ws.soap.addressing.server.AnnotationActionEndpointMapping(afterPropertiesSet:239) - Supporting [WS-Addressing August 2004, WS-Addressing 1.0]
2021-10-01 11:05:58,085 [restartedMain] INFO  org.springframework.boot.web.embedded.tomcat.TomcatWebServer(initialize:108) - Tomcat initialized with port(s): 8080 (http)
2021-10-01 11:05:58,169 [restartedMain] INFO  org.springframework.boot.web.servlet.context.ServletWebServerApplicationContext(prepareWebApplicationContext:290) - Root WebApplicationContext: initialization completed in 1021 ms
2021-10-01 11:05:58,461 [restartedMain] WARN  org.springframework.security.core.userdetails.User(withDefaultPasswordEncoder:284) - User.withDefaultPasswordEncoder() is considered unsafe for production and is only intended for sample applications.
2021-10-01 11:05:58,578 [restartedMain] INFO  org.springframework.security.web.DefaultSecurityFilterChain(<init>:51) - Will secure Ant [pattern='/img/**'] with []
2021-10-01 11:05:58,579 [restartedMain] INFO  org.springframework.security.web.DefaultSecurityFilterChain(<init>:51) - Will secure Ant [pattern='/css/**'] with []
2021-10-01 11:05:58,579 [restartedMain] INFO  org.springframework.security.web.DefaultSecurityFilterChain(<init>:51) - Will secure Ant [pattern='/webjars/**'] with []
2021-10-01 11:05:58,579 [restartedMain] INFO  org.springframework.security.web.DefaultSecurityFilterChain(<init>:51) - Will secure Ant [pattern='/lib/**'] with []
2021-10-01 11:05:58,604 [restartedMain] INFO  org.springframework.security.web.DefaultSecurityFilterChain(<init>:51) - Will secure any request with [org.springframework.security.web.context.request.async.WebAsyncManagerIntegrationFilter@21d28e3, org.springframework.security.web.context.SecurityContextPersistenceFilter@189b04ed, org.springframework.security.web.header.HeaderWriterFilter@2bccd9b3, org.springframework.security.web.csrf.CsrfFilter@3e8b7c17, org.springframework.security.web.authentication.logout.LogoutFilter@501eeb6e, org.springframework.security.web.authentication.UsernamePasswordAuthenticationFilter@5e810327, org.springframework.security.web.savedrequest.RequestCacheAwareFilter@31576b73, org.springframework.security.web.servletapi.SecurityContextHolderAwareRequestFilter@16a6573c, org.springframework.security.web.authentication.AnonymousAuthenticationFilter@67afd66c, org.springframework.security.web.session.SessionManagementFilter@308ef06f, org.springframework.security.web.access.ExceptionTranslationFilter@7f151ba0, org.springframework.security.web.access.intercept.FilterSecurityInterceptor@3ab78c01]
2021-10-01 11:05:58,739 [restartedMain] INFO  org.springframework.boot.autoconfigure.web.servlet.WelcomePageHandlerMapping(<init>:53) - Adding welcome page: class path resource [static/index.html]
2021-10-01 11:05:59,017 [restartedMain] INFO  org.springframework.boot.devtools.autoconfigure.OptionalLiveReloadServer(startServer:58) - LiveReload server is running on port 35729
2021-10-01 11:05:59,065 [restartedMain] INFO  org.springframework.boot.web.embedded.tomcat.TomcatWebServer(start:220) - Tomcat started on port(s): 8080 (http) with context path ''
2021-10-01 11:05:59,075 [restartedMain] INFO  com.iteyes.PmsApplication(logStarted:61) - Started PmsApplication in 2.381 seconds (JVM running for 3.218)
2021-10-01 11:06:08,032 [http-nio-8080-exec-1] INFO  org.springframework.web.servlet.DispatcherServlet(initServletBean:525) - Initializing Servlet 'dispatcherServlet'
2021-10-01 11:06:08,032 [http-nio-8080-exec-1] INFO  org.springframework.web.servlet.DispatcherServlet(initServletBean:547) - Completed initialization in 0 ms
2021-10-01 11:06:11,327 [http-nio-8080-exec-8] DEBUG com.iteyes.controller.pms.PMSController(movePage:16) - urlid :: [SWZP0010]
2021-10-01 11:06:11,939 [http-nio-8080-exec-5] DEBUG com.iteyes.mapper.pms.SWZP0090Mapper.select_0090_01(debug:137) - ==>  Preparing: SELECT * FROM pms_exc
2021-10-01 11:06:11,953 [http-nio-8080-exec-5] DEBUG com.iteyes.mapper.pms.SWZP0090Mapper.select_0090_01(debug:137) - ==> Parameters: 
2021-10-01 11:06:11,989 [http-nio-8080-exec-5] DEBUG com.iteyes.mapper.pms.SWZP0090Mapper.select_0090_01(debug:137) - <==      Total: 2
2021-10-01 11:06:14,463 [http-nio-8080-exec-6] DEBUG com.iteyes.controller.pms.PMSController(movePage:16) - urlid :: [SWZP0010]
2021-10-01 11:06:14,519 [http-nio-8080-exec-4] DEBUG com.iteyes.mapper.pms.SWZP0090Mapper.select_0090_01(debug:137) - ==>  Preparing: SELECT * FROM pms_exc
2021-10-01 11:06:14,519 [http-nio-8080-exec-4] DEBUG com.iteyes.mapper.pms.SWZP0090Mapper.select_0090_01(debug:137) - ==> Parameters: 
2021-10-01 11:06:14,530 [http-nio-8080-exec-4] DEBUG com.iteyes.mapper.pms.SWZP0090Mapper.select_0090_01(debug:137) - <==      Total: 2
2021-10-01 11:06:15,519 [http-nio-8080-exec-10] DEBUG com.iteyes.controller.ExampleController(movePage:28) - urlid :: [grid_sample]
2021-10-01 11:06:16,388 [http-nio-8080-exec-3] DEBUG com.iteyes.controller.ExampleController(movePage:28) - urlid :: [excel_down]
2021-10-01 11:06:17,041 [http-nio-8080-exec-6] DEBUG com.iteyes.controller.ExampleController(movePage:28) - urlid :: [file_upload]
2021-10-01 11:08:31,583 [restartedMain] INFO  com.iteyes.PmsApplication(logStarting:55) - Starting PmsApplication using Java 16.0.2 on DESKTOP-H5GEA9U with PID 14240 (C:\iteyesPMS\PMS\bin\main started by iteyes in C:\iteyesPMS\PMS)
2021-10-01 11:08:31,583 [restartedMain] DEBUG com.iteyes.PmsApplication(logStarting:56) - Running with Spring Boot v2.5.4, Spring v5.3.9
2021-10-01 11:08:31,583 [restartedMain] INFO  com.iteyes.PmsApplication(logStartupProfileInfo:659) - No active profile set, falling back to default profiles: default
2021-10-01 11:08:31,770 [restartedMain] INFO  org.springframework.context.support.PostProcessorRegistrationDelegate$BeanPostProcessorChecker(postProcessAfterInitialization:376) - Bean 'org.springframework.ws.config.annotation.DelegatingWsConfiguration' of type [org.springframework.ws.config.annotation.DelegatingWsConfiguration$$EnhancerBySpringCGLIB$$5178c664] is not eligible for getting processed by all BeanPostProcessors (for example: not eligible for auto-proxying)
2021-10-01 11:08:31,772 [restartedMain] INFO  org.springframework.ws.soap.addressing.server.AnnotationActionEndpointMapping(afterPropertiesSet:239) - Supporting [WS-Addressing August 2004, WS-Addressing 1.0]
2021-10-01 11:08:31,804 [restartedMain] INFO  org.springframework.boot.web.embedded.tomcat.TomcatWebServer(initialize:108) - Tomcat initialized with port(s): 8080 (http)
2021-10-01 11:08:31,826 [restartedMain] INFO  org.springframework.boot.web.servlet.context.ServletWebServerApplicationContext(prepareWebApplicationContext:290) - Root WebApplicationContext: initialization completed in 241 ms
2021-10-01 11:08:31,901 [restartedMain] WARN  org.springframework.security.core.userdetails.User(withDefaultPasswordEncoder:284) - User.withDefaultPasswordEncoder() is considered unsafe for production and is only intended for sample applications.
2021-10-01 11:08:31,971 [restartedMain] INFO  org.springframework.security.web.DefaultSecurityFilterChain(<init>:51) - Will secure Ant [pattern='/img/**'] with []
2021-10-01 11:08:31,972 [restartedMain] INFO  org.springframework.security.web.DefaultSecurityFilterChain(<init>:51) - Will secure Ant [pattern='/css/**'] with []
2021-10-01 11:08:31,972 [restartedMain] INFO  org.springframework.security.web.DefaultSecurityFilterChain(<init>:51) - Will secure Ant [pattern='/webjars/**'] with []
2021-10-01 11:08:31,972 [restartedMain] INFO  org.springframework.security.web.DefaultSecurityFilterChain(<init>:51) - Will secure Ant [pattern='/lib/**'] with []
2021-10-01 11:08:31,977 [restartedMain] INFO  org.springframework.security.web.DefaultSecurityFilterChain(<init>:51) - Will secure any request with [org.springframework.security.web.context.request.async.WebAsyncManagerIntegrationFilter@7783c892, org.springframework.security.web.context.SecurityContextPersistenceFilter@77675acc, org.springframework.security.web.header.HeaderWriterFilter@469b58, org.springframework.security.web.csrf.CsrfFilter@17154493, org.springframework.security.web.authentication.logout.LogoutFilter@325e5d80, org.springframework.security.web.authentication.UsernamePasswordAuthenticationFilter@368e11f1, org.springframework.security.web.savedrequest.RequestCacheAwareFilter@5c004b84, org.springframework.security.web.servletapi.SecurityContextHolderAwareRequestFilter@68288707, org.springframework.security.web.authentication.AnonymousAuthenticationFilter@2a42f5a6, org.springframework.security.web.session.SessionManagementFilter@4aebbede, org.springframework.security.web.access.ExceptionTranslationFilter@1417fb67, org.springframework.security.web.access.intercept.FilterSecurityInterceptor@20f18dce]
2021-10-01 11:08:32,013 [restartedMain] INFO  org.springframework.boot.autoconfigure.web.servlet.WelcomePageHandlerMapping(<init>:53) - Adding welcome page: class path resource [static/index.html]
2021-10-01 11:08:32,055 [restartedMain] INFO  org.springframework.boot.devtools.autoconfigure.OptionalLiveReloadServer(startServer:58) - LiveReload server is running on port 35729
2021-10-01 11:08:32,064 [restartedMain] INFO  org.springframework.boot.web.embedded.tomcat.TomcatWebServer(start:220) - Tomcat started on port(s): 8080 (http) with context path ''
2021-10-01 11:08:32,067 [restartedMain] INFO  com.iteyes.PmsApplication(logStarted:61) - Started PmsApplication in 0.517 seconds (JVM running for 156.21)
2021-10-01 11:08:32,069 [restartedMain] INFO  org.springframework.boot.devtools.autoconfigure.ConditionEvaluationDeltaLoggingListener(onApplicationEvent:63) - Condition evaluation unchanged
2021-10-01 11:09:14,526 [http-nio-8080-exec-1] INFO  org.springframework.web.servlet.DispatcherServlet(initServletBean:525) - Initializing Servlet 'dispatcherServlet'
2021-10-01 11:09:14,527 [http-nio-8080-exec-1] INFO  org.springframework.web.servlet.DispatcherServlet(initServletBean:547) - Completed initialization in 1 ms
2021-10-01 11:09:29,698 [RMI TCP Connection(7)-127.0.0.1] INFO  org.springframework.boot.admin.SpringApplicationAdminMXBeanRegistrar$SpringApplicationAdmin(shutdown:159) - Application shutdown requested.
2021-10-01 11:09:32,762 [restartedMain] INFO  com.iteyes.PmsApplication(logStarting:55) - Starting PmsApplication using Java 16.0.2 on DESKTOP-H5GEA9U with PID 14256 (C:\iteyesPMS\PMS\bin\main started by iteyes in C:\iteyesPMS\PMS)
2021-10-01 11:09:32,767 [restartedMain] DEBUG com.iteyes.PmsApplication(logStarting:56) - Running with Spring Boot v2.5.4, Spring v5.3.9
2021-10-01 11:09:32,768 [restartedMain] INFO  com.iteyes.PmsApplication(logStartupProfileInfo:659) - No active profile set, falling back to default profiles: default
2021-10-01 11:09:32,940 [restartedMain] INFO  org.springframework.boot.devtools.env.DevToolsPropertyDefaultsPostProcessor(logTo:255) - Devtools property defaults active! Set 'spring.devtools.add-properties' to 'false' to disable
2021-10-01 11:09:32,941 [restartedMain] INFO  org.springframework.boot.devtools.env.DevToolsPropertyDefaultsPostProcessor(logTo:255) - For additional web related logging consider setting the 'logging.level.web' property to 'DEBUG'
2021-10-01 11:09:33,647 [restartedMain] INFO  org.springframework.context.support.PostProcessorRegistrationDelegate$BeanPostProcessorChecker(postProcessAfterInitialization:376) - Bean 'org.springframework.ws.config.annotation.DelegatingWsConfiguration' of type [org.springframework.ws.config.annotation.DelegatingWsConfiguration$$EnhancerBySpringCGLIB$$d4843c52] is not eligible for getting processed by all BeanPostProcessors (for example: not eligible for auto-proxying)
2021-10-01 11:09:33,672 [restartedMain] INFO  org.springframework.ws.soap.addressing.server.AnnotationActionEndpointMapping(afterPropertiesSet:239) - Supporting [WS-Addressing August 2004, WS-Addressing 1.0]
2021-10-01 11:09:33,871 [restartedMain] INFO  org.springframework.boot.web.embedded.tomcat.TomcatWebServer(initialize:108) - Tomcat initialized with port(s): 8080 (http)
2021-10-01 11:09:33,949 [restartedMain] INFO  org.springframework.boot.web.servlet.context.ServletWebServerApplicationContext(prepareWebApplicationContext:290) - Root WebApplicationContext: initialization completed in 1008 ms
2021-10-01 11:09:34,251 [restartedMain] WARN  org.springframework.security.core.userdetails.User(withDefaultPasswordEncoder:284) - User.withDefaultPasswordEncoder() is considered unsafe for production and is only intended for sample applications.
2021-10-01 11:09:34,367 [restartedMain] INFO  org.springframework.security.web.DefaultSecurityFilterChain(<init>:51) - Will secure Ant [pattern='/img/**'] with []
2021-10-01 11:09:34,368 [restartedMain] INFO  org.springframework.security.web.DefaultSecurityFilterChain(<init>:51) - Will secure Ant [pattern='/css/**'] with []
2021-10-01 11:09:34,368 [restartedMain] INFO  org.springframework.security.web.DefaultSecurityFilterChain(<init>:51) - Will secure Ant [pattern='/webjars/**'] with []
2021-10-01 11:09:34,368 [restartedMain] INFO  org.springframework.security.web.DefaultSecurityFilterChain(<init>:51) - Will secure Ant [pattern='/lib/**'] with []
2021-10-01 11:09:34,391 [restartedMain] INFO  org.springframework.security.web.DefaultSecurityFilterChain(<init>:51) - Will secure any request with [org.springframework.security.web.context.request.async.WebAsyncManagerIntegrationFilter@70c6d887, org.springframework.security.web.context.SecurityContextPersistenceFilter@637b8a04, org.springframework.security.web.header.HeaderWriterFilter@45a57cbd, org.springframework.security.web.csrf.CsrfFilter@56631ad5, org.springframework.security.web.authentication.logout.LogoutFilter@406058ea, org.springframework.security.web.authentication.UsernamePasswordAuthenticationFilter@1fc9dfa, org.springframework.security.web.savedrequest.RequestCacheAwareFilter@678f408f, org.springframework.security.web.servletapi.SecurityContextHolderAwareRequestFilter@189b04ed, org.springframework.security.web.authentication.AnonymousAuthenticationFilter@40e51567, org.springframework.security.web.session.SessionManagementFilter@1ad7791b, org.springframework.security.web.access.ExceptionTranslationFilter@6a39837d, org.springframework.security.web.access.intercept.FilterSecurityInterceptor@32149db3]
2021-10-01 11:09:34,530 [restartedMain] INFO  org.springframework.boot.autoconfigure.web.servlet.WelcomePageHandlerMapping(<init>:53) - Adding welcome page: class path resource [static/index.html]
2021-10-01 11:09:34,809 [restartedMain] INFO  org.springframework.boot.devtools.autoconfigure.OptionalLiveReloadServer(startServer:58) - LiveReload server is running on port 35729
2021-10-01 11:09:34,856 [restartedMain] INFO  org.springframework.boot.web.embedded.tomcat.TomcatWebServer(start:220) - Tomcat started on port(s): 8080 (http) with context path ''
2021-10-01 11:09:34,866 [restartedMain] INFO  com.iteyes.PmsApplication(logStarted:61) - Started PmsApplication in 2.379 seconds (JVM running for 3.226)
2021-10-01 11:09:37,803 [http-nio-8080-exec-1] INFO  org.springframework.web.servlet.DispatcherServlet(initServletBean:525) - Initializing Servlet 'dispatcherServlet'
2021-10-01 11:09:37,804 [http-nio-8080-exec-1] INFO  org.springframework.web.servlet.DispatcherServlet(initServletBean:547) - Completed initialization in 1 ms
2021-10-01 11:11:01,573 [restartedMain] INFO  com.iteyes.PmsApplication(logStarting:55) - Starting PmsApplication using Java 16.0.2 on DESKTOP-H5GEA9U with PID 14256 (C:\iteyesPMS\PMS\bin\main started by iteyes in C:\iteyesPMS\PMS)
2021-10-01 11:11:01,573 [restartedMain] DEBUG com.iteyes.PmsApplication(logStarting:56) - Running with Spring Boot v2.5.4, Spring v5.3.9
2021-10-01 11:11:01,574 [restartedMain] INFO  com.iteyes.PmsApplication(logStartupProfileInfo:659) - No active profile set, falling back to default profiles: default
2021-10-01 11:11:01,761 [restartedMain] INFO  org.springframework.context.support.PostProcessorRegistrationDelegate$BeanPostProcessorChecker(postProcessAfterInitialization:376) - Bean 'org.springframework.ws.config.annotation.DelegatingWsConfiguration' of type [org.springframework.ws.config.annotation.DelegatingWsConfiguration$$EnhancerBySpringCGLIB$$d4843c52] is not eligible for getting processed by all BeanPostProcessors (for example: not eligible for auto-proxying)
2021-10-01 11:11:01,763 [restartedMain] INFO  org.springframework.ws.soap.addressing.server.AnnotationActionEndpointMapping(afterPropertiesSet:239) - Supporting [WS-Addressing August 2004, WS-Addressing 1.0]
2021-10-01 11:11:01,792 [restartedMain] INFO  org.springframework.boot.web.embedded.tomcat.TomcatWebServer(initialize:108) - Tomcat initialized with port(s): 8080 (http)
2021-10-01 11:11:01,814 [restartedMain] INFO  org.springframework.boot.web.servlet.context.ServletWebServerApplicationContext(prepareWebApplicationContext:290) - Root WebApplicationContext: initialization completed in 238 ms
2021-10-01 11:11:01,884 [restartedMain] WARN  org.springframework.security.core.userdetails.User(withDefaultPasswordEncoder:284) - User.withDefaultPasswordEncoder() is considered unsafe for production and is only intended for sample applications.
2021-10-01 11:11:01,955 [restartedMain] INFO  org.springframework.security.web.DefaultSecurityFilterChain(<init>:51) - Will secure Ant [pattern='/img/**'] with []
2021-10-01 11:11:01,956 [restartedMain] INFO  org.springframework.security.web.DefaultSecurityFilterChain(<init>:51) - Will secure Ant [pattern='/css/**'] with []
2021-10-01 11:11:01,956 [restartedMain] INFO  org.springframework.security.web.DefaultSecurityFilterChain(<init>:51) - Will secure Ant [pattern='/webjars/**'] with []
2021-10-01 11:11:01,956 [restartedMain] INFO  org.springframework.security.web.DefaultSecurityFilterChain(<init>:51) - Will secure Ant [pattern='/lib/**'] with []
2021-10-01 11:11:01,961 [restartedMain] INFO  org.springframework.security.web.DefaultSecurityFilterChain(<init>:51) - Will secure any request with [org.springframework.security.web.context.request.async.WebAsyncManagerIntegrationFilter@719e1d67, org.springframework.security.web.context.SecurityContextPersistenceFilter@7880c513, org.springframework.security.web.header.HeaderWriterFilter@7fb9847a, org.springframework.security.web.csrf.CsrfFilter@3ef8ea76, org.springframework.security.web.authentication.logout.LogoutFilter@ead338c, org.springframework.security.web.authentication.UsernamePasswordAuthenticationFilter@3929a9ac, org.springframework.security.web.savedrequest.RequestCacheAwareFilter@53b0ee8f, org.springframework.security.web.servletapi.SecurityContextHolderAwareRequestFilter@60993ad7, org.springframework.security.web.authentication.AnonymousAuthenticationFilter@7aa7bd99, org.springframework.security.web.session.SessionManagementFilter@1d22405, org.springframework.security.web.access.ExceptionTranslationFilter@3aa22733, org.springframework.security.web.access.intercept.FilterSecurityInterceptor@2557da47]
2021-10-01 11:11:01,992 [restartedMain] INFO  org.springframework.boot.autoconfigure.web.servlet.WelcomePageHandlerMapping(<init>:53) - Adding welcome page: class path resource [static/index.html]
2021-10-01 11:11:02,036 [restartedMain] INFO  org.springframework.boot.devtools.autoconfigure.OptionalLiveReloadServer(startServer:58) - LiveReload server is running on port 35729
2021-10-01 11:11:02,047 [restartedMain] INFO  org.springframework.boot.web.embedded.tomcat.TomcatWebServer(start:220) - Tomcat started on port(s): 8080 (http) with context path ''
2021-10-01 11:11:02,050 [restartedMain] INFO  com.iteyes.PmsApplication(logStarted:61) - Started PmsApplication in 0.508 seconds (JVM running for 90.409)
2021-10-01 11:11:02,050 [restartedMain] INFO  org.springframework.boot.devtools.autoconfigure.ConditionEvaluationDeltaLoggingListener(onApplicationEvent:63) - Condition evaluation unchanged
2021-10-01 11:11:05,624 [http-nio-8080-exec-1] INFO  org.springframework.web.servlet.DispatcherServlet(initServletBean:525) - Initializing Servlet 'dispatcherServlet'
2021-10-01 11:11:05,625 [http-nio-8080-exec-1] INFO  org.springframework.web.servlet.DispatcherServlet(initServletBean:547) - Completed initialization in 1 ms
2021-10-01 11:11:08,420 [http-nio-8080-exec-6] DEBUG com.iteyes.controller.pms.PMSController(movePage:16) - urlid :: [SWZP0010]
2021-10-01 11:11:08,981 [http-nio-8080-exec-4] DEBUG com.iteyes.mapper.pms.SWZP0090Mapper.select_0090_01(debug:137) - ==>  Preparing: SELECT * FROM pms_exc
2021-10-01 11:11:08,995 [http-nio-8080-exec-4] DEBUG com.iteyes.mapper.pms.SWZP0090Mapper.select_0090_01(debug:137) - ==> Parameters: 
2021-10-01 11:11:09,031 [http-nio-8080-exec-4] DEBUG com.iteyes.mapper.pms.SWZP0090Mapper.select_0090_01(debug:137) - <==      Total: 2
2021-10-01 11:11:11,616 [http-nio-8080-exec-3] DEBUG com.iteyes.controller.ExampleController(movePage:28) - urlid :: [file_upload]
2021-10-01 11:13:34,789 [restartedMain] INFO  com.iteyes.PmsApplication(logStarting:55) - Starting PmsApplication using Java 16.0.2 on DESKTOP-H5GEA9U with PID 14256 (C:\iteyesPMS\PMS\bin\main started by iteyes in C:\iteyesPMS\PMS)
2021-10-01 11:13:34,790 [restartedMain] DEBUG com.iteyes.PmsApplication(logStarting:56) - Running with Spring Boot v2.5.4, Spring v5.3.9
2021-10-01 11:13:34,790 [restartedMain] INFO  com.iteyes.PmsApplication(logStartupProfileInfo:659) - No active profile set, falling back to default profiles: default
2021-10-01 11:13:34,953 [restartedMain] INFO  org.springframework.context.support.PostProcessorRegistrationDelegate$BeanPostProcessorChecker(postProcessAfterInitialization:376) - Bean 'org.springframework.ws.config.annotation.DelegatingWsConfiguration' of type [org.springframework.ws.config.annotation.DelegatingWsConfiguration$$EnhancerBySpringCGLIB$$d4843c52] is not eligible for getting processed by all BeanPostProcessors (for example: not eligible for auto-proxying)
2021-10-01 11:13:34,954 [restartedMain] INFO  org.springframework.ws.soap.addressing.server.AnnotationActionEndpointMapping(afterPropertiesSet:239) - Supporting [WS-Addressing August 2004, WS-Addressing 1.0]
2021-10-01 11:13:34,981 [restartedMain] INFO  org.springframework.boot.web.embedded.tomcat.TomcatWebServer(initialize:108) - Tomcat initialized with port(s): 8080 (http)
2021-10-01 11:13:35,001 [restartedMain] INFO  org.springframework.boot.web.servlet.context.ServletWebServerApplicationContext(prepareWebApplicationContext:290) - Root WebApplicationContext: initialization completed in 210 ms
2021-10-01 11:13:35,069 [restartedMain] WARN  org.springframework.security.core.userdetails.User(withDefaultPasswordEncoder:284) - User.withDefaultPasswordEncoder() is considered unsafe for production and is only intended for sample applications.
2021-10-01 11:13:35,138 [restartedMain] INFO  org.springframework.security.web.DefaultSecurityFilterChain(<init>:51) - Will secure Ant [pattern='/img/**'] with []
2021-10-01 11:13:35,138 [restartedMain] INFO  org.springframework.security.web.DefaultSecurityFilterChain(<init>:51) - Will secure Ant [pattern='/css/**'] with []
2021-10-01 11:13:35,138 [restartedMain] INFO  org.springframework.security.web.DefaultSecurityFilterChain(<init>:51) - Will secure Ant [pattern='/webjars/**'] with []
2021-10-01 11:13:35,138 [restartedMain] INFO  org.springframework.security.web.DefaultSecurityFilterChain(<init>:51) - Will secure Ant [pattern='/lib/**'] with []
2021-10-01 11:13:35,143 [restartedMain] INFO  org.springframework.security.web.DefaultSecurityFilterChain(<init>:51) - Will secure any request with [org.springframework.security.web.context.request.async.WebAsyncManagerIntegrationFilter@1466c586, org.springframework.security.web.context.SecurityContextPersistenceFilter@1ad6618f, org.springframework.security.web.header.HeaderWriterFilter@369022dd, org.springframework.security.web.csrf.CsrfFilter@163ade3d, org.springframework.security.web.authentication.logout.LogoutFilter@11041dbb, org.springframework.security.web.authentication.UsernamePasswordAuthenticationFilter@5cec509, org.springframework.security.web.savedrequest.RequestCacheAwareFilter@39130f62, org.springframework.security.web.servletapi.SecurityContextHolderAwareRequestFilter@ea24457, org.springframework.security.web.authentication.AnonymousAuthenticationFilter@544089f5, org.springframework.security.web.session.SessionManagementFilter@5add87df, org.springframework.security.web.access.ExceptionTranslationFilter@58bf6b3c, org.springframework.security.web.access.intercept.FilterSecurityInterceptor@6487e93d]
2021-10-01 11:13:35,174 [restartedMain] INFO  org.springframework.boot.autoconfigure.web.servlet.WelcomePageHandlerMapping(<init>:53) - Adding welcome page: class path resource [static/index.html]
2021-10-01 11:13:35,212 [restartedMain] INFO  org.springframework.boot.devtools.autoconfigure.OptionalLiveReloadServer(startServer:58) - LiveReload server is running on port 35729
2021-10-01 11:13:35,225 [restartedMain] INFO  org.springframework.boot.web.embedded.tomcat.TomcatWebServer(start:220) - Tomcat started on port(s): 8080 (http) with context path ''
2021-10-01 11:13:35,228 [restartedMain] INFO  com.iteyes.PmsApplication(logStarted:61) - Started PmsApplication in 0.471 seconds (JVM running for 243.588)
2021-10-01 11:13:35,231 [restartedMain] INFO  org.springframework.boot.devtools.autoconfigure.ConditionEvaluationDeltaLoggingListener(onApplicationEvent:63) - Condition evaluation unchanged
2021-10-01 11:13:37,785 [restartedMain] INFO  com.iteyes.PmsApplication(logStarting:55) - Starting PmsApplication using Java 16.0.2 on DESKTOP-H5GEA9U with PID 14256 (C:\iteyesPMS\PMS\bin\main started by iteyes in C:\iteyesPMS\PMS)
2021-10-01 11:13:37,786 [restartedMain] DEBUG com.iteyes.PmsApplication(logStarting:56) - Running with Spring Boot v2.5.4, Spring v5.3.9
2021-10-01 11:13:37,786 [restartedMain] INFO  com.iteyes.PmsApplication(logStartupProfileInfo:659) - No active profile set, falling back to default profiles: default
2021-10-01 11:13:37,947 [restartedMain] INFO  org.springframework.context.support.PostProcessorRegistrationDelegate$BeanPostProcessorChecker(postProcessAfterInitialization:376) - Bean 'org.springframework.ws.config.annotation.DelegatingWsConfiguration' of type [org.springframework.ws.config.annotation.DelegatingWsConfiguration$$EnhancerBySpringCGLIB$$d4843c52] is not eligible for getting processed by all BeanPostProcessors (for example: not eligible for auto-proxying)
2021-10-01 11:13:37,948 [restartedMain] INFO  org.springframework.ws.soap.addressing.server.AnnotationActionEndpointMapping(afterPropertiesSet:239) - Supporting [WS-Addressing August 2004, WS-Addressing 1.0]
2021-10-01 11:13:37,974 [restartedMain] INFO  org.springframework.boot.web.embedded.tomcat.TomcatWebServer(initialize:108) - Tomcat initialized with port(s): 8080 (http)
2021-10-01 11:13:37,994 [restartedMain] INFO  org.springframework.boot.web.servlet.context.ServletWebServerApplicationContext(prepareWebApplicationContext:290) - Root WebApplicationContext: initialization completed in 207 ms
2021-10-01 11:13:38,055 [restartedMain] WARN  org.springframework.security.core.userdetails.User(withDefaultPasswordEncoder:284) - User.withDefaultPasswordEncoder() is considered unsafe for production and is only intended for sample applications.
2021-10-01 11:13:38,125 [restartedMain] INFO  org.springframework.security.web.DefaultSecurityFilterChain(<init>:51) - Will secure Ant [pattern='/img/**'] with []
2021-10-01 11:13:38,125 [restartedMain] INFO  org.springframework.security.web.DefaultSecurityFilterChain(<init>:51) - Will secure Ant [pattern='/css/**'] with []
2021-10-01 11:13:38,125 [restartedMain] INFO  org.springframework.security.web.DefaultSecurityFilterChain(<init>:51) - Will secure Ant [pattern='/webjars/**'] with []
2021-10-01 11:13:38,125 [restartedMain] INFO  org.springframework.security.web.DefaultSecurityFilterChain(<init>:51) - Will secure Ant [pattern='/lib/**'] with []
2021-10-01 11:13:38,130 [restartedMain] INFO  org.springframework.security.web.DefaultSecurityFilterChain(<init>:51) - Will secure any request with [org.springframework.security.web.context.request.async.WebAsyncManagerIntegrationFilter@1389bb6b, org.springframework.security.web.context.SecurityContextPersistenceFilter@402638b2, org.springframework.security.web.header.HeaderWriterFilter@7ce124a3, org.springframework.security.web.csrf.CsrfFilter@131e06d8, org.springframework.security.web.authentication.logout.LogoutFilter@22f6af94, org.springframework.security.web.authentication.UsernamePasswordAuthenticationFilter@6d3d18f2, org.springframework.security.web.savedrequest.RequestCacheAwareFilter@6b6339d0, org.springframework.security.web.servletapi.SecurityContextHolderAwareRequestFilter@1ed2cc23, org.springframework.security.web.authentication.AnonymousAuthenticationFilter@3b014171, org.springframework.security.web.session.SessionManagementFilter@236dd2c1, org.springframework.security.web.access.ExceptionTranslationFilter@18166f01, org.springframework.security.web.access.intercept.FilterSecurityInterceptor@686f1eec]
2021-10-01 11:13:38,158 [restartedMain] INFO  org.springframework.boot.autoconfigure.web.servlet.WelcomePageHandlerMapping(<init>:53) - Adding welcome page: class path resource [static/index.html]
2021-10-01 11:13:38,201 [restartedMain] INFO  org.springframework.boot.devtools.autoconfigure.OptionalLiveReloadServer(startServer:58) - LiveReload server is running on port 35729
2021-10-01 11:13:38,209 [restartedMain] INFO  org.springframework.boot.web.embedded.tomcat.TomcatWebServer(start:220) - Tomcat started on port(s): 8080 (http) with context path ''
2021-10-01 11:13:38,212 [restartedMain] INFO  com.iteyes.PmsApplication(logStarted:61) - Started PmsApplication in 0.459 seconds (JVM running for 246.571)
2021-10-01 11:13:38,213 [restartedMain] INFO  org.springframework.boot.devtools.autoconfigure.ConditionEvaluationDeltaLoggingListener(onApplicationEvent:63) - Condition evaluation unchanged
2021-10-01 11:13:47,611 [http-nio-8080-exec-1] INFO  org.springframework.web.servlet.DispatcherServlet(initServletBean:525) - Initializing Servlet 'dispatcherServlet'
2021-10-01 11:13:47,612 [http-nio-8080-exec-1] INFO  org.springframework.web.servlet.DispatcherServlet(initServletBean:547) - Completed initialization in 1 ms
2021-10-01 11:14:08,528 [restartedMain] INFO  com.iteyes.PmsApplication(logStarting:55) - Starting PmsApplication using Java 16.0.2 on DESKTOP-H5GEA9U with PID 14256 (C:\iteyesPMS\PMS\bin\main started by iteyes in C:\iteyesPMS\PMS)
2021-10-01 11:14:08,529 [restartedMain] DEBUG com.iteyes.PmsApplication(logStarting:56) - Running with Spring Boot v2.5.4, Spring v5.3.9
2021-10-01 11:14:08,529 [restartedMain] INFO  com.iteyes.PmsApplication(logStartupProfileInfo:659) - No active profile set, falling back to default profiles: default
2021-10-01 11:14:08,685 [restartedMain] INFO  org.springframework.context.support.PostProcessorRegistrationDelegate$BeanPostProcessorChecker(postProcessAfterInitialization:376) - Bean 'org.springframework.ws.config.annotation.DelegatingWsConfiguration' of type [org.springframework.ws.config.annotation.DelegatingWsConfiguration$$EnhancerBySpringCGLIB$$d4843c52] is not eligible for getting processed by all BeanPostProcessors (for example: not eligible for auto-proxying)
2021-10-01 11:14:08,686 [restartedMain] INFO  org.springframework.ws.soap.addressing.server.AnnotationActionEndpointMapping(afterPropertiesSet:239) - Supporting [WS-Addressing August 2004, WS-Addressing 1.0]
2021-10-01 11:14:08,711 [restartedMain] INFO  org.springframework.boot.web.embedded.tomcat.TomcatWebServer(initialize:108) - Tomcat initialized with port(s): 8080 (http)
2021-10-01 11:14:08,730 [restartedMain] INFO  org.springframework.boot.web.servlet.context.ServletWebServerApplicationContext(prepareWebApplicationContext:290) - Root WebApplicationContext: initialization completed in 200 ms
2021-10-01 11:14:08,793 [restartedMain] WARN  org.springframework.security.core.userdetails.User(withDefaultPasswordEncoder:284) - User.withDefaultPasswordEncoder() is considered unsafe for production and is only intended for sample applications.
2021-10-01 11:14:08,863 [restartedMain] INFO  org.springframework.security.web.DefaultSecurityFilterChain(<init>:51) - Will secure Ant [pattern='/img/**'] with []
2021-10-01 11:14:08,863 [restartedMain] INFO  org.springframework.security.web.DefaultSecurityFilterChain(<init>:51) - Will secure Ant [pattern='/css/**'] with []
2021-10-01 11:14:08,863 [restartedMain] INFO  org.springframework.security.web.DefaultSecurityFilterChain(<init>:51) - Will secure Ant [pattern='/webjars/**'] with []
2021-10-01 11:14:08,863 [restartedMain] INFO  org.springframework.security.web.DefaultSecurityFilterChain(<init>:51) - Will secure Ant [pattern='/lib/**'] with []
2021-10-01 11:14:08,867 [restartedMain] INFO  org.springframework.security.web.DefaultSecurityFilterChain(<init>:51) - Will secure any request with [org.springframework.security.web.context.request.async.WebAsyncManagerIntegrationFilter@8dee2d4, org.springframework.security.web.context.SecurityContextPersistenceFilter@698c23d8, org.springframework.security.web.header.HeaderWriterFilter@5d86febc, org.springframework.security.web.csrf.CsrfFilter@63aa3700, org.springframework.security.web.authentication.logout.LogoutFilter@60b13c2e, org.springframework.security.web.authentication.UsernamePasswordAuthenticationFilter@7b333f82, org.springframework.security.web.savedrequest.RequestCacheAwareFilter@3949bdb6, org.springframework.security.web.servletapi.SecurityContextHolderAwareRequestFilter@5350d73d, org.springframework.security.web.authentication.AnonymousAuthenticationFilter@4acd29e5, org.springframework.security.web.session.SessionManagementFilter@5bac1d9a, org.springframework.security.web.access.ExceptionTranslationFilter@4ee3dec9, org.springframework.security.web.access.intercept.FilterSecurityInterceptor@29d60350]
2021-10-01 11:14:08,893 [restartedMain] INFO  org.springframework.boot.autoconfigure.web.servlet.WelcomePageHandlerMapping(<init>:53) - Adding welcome page: class path resource [static/index.html]
2021-10-01 11:14:08,931 [restartedMain] INFO  org.springframework.boot.devtools.autoconfigure.OptionalLiveReloadServer(startServer:58) - LiveReload server is running on port 35729
2021-10-01 11:14:08,939 [restartedMain] INFO  org.springframework.boot.web.embedded.tomcat.TomcatWebServer(start:220) - Tomcat started on port(s): 8080 (http) with context path ''
2021-10-01 11:14:08,942 [restartedMain] INFO  com.iteyes.PmsApplication(logStarted:61) - Started PmsApplication in 0.45 seconds (JVM running for 277.302)
2021-10-01 11:14:08,943 [restartedMain] INFO  org.springframework.boot.devtools.autoconfigure.ConditionEvaluationDeltaLoggingListener(onApplicationEvent:63) - Condition evaluation unchanged
2021-10-01 11:14:11,499 [restartedMain] INFO  com.iteyes.PmsApplication(logStarting:55) - Starting PmsApplication using Java 16.0.2 on DESKTOP-H5GEA9U with PID 14256 (C:\iteyesPMS\PMS\bin\main started by iteyes in C:\iteyesPMS\PMS)
2021-10-01 11:14:11,500 [restartedMain] DEBUG com.iteyes.PmsApplication(logStarting:56) - Running with Spring Boot v2.5.4, Spring v5.3.9
2021-10-01 11:14:11,500 [restartedMain] INFO  com.iteyes.PmsApplication(logStartupProfileInfo:659) - No active profile set, falling back to default profiles: default
2021-10-01 11:14:11,651 [restartedMain] INFO  org.springframework.context.support.PostProcessorRegistrationDelegate$BeanPostProcessorChecker(postProcessAfterInitialization:376) - Bean 'org.springframework.ws.config.annotation.DelegatingWsConfiguration' of type [org.springframework.ws.config.annotation.DelegatingWsConfiguration$$EnhancerBySpringCGLIB$$d4843c52] is not eligible for getting processed by all BeanPostProcessors (for example: not eligible for auto-proxying)
2021-10-01 11:14:11,652 [restartedMain] INFO  org.springframework.ws.soap.addressing.server.AnnotationActionEndpointMapping(afterPropertiesSet:239) - Supporting [WS-Addressing August 2004, WS-Addressing 1.0]
2021-10-01 11:14:11,678 [restartedMain] INFO  org.springframework.boot.web.embedded.tomcat.TomcatWebServer(initialize:108) - Tomcat initialized with port(s): 8080 (http)
2021-10-01 11:14:11,698 [restartedMain] INFO  org.springframework.boot.web.servlet.context.ServletWebServerApplicationContext(prepareWebApplicationContext:290) - Root WebApplicationContext: initialization completed in 196 ms
2021-10-01 11:14:11,754 [restartedMain] WARN  org.springframework.security.core.userdetails.User(withDefaultPasswordEncoder:284) - User.withDefaultPasswordEncoder() is considered unsafe for production and is only intended for sample applications.
2021-10-01 11:14:11,824 [restartedMain] INFO  org.springframework.security.web.DefaultSecurityFilterChain(<init>:51) - Will secure Ant [pattern='/img/**'] with []
2021-10-01 11:14:11,824 [restartedMain] INFO  org.springframework.security.web.DefaultSecurityFilterChain(<init>:51) - Will secure Ant [pattern='/css/**'] with []
2021-10-01 11:14:11,824 [restartedMain] INFO  org.springframework.security.web.DefaultSecurityFilterChain(<init>:51) - Will secure Ant [pattern='/webjars/**'] with []
2021-10-01 11:14:11,824 [restartedMain] INFO  org.springframework.security.web.DefaultSecurityFilterChain(<init>:51) - Will secure Ant [pattern='/lib/**'] with []
2021-10-01 11:14:11,828 [restartedMain] INFO  org.springframework.security.web.DefaultSecurityFilterChain(<init>:51) - Will secure any request with [org.springframework.security.web.context.request.async.WebAsyncManagerIntegrationFilter@3226c28a, org.springframework.security.web.context.SecurityContextPersistenceFilter@59038eae, org.springframework.security.web.header.HeaderWriterFilter@3483a48a, org.springframework.security.web.csrf.CsrfFilter@6c937ac3, org.springframework.security.web.authentication.logout.LogoutFilter@4b360cbc, org.springframework.security.web.authentication.UsernamePasswordAuthenticationFilter@2ebd8b28, org.springframework.security.web.savedrequest.RequestCacheAwareFilter@4ff60de, org.springframework.security.web.servletapi.SecurityContextHolderAwareRequestFilter@2df1233f, org.springframework.security.web.authentication.AnonymousAuthenticationFilter@17af9c1, org.springframework.security.web.session.SessionManagementFilter@2eb1acd9, org.springframework.security.web.access.ExceptionTranslationFilter@56017404, org.springframework.security.web.access.intercept.FilterSecurityInterceptor@cf8ff95]
2021-10-01 11:14:11,855 [restartedMain] INFO  org.springframework.boot.autoconfigure.web.servlet.WelcomePageHandlerMapping(<init>:53) - Adding welcome page: class path resource [static/index.html]
2021-10-01 11:14:11,890 [restartedMain] INFO  org.springframework.boot.devtools.autoconfigure.OptionalLiveReloadServer(startServer:58) - LiveReload server is running on port 35729
2021-10-01 11:14:11,901 [restartedMain] INFO  org.springframework.boot.web.embedded.tomcat.TomcatWebServer(start:220) - Tomcat started on port(s): 8080 (http) with context path ''
2021-10-01 11:14:11,904 [restartedMain] INFO  com.iteyes.PmsApplication(logStarted:61) - Started PmsApplication in 0.437 seconds (JVM running for 280.264)
2021-10-01 11:14:11,904 [restartedMain] INFO  org.springframework.boot.devtools.autoconfigure.ConditionEvaluationDeltaLoggingListener(onApplicationEvent:63) - Condition evaluation unchanged
2021-10-01 11:14:16,009 [http-nio-8080-exec-1] INFO  org.springframework.web.servlet.DispatcherServlet(initServletBean:525) - Initializing Servlet 'dispatcherServlet'
2021-10-01 11:14:16,011 [http-nio-8080-exec-1] INFO  org.springframework.web.servlet.DispatcherServlet(initServletBean:547) - Completed initialization in 1 ms
2021-10-01 11:15:56,506 [restartedMain] INFO  com.iteyes.PmsApplication(logStarting:55) - Starting PmsApplication using Java 16.0.2 on DESKTOP-H5GEA9U with PID 14256 (C:\iteyesPMS\PMS\bin\main started by iteyes in C:\iteyesPMS\PMS)
2021-10-01 11:15:56,507 [restartedMain] DEBUG com.iteyes.PmsApplication(logStarting:56) - Running with Spring Boot v2.5.4, Spring v5.3.9
2021-10-01 11:15:56,507 [restartedMain] INFO  com.iteyes.PmsApplication(logStartupProfileInfo:659) - No active profile set, falling back to default profiles: default
2021-10-01 11:15:56,661 [restartedMain] INFO  org.springframework.context.support.PostProcessorRegistrationDelegate$BeanPostProcessorChecker(postProcessAfterInitialization:376) - Bean 'org.springframework.ws.config.annotation.DelegatingWsConfiguration' of type [org.springframework.ws.config.annotation.DelegatingWsConfiguration$$EnhancerBySpringCGLIB$$d4843c52] is not eligible for getting processed by all BeanPostProcessors (for example: not eligible for auto-proxying)
2021-10-01 11:15:56,662 [restartedMain] INFO  org.springframework.ws.soap.addressing.server.AnnotationActionEndpointMapping(afterPropertiesSet:239) - Supporting [WS-Addressing August 2004, WS-Addressing 1.0]
2021-10-01 11:15:56,688 [restartedMain] INFO  org.springframework.boot.web.embedded.tomcat.TomcatWebServer(initialize:108) - Tomcat initialized with port(s): 8080 (http)
2021-10-01 11:15:56,708 [restartedMain] INFO  org.springframework.boot.web.servlet.context.ServletWebServerApplicationContext(prepareWebApplicationContext:290) - Root WebApplicationContext: initialization completed in 199 ms
2021-10-01 11:15:56,772 [restartedMain] WARN  org.springframework.security.core.userdetails.User(withDefaultPasswordEncoder:284) - User.withDefaultPasswordEncoder() is considered unsafe for production and is only intended for sample applications.
2021-10-01 11:15:56,842 [restartedMain] INFO  org.springframework.security.web.DefaultSecurityFilterChain(<init>:51) - Will secure Ant [pattern='/img/**'] with []
2021-10-01 11:15:56,842 [restartedMain] INFO  org.springframework.security.web.DefaultSecurityFilterChain(<init>:51) - Will secure Ant [pattern='/css/**'] with []
2021-10-01 11:15:56,842 [restartedMain] INFO  org.springframework.security.web.DefaultSecurityFilterChain(<init>:51) - Will secure Ant [pattern='/webjars/**'] with []
2021-10-01 11:15:56,842 [restartedMain] INFO  org.springframework.security.web.DefaultSecurityFilterChain(<init>:51) - Will secure Ant [pattern='/lib/**'] with []
2021-10-01 11:15:56,846 [restartedMain] INFO  org.springframework.security.web.DefaultSecurityFilterChain(<init>:51) - Will secure any request with [org.springframework.security.web.context.request.async.WebAsyncManagerIntegrationFilter@2414dc0d, org.springframework.security.web.context.SecurityContextPersistenceFilter@58fc02b7, org.springframework.security.web.header.HeaderWriterFilter@5f7d20f1, org.springframework.security.web.csrf.CsrfFilter@7678dafb, org.springframework.security.web.authentication.logout.LogoutFilter@31495c8d, org.springframework.security.web.authentication.UsernamePasswordAuthenticationFilter@88a6e22, org.springframework.security.web.savedrequest.RequestCacheAwareFilter@4a5099d3, org.springframework.security.web.servletapi.SecurityContextHolderAwareRequestFilter@7c9c42c0, org.springframework.security.web.authentication.AnonymousAuthenticationFilter@23c93ef0, org.springframework.security.web.session.SessionManagementFilter@6863b242, org.springframework.security.web.access.ExceptionTranslationFilter@568896c5, org.springframework.security.web.access.intercept.FilterSecurityInterceptor@6be81f31]
2021-10-01 11:15:56,872 [restartedMain] INFO  org.springframework.boot.autoconfigure.web.servlet.WelcomePageHandlerMapping(<init>:53) - Adding welcome page: class path resource [static/index.html]
2021-10-01 11:15:56,910 [restartedMain] INFO  org.springframework.boot.devtools.autoconfigure.OptionalLiveReloadServer(startServer:58) - LiveReload server is running on port 35729
2021-10-01 11:15:56,918 [restartedMain] INFO  org.springframework.boot.web.embedded.tomcat.TomcatWebServer(start:220) - Tomcat started on port(s): 8080 (http) with context path ''
2021-10-01 11:15:56,921 [restartedMain] INFO  com.iteyes.PmsApplication(logStarted:61) - Started PmsApplication in 0.448 seconds (JVM running for 385.281)
2021-10-01 11:15:56,923 [restartedMain] INFO  org.springframework.boot.devtools.autoconfigure.ConditionEvaluationDeltaLoggingListener(onApplicationEvent:63) - Condition evaluation unchanged
2021-10-01 11:15:58,606 [http-nio-8080-exec-1] INFO  org.springframework.web.servlet.DispatcherServlet(initServletBean:525) - Initializing Servlet 'dispatcherServlet'
2021-10-01 11:15:58,607 [http-nio-8080-exec-1] INFO  org.springframework.web.servlet.DispatcherServlet(initServletBean:547) - Completed initialization in 1 ms
2021-10-01 11:16:46,903 [restartedMain] INFO  com.iteyes.PmsApplication(logStarting:55) - Starting PmsApplication using Java 16.0.2 on DESKTOP-H5GEA9U with PID 14256 (C:\iteyesPMS\PMS\bin\main started by iteyes in C:\iteyesPMS\PMS)
2021-10-01 11:16:46,903 [restartedMain] DEBUG com.iteyes.PmsApplication(logStarting:56) - Running with Spring Boot v2.5.4, Spring v5.3.9
2021-10-01 11:16:46,903 [restartedMain] INFO  com.iteyes.PmsApplication(logStartupProfileInfo:659) - No active profile set, falling back to default profiles: default
2021-10-01 11:16:47,063 [restartedMain] INFO  org.springframework.context.support.PostProcessorRegistrationDelegate$BeanPostProcessorChecker(postProcessAfterInitialization:376) - Bean 'org.springframework.ws.config.annotation.DelegatingWsConfiguration' of type [org.springframework.ws.config.annotation.DelegatingWsConfiguration$$EnhancerBySpringCGLIB$$d4843c52] is not eligible for getting processed by all BeanPostProcessors (for example: not eligible for auto-proxying)
2021-10-01 11:16:47,064 [restartedMain] INFO  org.springframework.ws.soap.addressing.server.AnnotationActionEndpointMapping(afterPropertiesSet:239) - Supporting [WS-Addressing August 2004, WS-Addressing 1.0]
2021-10-01 11:16:47,090 [restartedMain] INFO  org.springframework.boot.web.embedded.tomcat.TomcatWebServer(initialize:108) - Tomcat initialized with port(s): 8080 (http)
2021-10-01 11:16:47,111 [restartedMain] INFO  org.springframework.boot.web.servlet.context.ServletWebServerApplicationContext(prepareWebApplicationContext:290) - Root WebApplicationContext: initialization completed in 206 ms
2021-10-01 11:16:47,174 [restartedMain] WARN  org.springframework.security.core.userdetails.User(withDefaultPasswordEncoder:284) - User.withDefaultPasswordEncoder() is considered unsafe for production and is only intended for sample applications.
2021-10-01 11:16:47,243 [restartedMain] INFO  org.springframework.security.web.DefaultSecurityFilterChain(<init>:51) - Will secure Ant [pattern='/img/**'] with []
2021-10-01 11:16:47,244 [restartedMain] INFO  org.springframework.security.web.DefaultSecurityFilterChain(<init>:51) - Will secure Ant [pattern='/css/**'] with []
2021-10-01 11:16:47,244 [restartedMain] INFO  org.springframework.security.web.DefaultSecurityFilterChain(<init>:51) - Will secure Ant [pattern='/webjars/**'] with []
2021-10-01 11:16:47,244 [restartedMain] INFO  org.springframework.security.web.DefaultSecurityFilterChain(<init>:51) - Will secure Ant [pattern='/lib/**'] with []
2021-10-01 11:16:47,248 [restartedMain] INFO  org.springframework.security.web.DefaultSecurityFilterChain(<init>:51) - Will secure any request with [org.springframework.security.web.context.request.async.WebAsyncManagerIntegrationFilter@3d044525, org.springframework.security.web.context.SecurityContextPersistenceFilter@33861409, org.springframework.security.web.header.HeaderWriterFilter@6a07010a, org.springframework.security.web.csrf.CsrfFilter@63bb26d6, org.springframework.security.web.authentication.logout.LogoutFilter@32e105c3, org.springframework.security.web.authentication.UsernamePasswordAuthenticationFilter@4dedf143, org.springframework.security.web.savedrequest.RequestCacheAwareFilter@625a09a7, org.springframework.security.web.servletapi.SecurityContextHolderAwareRequestFilter@30075bb7, org.springframework.security.web.authentication.AnonymousAuthenticationFilter@c446b8, org.springframework.security.web.session.SessionManagementFilter@9310e6f, org.springframework.security.web.access.ExceptionTranslationFilter@2f3fd648, org.springframework.security.web.access.intercept.FilterSecurityInterceptor@296b9bc3]
2021-10-01 11:16:47,274 [restartedMain] INFO  org.springframework.boot.autoconfigure.web.servlet.WelcomePageHandlerMapping(<init>:53) - Adding welcome page: class path resource [static/index.html]
2021-10-01 11:16:47,312 [restartedMain] INFO  org.springframework.boot.devtools.autoconfigure.OptionalLiveReloadServer(startServer:58) - LiveReload server is running on port 35729
2021-10-01 11:16:47,319 [restartedMain] INFO  org.springframework.boot.web.embedded.tomcat.TomcatWebServer(start:220) - Tomcat started on port(s): 8080 (http) with context path ''
2021-10-01 11:16:47,322 [restartedMain] INFO  com.iteyes.PmsApplication(logStarted:61) - Started PmsApplication in 0.451 seconds (JVM running for 435.682)
2021-10-01 11:16:47,323 [restartedMain] INFO  org.springframework.boot.devtools.autoconfigure.ConditionEvaluationDeltaLoggingListener(onApplicationEvent:63) - Condition evaluation unchanged
2021-10-01 11:16:59,519 [http-nio-8080-exec-1] INFO  org.springframework.web.servlet.DispatcherServlet(initServletBean:525) - Initializing Servlet 'dispatcherServlet'
2021-10-01 11:16:59,520 [http-nio-8080-exec-1] INFO  org.springframework.web.servlet.DispatcherServlet(initServletBean:547) - Completed initialization in 1 ms
