2021-12-03 14:06:54,185 [http-nio-8080-exec-1] DEBUG com.iteyes.controller.pms.SWZP0010Controller(select:35) - # pgm_id :: 
2021-12-03 14:06:54,192 [http-nio-8080-exec-1] DEBUG com.iteyes.mapper.pms.SWZP0010Mapper.select_0010_01(debug:137) - ==>  Preparing: SELECT * FROM pms_pgm_mng WHERE 1=1
2021-12-03 14:06:54,192 [http-nio-8080-exec-1] DEBUG com.iteyes.mapper.pms.SWZP0010Mapper.select_0010_01(debug:137) - ==> Parameters: 
2021-12-03 14:06:54,198 [http-nio-8080-exec-1] DEBUG com.iteyes.mapper.pms.SWZP0010Mapper.select_0010_01(debug:137) - <==      Total: 4
2021-12-03 14:08:10,746 [restartedMain] INFO  com.iteyes.PmsApplication(logStarting:55) - Starting PmsApplication using Java 16.0.2 on DESKTOP-H5GEA9U with PID 15992 (C:\workspace\ProjectEyes\PMS\bin\main started by iteyes in C:\workspace\ProjectEyes\PMS)
2021-12-03 14:08:10,747 [restartedMain] DEBUG com.iteyes.PmsApplication(logStarting:56) - Running with Spring Boot v2.5.4, Spring v5.3.9
2021-12-03 14:08:10,747 [restartedMain] INFO  com.iteyes.PmsApplication(logStartupProfileInfo:659) - No active profile set, falling back to default profiles: default
2021-12-03 14:08:10,878 [restartedMain] INFO  org.springframework.context.support.PostProcessorRegistrationDelegate$BeanPostProcessorChecker(postProcessAfterInitialization:376) - Bean 'org.springframework.ws.config.annotation.DelegatingWsConfiguration' of type [org.springframework.ws.config.annotation.DelegatingWsConfiguration$$EnhancerBySpringCGLIB$$d928dcd5] is not eligible for getting processed by all BeanPostProcessors (for example: not eligible for auto-proxying)
2021-12-03 14:08:10,879 [restartedMain] INFO  org.springframework.ws.soap.addressing.server.AnnotationActionEndpointMapping(afterPropertiesSet:239) - Supporting [WS-Addressing August 2004, WS-Addressing 1.0]
2021-12-03 14:08:10,902 [restartedMain] INFO  org.springframework.boot.web.embedded.tomcat.TomcatWebServer(initialize:108) - Tomcat initialized with port(s): 8080 (http)
2021-12-03 14:08:10,919 [restartedMain] INFO  org.springframework.boot.web.servlet.context.ServletWebServerApplicationContext(prepareWebApplicationContext:290) - Root WebApplicationContext: initialization completed in 170 ms
2021-12-03 14:08:10,990 [restartedMain] INFO  org.springframework.boot.autoconfigure.web.servlet.WelcomePageHandlerMapping(<init>:53) - Adding welcome page: class path resource [static/index.html]
2021-12-03 14:08:11,019 [restartedMain] INFO  org.springframework.boot.devtools.autoconfigure.OptionalLiveReloadServer(startServer:58) - LiveReload server is running on port 35729
2021-12-03 14:08:11,029 [restartedMain] INFO  org.springframework.boot.web.embedded.tomcat.TomcatWebServer(start:220) - Tomcat started on port(s): 8080 (http) with context path ''
2021-12-03 14:08:11,032 [restartedMain] INFO  com.iteyes.PmsApplication(logStarted:61) - Started PmsApplication in 0.316 seconds (JVM running for 3102.526)
2021-12-03 14:08:11,033 [restartedMain] INFO  org.springframework.boot.devtools.autoconfigure.ConditionEvaluationDeltaLoggingListener(onApplicationEvent:63) - Condition evaluation unchanged
2021-12-03 14:08:39,242 [restartedMain] INFO  com.iteyes.PmsApplication(logStarting:55) - Starting PmsApplication using Java 16.0.2 on DESKTOP-H5GEA9U with PID 15992 (C:\workspace\ProjectEyes\PMS\bin\main started by iteyes in C:\workspace\ProjectEyes\PMS)
2021-12-03 14:08:39,243 [restartedMain] DEBUG com.iteyes.PmsApplication(logStarting:56) - Running with Spring Boot v2.5.4, Spring v5.3.9
2021-12-03 14:08:39,243 [restartedMain] INFO  com.iteyes.PmsApplication(logStartupProfileInfo:659) - No active profile set, falling back to default profiles: default
2021-12-03 14:08:39,376 [restartedMain] INFO  org.springframework.context.support.PostProcessorRegistrationDelegate$BeanPostProcessorChecker(postProcessAfterInitialization:376) - Bean 'org.springframework.ws.config.annotation.DelegatingWsConfiguration' of type [org.springframework.ws.config.annotation.DelegatingWsConfiguration$$EnhancerBySpringCGLIB$$d928dcd5] is not eligible for getting processed by all BeanPostProcessors (for example: not eligible for auto-proxying)
2021-12-03 14:08:39,377 [restartedMain] INFO  org.springframework.ws.soap.addressing.server.AnnotationActionEndpointMapping(afterPropertiesSet:239) - Supporting [WS-Addressing August 2004, WS-Addressing 1.0]
2021-12-03 14:08:39,400 [restartedMain] INFO  org.springframework.boot.web.embedded.tomcat.TomcatWebServer(initialize:108) - Tomcat initialized with port(s): 8080 (http)
2021-12-03 14:08:39,419 [restartedMain] INFO  org.springframework.boot.web.servlet.context.ServletWebServerApplicationContext(prepareWebApplicationContext:290) - Root WebApplicationContext: initialization completed in 175 ms
2021-12-03 14:08:39,495 [restartedMain] INFO  org.springframework.boot.autoconfigure.web.servlet.WelcomePageHandlerMapping(<init>:53) - Adding welcome page: class path resource [static/index.html]
2021-12-03 14:08:39,534 [restartedMain] INFO  org.springframework.boot.devtools.autoconfigure.OptionalLiveReloadServer(startServer:58) - LiveReload server is running on port 35729
2021-12-03 14:08:39,542 [restartedMain] INFO  org.springframework.boot.web.embedded.tomcat.TomcatWebServer(start:220) - Tomcat started on port(s): 8080 (http) with context path ''
2021-12-03 14:08:39,545 [restartedMain] INFO  com.iteyes.PmsApplication(logStarted:61) - Started PmsApplication in 0.332 seconds (JVM running for 3131.04)
2021-12-03 14:08:39,547 [restartedMain] INFO  org.springframework.boot.devtools.autoconfigure.ConditionEvaluationDeltaLoggingListener(onApplicationEvent:63) - Condition evaluation unchanged
2021-12-03 14:09:56,473 [http-nio-8080-exec-1] INFO  org.springframework.web.servlet.DispatcherServlet(initServletBean:525) - Initializing Servlet 'dispatcherServlet'
2021-12-03 14:09:56,474 [http-nio-8080-exec-1] INFO  org.springframework.web.servlet.DispatcherServlet(initServletBean:547) - Completed initialization in 1 ms
2021-12-03 14:09:56,475 [http-nio-8080-exec-1] DEBUG com.iteyes.controller.pms.SWZP0010Controller(select:35) - # pgm_id :: 
2021-12-03 14:09:56,499 [http-nio-8080-exec-1] DEBUG com.iteyes.mapper.pms.SWZP0010Mapper.select_0010_01(debug:137) - ==>  Preparing: SELECT * FROM pms_pgm_mng WHERE 1=1
2021-12-03 14:09:56,499 [http-nio-8080-exec-1] DEBUG com.iteyes.mapper.pms.SWZP0010Mapper.select_0010_01(debug:137) - ==> Parameters: 
2021-12-03 14:09:56,507 [http-nio-8080-exec-1] DEBUG com.iteyes.mapper.pms.SWZP0010Mapper.select_0010_01(debug:137) - <==      Total: 4
2021-12-03 14:09:56,861 [http-nio-8080-exec-2] DEBUG com.iteyes.controller.pms.SWZP0010Controller(select:35) - # pgm_id :: 
2021-12-03 14:09:56,862 [http-nio-8080-exec-2] DEBUG com.iteyes.mapper.pms.SWZP0010Mapper.select_0010_01(debug:137) - ==>  Preparing: SELECT * FROM pms_pgm_mng WHERE 1=1
2021-12-03 14:09:56,862 [http-nio-8080-exec-2] DEBUG com.iteyes.mapper.pms.SWZP0010Mapper.select_0010_01(debug:137) - ==> Parameters: 
2021-12-03 14:09:56,865 [http-nio-8080-exec-2] DEBUG com.iteyes.mapper.pms.SWZP0010Mapper.select_0010_01(debug:137) - <==      Total: 4
2021-12-03 14:10:01,176 [http-nio-8080-exec-3] DEBUG com.iteyes.controller.pms.SWZP0010Controller(select:35) - # pgm_id :: 
2021-12-03 14:10:01,183 [http-nio-8080-exec-3] DEBUG com.iteyes.mapper.pms.SWZP0010Mapper.select_0010_01(debug:137) - ==>  Preparing: SELECT * FROM pms_pgm_mng WHERE 1=1
2021-12-03 14:10:01,183 [http-nio-8080-exec-3] DEBUG com.iteyes.mapper.pms.SWZP0010Mapper.select_0010_01(debug:137) - ==> Parameters: 
2021-12-03 14:10:01,187 [http-nio-8080-exec-3] DEBUG com.iteyes.mapper.pms.SWZP0010Mapper.select_0010_01(debug:137) - <==      Total: 4
2021-12-03 14:10:01,452 [http-nio-8080-exec-4] DEBUG com.iteyes.controller.pms.SWZP0010Controller(select:35) - # pgm_id :: 
2021-12-03 14:10:01,453 [http-nio-8080-exec-4] DEBUG com.iteyes.mapper.pms.SWZP0010Mapper.select_0010_01(debug:137) - ==>  Preparing: SELECT * FROM pms_pgm_mng WHERE 1=1
2021-12-03 14:10:01,453 [http-nio-8080-exec-4] DEBUG com.iteyes.mapper.pms.SWZP0010Mapper.select_0010_01(debug:137) - ==> Parameters: 
2021-12-03 14:10:01,459 [http-nio-8080-exec-4] DEBUG com.iteyes.mapper.pms.SWZP0010Mapper.select_0010_01(debug:137) - <==      Total: 4
2021-12-03 14:11:34,507 [http-nio-8080-exec-6] DEBUG com.iteyes.controller.pms.SWZP0010Controller(select:35) - # pgm_id :: Cust_History_C
2021-12-03 14:11:34,511 [http-nio-8080-exec-6] DEBUG com.iteyes.mapper.pms.SWZP0010Mapper.select_0010_01(debug:137) - ==>  Preparing: SELECT * FROM pms_pgm_mng WHERE 1=1 and pgm_id = ?
2021-12-03 14:11:34,514 [http-nio-8080-exec-6] DEBUG com.iteyes.mapper.pms.SWZP0010Mapper.select_0010_01(debug:137) - ==> Parameters: Cust_History_C(String)
2021-12-03 14:11:34,519 [http-nio-8080-exec-6] DEBUG com.iteyes.mapper.pms.SWZP0010Mapper.select_0010_01(debug:137) - <==      Total: 1
2021-12-03 14:14:11,754 [http-nio-8080-exec-8] DEBUG com.iteyes.controller.pms.SWZP0010Controller(select:35) - # pgm_id :: Cust_History_C
2021-12-03 14:14:11,757 [http-nio-8080-exec-8] DEBUG com.iteyes.mapper.pms.SWZP0010Mapper.select_0010_01(debug:137) - ==>  Preparing: SELECT * FROM pms_pgm_mng WHERE 1=1 and pgm_id = ? and pgm_nm = ?
2021-12-03 14:14:11,757 [http-nio-8080-exec-8] DEBUG com.iteyes.mapper.pms.SWZP0010Mapper.select_0010_01(debug:137) - ==> Parameters: Cust_History_C(String), 업체연혁-화면(String)
2021-12-03 14:14:11,761 [http-nio-8080-exec-8] DEBUG com.iteyes.mapper.pms.SWZP0010Mapper.select_0010_01(debug:137) - <==      Total: 1
2021-12-03 14:14:11,964 [http-nio-8080-exec-9] DEBUG com.iteyes.controller.pms.SWZP0010Controller(select:35) - # pgm_id :: Cust_History_C
2021-12-03 14:14:11,965 [http-nio-8080-exec-9] DEBUG com.iteyes.mapper.pms.SWZP0010Mapper.select_0010_01(debug:137) - ==>  Preparing: SELECT * FROM pms_pgm_mng WHERE 1=1 and pgm_id = ? and pgm_nm = ?
2021-12-03 14:14:11,965 [http-nio-8080-exec-9] DEBUG com.iteyes.mapper.pms.SWZP0010Mapper.select_0010_01(debug:137) - ==> Parameters: Cust_History_C(String), 업체연혁-화면(String)
2021-12-03 14:14:11,968 [http-nio-8080-exec-9] DEBUG com.iteyes.mapper.pms.SWZP0010Mapper.select_0010_01(debug:137) - <==      Total: 1
2021-12-03 14:14:12,173 [http-nio-8080-exec-10] DEBUG com.iteyes.controller.pms.SWZP0010Controller(select:35) - # pgm_id :: Cust_History_C
2021-12-03 14:14:12,174 [http-nio-8080-exec-10] DEBUG com.iteyes.mapper.pms.SWZP0010Mapper.select_0010_01(debug:137) - ==>  Preparing: SELECT * FROM pms_pgm_mng WHERE 1=1 and pgm_id = ? and pgm_nm = ?
2021-12-03 14:14:12,174 [http-nio-8080-exec-10] DEBUG com.iteyes.mapper.pms.SWZP0010Mapper.select_0010_01(debug:137) - ==> Parameters: Cust_History_C(String), 업체연혁-화면(String)
2021-12-03 14:14:12,179 [http-nio-8080-exec-10] DEBUG com.iteyes.mapper.pms.SWZP0010Mapper.select_0010_01(debug:137) - <==      Total: 1
2021-12-03 14:14:18,641 [http-nio-8080-exec-2] DEBUG com.iteyes.controller.pms.SWZP0010Controller(select:35) - # pgm_id :: Cust_H
2021-12-03 14:14:18,648 [http-nio-8080-exec-2] DEBUG com.iteyes.mapper.pms.SWZP0010Mapper.select_0010_01(debug:137) - ==>  Preparing: SELECT * FROM pms_pgm_mng WHERE 1=1 and pgm_id = ? and pgm_nm = ?
2021-12-03 14:14:18,648 [http-nio-8080-exec-2] DEBUG com.iteyes.mapper.pms.SWZP0010Mapper.select_0010_01(debug:137) - ==> Parameters: Cust_H(String), 업체연혁-화면(String)
2021-12-03 14:14:18,651 [http-nio-8080-exec-2] DEBUG com.iteyes.mapper.pms.SWZP0010Mapper.select_0010_01(debug:137) - <==      Total: 0
2021-12-03 14:14:40,816 [http-nio-8080-exec-3] DEBUG com.iteyes.controller.pms.SWZP0010Controller(select:35) - # pgm_id :: 
2021-12-03 14:14:40,820 [http-nio-8080-exec-3] DEBUG com.iteyes.mapper.pms.SWZP0010Mapper.select_0010_01(debug:137) - ==>  Preparing: SELECT * FROM pms_pgm_mng WHERE 1=1 and pgm_nm = ?
2021-12-03 14:14:40,821 [http-nio-8080-exec-3] DEBUG com.iteyes.mapper.pms.SWZP0010Mapper.select_0010_01(debug:137) - ==> Parameters: 업체연혁-화면(String)
2021-12-03 14:14:40,824 [http-nio-8080-exec-3] DEBUG com.iteyes.mapper.pms.SWZP0010Mapper.select_0010_01(debug:137) - <==      Total: 1
2021-12-03 14:14:40,998 [http-nio-8080-exec-4] DEBUG com.iteyes.controller.pms.SWZP0010Controller(select:35) - # pgm_id :: 
2021-12-03 14:14:40,998 [http-nio-8080-exec-4] DEBUG com.iteyes.mapper.pms.SWZP0010Mapper.select_0010_01(debug:137) - ==>  Preparing: SELECT * FROM pms_pgm_mng WHERE 1=1 and pgm_nm = ?
2021-12-03 14:14:40,999 [http-nio-8080-exec-4] DEBUG com.iteyes.mapper.pms.SWZP0010Mapper.select_0010_01(debug:137) - ==> Parameters: 업체연혁-화면(String)
2021-12-03 14:14:41,002 [http-nio-8080-exec-4] DEBUG com.iteyes.mapper.pms.SWZP0010Mapper.select_0010_01(debug:137) - <==      Total: 1
2021-12-03 14:14:41,184 [http-nio-8080-exec-5] DEBUG com.iteyes.controller.pms.SWZP0010Controller(select:35) - # pgm_id :: 
2021-12-03 14:14:41,184 [http-nio-8080-exec-5] DEBUG com.iteyes.mapper.pms.SWZP0010Mapper.select_0010_01(debug:137) - ==>  Preparing: SELECT * FROM pms_pgm_mng WHERE 1=1 and pgm_nm = ?
2021-12-03 14:14:41,184 [http-nio-8080-exec-5] DEBUG com.iteyes.mapper.pms.SWZP0010Mapper.select_0010_01(debug:137) - ==> Parameters: 업체연혁-화면(String)
2021-12-03 14:14:41,188 [http-nio-8080-exec-5] DEBUG com.iteyes.mapper.pms.SWZP0010Mapper.select_0010_01(debug:137) - <==      Total: 1
2021-12-03 14:20:47,772 [http-nio-8080-exec-8] DEBUG com.iteyes.controller.pms.SWZP0010Controller(select:35) - # pgm_id :: 
2021-12-03 14:20:47,775 [http-nio-8080-exec-8] DEBUG com.iteyes.mapper.pms.SWZP0010Mapper.select_0010_01(debug:137) - ==>  Preparing: SELECT * FROM pms_pgm_mng WHERE 1=1
2021-12-03 14:20:47,775 [http-nio-8080-exec-8] DEBUG com.iteyes.mapper.pms.SWZP0010Mapper.select_0010_01(debug:137) - ==> Parameters: 
2021-12-03 14:20:47,779 [http-nio-8080-exec-8] DEBUG com.iteyes.mapper.pms.SWZP0010Mapper.select_0010_01(debug:137) - <==      Total: 4
2021-12-03 14:24:44,940 [restartedMain] INFO  com.iteyes.PmsApplication(logStarting:55) - Starting PmsApplication using Java 16.0.2 on DESKTOP-H5GEA9U with PID 15992 (C:\workspace\ProjectEyes\PMS\bin\main started by iteyes in C:\workspace\ProjectEyes\PMS)
2021-12-03 14:24:44,940 [restartedMain] DEBUG com.iteyes.PmsApplication(logStarting:56) - Running with Spring Boot v2.5.4, Spring v5.3.9
2021-12-03 14:24:44,940 [restartedMain] INFO  com.iteyes.PmsApplication(logStartupProfileInfo:659) - No active profile set, falling back to default profiles: default
2021-12-03 14:24:45,070 [restartedMain] INFO  org.springframework.context.support.PostProcessorRegistrationDelegate$BeanPostProcessorChecker(postProcessAfterInitialization:376) - Bean 'org.springframework.ws.config.annotation.DelegatingWsConfiguration' of type [org.springframework.ws.config.annotation.DelegatingWsConfiguration$$EnhancerBySpringCGLIB$$d928dcd5] is not eligible for getting processed by all BeanPostProcessors (for example: not eligible for auto-proxying)
2021-12-03 14:24:45,070 [restartedMain] INFO  org.springframework.ws.soap.addressing.server.AnnotationActionEndpointMapping(afterPropertiesSet:239) - Supporting [WS-Addressing August 2004, WS-Addressing 1.0]
2021-12-03 14:24:45,094 [restartedMain] INFO  org.springframework.boot.web.embedded.tomcat.TomcatWebServer(initialize:108) - Tomcat initialized with port(s): 8080 (http)
2021-12-03 14:24:45,111 [restartedMain] INFO  org.springframework.boot.web.servlet.context.ServletWebServerApplicationContext(prepareWebApplicationContext:290) - Root WebApplicationContext: initialization completed in 169 ms
2021-12-03 14:24:45,179 [restartedMain] INFO  org.springframework.boot.autoconfigure.web.servlet.WelcomePageHandlerMapping(<init>:53) - Adding welcome page: class path resource [static/index.html]
2021-12-03 14:24:45,208 [restartedMain] INFO  org.springframework.boot.devtools.autoconfigure.OptionalLiveReloadServer(startServer:58) - LiveReload server is running on port 35729
2021-12-03 14:24:45,218 [restartedMain] INFO  org.springframework.boot.web.embedded.tomcat.TomcatWebServer(start:220) - Tomcat started on port(s): 8080 (http) with context path ''
2021-12-03 14:24:45,221 [restartedMain] INFO  com.iteyes.PmsApplication(logStarted:61) - Started PmsApplication in 0.311 seconds (JVM running for 4096.715)
2021-12-03 14:24:45,223 [restartedMain] INFO  org.springframework.boot.devtools.autoconfigure.ConditionEvaluationDeltaLoggingListener(onApplicationEvent:63) - Condition evaluation unchanged
2021-12-03 14:25:28,864 [restartedMain] INFO  com.iteyes.PmsApplication(logStarting:55) - Starting PmsApplication using Java 16.0.2 on DESKTOP-H5GEA9U with PID 15992 (C:\workspace\ProjectEyes\PMS\bin\main started by iteyes in C:\workspace\ProjectEyes\PMS)
2021-12-03 14:25:28,865 [restartedMain] DEBUG com.iteyes.PmsApplication(logStarting:56) - Running with Spring Boot v2.5.4, Spring v5.3.9
2021-12-03 14:25:28,865 [restartedMain] INFO  com.iteyes.PmsApplication(logStartupProfileInfo:659) - No active profile set, falling back to default profiles: default
2021-12-03 14:25:29,000 [restartedMain] INFO  org.springframework.context.support.PostProcessorRegistrationDelegate$BeanPostProcessorChecker(postProcessAfterInitialization:376) - Bean 'org.springframework.ws.config.annotation.DelegatingWsConfiguration' of type [org.springframework.ws.config.annotation.DelegatingWsConfiguration$$EnhancerBySpringCGLIB$$d928dcd5] is not eligible for getting processed by all BeanPostProcessors (for example: not eligible for auto-proxying)
2021-12-03 14:25:29,001 [restartedMain] INFO  org.springframework.ws.soap.addressing.server.AnnotationActionEndpointMapping(afterPropertiesSet:239) - Supporting [WS-Addressing August 2004, WS-Addressing 1.0]
2021-12-03 14:25:29,024 [restartedMain] INFO  org.springframework.boot.web.embedded.tomcat.TomcatWebServer(initialize:108) - Tomcat initialized with port(s): 8080 (http)
2021-12-03 14:25:29,043 [restartedMain] INFO  org.springframework.boot.web.servlet.context.ServletWebServerApplicationContext(prepareWebApplicationContext:290) - Root WebApplicationContext: initialization completed in 177 ms
2021-12-03 14:25:29,124 [restartedMain] INFO  org.springframework.boot.autoconfigure.web.servlet.WelcomePageHandlerMapping(<init>:53) - Adding welcome page: class path resource [static/index.html]
2021-12-03 14:25:29,161 [restartedMain] INFO  org.springframework.boot.devtools.autoconfigure.OptionalLiveReloadServer(startServer:58) - LiveReload server is running on port 35729
2021-12-03 14:25:29,168 [restartedMain] INFO  org.springframework.boot.web.embedded.tomcat.TomcatWebServer(start:220) - Tomcat started on port(s): 8080 (http) with context path ''
2021-12-03 14:25:29,171 [restartedMain] INFO  com.iteyes.PmsApplication(logStarted:61) - Started PmsApplication in 0.336 seconds (JVM running for 4140.665)
2021-12-03 14:25:29,173 [restartedMain] INFO  org.springframework.boot.devtools.autoconfigure.ConditionEvaluationDeltaLoggingListener(onApplicationEvent:63) - Condition evaluation unchanged
2021-12-03 14:32:43,155 [http-nio-8080-exec-1] INFO  org.springframework.web.servlet.DispatcherServlet(initServletBean:525) - Initializing Servlet 'dispatcherServlet'
2021-12-03 14:32:43,156 [http-nio-8080-exec-1] INFO  org.springframework.web.servlet.DispatcherServlet(initServletBean:547) - Completed initialization in 1 ms
2021-12-03 14:32:43,161 [http-nio-8080-exec-2] DEBUG com.iteyes.controller.pms.SWZP0010Controller(select:36) - # pgm_id :: 
2021-12-03 14:32:43,228 [http-nio-8080-exec-2] DEBUG com.iteyes.mapper.pms.SWZP0010Mapper.select_0010_01(debug:137) - ==>  Preparing: SELECT * FROM pms_pgm_mng WHERE 1=1
2021-12-03 14:32:43,229 [http-nio-8080-exec-2] DEBUG com.iteyes.mapper.pms.SWZP0010Mapper.select_0010_01(debug:137) - ==> Parameters: 
2021-12-03 14:32:43,233 [http-nio-8080-exec-2] DEBUG com.iteyes.mapper.pms.SWZP0010Mapper.select_0010_01(debug:137) - <==      Total: 4
2021-12-03 14:33:00,316 [http-nio-8080-exec-4] DEBUG com.iteyes.controller.pms.SWZP0010Controller(select:36) - # pgm_id :: ㅇㅇㅇ
2021-12-03 14:33:00,320 [http-nio-8080-exec-4] DEBUG com.iteyes.mapper.pms.SWZP0010Mapper.select_0010_01(debug:137) - ==>  Preparing: SELECT * FROM pms_pgm_mng WHERE 1=1 and pgm_id = ?
2021-12-03 14:33:00,320 [http-nio-8080-exec-4] DEBUG com.iteyes.mapper.pms.SWZP0010Mapper.select_0010_01(debug:137) - ==> Parameters: ㅇㅇㅇ(String)
2021-12-03 14:33:00,324 [http-nio-8080-exec-4] DEBUG com.iteyes.mapper.pms.SWZP0010Mapper.select_0010_01(debug:137) - <==      Total: 0
2021-12-03 14:33:00,505 [http-nio-8080-exec-5] DEBUG com.iteyes.controller.pms.SWZP0010Controller(select:36) - # pgm_id :: ㅇㅇㅇ
2021-12-03 14:33:00,506 [http-nio-8080-exec-5] DEBUG com.iteyes.mapper.pms.SWZP0010Mapper.select_0010_01(debug:137) - ==>  Preparing: SELECT * FROM pms_pgm_mng WHERE 1=1 and pgm_id = ?
2021-12-03 14:33:00,506 [http-nio-8080-exec-5] DEBUG com.iteyes.mapper.pms.SWZP0010Mapper.select_0010_01(debug:137) - ==> Parameters: ㅇㅇㅇ(String)
2021-12-03 14:33:00,509 [http-nio-8080-exec-5] DEBUG com.iteyes.mapper.pms.SWZP0010Mapper.select_0010_01(debug:137) - <==      Total: 0
2021-12-03 14:33:04,077 [http-nio-8080-exec-6] DEBUG com.iteyes.controller.pms.SWZP0010Controller(select:36) - # pgm_id :: 
2021-12-03 14:33:04,081 [http-nio-8080-exec-6] DEBUG com.iteyes.mapper.pms.SWZP0010Mapper.select_0010_01(debug:137) - ==>  Preparing: SELECT * FROM pms_pgm_mng WHERE 1=1
2021-12-03 14:33:04,081 [http-nio-8080-exec-6] DEBUG com.iteyes.mapper.pms.SWZP0010Mapper.select_0010_01(debug:137) - ==> Parameters: 
2021-12-03 14:33:04,085 [http-nio-8080-exec-6] DEBUG com.iteyes.mapper.pms.SWZP0010Mapper.select_0010_01(debug:137) - <==      Total: 4
2021-12-03 14:37:55,781 [restartedMain] INFO  com.iteyes.PmsApplication(logStarting:55) - Starting PmsApplication using Java 16.0.2 on DESKTOP-H5GEA9U with PID 15992 (C:\workspace\ProjectEyes\PMS\bin\main started by iteyes in C:\workspace\ProjectEyes\PMS)
2021-12-03 14:37:55,782 [restartedMain] DEBUG com.iteyes.PmsApplication(logStarting:56) - Running with Spring Boot v2.5.4, Spring v5.3.9
2021-12-03 14:37:55,782 [restartedMain] INFO  com.iteyes.PmsApplication(logStartupProfileInfo:659) - No active profile set, falling back to default profiles: default
2021-12-03 14:37:55,918 [restartedMain] INFO  org.springframework.context.support.PostProcessorRegistrationDelegate$BeanPostProcessorChecker(postProcessAfterInitialization:376) - Bean 'org.springframework.ws.config.annotation.DelegatingWsConfiguration' of type [org.springframework.ws.config.annotation.DelegatingWsConfiguration$$EnhancerBySpringCGLIB$$d928dcd5] is not eligible for getting processed by all BeanPostProcessors (for example: not eligible for auto-proxying)
2021-12-03 14:37:55,919 [restartedMain] INFO  org.springframework.ws.soap.addressing.server.AnnotationActionEndpointMapping(afterPropertiesSet:239) - Supporting [WS-Addressing August 2004, WS-Addressing 1.0]
2021-12-03 14:37:55,941 [restartedMain] INFO  org.springframework.boot.web.embedded.tomcat.TomcatWebServer(initialize:108) - Tomcat initialized with port(s): 8080 (http)
2021-12-03 14:37:55,958 [restartedMain] INFO  org.springframework.boot.web.servlet.context.ServletWebServerApplicationContext(prepareWebApplicationContext:290) - Root WebApplicationContext: initialization completed in 175 ms
2021-12-03 14:37:56,033 [restartedMain] INFO  org.springframework.boot.autoconfigure.web.servlet.WelcomePageHandlerMapping(<init>:53) - Adding welcome page: class path resource [static/index.html]
2021-12-03 14:37:56,064 [restartedMain] INFO  org.springframework.boot.devtools.autoconfigure.OptionalLiveReloadServer(startServer:58) - LiveReload server is running on port 35729
2021-12-03 14:37:56,072 [restartedMain] INFO  org.springframework.boot.web.embedded.tomcat.TomcatWebServer(start:220) - Tomcat started on port(s): 8080 (http) with context path ''
2021-12-03 14:37:56,075 [restartedMain] INFO  com.iteyes.PmsApplication(logStarted:61) - Started PmsApplication in 0.323 seconds (JVM running for 4887.57)
2021-12-03 14:37:56,077 [restartedMain] INFO  org.springframework.boot.devtools.autoconfigure.ConditionEvaluationDeltaLoggingListener(onApplicationEvent:63) - Condition evaluation unchanged
2021-12-03 14:38:17,086 [restartedMain] INFO  com.iteyes.PmsApplication(logStarting:55) - Starting PmsApplication using Java 16.0.2 on DESKTOP-H5GEA9U with PID 15992 (C:\workspace\ProjectEyes\PMS\bin\main started by iteyes in C:\workspace\ProjectEyes\PMS)
2021-12-03 14:38:17,086 [restartedMain] DEBUG com.iteyes.PmsApplication(logStarting:56) - Running with Spring Boot v2.5.4, Spring v5.3.9
2021-12-03 14:38:17,086 [restartedMain] INFO  com.iteyes.PmsApplication(logStartupProfileInfo:659) - No active profile set, falling back to default profiles: default
2021-12-03 14:38:17,227 [restartedMain] INFO  org.springframework.context.support.PostProcessorRegistrationDelegate$BeanPostProcessorChecker(postProcessAfterInitialization:376) - Bean 'org.springframework.ws.config.annotation.DelegatingWsConfiguration' of type [org.springframework.ws.config.annotation.DelegatingWsConfiguration$$EnhancerBySpringCGLIB$$d928dcd5] is not eligible for getting processed by all BeanPostProcessors (for example: not eligible for auto-proxying)
2021-12-03 14:38:17,228 [restartedMain] INFO  org.springframework.ws.soap.addressing.server.AnnotationActionEndpointMapping(afterPropertiesSet:239) - Supporting [WS-Addressing August 2004, WS-Addressing 1.0]
2021-12-03 14:38:17,251 [restartedMain] INFO  org.springframework.boot.web.embedded.tomcat.TomcatWebServer(initialize:108) - Tomcat initialized with port(s): 8080 (http)
2021-12-03 14:38:17,276 [restartedMain] INFO  org.springframework.boot.web.servlet.context.ServletWebServerApplicationContext(prepareWebApplicationContext:290) - Root WebApplicationContext: initialization completed in 188 ms
2021-12-03 14:38:17,349 [restartedMain] INFO  org.springframework.boot.autoconfigure.web.servlet.WelcomePageHandlerMapping(<init>:53) - Adding welcome page: class path resource [static/index.html]
2021-12-03 14:38:17,378 [restartedMain] INFO  org.springframework.boot.devtools.autoconfigure.OptionalLiveReloadServer(startServer:58) - LiveReload server is running on port 35729
2021-12-03 14:38:17,384 [restartedMain] INFO  org.springframework.boot.web.embedded.tomcat.TomcatWebServer(start:220) - Tomcat started on port(s): 8080 (http) with context path ''
2021-12-03 14:38:17,387 [restartedMain] INFO  com.iteyes.PmsApplication(logStarted:61) - Started PmsApplication in 0.33 seconds (JVM running for 4908.881)
2021-12-03 14:38:17,389 [restartedMain] INFO  org.springframework.boot.devtools.autoconfigure.ConditionEvaluationDeltaLoggingListener(onApplicationEvent:63) - Condition evaluation unchanged
2021-12-03 14:39:06,085 [restartedMain] INFO  com.iteyes.PmsApplication(logStarting:55) - Starting PmsApplication using Java 16.0.2 on DESKTOP-H5GEA9U with PID 15992 (C:\workspace\ProjectEyes\PMS\bin\main started by iteyes in C:\workspace\ProjectEyes\PMS)
2021-12-03 14:39:06,085 [restartedMain] DEBUG com.iteyes.PmsApplication(logStarting:56) - Running with Spring Boot v2.5.4, Spring v5.3.9
2021-12-03 14:39:06,085 [restartedMain] INFO  com.iteyes.PmsApplication(logStartupProfileInfo:659) - No active profile set, falling back to default profiles: default
2021-12-03 14:39:06,218 [restartedMain] INFO  org.springframework.context.support.PostProcessorRegistrationDelegate$BeanPostProcessorChecker(postProcessAfterInitialization:376) - Bean 'org.springframework.ws.config.annotation.DelegatingWsConfiguration' of type [org.springframework.ws.config.annotation.DelegatingWsConfiguration$$EnhancerBySpringCGLIB$$d928dcd5] is not eligible for getting processed by all BeanPostProcessors (for example: not eligible for auto-proxying)
2021-12-03 14:39:06,219 [restartedMain] INFO  org.springframework.ws.soap.addressing.server.AnnotationActionEndpointMapping(afterPropertiesSet:239) - Supporting [WS-Addressing August 2004, WS-Addressing 1.0]
2021-12-03 14:39:06,239 [restartedMain] INFO  org.springframework.boot.web.embedded.tomcat.TomcatWebServer(initialize:108) - Tomcat initialized with port(s): 8080 (http)
2021-12-03 14:39:06,259 [restartedMain] INFO  org.springframework.boot.web.servlet.context.ServletWebServerApplicationContext(prepareWebApplicationContext:290) - Root WebApplicationContext: initialization completed in 172 ms
2021-12-03 14:39:06,326 [restartedMain] INFO  org.springframework.boot.autoconfigure.web.servlet.WelcomePageHandlerMapping(<init>:53) - Adding welcome page: class path resource [static/index.html]
2021-12-03 14:39:06,353 [restartedMain] INFO  org.springframework.boot.devtools.autoconfigure.OptionalLiveReloadServer(startServer:58) - LiveReload server is running on port 35729
2021-12-03 14:39:06,361 [restartedMain] INFO  org.springframework.boot.web.embedded.tomcat.TomcatWebServer(start:220) - Tomcat started on port(s): 8080 (http) with context path ''
2021-12-03 14:39:06,363 [restartedMain] INFO  com.iteyes.PmsApplication(logStarted:61) - Started PmsApplication in 0.309 seconds (JVM running for 4957.858)
2021-12-03 14:39:06,364 [restartedMain] INFO  org.springframework.boot.devtools.autoconfigure.ConditionEvaluationDeltaLoggingListener(onApplicationEvent:63) - Condition evaluation unchanged
2021-12-03 14:39:33,566 [restartedMain] INFO  com.iteyes.PmsApplication(logStarting:55) - Starting PmsApplication using Java 16.0.2 on DESKTOP-H5GEA9U with PID 15992 (C:\workspace\ProjectEyes\PMS\bin\main started by iteyes in C:\workspace\ProjectEyes\PMS)
2021-12-03 14:39:33,566 [restartedMain] DEBUG com.iteyes.PmsApplication(logStarting:56) - Running with Spring Boot v2.5.4, Spring v5.3.9
2021-12-03 14:39:33,567 [restartedMain] INFO  com.iteyes.PmsApplication(logStartupProfileInfo:659) - No active profile set, falling back to default profiles: default
2021-12-03 14:39:33,707 [restartedMain] INFO  org.springframework.context.support.PostProcessorRegistrationDelegate$BeanPostProcessorChecker(postProcessAfterInitialization:376) - Bean 'org.springframework.ws.config.annotation.DelegatingWsConfiguration' of type [org.springframework.ws.config.annotation.DelegatingWsConfiguration$$EnhancerBySpringCGLIB$$d928dcd5] is not eligible for getting processed by all BeanPostProcessors (for example: not eligible for auto-proxying)
2021-12-03 14:39:33,708 [restartedMain] INFO  org.springframework.ws.soap.addressing.server.AnnotationActionEndpointMapping(afterPropertiesSet:239) - Supporting [WS-Addressing August 2004, WS-Addressing 1.0]
2021-12-03 14:39:33,737 [restartedMain] INFO  org.springframework.boot.web.embedded.tomcat.TomcatWebServer(initialize:108) - Tomcat initialized with port(s): 8080 (http)
2021-12-03 14:39:33,757 [restartedMain] INFO  org.springframework.boot.web.servlet.context.ServletWebServerApplicationContext(prepareWebApplicationContext:290) - Root WebApplicationContext: initialization completed in 189 ms
2021-12-03 14:39:33,835 [restartedMain] INFO  org.springframework.boot.autoconfigure.web.servlet.WelcomePageHandlerMapping(<init>:53) - Adding welcome page: class path resource [static/index.html]
2021-12-03 14:39:33,878 [restartedMain] INFO  org.springframework.boot.devtools.autoconfigure.OptionalLiveReloadServer(startServer:58) - LiveReload server is running on port 35729
2021-12-03 14:39:33,885 [restartedMain] INFO  org.springframework.boot.web.embedded.tomcat.TomcatWebServer(start:220) - Tomcat started on port(s): 8080 (http) with context path ''
2021-12-03 14:39:33,888 [restartedMain] INFO  com.iteyes.PmsApplication(logStarted:61) - Started PmsApplication in 0.353 seconds (JVM running for 4985.382)
2021-12-03 14:39:33,890 [restartedMain] INFO  org.springframework.boot.devtools.autoconfigure.ConditionEvaluationDeltaLoggingListener(onApplicationEvent:63) - Condition evaluation unchanged
2021-12-03 14:39:53,964 [restartedMain] INFO  com.iteyes.PmsApplication(logStarting:55) - Starting PmsApplication using Java 16.0.2 on DESKTOP-H5GEA9U with PID 15992 (C:\workspace\ProjectEyes\PMS\bin\main started by iteyes in C:\workspace\ProjectEyes\PMS)
2021-12-03 14:39:53,965 [restartedMain] DEBUG com.iteyes.PmsApplication(logStarting:56) - Running with Spring Boot v2.5.4, Spring v5.3.9
2021-12-03 14:39:53,965 [restartedMain] INFO  com.iteyes.PmsApplication(logStartupProfileInfo:659) - No active profile set, falling back to default profiles: default
2021-12-03 14:39:54,094 [restartedMain] INFO  org.springframework.context.support.PostProcessorRegistrationDelegate$BeanPostProcessorChecker(postProcessAfterInitialization:376) - Bean 'org.springframework.ws.config.annotation.DelegatingWsConfiguration' of type [org.springframework.ws.config.annotation.DelegatingWsConfiguration$$EnhancerBySpringCGLIB$$d928dcd5] is not eligible for getting processed by all BeanPostProcessors (for example: not eligible for auto-proxying)
2021-12-03 14:39:54,095 [restartedMain] INFO  org.springframework.ws.soap.addressing.server.AnnotationActionEndpointMapping(afterPropertiesSet:239) - Supporting [WS-Addressing August 2004, WS-Addressing 1.0]
2021-12-03 14:39:54,115 [restartedMain] INFO  org.springframework.boot.web.embedded.tomcat.TomcatWebServer(initialize:108) - Tomcat initialized with port(s): 8080 (http)
2021-12-03 14:39:54,134 [restartedMain] INFO  org.springframework.boot.web.servlet.context.ServletWebServerApplicationContext(prepareWebApplicationContext:290) - Root WebApplicationContext: initialization completed in 168 ms
2021-12-03 14:39:54,203 [restartedMain] INFO  org.springframework.boot.autoconfigure.web.servlet.WelcomePageHandlerMapping(<init>:53) - Adding welcome page: class path resource [static/index.html]
2021-12-03 14:39:54,233 [restartedMain] INFO  org.springframework.boot.devtools.autoconfigure.OptionalLiveReloadServer(startServer:58) - LiveReload server is running on port 35729
2021-12-03 14:39:54,240 [restartedMain] INFO  org.springframework.boot.web.embedded.tomcat.TomcatWebServer(start:220) - Tomcat started on port(s): 8080 (http) with context path ''
2021-12-03 14:39:54,242 [restartedMain] INFO  com.iteyes.PmsApplication(logStarted:61) - Started PmsApplication in 0.307 seconds (JVM running for 5005.736)
2021-12-03 14:39:54,243 [restartedMain] INFO  org.springframework.boot.devtools.autoconfigure.ConditionEvaluationDeltaLoggingListener(onApplicationEvent:63) - Condition evaluation unchanged
2021-12-03 14:42:12,161 [restartedMain] INFO  com.iteyes.PmsApplication(logStarting:55) - Starting PmsApplication using Java 16.0.2 on DESKTOP-H5GEA9U with PID 15992 (C:\workspace\ProjectEyes\PMS\bin\main started by iteyes in C:\workspace\ProjectEyes\PMS)
2021-12-03 14:42:12,161 [restartedMain] DEBUG com.iteyes.PmsApplication(logStarting:56) - Running with Spring Boot v2.5.4, Spring v5.3.9
2021-12-03 14:42:12,161 [restartedMain] INFO  com.iteyes.PmsApplication(logStartupProfileInfo:659) - No active profile set, falling back to default profiles: default
2021-12-03 14:42:12,287 [restartedMain] INFO  org.springframework.context.support.PostProcessorRegistrationDelegate$BeanPostProcessorChecker(postProcessAfterInitialization:376) - Bean 'org.springframework.ws.config.annotation.DelegatingWsConfiguration' of type [org.springframework.ws.config.annotation.DelegatingWsConfiguration$$EnhancerBySpringCGLIB$$d928dcd5] is not eligible for getting processed by all BeanPostProcessors (for example: not eligible for auto-proxying)
2021-12-03 14:42:12,287 [restartedMain] INFO  org.springframework.ws.soap.addressing.server.AnnotationActionEndpointMapping(afterPropertiesSet:239) - Supporting [WS-Addressing August 2004, WS-Addressing 1.0]
2021-12-03 14:42:12,309 [restartedMain] INFO  org.springframework.boot.web.embedded.tomcat.TomcatWebServer(initialize:108) - Tomcat initialized with port(s): 8080 (http)
2021-12-03 14:42:12,329 [restartedMain] INFO  org.springframework.boot.web.servlet.context.ServletWebServerApplicationContext(prepareWebApplicationContext:290) - Root WebApplicationContext: initialization completed in 166 ms
2021-12-03 14:42:12,394 [restartedMain] INFO  org.springframework.boot.autoconfigure.web.servlet.WelcomePageHandlerMapping(<init>:53) - Adding welcome page: class path resource [static/index.html]
2021-12-03 14:42:12,422 [restartedMain] INFO  org.springframework.boot.devtools.autoconfigure.OptionalLiveReloadServer(startServer:58) - LiveReload server is running on port 35729
2021-12-03 14:42:12,429 [restartedMain] INFO  org.springframework.boot.web.embedded.tomcat.TomcatWebServer(start:220) - Tomcat started on port(s): 8080 (http) with context path ''
2021-12-03 14:42:12,432 [restartedMain] INFO  com.iteyes.PmsApplication(logStarted:61) - Started PmsApplication in 0.299 seconds (JVM running for 5143.926)
2021-12-03 14:42:12,433 [restartedMain] INFO  org.springframework.boot.devtools.autoconfigure.ConditionEvaluationDeltaLoggingListener(onApplicationEvent:63) - Condition evaluation unchanged
2021-12-03 14:42:14,272 [http-nio-8080-exec-1] INFO  org.springframework.web.servlet.DispatcherServlet(initServletBean:525) - Initializing Servlet 'dispatcherServlet'
2021-12-03 14:42:14,273 [http-nio-8080-exec-1] INFO  org.springframework.web.servlet.DispatcherServlet(initServletBean:547) - Completed initialization in 1 ms
2021-12-03 14:42:14,274 [http-nio-8080-exec-1] DEBUG com.iteyes.controller.pms.SWZP0010Controller(select:36) - # pgm_id :: 
2021-12-03 14:42:14,295 [http-nio-8080-exec-1] DEBUG com.iteyes.mapper.pms.SWZP0010Mapper.select_0010_01(debug:137) - ==>  Preparing: SELECT * FROM pms_pgm_mng WHERE 1=1 /*프로그램ID*/ /*프로그램명*/ /*개발자번호*/ /*PL번호*/ /*실제시작일자*/ and sta_dt = ? /*실제종료일자*/
2021-12-03 14:42:14,296 [http-nio-8080-exec-1] DEBUG com.iteyes.mapper.pms.SWZP0010Mapper.select_0010_01(debug:137) - ==> Parameters: null
2021-12-03 14:42:14,298 [http-nio-8080-exec-1] DEBUG com.iteyes.mapper.pms.SWZP0010Mapper.select_0010_01(debug:137) - <==      Total: 0
2021-12-03 14:42:14,449 [http-nio-8080-exec-2] DEBUG com.iteyes.controller.pms.SWZP0010Controller(select:36) - # pgm_id :: 
2021-12-03 14:42:14,450 [http-nio-8080-exec-2] DEBUG com.iteyes.mapper.pms.SWZP0010Mapper.select_0010_01(debug:137) - ==>  Preparing: SELECT * FROM pms_pgm_mng WHERE 1=1 /*프로그램ID*/ /*프로그램명*/ /*개발자번호*/ /*PL번호*/ /*실제시작일자*/ and sta_dt = ? /*실제종료일자*/
2021-12-03 14:42:14,450 [http-nio-8080-exec-2] DEBUG com.iteyes.mapper.pms.SWZP0010Mapper.select_0010_01(debug:137) - ==> Parameters: null
2021-12-03 14:42:14,453 [http-nio-8080-exec-2] DEBUG com.iteyes.mapper.pms.SWZP0010Mapper.select_0010_01(debug:137) - <==      Total: 0
2021-12-03 14:42:14,982 [http-nio-8080-exec-3] DEBUG com.iteyes.controller.pms.SWZP0010Controller(select:36) - # pgm_id :: 
2021-12-03 14:42:14,986 [http-nio-8080-exec-3] DEBUG com.iteyes.mapper.pms.SWZP0010Mapper.select_0010_01(debug:137) - ==>  Preparing: SELECT * FROM pms_pgm_mng WHERE 1=1 /*프로그램ID*/ /*프로그램명*/ /*개발자번호*/ /*PL번호*/ /*실제시작일자*/ and sta_dt = ? /*실제종료일자*/
2021-12-03 14:42:14,986 [http-nio-8080-exec-3] DEBUG com.iteyes.mapper.pms.SWZP0010Mapper.select_0010_01(debug:137) - ==> Parameters: null
2021-12-03 14:42:14,989 [http-nio-8080-exec-3] DEBUG com.iteyes.mapper.pms.SWZP0010Mapper.select_0010_01(debug:137) - <==      Total: 0
2021-12-03 14:42:15,163 [http-nio-8080-exec-4] DEBUG com.iteyes.controller.pms.SWZP0010Controller(select:36) - # pgm_id :: 
2021-12-03 14:42:15,163 [http-nio-8080-exec-4] DEBUG com.iteyes.mapper.pms.SWZP0010Mapper.select_0010_01(debug:137) - ==>  Preparing: SELECT * FROM pms_pgm_mng WHERE 1=1 /*프로그램ID*/ /*프로그램명*/ /*개발자번호*/ /*PL번호*/ /*실제시작일자*/ and sta_dt = ? /*실제종료일자*/
2021-12-03 14:42:15,163 [http-nio-8080-exec-4] DEBUG com.iteyes.mapper.pms.SWZP0010Mapper.select_0010_01(debug:137) - ==> Parameters: null
2021-12-03 14:42:15,166 [http-nio-8080-exec-4] DEBUG com.iteyes.mapper.pms.SWZP0010Mapper.select_0010_01(debug:137) - <==      Total: 0
2021-12-03 14:42:15,343 [http-nio-8080-exec-5] DEBUG com.iteyes.controller.pms.SWZP0010Controller(select:36) - # pgm_id :: 
2021-12-03 14:42:15,343 [http-nio-8080-exec-5] DEBUG com.iteyes.mapper.pms.SWZP0010Mapper.select_0010_01(debug:137) - ==>  Preparing: SELECT * FROM pms_pgm_mng WHERE 1=1 /*프로그램ID*/ /*프로그램명*/ /*개발자번호*/ /*PL번호*/ /*실제시작일자*/ and sta_dt = ? /*실제종료일자*/
2021-12-03 14:42:15,343 [http-nio-8080-exec-5] DEBUG com.iteyes.mapper.pms.SWZP0010Mapper.select_0010_01(debug:137) - ==> Parameters: null
2021-12-03 14:42:15,347 [http-nio-8080-exec-5] DEBUG com.iteyes.mapper.pms.SWZP0010Mapper.select_0010_01(debug:137) - <==      Total: 0
2021-12-03 14:42:24,352 [http-nio-8080-exec-6] DEBUG com.iteyes.controller.pms.SWZP0010Controller(select:36) - # pgm_id :: 
2021-12-03 14:42:24,357 [http-nio-8080-exec-6] DEBUG com.iteyes.mapper.pms.SWZP0010Mapper.select_0010_01(debug:137) - ==>  Preparing: SELECT * FROM pms_pgm_mng WHERE 1=1 /*프로그램ID*/ /*프로그램명*/ /*개발자번호*/ /*PL번호*/ /*실제시작일자*/ and sta_dt = ? /*실제종료일자*/
2021-12-03 14:42:24,358 [http-nio-8080-exec-6] DEBUG com.iteyes.mapper.pms.SWZP0010Mapper.select_0010_01(debug:137) - ==> Parameters: null
2021-12-03 14:42:24,363 [http-nio-8080-exec-6] DEBUG com.iteyes.mapper.pms.SWZP0010Mapper.select_0010_01(debug:137) - <==      Total: 0
2021-12-03 14:42:25,026 [http-nio-8080-exec-7] DEBUG com.iteyes.controller.pms.SWZP0010Controller(select:36) - # pgm_id :: 
2021-12-03 14:42:25,028 [http-nio-8080-exec-7] DEBUG com.iteyes.mapper.pms.SWZP0010Mapper.select_0010_01(debug:137) - ==>  Preparing: SELECT * FROM pms_pgm_mng WHERE 1=1 /*프로그램ID*/ /*프로그램명*/ /*개발자번호*/ /*PL번호*/ /*실제시작일자*/ and sta_dt = ? /*실제종료일자*/
2021-12-03 14:42:25,028 [http-nio-8080-exec-7] DEBUG com.iteyes.mapper.pms.SWZP0010Mapper.select_0010_01(debug:137) - ==> Parameters: null
2021-12-03 14:42:25,032 [http-nio-8080-exec-7] DEBUG com.iteyes.mapper.pms.SWZP0010Mapper.select_0010_01(debug:137) - <==      Total: 0
2021-12-03 14:42:25,438 [http-nio-8080-exec-8] DEBUG com.iteyes.controller.pms.SWZP0010Controller(select:36) - # pgm_id :: 
2021-12-03 14:42:25,439 [http-nio-8080-exec-8] DEBUG com.iteyes.mapper.pms.SWZP0010Mapper.select_0010_01(debug:137) - ==>  Preparing: SELECT * FROM pms_pgm_mng WHERE 1=1 /*프로그램ID*/ /*프로그램명*/ /*개발자번호*/ /*PL번호*/ /*실제시작일자*/ and sta_dt = ? /*실제종료일자*/
2021-12-03 14:42:25,440 [http-nio-8080-exec-8] DEBUG com.iteyes.mapper.pms.SWZP0010Mapper.select_0010_01(debug:137) - ==> Parameters: null
2021-12-03 14:42:25,443 [http-nio-8080-exec-8] DEBUG com.iteyes.mapper.pms.SWZP0010Mapper.select_0010_01(debug:137) - <==      Total: 0
2021-12-03 14:42:25,618 [http-nio-8080-exec-9] DEBUG com.iteyes.controller.pms.SWZP0010Controller(select:36) - # pgm_id :: 
2021-12-03 14:42:25,619 [http-nio-8080-exec-9] DEBUG com.iteyes.mapper.pms.SWZP0010Mapper.select_0010_01(debug:137) - ==>  Preparing: SELECT * FROM pms_pgm_mng WHERE 1=1 /*프로그램ID*/ /*프로그램명*/ /*개발자번호*/ /*PL번호*/ /*실제시작일자*/ and sta_dt = ? /*실제종료일자*/
2021-12-03 14:42:25,619 [http-nio-8080-exec-9] DEBUG com.iteyes.mapper.pms.SWZP0010Mapper.select_0010_01(debug:137) - ==> Parameters: null
2021-12-03 14:42:25,622 [http-nio-8080-exec-9] DEBUG com.iteyes.mapper.pms.SWZP0010Mapper.select_0010_01(debug:137) - <==      Total: 0
2021-12-03 14:42:25,812 [http-nio-8080-exec-10] DEBUG com.iteyes.controller.pms.SWZP0010Controller(select:36) - # pgm_id :: 
2021-12-03 14:42:25,816 [http-nio-8080-exec-10] DEBUG com.iteyes.mapper.pms.SWZP0010Mapper.select_0010_01(debug:137) - ==>  Preparing: SELECT * FROM pms_pgm_mng WHERE 1=1 /*프로그램ID*/ /*프로그램명*/ /*개발자번호*/ /*PL번호*/ /*실제시작일자*/ and sta_dt = ? /*실제종료일자*/
2021-12-03 14:42:25,816 [http-nio-8080-exec-10] DEBUG com.iteyes.mapper.pms.SWZP0010Mapper.select_0010_01(debug:137) - ==> Parameters: null
2021-12-03 14:42:25,821 [http-nio-8080-exec-10] DEBUG com.iteyes.mapper.pms.SWZP0010Mapper.select_0010_01(debug:137) - <==      Total: 0
2021-12-03 14:42:25,986 [http-nio-8080-exec-1] DEBUG com.iteyes.controller.pms.SWZP0010Controller(select:36) - # pgm_id :: 
2021-12-03 14:42:25,986 [http-nio-8080-exec-1] DEBUG com.iteyes.mapper.pms.SWZP0010Mapper.select_0010_01(debug:137) - ==>  Preparing: SELECT * FROM pms_pgm_mng WHERE 1=1 /*프로그램ID*/ /*프로그램명*/ /*개발자번호*/ /*PL번호*/ /*실제시작일자*/ and sta_dt = ? /*실제종료일자*/
2021-12-03 14:42:25,987 [http-nio-8080-exec-1] DEBUG com.iteyes.mapper.pms.SWZP0010Mapper.select_0010_01(debug:137) - ==> Parameters: null
2021-12-03 14:42:25,989 [http-nio-8080-exec-1] DEBUG com.iteyes.mapper.pms.SWZP0010Mapper.select_0010_01(debug:137) - <==      Total: 0
2021-12-03 14:42:35,598 [http-nio-8080-exec-2] DEBUG com.iteyes.controller.pms.SWZP0010Controller(select:36) - # pgm_id :: 
2021-12-03 14:42:35,602 [http-nio-8080-exec-2] DEBUG com.iteyes.mapper.pms.SWZP0010Mapper.select_0010_01(debug:137) - ==>  Preparing: SELECT * FROM pms_pgm_mng WHERE 1=1 /*프로그램ID*/ /*프로그램명*/ /*개발자번호*/ /*PL번호*/ /*실제시작일자*/ and sta_dt = ? /*실제종료일자*/
2021-12-03 14:42:35,602 [http-nio-8080-exec-2] DEBUG com.iteyes.mapper.pms.SWZP0010Mapper.select_0010_01(debug:137) - ==> Parameters: null
2021-12-03 14:42:35,608 [http-nio-8080-exec-2] DEBUG com.iteyes.mapper.pms.SWZP0010Mapper.select_0010_01(debug:137) - <==      Total: 0
2021-12-03 14:43:05,299 [restartedMain] INFO  com.iteyes.PmsApplication(logStarting:55) - Starting PmsApplication using Java 16.0.2 on DESKTOP-H5GEA9U with PID 15992 (C:\workspace\ProjectEyes\PMS\bin\main started by iteyes in C:\workspace\ProjectEyes\PMS)
2021-12-03 14:43:05,299 [restartedMain] DEBUG com.iteyes.PmsApplication(logStarting:56) - Running with Spring Boot v2.5.4, Spring v5.3.9
2021-12-03 14:43:05,299 [restartedMain] INFO  com.iteyes.PmsApplication(logStartupProfileInfo:659) - No active profile set, falling back to default profiles: default
2021-12-03 14:43:05,451 [restartedMain] INFO  org.springframework.context.support.PostProcessorRegistrationDelegate$BeanPostProcessorChecker(postProcessAfterInitialization:376) - Bean 'org.springframework.ws.config.annotation.DelegatingWsConfiguration' of type [org.springframework.ws.config.annotation.DelegatingWsConfiguration$$EnhancerBySpringCGLIB$$d928dcd5] is not eligible for getting processed by all BeanPostProcessors (for example: not eligible for auto-proxying)
2021-12-03 14:43:05,451 [restartedMain] INFO  org.springframework.ws.soap.addressing.server.AnnotationActionEndpointMapping(afterPropertiesSet:239) - Supporting [WS-Addressing August 2004, WS-Addressing 1.0]
2021-12-03 14:43:05,477 [restartedMain] INFO  org.springframework.boot.web.embedded.tomcat.TomcatWebServer(initialize:108) - Tomcat initialized with port(s): 8080 (http)
2021-12-03 14:43:05,498 [restartedMain] INFO  org.springframework.boot.web.servlet.context.ServletWebServerApplicationContext(prepareWebApplicationContext:290) - Root WebApplicationContext: initialization completed in 197 ms
2021-12-03 14:43:05,580 [restartedMain] INFO  org.springframework.boot.autoconfigure.web.servlet.WelcomePageHandlerMapping(<init>:53) - Adding welcome page: class path resource [static/index.html]
2021-12-03 14:43:05,613 [restartedMain] INFO  org.springframework.boot.devtools.autoconfigure.OptionalLiveReloadServer(startServer:58) - LiveReload server is running on port 35729
2021-12-03 14:43:05,621 [restartedMain] INFO  org.springframework.boot.web.embedded.tomcat.TomcatWebServer(start:220) - Tomcat started on port(s): 8080 (http) with context path ''
2021-12-03 14:43:05,624 [restartedMain] INFO  com.iteyes.PmsApplication(logStarted:61) - Started PmsApplication in 0.354 seconds (JVM running for 5197.118)
2021-12-03 14:43:05,625 [restartedMain] INFO  org.springframework.boot.devtools.autoconfigure.ConditionEvaluationDeltaLoggingListener(onApplicationEvent:63) - Condition evaluation unchanged
2021-12-03 14:43:05,746 [http-nio-8080-exec-1] INFO  org.springframework.web.servlet.DispatcherServlet(initServletBean:525) - Initializing Servlet 'dispatcherServlet'
2021-12-03 14:43:05,747 [http-nio-8080-exec-1] INFO  org.springframework.web.servlet.DispatcherServlet(initServletBean:547) - Completed initialization in 1 ms
2021-12-03 14:43:05,748 [http-nio-8080-exec-1] DEBUG com.iteyes.controller.pms.SWZP0010Controller(select:36) - # pgm_id :: 
2021-12-03 14:43:05,768 [http-nio-8080-exec-1] DEBUG com.iteyes.mapper.pms.SWZP0010Mapper.select_0010_01(debug:137) - ==>  Preparing: SELECT * FROM pms_pgm_mng WHERE 1=1 --프로그램ID /*프로그램명*/ /*개발자번호*/ /*PL번호*/ /*실제시작일자*/ and sta_dt = ? /*실제종료일자*/
2021-12-03 14:43:05,768 [http-nio-8080-exec-1] DEBUG com.iteyes.mapper.pms.SWZP0010Mapper.select_0010_01(debug:137) - ==> Parameters: null
2021-12-03 14:43:05,773 [http-nio-8080-exec-1] WARN  org.springframework.web.servlet.mvc.method.annotation.ExceptionHandlerExceptionResolver(logException:207) - Resolved [org.springframework.jdbc.BadSqlGrammarException: 
### Error querying database.  Cause: java.sql.SQLSyntaxErrorException: (conn:359) Unknown column '프로그램ID' in 'where clause'
### The error may exist in file [C:\workspace\ProjectEyes\PMS\bin\main\mapper\pms\SWZP0010.xml]
### The error may involve com.iteyes.mapper.pms.SWZP0010Mapper.select_0010_01-Inline
### The error occurred while setting parameters
### SQL: SELECT *           FROM pms_pgm_mng                    WHERE 1=1         --프로그램ID                   /*프로그램명*/                   /*개발자번호*/                   /*PL번호*/                   /*실제시작일자*/                     and sta_dt = ?                   /*실제종료일자*/
### Cause: java.sql.SQLSyntaxErrorException: (conn:359) Unknown column '프로그램ID' in 'where clause'
; bad SQL grammar []; nested exception is java.sql.SQLSyntaxErrorException: (conn:359) Unknown column '프로그램ID' in 'where clause']
2021-12-03 14:43:14,388 [restartedMain] INFO  com.iteyes.PmsApplication(logStarting:55) - Starting PmsApplication using Java 16.0.2 on DESKTOP-H5GEA9U with PID 15992 (C:\workspace\ProjectEyes\PMS\bin\main started by iteyes in C:\workspace\ProjectEyes\PMS)
2021-12-03 14:43:14,389 [restartedMain] DEBUG com.iteyes.PmsApplication(logStarting:56) - Running with Spring Boot v2.5.4, Spring v5.3.9
2021-12-03 14:43:14,389 [restartedMain] INFO  com.iteyes.PmsApplication(logStartupProfileInfo:659) - No active profile set, falling back to default profiles: default
2021-12-03 14:43:14,518 [restartedMain] INFO  org.springframework.context.support.PostProcessorRegistrationDelegate$BeanPostProcessorChecker(postProcessAfterInitialization:376) - Bean 'org.springframework.ws.config.annotation.DelegatingWsConfiguration' of type [org.springframework.ws.config.annotation.DelegatingWsConfiguration$$EnhancerBySpringCGLIB$$d928dcd5] is not eligible for getting processed by all BeanPostProcessors (for example: not eligible for auto-proxying)
2021-12-03 14:43:14,518 [restartedMain] INFO  org.springframework.ws.soap.addressing.server.AnnotationActionEndpointMapping(afterPropertiesSet:239) - Supporting [WS-Addressing August 2004, WS-Addressing 1.0]
2021-12-03 14:43:14,540 [restartedMain] INFO  org.springframework.boot.web.embedded.tomcat.TomcatWebServer(initialize:108) - Tomcat initialized with port(s): 8080 (http)
2021-12-03 14:43:14,557 [restartedMain] INFO  org.springframework.boot.web.servlet.context.ServletWebServerApplicationContext(prepareWebApplicationContext:290) - Root WebApplicationContext: initialization completed in 167 ms
2021-12-03 14:43:14,628 [restartedMain] INFO  org.springframework.boot.autoconfigure.web.servlet.WelcomePageHandlerMapping(<init>:53) - Adding welcome page: class path resource [static/index.html]
2021-12-03 14:43:14,656 [restartedMain] INFO  org.springframework.boot.devtools.autoconfigure.OptionalLiveReloadServer(startServer:58) - LiveReload server is running on port 35729
2021-12-03 14:43:14,663 [restartedMain] INFO  org.springframework.boot.web.embedded.tomcat.TomcatWebServer(start:220) - Tomcat started on port(s): 8080 (http) with context path ''
2021-12-03 14:43:14,666 [restartedMain] INFO  com.iteyes.PmsApplication(logStarted:61) - Started PmsApplication in 0.304 seconds (JVM running for 5206.16)
2021-12-03 14:43:14,667 [restartedMain] INFO  org.springframework.boot.devtools.autoconfigure.ConditionEvaluationDeltaLoggingListener(onApplicationEvent:63) - Condition evaluation unchanged
2021-12-03 14:43:16,718 [http-nio-8080-exec-1] INFO  org.springframework.web.servlet.DispatcherServlet(initServletBean:525) - Initializing Servlet 'dispatcherServlet'
2021-12-03 14:43:16,719 [http-nio-8080-exec-1] INFO  org.springframework.web.servlet.DispatcherServlet(initServletBean:547) - Completed initialization in 1 ms
2021-12-03 14:43:16,720 [http-nio-8080-exec-1] DEBUG com.iteyes.controller.pms.SWZP0010Controller(select:36) - # pgm_id :: 
2021-12-03 14:43:16,741 [http-nio-8080-exec-1] DEBUG com.iteyes.mapper.pms.SWZP0010Mapper.select_0010_01(debug:137) - ==>  Preparing: SELECT * FROM pms_pgm_mng WHERE 1=1 /*프로그램ID*/ /*프로그램명*/ /*개발자번호*/ /*PL번호*/ /*실제시작일자*/ and sta_dt = ? /*실제종료일자*/
2021-12-03 14:43:16,741 [http-nio-8080-exec-1] DEBUG com.iteyes.mapper.pms.SWZP0010Mapper.select_0010_01(debug:137) - ==> Parameters: null
2021-12-03 14:43:16,745 [http-nio-8080-exec-1] DEBUG com.iteyes.mapper.pms.SWZP0010Mapper.select_0010_01(debug:137) - <==      Total: 0
2021-12-03 14:43:33,677 [restartedMain] INFO  com.iteyes.PmsApplication(logStarting:55) - Starting PmsApplication using Java 16.0.2 on DESKTOP-H5GEA9U with PID 15992 (C:\workspace\ProjectEyes\PMS\bin\main started by iteyes in C:\workspace\ProjectEyes\PMS)
2021-12-03 14:43:33,677 [restartedMain] DEBUG com.iteyes.PmsApplication(logStarting:56) - Running with Spring Boot v2.5.4, Spring v5.3.9
2021-12-03 14:43:33,677 [restartedMain] INFO  com.iteyes.PmsApplication(logStartupProfileInfo:659) - No active profile set, falling back to default profiles: default
2021-12-03 14:43:33,806 [restartedMain] INFO  org.springframework.context.support.PostProcessorRegistrationDelegate$BeanPostProcessorChecker(postProcessAfterInitialization:376) - Bean 'org.springframework.ws.config.annotation.DelegatingWsConfiguration' of type [org.springframework.ws.config.annotation.DelegatingWsConfiguration$$EnhancerBySpringCGLIB$$d928dcd5] is not eligible for getting processed by all BeanPostProcessors (for example: not eligible for auto-proxying)
2021-12-03 14:43:33,806 [restartedMain] INFO  org.springframework.ws.soap.addressing.server.AnnotationActionEndpointMapping(afterPropertiesSet:239) - Supporting [WS-Addressing August 2004, WS-Addressing 1.0]
2021-12-03 14:43:33,827 [restartedMain] INFO  org.springframework.boot.web.embedded.tomcat.TomcatWebServer(initialize:108) - Tomcat initialized with port(s): 8080 (http)
2021-12-03 14:43:33,845 [restartedMain] INFO  org.springframework.boot.web.servlet.context.ServletWebServerApplicationContext(prepareWebApplicationContext:290) - Root WebApplicationContext: initialization completed in 166 ms
2021-12-03 14:43:33,914 [restartedMain] INFO  org.springframework.boot.autoconfigure.web.servlet.WelcomePageHandlerMapping(<init>:53) - Adding welcome page: class path resource [static/index.html]
2021-12-03 14:43:33,942 [restartedMain] INFO  org.springframework.boot.devtools.autoconfigure.OptionalLiveReloadServer(startServer:58) - LiveReload server is running on port 35729
2021-12-03 14:43:33,950 [restartedMain] INFO  org.springframework.boot.web.embedded.tomcat.TomcatWebServer(start:220) - Tomcat started on port(s): 8080 (http) with context path ''
2021-12-03 14:43:33,952 [restartedMain] INFO  com.iteyes.PmsApplication(logStarted:61) - Started PmsApplication in 0.304 seconds (JVM running for 5225.447)
2021-12-03 14:43:33,954 [restartedMain] INFO  org.springframework.boot.devtools.autoconfigure.ConditionEvaluationDeltaLoggingListener(onApplicationEvent:63) - Condition evaluation unchanged
2021-12-03 14:43:34,470 [http-nio-8080-exec-1] INFO  org.springframework.web.servlet.DispatcherServlet(initServletBean:525) - Initializing Servlet 'dispatcherServlet'
2021-12-03 14:43:34,471 [http-nio-8080-exec-1] INFO  org.springframework.web.servlet.DispatcherServlet(initServletBean:547) - Completed initialization in 1 ms
2021-12-03 14:43:34,472 [http-nio-8080-exec-1] DEBUG com.iteyes.controller.pms.SWZP0010Controller(select:36) - # pgm_id :: 
2021-12-03 14:43:34,495 [http-nio-8080-exec-1] DEBUG com.iteyes.mapper.pms.SWZP0010Mapper.select_0010_01(debug:137) - ==>  Preparing: SELECT * FROM pms_pgm_mng WHERE 1=1 /*프로그램ID*/ /*프로그램명*/ /*개발자번호*/ /*PL번호*/ /*실제시작일자*/ and sta_dt = ? /*실제종료일자*/
2021-12-03 14:43:34,495 [http-nio-8080-exec-1] DEBUG com.iteyes.mapper.pms.SWZP0010Mapper.select_0010_01(debug:137) - ==> Parameters: null
2021-12-03 14:43:34,499 [http-nio-8080-exec-1] DEBUG com.iteyes.mapper.pms.SWZP0010Mapper.select_0010_01(debug:137) - <==      Total: 0
2021-12-03 14:43:34,649 [http-nio-8080-exec-2] DEBUG com.iteyes.controller.pms.SWZP0010Controller(select:36) - # pgm_id :: 
2021-12-03 14:43:34,649 [http-nio-8080-exec-2] DEBUG com.iteyes.mapper.pms.SWZP0010Mapper.select_0010_01(debug:137) - ==>  Preparing: SELECT * FROM pms_pgm_mng WHERE 1=1 /*프로그램ID*/ /*프로그램명*/ /*개발자번호*/ /*PL번호*/ /*실제시작일자*/ and sta_dt = ? /*실제종료일자*/
2021-12-03 14:43:34,650 [http-nio-8080-exec-2] DEBUG com.iteyes.mapper.pms.SWZP0010Mapper.select_0010_01(debug:137) - ==> Parameters: null
2021-12-03 14:43:34,653 [http-nio-8080-exec-2] DEBUG com.iteyes.mapper.pms.SWZP0010Mapper.select_0010_01(debug:137) - <==      Total: 0
2021-12-03 14:44:26,318 [http-nio-8080-exec-3] DEBUG com.iteyes.controller.pms.SWZP0010Controller(select:36) - # pgm_id :: 
2021-12-03 14:44:26,321 [http-nio-8080-exec-3] DEBUG com.iteyes.mapper.pms.SWZP0010Mapper.select_0010_01(debug:137) - ==>  Preparing: SELECT * FROM pms_pgm_mng WHERE 1=1 /*프로그램ID*/ /*프로그램명*/ /*개발자번호*/ /*PL번호*/ /*실제시작일자*/ and sta_dt = ? /*실제종료일자*/
2021-12-03 14:44:26,322 [http-nio-8080-exec-3] DEBUG com.iteyes.mapper.pms.SWZP0010Mapper.select_0010_01(debug:137) - ==> Parameters: null
2021-12-03 14:44:26,327 [http-nio-8080-exec-3] DEBUG com.iteyes.mapper.pms.SWZP0010Mapper.select_0010_01(debug:137) - <==      Total: 0
2021-12-03 14:44:26,872 [http-nio-8080-exec-4] DEBUG com.iteyes.controller.pms.SWZP0010Controller(select:36) - # pgm_id :: 
2021-12-03 14:44:26,876 [http-nio-8080-exec-4] DEBUG com.iteyes.mapper.pms.SWZP0010Mapper.select_0010_01(debug:137) - ==>  Preparing: SELECT * FROM pms_pgm_mng WHERE 1=1 /*프로그램ID*/ /*프로그램명*/ /*개발자번호*/ /*PL번호*/ /*실제시작일자*/ and sta_dt = ? /*실제종료일자*/
2021-12-03 14:44:26,877 [http-nio-8080-exec-4] DEBUG com.iteyes.mapper.pms.SWZP0010Mapper.select_0010_01(debug:137) - ==> Parameters: null
2021-12-03 14:44:26,883 [http-nio-8080-exec-4] DEBUG com.iteyes.mapper.pms.SWZP0010Mapper.select_0010_01(debug:137) - <==      Total: 0
2021-12-03 14:44:27,060 [http-nio-8080-exec-5] DEBUG com.iteyes.controller.pms.SWZP0010Controller(select:36) - # pgm_id :: 
2021-12-03 14:44:27,061 [http-nio-8080-exec-5] DEBUG com.iteyes.mapper.pms.SWZP0010Mapper.select_0010_01(debug:137) - ==>  Preparing: SELECT * FROM pms_pgm_mng WHERE 1=1 /*프로그램ID*/ /*프로그램명*/ /*개발자번호*/ /*PL번호*/ /*실제시작일자*/ and sta_dt = ? /*실제종료일자*/
2021-12-03 14:44:27,061 [http-nio-8080-exec-5] DEBUG com.iteyes.mapper.pms.SWZP0010Mapper.select_0010_01(debug:137) - ==> Parameters: null
2021-12-03 14:44:27,064 [http-nio-8080-exec-5] DEBUG com.iteyes.mapper.pms.SWZP0010Mapper.select_0010_01(debug:137) - <==      Total: 0
2021-12-03 14:44:27,217 [http-nio-8080-exec-6] DEBUG com.iteyes.controller.pms.SWZP0010Controller(select:36) - # pgm_id :: 
2021-12-03 14:44:27,218 [http-nio-8080-exec-6] DEBUG com.iteyes.mapper.pms.SWZP0010Mapper.select_0010_01(debug:137) - ==>  Preparing: SELECT * FROM pms_pgm_mng WHERE 1=1 /*프로그램ID*/ /*프로그램명*/ /*개발자번호*/ /*PL번호*/ /*실제시작일자*/ and sta_dt = ? /*실제종료일자*/
2021-12-03 14:44:27,219 [http-nio-8080-exec-6] DEBUG com.iteyes.mapper.pms.SWZP0010Mapper.select_0010_01(debug:137) - ==> Parameters: null
2021-12-03 14:44:27,221 [http-nio-8080-exec-6] DEBUG com.iteyes.mapper.pms.SWZP0010Mapper.select_0010_01(debug:137) - <==      Total: 0
2021-12-03 14:45:26,278 [restartedMain] INFO  com.iteyes.PmsApplication(logStarting:55) - Starting PmsApplication using Java 16.0.2 on DESKTOP-H5GEA9U with PID 15992 (C:\workspace\ProjectEyes\PMS\bin\main started by iteyes in C:\workspace\ProjectEyes\PMS)
2021-12-03 14:45:26,279 [restartedMain] DEBUG com.iteyes.PmsApplication(logStarting:56) - Running with Spring Boot v2.5.4, Spring v5.3.9
2021-12-03 14:45:26,279 [restartedMain] INFO  com.iteyes.PmsApplication(logStartupProfileInfo:659) - No active profile set, falling back to default profiles: default
2021-12-03 14:45:26,414 [restartedMain] INFO  org.springframework.context.support.PostProcessorRegistrationDelegate$BeanPostProcessorChecker(postProcessAfterInitialization:376) - Bean 'org.springframework.ws.config.annotation.DelegatingWsConfiguration' of type [org.springframework.ws.config.annotation.DelegatingWsConfiguration$$EnhancerBySpringCGLIB$$d928dcd5] is not eligible for getting processed by all BeanPostProcessors (for example: not eligible for auto-proxying)
2021-12-03 14:45:26,415 [restartedMain] INFO  org.springframework.ws.soap.addressing.server.AnnotationActionEndpointMapping(afterPropertiesSet:239) - Supporting [WS-Addressing August 2004, WS-Addressing 1.0]
2021-12-03 14:45:26,437 [restartedMain] INFO  org.springframework.boot.web.embedded.tomcat.TomcatWebServer(initialize:108) - Tomcat initialized with port(s): 8080 (http)
2021-12-03 14:45:26,455 [restartedMain] INFO  org.springframework.boot.web.servlet.context.ServletWebServerApplicationContext(prepareWebApplicationContext:290) - Root WebApplicationContext: initialization completed in 174 ms
2021-12-03 14:45:26,528 [restartedMain] INFO  org.springframework.boot.autoconfigure.web.servlet.WelcomePageHandlerMapping(<init>:53) - Adding welcome page: class path resource [static/index.html]
2021-12-03 14:45:26,569 [restartedMain] INFO  org.springframework.boot.devtools.autoconfigure.OptionalLiveReloadServer(startServer:58) - LiveReload server is running on port 35729
2021-12-03 14:45:26,578 [restartedMain] INFO  org.springframework.boot.web.embedded.tomcat.TomcatWebServer(start:220) - Tomcat started on port(s): 8080 (http) with context path ''
2021-12-03 14:45:26,581 [restartedMain] INFO  com.iteyes.PmsApplication(logStarted:61) - Started PmsApplication in 0.332 seconds (JVM running for 5338.075)
2021-12-03 14:45:26,582 [restartedMain] INFO  org.springframework.boot.devtools.autoconfigure.ConditionEvaluationDeltaLoggingListener(onApplicationEvent:63) - Condition evaluation unchanged
2021-12-03 14:45:26,800 [http-nio-8080-exec-1] INFO  org.springframework.web.servlet.DispatcherServlet(initServletBean:525) - Initializing Servlet 'dispatcherServlet'
2021-12-03 14:45:26,801 [http-nio-8080-exec-1] INFO  org.springframework.web.servlet.DispatcherServlet(initServletBean:547) - Completed initialization in 1 ms
2021-12-03 14:45:26,802 [http-nio-8080-exec-1] DEBUG com.iteyes.controller.pms.SWZP0010Controller(select:36) - # pgm_id :: 
2021-12-03 14:45:26,825 [http-nio-8080-exec-1] DEBUG com.iteyes.mapper.pms.SWZP0010Mapper.select_0010_01(debug:137) - ==>  Preparing: SELECT * FROM pms_pgm_mng WHERE 1=1 /*프로그램ID*/ /*프로그램명*/ /*개발자번호*/ /*PL번호*/ /*실제시작일자*/ /*실제종료일자*/
2021-12-03 14:45:26,825 [http-nio-8080-exec-1] DEBUG com.iteyes.mapper.pms.SWZP0010Mapper.select_0010_01(debug:137) - ==> Parameters: 
2021-12-03 14:45:26,830 [http-nio-8080-exec-1] DEBUG com.iteyes.mapper.pms.SWZP0010Mapper.select_0010_01(debug:137) - <==      Total: 4
2021-12-03 14:45:40,684 [http-nio-8080-exec-3] DEBUG com.iteyes.controller.pms.SWZP0010Controller(select:36) - # pgm_id :: 
2021-12-03 14:45:40,687 [http-nio-8080-exec-3] DEBUG com.iteyes.mapper.pms.SWZP0010Mapper.select_0010_01(debug:137) - ==>  Preparing: SELECT * FROM pms_pgm_mng WHERE 1=1 /*프로그램ID*/ /*프로그램명*/ /*개발자번호*/ /*PL번호*/ /*실제시작일자*/ /*실제종료일자*/
2021-12-03 14:45:40,688 [http-nio-8080-exec-3] DEBUG com.iteyes.mapper.pms.SWZP0010Mapper.select_0010_01(debug:137) - ==> Parameters: 
2021-12-03 14:45:40,692 [http-nio-8080-exec-3] DEBUG com.iteyes.mapper.pms.SWZP0010Mapper.select_0010_01(debug:137) - <==      Total: 4
2021-12-03 14:45:44,043 [http-nio-8080-exec-5] DEBUG com.iteyes.controller.pms.SWZP0010Controller(select:36) - # pgm_id :: 
2021-12-03 14:45:44,045 [http-nio-8080-exec-5] DEBUG com.iteyes.mapper.pms.SWZP0010Mapper.select_0010_01(debug:137) - ==>  Preparing: SELECT * FROM pms_pgm_mng WHERE 1=1 /*프로그램ID*/ /*프로그램명*/ /*개발자번호*/ /*PL번호*/ /*실제시작일자*/ and sta_dt = ? /*실제종료일자*/
2021-12-03 14:45:44,046 [http-nio-8080-exec-5] DEBUG com.iteyes.mapper.pms.SWZP0010Mapper.select_0010_01(debug:137) - ==> Parameters: 2021-12-10(String)
2021-12-03 14:45:44,050 [http-nio-8080-exec-5] DEBUG com.iteyes.mapper.pms.SWZP0010Mapper.select_0010_01(debug:137) - <==      Total: 0
2021-12-03 14:45:57,781 [http-nio-8080-exec-6] DEBUG com.iteyes.controller.pms.SWZP0010Controller(select:36) - # pgm_id :: 
2021-12-03 14:45:57,789 [http-nio-8080-exec-6] DEBUG com.iteyes.mapper.pms.SWZP0010Mapper.select_0010_01(debug:137) - ==>  Preparing: SELECT * FROM pms_pgm_mng WHERE 1=1 /*프로그램ID*/ /*프로그램명*/ /*개발자번호*/ /*PL번호*/ /*실제시작일자*/ /*실제종료일자*/
2021-12-03 14:45:57,790 [http-nio-8080-exec-6] DEBUG com.iteyes.mapper.pms.SWZP0010Mapper.select_0010_01(debug:137) - ==> Parameters: 
2021-12-03 14:45:57,795 [http-nio-8080-exec-6] DEBUG com.iteyes.mapper.pms.SWZP0010Mapper.select_0010_01(debug:137) - <==      Total: 4
2021-12-03 14:46:12,379 [http-nio-8080-exec-8] DEBUG com.iteyes.controller.pms.SWZP0010Controller(select:36) - # pgm_id :: 
2021-12-03 14:46:12,382 [http-nio-8080-exec-8] DEBUG com.iteyes.mapper.pms.SWZP0010Mapper.select_0010_01(debug:137) - ==>  Preparing: SELECT * FROM pms_pgm_mng WHERE 1=1 /*프로그램ID*/ /*프로그램명*/ /*개발자번호*/ /*PL번호*/ /*실제시작일자*/ and sta_dt = ? /*실제종료일자*/
2021-12-03 14:46:12,382 [http-nio-8080-exec-8] DEBUG com.iteyes.mapper.pms.SWZP0010Mapper.select_0010_01(debug:137) - ==> Parameters: 2021-11-12(String)
2021-12-03 14:46:12,385 [http-nio-8080-exec-8] DEBUG com.iteyes.mapper.pms.SWZP0010Mapper.select_0010_01(debug:137) - <==      Total: 0
2021-12-03 14:46:20,537 [http-nio-8080-exec-9] DEBUG com.iteyes.controller.pms.SWZP0010Controller(select:36) - # pgm_id :: 
2021-12-03 14:46:20,541 [http-nio-8080-exec-9] DEBUG com.iteyes.mapper.pms.SWZP0010Mapper.select_0010_01(debug:137) - ==>  Preparing: SELECT * FROM pms_pgm_mng WHERE 1=1 /*프로그램ID*/ /*프로그램명*/ /*개발자번호*/ /*PL번호*/ /*실제시작일자*/ /*실제종료일자*/
2021-12-03 14:46:20,541 [http-nio-8080-exec-9] DEBUG com.iteyes.mapper.pms.SWZP0010Mapper.select_0010_01(debug:137) - ==> Parameters: 
2021-12-03 14:46:20,547 [http-nio-8080-exec-9] DEBUG com.iteyes.mapper.pms.SWZP0010Mapper.select_0010_01(debug:137) - <==      Total: 4
2021-12-03 14:46:39,575 [http-nio-8080-exec-2] DEBUG com.iteyes.controller.pms.SWZP0010Controller(select:36) - # pgm_id :: 
2021-12-03 14:46:39,580 [http-nio-8080-exec-2] DEBUG com.iteyes.mapper.pms.SWZP0010Mapper.select_0010_01(debug:137) - ==>  Preparing: SELECT * FROM pms_pgm_mng WHERE 1=1 /*프로그램ID*/ /*프로그램명*/ /*개발자번호*/ and dvlpe_no = ? /*PL번호*/ /*실제시작일자*/ /*실제종료일자*/
2021-12-03 14:46:39,580 [http-nio-8080-exec-2] DEBUG com.iteyes.mapper.pms.SWZP0010Mapper.select_0010_01(debug:137) - ==> Parameters: 103(String)
2021-12-03 14:46:39,583 [http-nio-8080-exec-2] DEBUG com.iteyes.mapper.pms.SWZP0010Mapper.select_0010_01(debug:137) - <==      Total: 2
2021-12-03 14:46:58,467 [restartedMain] INFO  com.iteyes.PmsApplication(logStarting:55) - Starting PmsApplication using Java 16.0.2 on DESKTOP-H5GEA9U with PID 15992 (C:\workspace\ProjectEyes\PMS\bin\main started by iteyes in C:\workspace\ProjectEyes\PMS)
2021-12-03 14:46:58,468 [restartedMain] DEBUG com.iteyes.PmsApplication(logStarting:56) - Running with Spring Boot v2.5.4, Spring v5.3.9
2021-12-03 14:46:58,468 [restartedMain] INFO  com.iteyes.PmsApplication(logStartupProfileInfo:659) - No active profile set, falling back to default profiles: default
2021-12-03 14:46:58,599 [restartedMain] INFO  org.springframework.context.support.PostProcessorRegistrationDelegate$BeanPostProcessorChecker(postProcessAfterInitialization:376) - Bean 'org.springframework.ws.config.annotation.DelegatingWsConfiguration' of type [org.springframework.ws.config.annotation.DelegatingWsConfiguration$$EnhancerBySpringCGLIB$$d928dcd5] is not eligible for getting processed by all BeanPostProcessors (for example: not eligible for auto-proxying)
2021-12-03 14:46:58,599 [restartedMain] INFO  org.springframework.ws.soap.addressing.server.AnnotationActionEndpointMapping(afterPropertiesSet:239) - Supporting [WS-Addressing August 2004, WS-Addressing 1.0]
2021-12-03 14:46:58,619 [restartedMain] INFO  org.springframework.boot.web.embedded.tomcat.TomcatWebServer(initialize:108) - Tomcat initialized with port(s): 8080 (http)
2021-12-03 14:46:58,640 [restartedMain] INFO  org.springframework.boot.web.servlet.context.ServletWebServerApplicationContext(prepareWebApplicationContext:290) - Root WebApplicationContext: initialization completed in 171 ms
2021-12-03 14:46:58,708 [restartedMain] INFO  org.springframework.boot.autoconfigure.web.servlet.WelcomePageHandlerMapping(<init>:53) - Adding welcome page: class path resource [static/index.html]
2021-12-03 14:46:58,736 [restartedMain] INFO  org.springframework.boot.devtools.autoconfigure.OptionalLiveReloadServer(startServer:58) - LiveReload server is running on port 35729
2021-12-03 14:46:58,743 [restartedMain] INFO  org.springframework.boot.web.embedded.tomcat.TomcatWebServer(start:220) - Tomcat started on port(s): 8080 (http) with context path ''
2021-12-03 14:46:58,746 [restartedMain] INFO  com.iteyes.PmsApplication(logStarted:61) - Started PmsApplication in 0.307 seconds (JVM running for 5430.24)
2021-12-03 14:46:58,747 [restartedMain] INFO  org.springframework.boot.devtools.autoconfigure.ConditionEvaluationDeltaLoggingListener(onApplicationEvent:63) - Condition evaluation unchanged
2021-12-03 14:47:11,571 [restartedMain] INFO  com.iteyes.PmsApplication(logStarting:55) - Starting PmsApplication using Java 16.0.2 on DESKTOP-H5GEA9U with PID 15992 (C:\workspace\ProjectEyes\PMS\bin\main started by iteyes in C:\workspace\ProjectEyes\PMS)
2021-12-03 14:47:11,572 [restartedMain] DEBUG com.iteyes.PmsApplication(logStarting:56) - Running with Spring Boot v2.5.4, Spring v5.3.9
2021-12-03 14:47:11,572 [restartedMain] INFO  com.iteyes.PmsApplication(logStartupProfileInfo:659) - No active profile set, falling back to default profiles: default
2021-12-03 14:47:11,705 [restartedMain] INFO  org.springframework.context.support.PostProcessorRegistrationDelegate$BeanPostProcessorChecker(postProcessAfterInitialization:376) - Bean 'org.springframework.ws.config.annotation.DelegatingWsConfiguration' of type [org.springframework.ws.config.annotation.DelegatingWsConfiguration$$EnhancerBySpringCGLIB$$d928dcd5] is not eligible for getting processed by all BeanPostProcessors (for example: not eligible for auto-proxying)
2021-12-03 14:47:11,705 [restartedMain] INFO  org.springframework.ws.soap.addressing.server.AnnotationActionEndpointMapping(afterPropertiesSet:239) - Supporting [WS-Addressing August 2004, WS-Addressing 1.0]
2021-12-03 14:47:11,725 [restartedMain] INFO  org.springframework.boot.web.embedded.tomcat.TomcatWebServer(initialize:108) - Tomcat initialized with port(s): 8080 (http)
2021-12-03 14:47:11,744 [restartedMain] INFO  org.springframework.boot.web.servlet.context.ServletWebServerApplicationContext(prepareWebApplicationContext:290) - Root WebApplicationContext: initialization completed in 171 ms
2021-12-03 14:47:11,812 [restartedMain] INFO  org.springframework.boot.autoconfigure.web.servlet.WelcomePageHandlerMapping(<init>:53) - Adding welcome page: class path resource [static/index.html]
2021-12-03 14:47:11,841 [restartedMain] INFO  org.springframework.boot.devtools.autoconfigure.OptionalLiveReloadServer(startServer:58) - LiveReload server is running on port 35729
2021-12-03 14:47:11,848 [restartedMain] INFO  org.springframework.boot.web.embedded.tomcat.TomcatWebServer(start:220) - Tomcat started on port(s): 8080 (http) with context path ''
2021-12-03 14:47:11,851 [restartedMain] INFO  com.iteyes.PmsApplication(logStarted:61) - Started PmsApplication in 0.306 seconds (JVM running for 5443.346)
2021-12-03 14:47:11,852 [restartedMain] INFO  org.springframework.boot.devtools.autoconfigure.ConditionEvaluationDeltaLoggingListener(onApplicationEvent:63) - Condition evaluation unchanged
2021-12-03 14:47:39,043 [restartedMain] INFO  com.iteyes.PmsApplication(logStarting:55) - Starting PmsApplication using Java 16.0.2 on DESKTOP-H5GEA9U with PID 15992 (C:\workspace\ProjectEyes\PMS\bin\main started by iteyes in C:\workspace\ProjectEyes\PMS)
2021-12-03 14:47:39,043 [restartedMain] DEBUG com.iteyes.PmsApplication(logStarting:56) - Running with Spring Boot v2.5.4, Spring v5.3.9
2021-12-03 14:47:39,043 [restartedMain] INFO  com.iteyes.PmsApplication(logStartupProfileInfo:659) - No active profile set, falling back to default profiles: default
2021-12-03 14:47:39,169 [restartedMain] INFO  org.springframework.context.support.PostProcessorRegistrationDelegate$BeanPostProcessorChecker(postProcessAfterInitialization:376) - Bean 'org.springframework.ws.config.annotation.DelegatingWsConfiguration' of type [org.springframework.ws.config.annotation.DelegatingWsConfiguration$$EnhancerBySpringCGLIB$$d928dcd5] is not eligible for getting processed by all BeanPostProcessors (for example: not eligible for auto-proxying)
2021-12-03 14:47:39,170 [restartedMain] INFO  org.springframework.ws.soap.addressing.server.AnnotationActionEndpointMapping(afterPropertiesSet:239) - Supporting [WS-Addressing August 2004, WS-Addressing 1.0]
2021-12-03 14:47:39,189 [restartedMain] INFO  org.springframework.boot.web.embedded.tomcat.TomcatWebServer(initialize:108) - Tomcat initialized with port(s): 8080 (http)
2021-12-03 14:47:39,209 [restartedMain] INFO  org.springframework.boot.web.servlet.context.ServletWebServerApplicationContext(prepareWebApplicationContext:290) - Root WebApplicationContext: initialization completed in 165 ms
2021-12-03 14:47:39,276 [restartedMain] INFO  org.springframework.boot.autoconfigure.web.servlet.WelcomePageHandlerMapping(<init>:53) - Adding welcome page: class path resource [static/index.html]
2021-12-03 14:47:39,304 [restartedMain] INFO  org.springframework.boot.devtools.autoconfigure.OptionalLiveReloadServer(startServer:58) - LiveReload server is running on port 35729
2021-12-03 14:47:39,311 [restartedMain] INFO  org.springframework.boot.web.embedded.tomcat.TomcatWebServer(start:220) - Tomcat started on port(s): 8080 (http) with context path ''
2021-12-03 14:47:39,314 [restartedMain] INFO  com.iteyes.PmsApplication(logStarted:61) - Started PmsApplication in 0.298 seconds (JVM running for 5470.808)
2021-12-03 14:47:39,316 [restartedMain] INFO  org.springframework.boot.devtools.autoconfigure.ConditionEvaluationDeltaLoggingListener(onApplicationEvent:63) - Condition evaluation unchanged
2021-12-03 14:54:16,555 [restartedMain] INFO  com.iteyes.PmsApplication(logStarting:55) - Starting PmsApplication using Java 16.0.2 on DESKTOP-H5GEA9U with PID 15992 (C:\workspace\ProjectEyes\PMS\bin\main started by iteyes in C:\workspace\ProjectEyes\PMS)
2021-12-03 14:54:16,555 [restartedMain] DEBUG com.iteyes.PmsApplication(logStarting:56) - Running with Spring Boot v2.5.4, Spring v5.3.9
2021-12-03 14:54:16,555 [restartedMain] INFO  com.iteyes.PmsApplication(logStartupProfileInfo:659) - No active profile set, falling back to default profiles: default
2021-12-03 14:54:16,688 [restartedMain] INFO  org.springframework.context.support.PostProcessorRegistrationDelegate$BeanPostProcessorChecker(postProcessAfterInitialization:376) - Bean 'org.springframework.ws.config.annotation.DelegatingWsConfiguration' of type [org.springframework.ws.config.annotation.DelegatingWsConfiguration$$EnhancerBySpringCGLIB$$d928dcd5] is not eligible for getting processed by all BeanPostProcessors (for example: not eligible for auto-proxying)
2021-12-03 14:54:16,688 [restartedMain] INFO  org.springframework.ws.soap.addressing.server.AnnotationActionEndpointMapping(afterPropertiesSet:239) - Supporting [WS-Addressing August 2004, WS-Addressing 1.0]
2021-12-03 14:54:16,708 [restartedMain] INFO  org.springframework.boot.web.embedded.tomcat.TomcatWebServer(initialize:108) - Tomcat initialized with port(s): 8080 (http)
2021-12-03 14:54:16,725 [restartedMain] INFO  org.springframework.boot.web.servlet.context.ServletWebServerApplicationContext(prepareWebApplicationContext:290) - Root WebApplicationContext: initialization completed in 168 ms
2021-12-03 14:54:16,792 [restartedMain] INFO  org.springframework.boot.autoconfigure.web.servlet.WelcomePageHandlerMapping(<init>:53) - Adding welcome page: class path resource [static/index.html]
2021-12-03 14:54:16,820 [restartedMain] INFO  org.springframework.boot.devtools.autoconfigure.OptionalLiveReloadServer(startServer:58) - LiveReload server is running on port 35729
2021-12-03 14:54:16,827 [restartedMain] INFO  org.springframework.boot.web.embedded.tomcat.TomcatWebServer(start:220) - Tomcat started on port(s): 8080 (http) with context path ''
2021-12-03 14:54:16,830 [restartedMain] INFO  com.iteyes.PmsApplication(logStarted:61) - Started PmsApplication in 0.303 seconds (JVM running for 5868.323)
2021-12-03 14:54:16,831 [restartedMain] INFO  org.springframework.boot.devtools.autoconfigure.ConditionEvaluationDeltaLoggingListener(onApplicationEvent:63) - Condition evaluation unchanged
2021-12-03 14:54:54,236 [restartedMain] INFO  com.iteyes.PmsApplication(logStarting:55) - Starting PmsApplication using Java 16.0.2 on DESKTOP-H5GEA9U with PID 15992 (C:\workspace\ProjectEyes\PMS\bin\main started by iteyes in C:\workspace\ProjectEyes\PMS)
2021-12-03 14:54:54,236 [restartedMain] DEBUG com.iteyes.PmsApplication(logStarting:56) - Running with Spring Boot v2.5.4, Spring v5.3.9
2021-12-03 14:54:54,236 [restartedMain] INFO  com.iteyes.PmsApplication(logStartupProfileInfo:659) - No active profile set, falling back to default profiles: default
2021-12-03 14:54:54,364 [restartedMain] INFO  org.springframework.context.support.PostProcessorRegistrationDelegate$BeanPostProcessorChecker(postProcessAfterInitialization:376) - Bean 'org.springframework.ws.config.annotation.DelegatingWsConfiguration' of type [org.springframework.ws.config.annotation.DelegatingWsConfiguration$$EnhancerBySpringCGLIB$$d928dcd5] is not eligible for getting processed by all BeanPostProcessors (for example: not eligible for auto-proxying)
2021-12-03 14:54:54,364 [restartedMain] INFO  org.springframework.ws.soap.addressing.server.AnnotationActionEndpointMapping(afterPropertiesSet:239) - Supporting [WS-Addressing August 2004, WS-Addressing 1.0]
2021-12-03 14:54:54,384 [restartedMain] INFO  org.springframework.boot.web.embedded.tomcat.TomcatWebServer(initialize:108) - Tomcat initialized with port(s): 8080 (http)
2021-12-03 14:54:54,409 [restartedMain] INFO  org.springframework.boot.web.servlet.context.ServletWebServerApplicationContext(prepareWebApplicationContext:290) - Root WebApplicationContext: initialization completed in 172 ms
2021-12-03 14:54:54,479 [restartedMain] INFO  org.springframework.boot.autoconfigure.web.servlet.WelcomePageHandlerMapping(<init>:53) - Adding welcome page: class path resource [static/index.html]
2021-12-03 14:54:54,506 [restartedMain] INFO  org.springframework.boot.devtools.autoconfigure.OptionalLiveReloadServer(startServer:58) - LiveReload server is running on port 35729
2021-12-03 14:54:54,513 [restartedMain] INFO  org.springframework.boot.web.embedded.tomcat.TomcatWebServer(start:220) - Tomcat started on port(s): 8080 (http) with context path ''
2021-12-03 14:54:54,516 [restartedMain] INFO  com.iteyes.PmsApplication(logStarted:61) - Started PmsApplication in 0.307 seconds (JVM running for 5906.01)
2021-12-03 14:54:54,517 [restartedMain] INFO  org.springframework.boot.devtools.autoconfigure.ConditionEvaluationDeltaLoggingListener(onApplicationEvent:63) - Condition evaluation unchanged
2021-12-03 14:59:31,254 [http-nio-8080-exec-1] INFO  org.springframework.web.servlet.DispatcherServlet(initServletBean:525) - Initializing Servlet 'dispatcherServlet'
2021-12-03 14:59:31,255 [http-nio-8080-exec-1] INFO  org.springframework.web.servlet.DispatcherServlet(initServletBean:547) - Completed initialization in 1 ms
2021-12-03 14:59:31,260 [http-nio-8080-exec-2] DEBUG com.iteyes.controller.pms.SWZP0010Controller(select:36) - # pgm_id :: 
2021-12-03 14:59:31,277 [http-nio-8080-exec-2] DEBUG com.iteyes.mapper.pms.SWZP0010Mapper.select_0010_01(debug:137) - ==>  Preparing: SELECT bkup_id /*백업ID */ , prjt_id /*프로젝트ID */ , mng_id /*관리ID */ , pgm_id /*프로그램ID */ , bzcd /*업무구분 */ , bz_dtls_cd /*업무세부코드 */ , pgm_nm /*프로그램명 */ , dvlp_dis /*개발구분 */ , pgm_dis /*프로그램구분 */ , enlpe_nm /*확장자명 */ , frcs_sta_dt /*예상시작일자 */ , frcs_end_dt /*예상종료일자 */ , sta_dt /*실제시작일자 */ , end_dt /*실제종료일자 */ , prc_sts_cd /*진행상태 */ , prg_txt /*진행현황 */ , dvlpe_no /*개발자번호 */ , dvlpe_cnf_dt /*개발자확인일자 */ , pl_no /*PL번호 */ , pl_cnf_dt /*PL확인일자 */ , crpe_no /*담당자번호 */ , mgpe_cnf_dis /*관리자확인구분 */ , sorc_path /*소스경로 */ , exc_dt /*이행일자 */ , exc_tim /*이행시간 */ , exc_crpe_nm /*이행담당자 */ , chck_dt /*점검일자 */ , chck_tim /*점검시간 */ , exc_cnf_crpe_nm /*이행확인담당자 */ , exc_prg_dis /*이행진행구분 */ , exc_rmrk /*이행비고 */ , rmrk /*비고 */ , opr_no /*조작자번호 */ , db_chg_ts /*DB변경일시 */ FROM PMS_PGM_MNG WHERE 1=1 /*프로그램ID*/ /*프로그램명*/ /*개발자번호*/ /*PL번호*/
2021-12-03 14:59:31,277 [http-nio-8080-exec-2] DEBUG com.iteyes.mapper.pms.SWZP0010Mapper.select_0010_01(debug:137) - ==> Parameters: 
2021-12-03 14:59:31,282 [http-nio-8080-exec-2] WARN  org.springframework.web.servlet.mvc.method.annotation.ExceptionHandlerExceptionResolver(logException:207) - Resolved [org.springframework.jdbc.BadSqlGrammarException: 
### Error querying database.  Cause: java.sql.SQLSyntaxErrorException: (conn:399) Unknown column 'mng_id' in 'field list'
### The error may exist in file [C:\workspace\ProjectEyes\PMS\bin\main\mapper\pms\SWZP0010.xml]
### The error may involve com.iteyes.mapper.pms.SWZP0010Mapper.select_0010_01-Inline
### The error occurred while setting parameters
### SQL: SELECT bkup_id   /*백업ID */        , prjt_id   /*프로젝트ID  */     , mng_id   /*관리ID  */     , pgm_id   /*프로그램ID  */     , bzcd    /*업무구분 */     , bz_dtls_cd  /*업무세부코드 */     , pgm_nm   /*프로그램명  */     , dvlp_dis   /*개발구분 */     , pgm_dis   /*프로그램구분 */     , enlpe_nm   /*확장자명 */     , frcs_sta_dt  /*예상시작일자 */     , frcs_end_dt  /*예상종료일자 */     , sta_dt   /*실제시작일자 */     , end_dt   /*실제종료일자 */     , prc_sts_cd  /*진행상태 */     , prg_txt   /*진행현황 */     , dvlpe_no   /*개발자번호 */     , dvlpe_cnf_dt  /*개발자확인일자 */     , pl_no    /*PL번호 */     , pl_cnf_dt   /*PL확인일자 */     , crpe_no   /*담당자번호 */     , mgpe_cnf_dis  /*관리자확인구분  */     , sorc_path   /*소스경로 */     , exc_dt   /*이행일자 */     , exc_tim   /*이행시간 */     , exc_crpe_nm  /*이행담당자 */     , chck_dt   /*점검일자 */     , chck_tim      /*점검시간 */     , exc_cnf_crpe_nm /*이행확인담당자 */     , exc_prg_dis  /*이행진행구분 */     , exc_rmrk   /*이행비고 */     , rmrk    /*비고 */     , opr_no   /*조작자번호 */     , db_chg_ts   /*DB변경일시 */           FROM PMS_PGM_MNG                           WHERE 1=1        /*프로그램ID*/                 /*프로그램명*/                 /*개발자번호*/                 /*PL번호*/
### Cause: java.sql.SQLSyntaxErrorException: (conn:399) Unknown column 'mng_id' in 'field list'
; bad SQL grammar []; nested exception is java.sql.SQLSyntaxErrorException: (conn:399) Unknown column 'mng_id' in 'field list']
2021-12-03 14:59:32,574 [http-nio-8080-exec-3] DEBUG com.iteyes.controller.pms.SWZP0010Controller(select:36) - # pgm_id :: 
2021-12-03 14:59:32,576 [http-nio-8080-exec-3] DEBUG com.iteyes.mapper.pms.SWZP0010Mapper.select_0010_01(debug:137) - ==>  Preparing: SELECT bkup_id /*백업ID */ , prjt_id /*프로젝트ID */ , mng_id /*관리ID */ , pgm_id /*프로그램ID */ , bzcd /*업무구분 */ , bz_dtls_cd /*업무세부코드 */ , pgm_nm /*프로그램명 */ , dvlp_dis /*개발구분 */ , pgm_dis /*프로그램구분 */ , enlpe_nm /*확장자명 */ , frcs_sta_dt /*예상시작일자 */ , frcs_end_dt /*예상종료일자 */ , sta_dt /*실제시작일자 */ , end_dt /*실제종료일자 */ , prc_sts_cd /*진행상태 */ , prg_txt /*진행현황 */ , dvlpe_no /*개발자번호 */ , dvlpe_cnf_dt /*개발자확인일자 */ , pl_no /*PL번호 */ , pl_cnf_dt /*PL확인일자 */ , crpe_no /*담당자번호 */ , mgpe_cnf_dis /*관리자확인구분 */ , sorc_path /*소스경로 */ , exc_dt /*이행일자 */ , exc_tim /*이행시간 */ , exc_crpe_nm /*이행담당자 */ , chck_dt /*점검일자 */ , chck_tim /*점검시간 */ , exc_cnf_crpe_nm /*이행확인담당자 */ , exc_prg_dis /*이행진행구분 */ , exc_rmrk /*이행비고 */ , rmrk /*비고 */ , opr_no /*조작자번호 */ , db_chg_ts /*DB변경일시 */ FROM PMS_PGM_MNG WHERE 1=1 /*프로그램ID*/ /*프로그램명*/ /*개발자번호*/ /*PL번호*/
2021-12-03 14:59:32,577 [http-nio-8080-exec-3] DEBUG com.iteyes.mapper.pms.SWZP0010Mapper.select_0010_01(debug:137) - ==> Parameters: 
2021-12-03 14:59:32,581 [http-nio-8080-exec-3] WARN  org.springframework.web.servlet.mvc.method.annotation.ExceptionHandlerExceptionResolver(logException:207) - Resolved [org.springframework.jdbc.BadSqlGrammarException: 
### Error querying database.  Cause: java.sql.SQLSyntaxErrorException: (conn:399) Unknown column 'mng_id' in 'field list'
### The error may exist in file [C:\workspace\ProjectEyes\PMS\bin\main\mapper\pms\SWZP0010.xml]
### The error may involve com.iteyes.mapper.pms.SWZP0010Mapper.select_0010_01-Inline
### The error occurred while setting parameters
### SQL: SELECT bkup_id   /*백업ID */        , prjt_id   /*프로젝트ID  */     , mng_id   /*관리ID  */     , pgm_id   /*프로그램ID  */     , bzcd    /*업무구분 */     , bz_dtls_cd  /*업무세부코드 */     , pgm_nm   /*프로그램명  */     , dvlp_dis   /*개발구분 */     , pgm_dis   /*프로그램구분 */     , enlpe_nm   /*확장자명 */     , frcs_sta_dt  /*예상시작일자 */     , frcs_end_dt  /*예상종료일자 */     , sta_dt   /*실제시작일자 */     , end_dt   /*실제종료일자 */     , prc_sts_cd  /*진행상태 */     , prg_txt   /*진행현황 */     , dvlpe_no   /*개발자번호 */     , dvlpe_cnf_dt  /*개발자확인일자 */     , pl_no    /*PL번호 */     , pl_cnf_dt   /*PL확인일자 */     , crpe_no   /*담당자번호 */     , mgpe_cnf_dis  /*관리자확인구분  */     , sorc_path   /*소스경로 */     , exc_dt   /*이행일자 */     , exc_tim   /*이행시간 */     , exc_crpe_nm  /*이행담당자 */     , chck_dt   /*점검일자 */     , chck_tim      /*점검시간 */     , exc_cnf_crpe_nm /*이행확인담당자 */     , exc_prg_dis  /*이행진행구분 */     , exc_rmrk   /*이행비고 */     , rmrk    /*비고 */     , opr_no   /*조작자번호 */     , db_chg_ts   /*DB변경일시 */           FROM PMS_PGM_MNG                           WHERE 1=1        /*프로그램ID*/                 /*프로그램명*/                 /*개발자번호*/                 /*PL번호*/
### Cause: java.sql.SQLSyntaxErrorException: (conn:399) Unknown column 'mng_id' in 'field list'
; bad SQL grammar []; nested exception is java.sql.SQLSyntaxErrorException: (conn:399) Unknown column 'mng_id' in 'field list']
2021-12-03 14:59:32,760 [http-nio-8080-exec-4] DEBUG com.iteyes.controller.pms.SWZP0010Controller(select:36) - # pgm_id :: 
2021-12-03 14:59:32,761 [http-nio-8080-exec-4] DEBUG com.iteyes.mapper.pms.SWZP0010Mapper.select_0010_01(debug:137) - ==>  Preparing: SELECT bkup_id /*백업ID */ , prjt_id /*프로젝트ID */ , mng_id /*관리ID */ , pgm_id /*프로그램ID */ , bzcd /*업무구분 */ , bz_dtls_cd /*업무세부코드 */ , pgm_nm /*프로그램명 */ , dvlp_dis /*개발구분 */ , pgm_dis /*프로그램구분 */ , enlpe_nm /*확장자명 */ , frcs_sta_dt /*예상시작일자 */ , frcs_end_dt /*예상종료일자 */ , sta_dt /*실제시작일자 */ , end_dt /*실제종료일자 */ , prc_sts_cd /*진행상태 */ , prg_txt /*진행현황 */ , dvlpe_no /*개발자번호 */ , dvlpe_cnf_dt /*개발자확인일자 */ , pl_no /*PL번호 */ , pl_cnf_dt /*PL확인일자 */ , crpe_no /*담당자번호 */ , mgpe_cnf_dis /*관리자확인구분 */ , sorc_path /*소스경로 */ , exc_dt /*이행일자 */ , exc_tim /*이행시간 */ , exc_crpe_nm /*이행담당자 */ , chck_dt /*점검일자 */ , chck_tim /*점검시간 */ , exc_cnf_crpe_nm /*이행확인담당자 */ , exc_prg_dis /*이행진행구분 */ , exc_rmrk /*이행비고 */ , rmrk /*비고 */ , opr_no /*조작자번호 */ , db_chg_ts /*DB변경일시 */ FROM PMS_PGM_MNG WHERE 1=1 /*프로그램ID*/ /*프로그램명*/ /*개발자번호*/ /*PL번호*/
2021-12-03 14:59:32,761 [http-nio-8080-exec-4] DEBUG com.iteyes.mapper.pms.SWZP0010Mapper.select_0010_01(debug:137) - ==> Parameters: 
2021-12-03 14:59:32,765 [http-nio-8080-exec-4] WARN  org.springframework.web.servlet.mvc.method.annotation.ExceptionHandlerExceptionResolver(logException:207) - Resolved [org.springframework.jdbc.BadSqlGrammarException: 
### Error querying database.  Cause: java.sql.SQLSyntaxErrorException: (conn:399) Unknown column 'mng_id' in 'field list'
### The error may exist in file [C:\workspace\ProjectEyes\PMS\bin\main\mapper\pms\SWZP0010.xml]
### The error may involve com.iteyes.mapper.pms.SWZP0010Mapper.select_0010_01-Inline
### The error occurred while setting parameters
### SQL: SELECT bkup_id   /*백업ID */        , prjt_id   /*프로젝트ID  */     , mng_id   /*관리ID  */     , pgm_id   /*프로그램ID  */     , bzcd    /*업무구분 */     , bz_dtls_cd  /*업무세부코드 */     , pgm_nm   /*프로그램명  */     , dvlp_dis   /*개발구분 */     , pgm_dis   /*프로그램구분 */     , enlpe_nm   /*확장자명 */     , frcs_sta_dt  /*예상시작일자 */     , frcs_end_dt  /*예상종료일자 */     , sta_dt   /*실제시작일자 */     , end_dt   /*실제종료일자 */     , prc_sts_cd  /*진행상태 */     , prg_txt   /*진행현황 */     , dvlpe_no   /*개발자번호 */     , dvlpe_cnf_dt  /*개발자확인일자 */     , pl_no    /*PL번호 */     , pl_cnf_dt   /*PL확인일자 */     , crpe_no   /*담당자번호 */     , mgpe_cnf_dis  /*관리자확인구분  */     , sorc_path   /*소스경로 */     , exc_dt   /*이행일자 */     , exc_tim   /*이행시간 */     , exc_crpe_nm  /*이행담당자 */     , chck_dt   /*점검일자 */     , chck_tim      /*점검시간 */     , exc_cnf_crpe_nm /*이행확인담당자 */     , exc_prg_dis  /*이행진행구분 */     , exc_rmrk   /*이행비고 */     , rmrk    /*비고 */     , opr_no   /*조작자번호 */     , db_chg_ts   /*DB변경일시 */           FROM PMS_PGM_MNG                           WHERE 1=1        /*프로그램ID*/                 /*프로그램명*/                 /*개발자번호*/                 /*PL번호*/
### Cause: java.sql.SQLSyntaxErrorException: (conn:399) Unknown column 'mng_id' in 'field list'
; bad SQL grammar []; nested exception is java.sql.SQLSyntaxErrorException: (conn:399) Unknown column 'mng_id' in 'field list']
2021-12-03 14:59:32,971 [http-nio-8080-exec-5] DEBUG com.iteyes.controller.pms.SWZP0010Controller(select:36) - # pgm_id :: 
2021-12-03 14:59:32,971 [http-nio-8080-exec-5] DEBUG com.iteyes.mapper.pms.SWZP0010Mapper.select_0010_01(debug:137) - ==>  Preparing: SELECT bkup_id /*백업ID */ , prjt_id /*프로젝트ID */ , mng_id /*관리ID */ , pgm_id /*프로그램ID */ , bzcd /*업무구분 */ , bz_dtls_cd /*업무세부코드 */ , pgm_nm /*프로그램명 */ , dvlp_dis /*개발구분 */ , pgm_dis /*프로그램구분 */ , enlpe_nm /*확장자명 */ , frcs_sta_dt /*예상시작일자 */ , frcs_end_dt /*예상종료일자 */ , sta_dt /*실제시작일자 */ , end_dt /*실제종료일자 */ , prc_sts_cd /*진행상태 */ , prg_txt /*진행현황 */ , dvlpe_no /*개발자번호 */ , dvlpe_cnf_dt /*개발자확인일자 */ , pl_no /*PL번호 */ , pl_cnf_dt /*PL확인일자 */ , crpe_no /*담당자번호 */ , mgpe_cnf_dis /*관리자확인구분 */ , sorc_path /*소스경로 */ , exc_dt /*이행일자 */ , exc_tim /*이행시간 */ , exc_crpe_nm /*이행담당자 */ , chck_dt /*점검일자 */ , chck_tim /*점검시간 */ , exc_cnf_crpe_nm /*이행확인담당자 */ , exc_prg_dis /*이행진행구분 */ , exc_rmrk /*이행비고 */ , rmrk /*비고 */ , opr_no /*조작자번호 */ , db_chg_ts /*DB변경일시 */ FROM PMS_PGM_MNG WHERE 1=1 /*프로그램ID*/ /*프로그램명*/ /*개발자번호*/ /*PL번호*/
2021-12-03 14:59:32,971 [http-nio-8080-exec-5] DEBUG com.iteyes.mapper.pms.SWZP0010Mapper.select_0010_01(debug:137) - ==> Parameters: 
2021-12-03 14:59:32,976 [http-nio-8080-exec-5] WARN  org.springframework.web.servlet.mvc.method.annotation.ExceptionHandlerExceptionResolver(logException:207) - Resolved [org.springframework.jdbc.BadSqlGrammarException: 
### Error querying database.  Cause: java.sql.SQLSyntaxErrorException: (conn:399) Unknown column 'mng_id' in 'field list'
### The error may exist in file [C:\workspace\ProjectEyes\PMS\bin\main\mapper\pms\SWZP0010.xml]
### The error may involve com.iteyes.mapper.pms.SWZP0010Mapper.select_0010_01-Inline
### The error occurred while setting parameters
### SQL: SELECT bkup_id   /*백업ID */        , prjt_id   /*프로젝트ID  */     , mng_id   /*관리ID  */     , pgm_id   /*프로그램ID  */     , bzcd    /*업무구분 */     , bz_dtls_cd  /*업무세부코드 */     , pgm_nm   /*프로그램명  */     , dvlp_dis   /*개발구분 */     , pgm_dis   /*프로그램구분 */     , enlpe_nm   /*확장자명 */     , frcs_sta_dt  /*예상시작일자 */     , frcs_end_dt  /*예상종료일자 */     , sta_dt   /*실제시작일자 */     , end_dt   /*실제종료일자 */     , prc_sts_cd  /*진행상태 */     , prg_txt   /*진행현황 */     , dvlpe_no   /*개발자번호 */     , dvlpe_cnf_dt  /*개발자확인일자 */     , pl_no    /*PL번호 */     , pl_cnf_dt   /*PL확인일자 */     , crpe_no   /*담당자번호 */     , mgpe_cnf_dis  /*관리자확인구분  */     , sorc_path   /*소스경로 */     , exc_dt   /*이행일자 */     , exc_tim   /*이행시간 */     , exc_crpe_nm  /*이행담당자 */     , chck_dt   /*점검일자 */     , chck_tim      /*점검시간 */     , exc_cnf_crpe_nm /*이행확인담당자 */     , exc_prg_dis  /*이행진행구분 */     , exc_rmrk   /*이행비고 */     , rmrk    /*비고 */     , opr_no   /*조작자번호 */     , db_chg_ts   /*DB변경일시 */           FROM PMS_PGM_MNG                           WHERE 1=1        /*프로그램ID*/                 /*프로그램명*/                 /*개발자번호*/                 /*PL번호*/
### Cause: java.sql.SQLSyntaxErrorException: (conn:399) Unknown column 'mng_id' in 'field list'
; bad SQL grammar []; nested exception is java.sql.SQLSyntaxErrorException: (conn:399) Unknown column 'mng_id' in 'field list']
2021-12-03 14:59:33,270 [http-nio-8080-exec-6] DEBUG com.iteyes.controller.pms.SWZP0010Controller(select:36) - # pgm_id :: 
2021-12-03 14:59:33,271 [http-nio-8080-exec-6] DEBUG com.iteyes.mapper.pms.SWZP0010Mapper.select_0010_01(debug:137) - ==>  Preparing: SELECT bkup_id /*백업ID */ , prjt_id /*프로젝트ID */ , mng_id /*관리ID */ , pgm_id /*프로그램ID */ , bzcd /*업무구분 */ , bz_dtls_cd /*업무세부코드 */ , pgm_nm /*프로그램명 */ , dvlp_dis /*개발구분 */ , pgm_dis /*프로그램구분 */ , enlpe_nm /*확장자명 */ , frcs_sta_dt /*예상시작일자 */ , frcs_end_dt /*예상종료일자 */ , sta_dt /*실제시작일자 */ , end_dt /*실제종료일자 */ , prc_sts_cd /*진행상태 */ , prg_txt /*진행현황 */ , dvlpe_no /*개발자번호 */ , dvlpe_cnf_dt /*개발자확인일자 */ , pl_no /*PL번호 */ , pl_cnf_dt /*PL확인일자 */ , crpe_no /*담당자번호 */ , mgpe_cnf_dis /*관리자확인구분 */ , sorc_path /*소스경로 */ , exc_dt /*이행일자 */ , exc_tim /*이행시간 */ , exc_crpe_nm /*이행담당자 */ , chck_dt /*점검일자 */ , chck_tim /*점검시간 */ , exc_cnf_crpe_nm /*이행확인담당자 */ , exc_prg_dis /*이행진행구분 */ , exc_rmrk /*이행비고 */ , rmrk /*비고 */ , opr_no /*조작자번호 */ , db_chg_ts /*DB변경일시 */ FROM PMS_PGM_MNG WHERE 1=1 /*프로그램ID*/ /*프로그램명*/ /*개발자번호*/ /*PL번호*/
2021-12-03 14:59:33,271 [http-nio-8080-exec-6] DEBUG com.iteyes.mapper.pms.SWZP0010Mapper.select_0010_01(debug:137) - ==> Parameters: 
2021-12-03 14:59:33,275 [http-nio-8080-exec-6] WARN  org.springframework.web.servlet.mvc.method.annotation.ExceptionHandlerExceptionResolver(logException:207) - Resolved [org.springframework.jdbc.BadSqlGrammarException: 
### Error querying database.  Cause: java.sql.SQLSyntaxErrorException: (conn:399) Unknown column 'mng_id' in 'field list'
### The error may exist in file [C:\workspace\ProjectEyes\PMS\bin\main\mapper\pms\SWZP0010.xml]
### The error may involve com.iteyes.mapper.pms.SWZP0010Mapper.select_0010_01-Inline
### The error occurred while setting parameters
### SQL: SELECT bkup_id   /*백업ID */        , prjt_id   /*프로젝트ID  */     , mng_id   /*관리ID  */     , pgm_id   /*프로그램ID  */     , bzcd    /*업무구분 */     , bz_dtls_cd  /*업무세부코드 */     , pgm_nm   /*프로그램명  */     , dvlp_dis   /*개발구분 */     , pgm_dis   /*프로그램구분 */     , enlpe_nm   /*확장자명 */     , frcs_sta_dt  /*예상시작일자 */     , frcs_end_dt  /*예상종료일자 */     , sta_dt   /*실제시작일자 */     , end_dt   /*실제종료일자 */     , prc_sts_cd  /*진행상태 */     , prg_txt   /*진행현황 */     , dvlpe_no   /*개발자번호 */     , dvlpe_cnf_dt  /*개발자확인일자 */     , pl_no    /*PL번호 */     , pl_cnf_dt   /*PL확인일자 */     , crpe_no   /*담당자번호 */     , mgpe_cnf_dis  /*관리자확인구분  */     , sorc_path   /*소스경로 */     , exc_dt   /*이행일자 */     , exc_tim   /*이행시간 */     , exc_crpe_nm  /*이행담당자 */     , chck_dt   /*점검일자 */     , chck_tim      /*점검시간 */     , exc_cnf_crpe_nm /*이행확인담당자 */     , exc_prg_dis  /*이행진행구분 */     , exc_rmrk   /*이행비고 */     , rmrk    /*비고 */     , opr_no   /*조작자번호 */     , db_chg_ts   /*DB변경일시 */           FROM PMS_PGM_MNG                           WHERE 1=1        /*프로그램ID*/                 /*프로그램명*/                 /*개발자번호*/                 /*PL번호*/
### Cause: java.sql.SQLSyntaxErrorException: (conn:399) Unknown column 'mng_id' in 'field list'
; bad SQL grammar []; nested exception is java.sql.SQLSyntaxErrorException: (conn:399) Unknown column 'mng_id' in 'field list']
