2021-12-15 16:10:41,927 [http-nio-8080-exec-3] DEBUG com.iteyes.mapper.MainMapper.select_0120_01(debug:137) - ==>  Preparing: SELECT A.EMPNO , A.EMPNM , A.EMAIL_ADDR , A.CPNO , A.BZCD , A.AUT_CD , A.LGN_PWD , CASE WHEN A.LGN_PWD != ? THEN 'N' WHEN A.LGN_PWD = ? '211111' THEN 'C' ELSE 'Y' END AS LOGIN_YN FROM PMS_EMP_INFO A WHERE 1=1 AND A.EMPNO = ? AND A.PRJT_ID = '1000000001' AND A.BKUP_ID = '0000000000'
2021-12-15 16:10:41,932 [http-nio-8080-exec-3] DEBUG com.iteyes.mapper.MainMapper.select_0120_01(debug:137) - ==> Parameters: 1234(String), 1234(String), 100(String)
2021-12-15 16:10:41,936 [http-nio-8080-exec-3] TRACE com.iteyes.mapper.MainMapper.select_0120_01(trace:143) - <==    Columns: EMPNO, EMPNM, EMAIL_ADDR, CPNO, BZCD, AUT_CD, LGN_PWD, LOGIN_YN
2021-12-15 16:10:41,937 [http-nio-8080-exec-3] TRACE com.iteyes.mapper.MainMapper.select_0120_01(trace:143) - <==        Row: 100, 황일섭, null, null, null, 500, 1234, Y
2021-12-15 16:10:41,937 [http-nio-8080-exec-3] DEBUG com.iteyes.mapper.MainMapper.select_0120_01(debug:137) - <==      Total: 1
2021-12-15 16:10:41,937 [http-nio-8080-exec-3] TRACE com.iteyes.service.JwtService(create:35) - time: 5
2021-12-15 16:10:41,938 [http-nio-8080-exec-3] DEBUG com.iteyes.service.JwtService(create:51) - 토큰 발행: eyJ0eXAiOiJKV1QiLCJhbGciOiJIUzI1NiJ9.eyJzdWIiOiLroZzqt7jsnbjthqDtgbAiLCJleHAiOjE2Mzk1NTI1NDEsIlVzZXIiOnsidXNlcklkIjoiMTAwIiwicGFzc3dvcmQiOiIxMjM0In0sInNlY29uZCI6Iuy2lOqwgOygleuztCJ9.31ZhEMU70vRI4nuZzOcA17O_z0ER-Tlw123StDD3H6M
2021-12-15 16:11:34,146 [http-nio-8080-exec-4] DEBUG com.iteyes.mapper.MainMapper.select_0120_01(debug:137) - ==>  Preparing: SELECT A.EMPNO , A.EMPNM , A.EMAIL_ADDR , A.CPNO , A.BZCD , A.AUT_CD , A.LGN_PWD , CASE WHEN A.LGN_PWD != ? THEN 'N' WHEN A.LGN_PWD = ? '211111' THEN 'C' ELSE 'Y' END AS LOGIN_YN FROM PMS_EMP_INFO A WHERE 1=1 AND A.EMPNO = ? AND A.PRJT_ID = '1000000001' AND A.BKUP_ID = '0000000000'
2021-12-15 16:11:34,148 [http-nio-8080-exec-4] DEBUG com.iteyes.mapper.MainMapper.select_0120_01(debug:137) - ==> Parameters: dsfgag(String), dsfgag(String), 101(String)
2021-12-15 16:11:34,154 [http-nio-8080-exec-4] TRACE com.iteyes.mapper.MainMapper.select_0120_01(trace:143) - <==    Columns: EMPNO, EMPNM, EMAIL_ADDR, CPNO, BZCD, AUT_CD, LGN_PWD, LOGIN_YN
2021-12-15 16:11:34,154 [http-nio-8080-exec-4] TRACE com.iteyes.mapper.MainMapper.select_0120_01(trace:143) - <==        Row: 101, 신현규, null, null, null, 600, 101211111, N
2021-12-15 16:11:34,154 [http-nio-8080-exec-4] DEBUG com.iteyes.mapper.MainMapper.select_0120_01(debug:137) - <==      Total: 1
2021-12-15 16:11:34,155 [http-nio-8080-exec-4] TRACE com.iteyes.service.JwtService(create:35) - time: 5
2021-12-15 16:11:34,155 [http-nio-8080-exec-4] DEBUG com.iteyes.service.JwtService(create:51) - 토큰 발행: eyJ0eXAiOiJKV1QiLCJhbGciOiJIUzI1NiJ9.eyJzdWIiOiLroZzqt7jsnbjthqDtgbAiLCJleHAiOjE2Mzk1NTI1OTQsIlVzZXIiOnsidXNlcklkIjoiMTAxIiwicGFzc3dvcmQiOiIxMDEyMTExMTEifSwic2Vjb25kIjoi7LaU6rCA7KCV67O0In0.1nOv9pl0ATYQJ_eIalryjG_QQTtQ25pb_0gLmyxc824
2021-12-15 16:11:54,381 [http-nio-8080-exec-5] DEBUG com.iteyes.mapper.MainMapper.select_0120_01(debug:137) - ==>  Preparing: SELECT A.EMPNO , A.EMPNM , A.EMAIL_ADDR , A.CPNO , A.BZCD , A.AUT_CD , A.LGN_PWD , CASE WHEN A.LGN_PWD != ? THEN 'N' WHEN A.LGN_PWD = ? '211111' THEN 'C' ELSE 'Y' END AS LOGIN_YN FROM PMS_EMP_INFO A WHERE 1=1 AND A.EMPNO = ? AND A.PRJT_ID = '1000000001' AND A.BKUP_ID = '0000000000'
2021-12-15 16:11:54,382 [http-nio-8080-exec-5] DEBUG com.iteyes.mapper.MainMapper.select_0120_01(debug:137) - ==> Parameters: 10121111(String), 10121111(String), 101(String)
2021-12-15 16:11:54,386 [http-nio-8080-exec-5] TRACE com.iteyes.mapper.MainMapper.select_0120_01(trace:143) - <==    Columns: EMPNO, EMPNM, EMAIL_ADDR, CPNO, BZCD, AUT_CD, LGN_PWD, LOGIN_YN
2021-12-15 16:11:54,386 [http-nio-8080-exec-5] TRACE com.iteyes.mapper.MainMapper.select_0120_01(trace:143) - <==        Row: 101, 신현규, null, null, null, 600, 101211111, N
2021-12-15 16:11:54,387 [http-nio-8080-exec-5] DEBUG com.iteyes.mapper.MainMapper.select_0120_01(debug:137) - <==      Total: 1
2021-12-15 16:11:54,387 [http-nio-8080-exec-5] TRACE com.iteyes.service.JwtService(create:35) - time: 5
2021-12-15 16:11:54,387 [http-nio-8080-exec-5] DEBUG com.iteyes.service.JwtService(create:51) - 토큰 발행: eyJ0eXAiOiJKV1QiLCJhbGciOiJIUzI1NiJ9.eyJzdWIiOiLroZzqt7jsnbjthqDtgbAiLCJleHAiOjE2Mzk1NTI2MTQsIlVzZXIiOnsidXNlcklkIjoiMTAxIiwicGFzc3dvcmQiOiIxMDEyMTExMTEifSwic2Vjb25kIjoi7LaU6rCA7KCV67O0In0.SfsYrobKnxUfiFYddK19vArKU4gT0K9BGX4naXpTouo
2021-12-15 16:12:10,917 [http-nio-8080-exec-6] DEBUG com.iteyes.mapper.MainMapper.select_0120_01(debug:137) - ==>  Preparing: SELECT A.EMPNO , A.EMPNM , A.EMAIL_ADDR , A.CPNO , A.BZCD , A.AUT_CD , A.LGN_PWD , CASE WHEN A.LGN_PWD != ? THEN 'N' WHEN A.LGN_PWD = ? '211111' THEN 'C' ELSE 'Y' END AS LOGIN_YN FROM PMS_EMP_INFO A WHERE 1=1 AND A.EMPNO = ? AND A.PRJT_ID = '1000000001' AND A.BKUP_ID = '0000000000'
2021-12-15 16:12:10,917 [http-nio-8080-exec-6] DEBUG com.iteyes.mapper.MainMapper.select_0120_01(debug:137) - ==> Parameters: 10121111(String), 10121111(String), 101(String)
2021-12-15 16:12:10,923 [http-nio-8080-exec-6] TRACE com.iteyes.mapper.MainMapper.select_0120_01(trace:143) - <==    Columns: EMPNO, EMPNM, EMAIL_ADDR, CPNO, BZCD, AUT_CD, LGN_PWD, LOGIN_YN
2021-12-15 16:12:10,923 [http-nio-8080-exec-6] TRACE com.iteyes.mapper.MainMapper.select_0120_01(trace:143) - <==        Row: 101, 신현규, null, null, null, 600, 101211111, N
2021-12-15 16:12:10,923 [http-nio-8080-exec-6] DEBUG com.iteyes.mapper.MainMapper.select_0120_01(debug:137) - <==      Total: 1
2021-12-15 16:12:10,924 [http-nio-8080-exec-6] TRACE com.iteyes.service.JwtService(create:35) - time: 5
2021-12-15 16:12:10,924 [http-nio-8080-exec-6] DEBUG com.iteyes.service.JwtService(create:51) - 토큰 발행: eyJ0eXAiOiJKV1QiLCJhbGciOiJIUzI1NiJ9.eyJzdWIiOiLroZzqt7jsnbjthqDtgbAiLCJleHAiOjE2Mzk1NTI2MzAsIlVzZXIiOnsidXNlcklkIjoiMTAxIiwicGFzc3dvcmQiOiIxMDEyMTExMTEifSwic2Vjb25kIjoi7LaU6rCA7KCV67O0In0.f_u2kuk0l8BXbA_QoXXrHhObPohOUNrnClIhwiU3EdE
2021-12-15 16:12:19,303 [http-nio-8080-exec-7] DEBUG com.iteyes.mapper.MainMapper.select_0120_01(debug:137) - ==>  Preparing: SELECT A.EMPNO , A.EMPNM , A.EMAIL_ADDR , A.CPNO , A.BZCD , A.AUT_CD , A.LGN_PWD , CASE WHEN A.LGN_PWD != ? THEN 'N' WHEN A.LGN_PWD = ? '211111' THEN 'C' ELSE 'Y' END AS LOGIN_YN FROM PMS_EMP_INFO A WHERE 1=1 AND A.EMPNO = ? AND A.PRJT_ID = '1000000001' AND A.BKUP_ID = '0000000000'
2021-12-15 16:12:19,303 [http-nio-8080-exec-7] DEBUG com.iteyes.mapper.MainMapper.select_0120_01(debug:137) - ==> Parameters: 10121111(String), 10121111(String), 101(String)
2021-12-15 16:12:19,306 [http-nio-8080-exec-7] TRACE com.iteyes.mapper.MainMapper.select_0120_01(trace:143) - <==    Columns: EMPNO, EMPNM, EMAIL_ADDR, CPNO, BZCD, AUT_CD, LGN_PWD, LOGIN_YN
2021-12-15 16:12:19,306 [http-nio-8080-exec-7] TRACE com.iteyes.mapper.MainMapper.select_0120_01(trace:143) - <==        Row: 101, 신현규, null, null, null, 600, 101211111, N
2021-12-15 16:12:19,306 [http-nio-8080-exec-7] DEBUG com.iteyes.mapper.MainMapper.select_0120_01(debug:137) - <==      Total: 1
2021-12-15 16:12:19,307 [http-nio-8080-exec-7] TRACE com.iteyes.service.JwtService(create:35) - time: 5
2021-12-15 16:12:19,307 [http-nio-8080-exec-7] DEBUG com.iteyes.service.JwtService(create:51) - 토큰 발행: eyJ0eXAiOiJKV1QiLCJhbGciOiJIUzI1NiJ9.eyJzdWIiOiLroZzqt7jsnbjthqDtgbAiLCJleHAiOjE2Mzk1NTI2MzksIlVzZXIiOnsidXNlcklkIjoiMTAxIiwicGFzc3dvcmQiOiIxMDEyMTExMTEifSwic2Vjb25kIjoi7LaU6rCA7KCV67O0In0.w9GGZUy63n41WLU648clLIB70IqbLXuLa-ZNdC2tE8c
2021-12-15 16:12:38,812 [restartedMain] INFO  com.iteyes.PmsApplication(logStarting:55) - Starting PmsApplication using Java 16.0.2 on DESKTOP-H5GEA9U with PID 18384 (C:\workspace\ProjectEyes\PMS\bin\main started by iteyes in C:\workspace\ProjectEyes\PMS)
2021-12-15 16:12:38,813 [restartedMain] DEBUG com.iteyes.PmsApplication(logStarting:56) - Running with Spring Boot v2.5.4, Spring v5.3.9
2021-12-15 16:12:38,813 [restartedMain] INFO  com.iteyes.PmsApplication(logStartupProfileInfo:659) - No active profile set, falling back to default profiles: default
2021-12-15 16:12:38,962 [restartedMain] INFO  org.springframework.context.support.PostProcessorRegistrationDelegate$BeanPostProcessorChecker(postProcessAfterInitialization:376) - Bean 'org.springframework.ws.config.annotation.DelegatingWsConfiguration' of type [org.springframework.ws.config.annotation.DelegatingWsConfiguration$$EnhancerBySpringCGLIB$$ec0c7e6b] is not eligible for getting processed by all BeanPostProcessors (for example: not eligible for auto-proxying)
2021-12-15 16:12:38,963 [restartedMain] INFO  org.springframework.ws.soap.addressing.server.AnnotationActionEndpointMapping(afterPropertiesSet:239) - Supporting [WS-Addressing August 2004, WS-Addressing 1.0]
2021-12-15 16:12:38,988 [restartedMain] INFO  org.springframework.boot.web.embedded.tomcat.TomcatWebServer(initialize:108) - Tomcat initialized with port(s): 8080 (http)
2021-12-15 16:12:39,010 [restartedMain] INFO  org.springframework.boot.web.servlet.context.ServletWebServerApplicationContext(prepareWebApplicationContext:290) - Root WebApplicationContext: initialization completed in 195 ms
2021-12-15 16:12:39,089 [restartedMain] INFO  org.springframework.boot.autoconfigure.web.servlet.WelcomePageHandlerMapping(<init>:53) - Adding welcome page: class path resource [static/index.html]
2021-12-15 16:12:39,118 [restartedMain] INFO  org.springframework.boot.devtools.autoconfigure.OptionalLiveReloadServer(startServer:58) - LiveReload server is running on port 35729
2021-12-15 16:12:39,125 [restartedMain] INFO  org.springframework.boot.web.embedded.tomcat.TomcatWebServer(start:220) - Tomcat started on port(s): 8080 (http) with context path ''
2021-12-15 16:12:39,128 [restartedMain] INFO  com.iteyes.PmsApplication(logStarted:61) - Started PmsApplication in 0.348 seconds (JVM running for 3963.612)
2021-12-15 16:12:39,129 [restartedMain] INFO  org.springframework.boot.devtools.autoconfigure.ConditionEvaluationDeltaLoggingListener(onApplicationEvent:63) - Condition evaluation unchanged
2021-12-15 16:12:39,999 [http-nio-8080-exec-1] INFO  org.springframework.web.servlet.DispatcherServlet(initServletBean:525) - Initializing Servlet 'dispatcherServlet'
2021-12-15 16:12:39,999 [http-nio-8080-exec-1] INFO  org.springframework.web.servlet.DispatcherServlet(initServletBean:547) - Completed initialization in 0 ms
2021-12-15 16:12:40,025 [http-nio-8080-exec-1] DEBUG com.iteyes.mapper.MainMapper.select_0120_01(debug:137) - ==>  Preparing: SELECT A.EMPNO , A.EMPNM , A.EMAIL_ADDR , A.CPNO , A.BZCD , A.AUT_CD , A.LGN_PWD , CASE WHEN A.LGN_PWD != ? THEN 'N' WHEN A.LGN_PWD = ? '211111' THEN 'C' ELSE 'Y' END AS LOGIN_YN FROM PMS_EMP_INFO A WHERE 1=1 AND A.EMPNO = ? AND A.PRJT_ID = '1000000001' AND A.BKUP_ID = '0000000000'
2021-12-15 16:12:40,025 [http-nio-8080-exec-1] DEBUG com.iteyes.mapper.MainMapper.select_0120_01(debug:137) - ==> Parameters: 10121111(String), 101(String), 101(String)
2021-12-15 16:12:40,029 [http-nio-8080-exec-1] TRACE com.iteyes.mapper.MainMapper.select_0120_01(trace:143) - <==    Columns: EMPNO, EMPNM, EMAIL_ADDR, CPNO, BZCD, AUT_CD, LGN_PWD, LOGIN_YN
2021-12-15 16:12:40,029 [http-nio-8080-exec-1] TRACE com.iteyes.mapper.MainMapper.select_0120_01(trace:143) - <==        Row: 101, 신현규, null, null, null, 600, 101211111, N
2021-12-15 16:12:40,029 [http-nio-8080-exec-1] DEBUG com.iteyes.mapper.MainMapper.select_0120_01(debug:137) - <==      Total: 1
2021-12-15 16:12:40,029 [http-nio-8080-exec-1] TRACE com.iteyes.service.JwtService(create:35) - time: 5
2021-12-15 16:12:40,031 [http-nio-8080-exec-1] DEBUG com.iteyes.service.JwtService(create:51) - 토큰 발행: eyJ0eXAiOiJKV1QiLCJhbGciOiJIUzI1NiJ9.eyJzdWIiOiLroZzqt7jsnbjthqDtgbAiLCJleHAiOjE2Mzk1NTI2NjAsIlVzZXIiOnsidXNlcklkIjoiMTAxIiwicGFzc3dvcmQiOiIxMDEyMTExMTEifSwic2Vjb25kIjoi7LaU6rCA7KCV67O0In0.0eS-e4Oyy-FVBIPPz-puEmJxgdckiSkqup5KJs7PvB4
2021-12-15 16:12:52,202 [http-nio-8080-exec-2] DEBUG com.iteyes.mapper.MainMapper.select_0120_01(debug:137) - ==>  Preparing: SELECT A.EMPNO , A.EMPNM , A.EMAIL_ADDR , A.CPNO , A.BZCD , A.AUT_CD , A.LGN_PWD , CASE WHEN A.LGN_PWD != ? THEN 'N' WHEN A.LGN_PWD = ? '211111' THEN 'C' ELSE 'Y' END AS LOGIN_YN FROM PMS_EMP_INFO A WHERE 1=1 AND A.EMPNO = ? AND A.PRJT_ID = '1000000001' AND A.BKUP_ID = '0000000000'
2021-12-15 16:12:52,202 [http-nio-8080-exec-2] DEBUG com.iteyes.mapper.MainMapper.select_0120_01(debug:137) - ==> Parameters: 101211111(String), 101(String), 101(String)
2021-12-15 16:12:52,206 [http-nio-8080-exec-2] TRACE com.iteyes.mapper.MainMapper.select_0120_01(trace:143) - <==    Columns: EMPNO, EMPNM, EMAIL_ADDR, CPNO, BZCD, AUT_CD, LGN_PWD, LOGIN_YN
2021-12-15 16:12:52,206 [http-nio-8080-exec-2] TRACE com.iteyes.mapper.MainMapper.select_0120_01(trace:143) - <==        Row: 101, 신현규, null, null, null, 600, 101211111, C
2021-12-15 16:12:52,206 [http-nio-8080-exec-2] DEBUG com.iteyes.mapper.MainMapper.select_0120_01(debug:137) - <==      Total: 1
2021-12-15 16:12:52,206 [http-nio-8080-exec-2] TRACE com.iteyes.service.JwtService(create:35) - time: 5
2021-12-15 16:12:52,207 [http-nio-8080-exec-2] DEBUG com.iteyes.service.JwtService(create:51) - 토큰 발행: eyJ0eXAiOiJKV1QiLCJhbGciOiJIUzI1NiJ9.eyJzdWIiOiLroZzqt7jsnbjthqDtgbAiLCJleHAiOjE2Mzk1NTI2NzIsIlVzZXIiOnsidXNlcklkIjoiMTAxIiwicGFzc3dvcmQiOiIxMDEyMTExMTEifSwic2Vjb25kIjoi7LaU6rCA7KCV67O0In0.YyeLGt0OMcygpMUpPn8RzQjvHSM_NOZTgB1dYklV6OQ
2021-12-15 16:13:03,539 [http-nio-8080-exec-3] DEBUG com.iteyes.mapper.MainMapper.select_0120_01(debug:137) - ==>  Preparing: SELECT A.EMPNO , A.EMPNM , A.EMAIL_ADDR , A.CPNO , A.BZCD , A.AUT_CD , A.LGN_PWD , CASE WHEN A.LGN_PWD != ? THEN 'N' WHEN A.LGN_PWD = ? '211111' THEN 'C' ELSE 'Y' END AS LOGIN_YN FROM PMS_EMP_INFO A WHERE 1=1 AND A.EMPNO = ? AND A.PRJT_ID = '1000000001' AND A.BKUP_ID = '0000000000'
2021-12-15 16:13:03,539 [http-nio-8080-exec-3] DEBUG com.iteyes.mapper.MainMapper.select_0120_01(debug:137) - ==> Parameters: 101211111(String), 101(String), 101(String)
2021-12-15 16:13:03,542 [http-nio-8080-exec-3] TRACE com.iteyes.mapper.MainMapper.select_0120_01(trace:143) - <==    Columns: EMPNO, EMPNM, EMAIL_ADDR, CPNO, BZCD, AUT_CD, LGN_PWD, LOGIN_YN
2021-12-15 16:13:03,542 [http-nio-8080-exec-3] TRACE com.iteyes.mapper.MainMapper.select_0120_01(trace:143) - <==        Row: 101, 신현규, null, null, null, 600, 101211111, C
2021-12-15 16:13:03,543 [http-nio-8080-exec-3] DEBUG com.iteyes.mapper.MainMapper.select_0120_01(debug:137) - <==      Total: 1
2021-12-15 16:13:03,543 [http-nio-8080-exec-3] TRACE com.iteyes.service.JwtService(create:35) - time: 5
2021-12-15 16:13:03,544 [http-nio-8080-exec-3] DEBUG com.iteyes.service.JwtService(create:51) - 토큰 발행: eyJ0eXAiOiJKV1QiLCJhbGciOiJIUzI1NiJ9.eyJzdWIiOiLroZzqt7jsnbjthqDtgbAiLCJleHAiOjE2Mzk1NTI2ODMsIlVzZXIiOnsidXNlcklkIjoiMTAxIiwicGFzc3dvcmQiOiIxMDEyMTExMTEifSwic2Vjb25kIjoi7LaU6rCA7KCV67O0In0.McZftF5HtwtO54MF75nb4caRMoKj0ma-qaxiwaJhCvA
2021-12-15 16:14:18,317 [http-nio-8080-exec-5] DEBUG com.iteyes.mapper.MainMapper.select_0120_01(debug:137) - ==>  Preparing: SELECT A.EMPNO , A.EMPNM , A.EMAIL_ADDR , A.CPNO , A.BZCD , A.AUT_CD , A.LGN_PWD , CASE WHEN A.LGN_PWD != ? THEN 'N' WHEN A.LGN_PWD = ? '211111' THEN 'C' ELSE 'Y' END AS LOGIN_YN FROM PMS_EMP_INFO A WHERE 1=1 AND A.EMPNO = ? AND A.PRJT_ID = '1000000001' AND A.BKUP_ID = '0000000000'
2021-12-15 16:14:18,317 [http-nio-8080-exec-5] DEBUG com.iteyes.mapper.MainMapper.select_0120_01(debug:137) - ==> Parameters: 1234(String), 100(String), 100(String)
2021-12-15 16:14:18,322 [http-nio-8080-exec-5] TRACE com.iteyes.mapper.MainMapper.select_0120_01(trace:143) - <==    Columns: EMPNO, EMPNM, EMAIL_ADDR, CPNO, BZCD, AUT_CD, LGN_PWD, LOGIN_YN
2021-12-15 16:14:18,322 [http-nio-8080-exec-5] TRACE com.iteyes.mapper.MainMapper.select_0120_01(trace:143) - <==        Row: 100, 황일섭, null, null, null, 500, 1234, Y
2021-12-15 16:14:18,322 [http-nio-8080-exec-5] DEBUG com.iteyes.mapper.MainMapper.select_0120_01(debug:137) - <==      Total: 1
2021-12-15 16:14:18,322 [http-nio-8080-exec-5] TRACE com.iteyes.service.JwtService(create:35) - time: 5
2021-12-15 16:14:18,322 [http-nio-8080-exec-5] DEBUG com.iteyes.service.JwtService(create:51) - 토큰 발행: eyJ0eXAiOiJKV1QiLCJhbGciOiJIUzI1NiJ9.eyJzdWIiOiLroZzqt7jsnbjthqDtgbAiLCJleHAiOjE2Mzk1NTI3NTgsIlVzZXIiOnsidXNlcklkIjoiMTAwIiwicGFzc3dvcmQiOiIxMjM0In0sInNlY29uZCI6Iuy2lOqwgOygleuztCJ9.71Sq6KgdEgpgwiWNJZVCFRNGSkzeAfSB0rG-H3FKVJI
2021-12-15 16:14:26,311 [http-nio-8080-exec-6] DEBUG com.iteyes.mapper.MainMapper.select_0120_01(debug:137) - ==>  Preparing: SELECT A.EMPNO , A.EMPNM , A.EMAIL_ADDR , A.CPNO , A.BZCD , A.AUT_CD , A.LGN_PWD , CASE WHEN A.LGN_PWD != ? THEN 'N' WHEN A.LGN_PWD = ? '211111' THEN 'C' ELSE 'Y' END AS LOGIN_YN FROM PMS_EMP_INFO A WHERE 1=1 AND A.EMPNO = ? AND A.PRJT_ID = '1000000001' AND A.BKUP_ID = '0000000000'
2021-12-15 16:14:26,311 [http-nio-8080-exec-6] DEBUG com.iteyes.mapper.MainMapper.select_0120_01(debug:137) - ==> Parameters: 1234(String), 100(String), 100(String)
2021-12-15 16:14:26,315 [http-nio-8080-exec-6] TRACE com.iteyes.mapper.MainMapper.select_0120_01(trace:143) - <==    Columns: EMPNO, EMPNM, EMAIL_ADDR, CPNO, BZCD, AUT_CD, LGN_PWD, LOGIN_YN
2021-12-15 16:14:26,315 [http-nio-8080-exec-6] TRACE com.iteyes.mapper.MainMapper.select_0120_01(trace:143) - <==        Row: 100, 황일섭, null, null, null, 500, 1234, Y
2021-12-15 16:14:26,315 [http-nio-8080-exec-6] DEBUG com.iteyes.mapper.MainMapper.select_0120_01(debug:137) - <==      Total: 1
2021-12-15 16:14:26,315 [http-nio-8080-exec-6] TRACE com.iteyes.service.JwtService(create:35) - time: 5
2021-12-15 16:14:26,316 [http-nio-8080-exec-6] DEBUG com.iteyes.service.JwtService(create:51) - 토큰 발행: eyJ0eXAiOiJKV1QiLCJhbGciOiJIUzI1NiJ9.eyJzdWIiOiLroZzqt7jsnbjthqDtgbAiLCJleHAiOjE2Mzk1NTI3NjYsIlVzZXIiOnsidXNlcklkIjoiMTAwIiwicGFzc3dvcmQiOiIxMjM0In0sInNlY29uZCI6Iuy2lOqwgOygleuztCJ9.qBSzxbr4juIU5MV2gy6lqJuTdcBoi-QgYn5KZRIeLzM
2021-12-15 16:14:40,464 [http-nio-8080-exec-8] DEBUG com.iteyes.controller.pms.SWZP0010Controller(select:35) - # pgm_id :: 
2021-12-15 16:14:40,464 [http-nio-8080-exec-8] DEBUG com.iteyes.controller.pms.SWZP0010Controller(select:36) - # pgm_nm :: 
2021-12-15 16:14:40,464 [http-nio-8080-exec-8] DEBUG com.iteyes.controller.pms.SWZP0010Controller(select:37) - # pl_no :: 
2021-12-15 16:14:40,464 [http-nio-8080-exec-8] DEBUG com.iteyes.controller.pms.SWZP0010Controller(select:38) - # dvlpe_no :: 
2021-12-15 16:14:40,464 [http-nio-8080-exec-8] DEBUG com.iteyes.controller.pms.SWZP0010Controller(select:39) - # pgm_dis_cd :: 000
2021-12-15 16:14:40,464 [http-nio-8080-exec-8] DEBUG com.iteyes.controller.pms.SWZP0010Controller(select:40) - # bzcd :: 000
2021-12-15 16:14:40,464 [http-nio-8080-exec-8] DEBUG com.iteyes.controller.pms.SWZP0010Controller(select:41) - # dvlp_dis_cd :: 000
2021-12-15 16:14:40,470 [http-nio-8080-exec-8] DEBUG com.iteyes.mapper.pms.SWZP0010Mapper.select_0010_01(debug:137) - ==>  Preparing: SELECT BKUP_ID /*백업ID */ , PRJT_ID /*프로젝트ID */ , PGM_ID /*프로그램ID */ , BZCD /*업무구분 */ , PGM_NM /*프로그램명 */ , BZ_DTLS_TXT /*업무세부 */ , DVLP_DIS_CD /*개발구분*/ , PGM_DIS_CD /*프로그램구분*/ , ENLPE_NM /*프로그램세부구분코드 */ , FRCS_STA_DT /*예상시작일자 */ , FRCS_END_DT /*예상종료일자 */ , STA_DT /*실제시작일자 */ , END_DT /*실제종료일자 */ , PRG_TXT /*진행현황 */ , DVLPE_NO /*개발자번호 */ , DVLPE_CNF_DT /*개발자확인일자 */ , PL_NO /*PL번호 */ , PL_CNF_DT /*PL확인일자 */ , CRPE_NO /*담당자번호 */ , RMRK /*비고 */ , OPR_NO /*조작자번호 */ , DB_CHG_TS /*DB변경일시 */ FROM PMS_PGM_MNG WHERE 1=1 /*프로그램ID*/ /*프로그램명*/ /*개발자번호*/ /*PL번호*/ /*개발구분*/ /*업무구분*/ /*프로그램구분*/
2021-12-15 16:14:40,471 [http-nio-8080-exec-8] DEBUG com.iteyes.mapper.pms.SWZP0010Mapper.select_0010_01(debug:137) - ==> Parameters: 
2021-12-15 16:14:40,476 [http-nio-8080-exec-8] TRACE com.iteyes.mapper.pms.SWZP0010Mapper.select_0010_01(trace:143) - <==    Columns: BKUP_ID, PRJT_ID, PGM_ID, BZCD, PGM_NM, BZ_DTLS_TXT, DVLP_DIS_CD, PGM_DIS_CD, ENLPE_NM, FRCS_STA_DT, FRCS_END_DT, STA_DT, END_DT, PRG_TXT, DVLPE_NO, DVLPE_CNF_DT, PL_NO, PL_CNF_DT, CRPE_NO, RMRK, OPR_NO, DB_CHG_TS
2021-12-15 16:14:40,476 [http-nio-8080-exec-8] TRACE com.iteyes.mapper.pms.SWZP0010Mapper.select_0010_01(trace:143) - <==        Row: 0000000000, 1000000001, Cust_History_C, AAA, 업체연혁-화면, 신용조사의 업체이력, 100, 100, 100, 20211206, 20211208, null, null, null, 104, null, 101, null, 100, null, 101, 2021-12-01 16:59:27.0
2021-12-15 16:14:40,477 [http-nio-8080-exec-8] TRACE com.iteyes.mapper.pms.SWZP0010Mapper.select_0010_01(trace:143) - <==        Row: 0000000000, 1000000001, Cust_History_L, AAA, 업체개요-로직, 신용조사의 업체이력, 100, 100, 200, 20211206, 20211208, null, null, null, 104, null, 101, null, 100, null, 101, 2021-12-01 16:59:02.0
2021-12-15 16:14:40,477 [http-nio-8080-exec-8] TRACE com.iteyes.mapper.pms.SWZP0010Mapper.select_0010_01(trace:143) - <==        Row: 0000000000, 1000000001, Cust_summary_C, AAA, 업체개요-화면, 신용조사의 업체개요, 100, 100, 100, 20211206, 20211208, null, null, null, 103, null, 101, null, 100, null, 101, 2021-12-01 16:55:30.0
2021-12-15 16:14:40,477 [http-nio-8080-exec-8] TRACE com.iteyes.mapper.pms.SWZP0010Mapper.select_0010_01(trace:143) - <==        Row: 0000000000, 1000000001, Cust_summary_L, AAA, 업체개요-로직, 신용조사의 업체개요, 100, 100, 200, 20211206, 20211208, null, null, null, 103, null, 101, null, 100, null, 101, 2021-12-01 16:57:50.0
2021-12-15 16:14:40,477 [http-nio-8080-exec-8] DEBUG com.iteyes.mapper.pms.SWZP0010Mapper.select_0010_01(debug:137) - <==      Total: 4
2021-12-15 16:33:31,329 [http-nio-8080-exec-1] DEBUG com.iteyes.controller.pms.SWZP0010Controller(select:35) - # pgm_id :: 
2021-12-15 16:33:31,329 [http-nio-8080-exec-1] DEBUG com.iteyes.controller.pms.SWZP0010Controller(select:36) - # pgm_nm :: 
2021-12-15 16:33:31,329 [http-nio-8080-exec-1] DEBUG com.iteyes.controller.pms.SWZP0010Controller(select:37) - # pl_no :: 
2021-12-15 16:33:31,329 [http-nio-8080-exec-1] DEBUG com.iteyes.controller.pms.SWZP0010Controller(select:38) - # dvlpe_no :: 
2021-12-15 16:33:31,329 [http-nio-8080-exec-1] DEBUG com.iteyes.controller.pms.SWZP0010Controller(select:39) - # pgm_dis_cd :: 000
2021-12-15 16:33:31,329 [http-nio-8080-exec-1] DEBUG com.iteyes.controller.pms.SWZP0010Controller(select:40) - # bzcd :: 000
2021-12-15 16:33:31,329 [http-nio-8080-exec-1] DEBUG com.iteyes.controller.pms.SWZP0010Controller(select:41) - # dvlp_dis_cd :: 000
2021-12-15 16:33:31,333 [http-nio-8080-exec-1] DEBUG com.iteyes.mapper.pms.SWZP0010Mapper.select_0010_01(debug:137) - ==>  Preparing: SELECT BKUP_ID /*백업ID */ , PRJT_ID /*프로젝트ID */ , PGM_ID /*프로그램ID */ , BZCD /*업무구분 */ , PGM_NM /*프로그램명 */ , BZ_DTLS_TXT /*업무세부 */ , DVLP_DIS_CD /*개발구분*/ , PGM_DIS_CD /*프로그램구분*/ , ENLPE_NM /*프로그램세부구분코드 */ , FRCS_STA_DT /*예상시작일자 */ , FRCS_END_DT /*예상종료일자 */ , STA_DT /*실제시작일자 */ , END_DT /*실제종료일자 */ , PRG_TXT /*진행현황 */ , DVLPE_NO /*개발자번호 */ , DVLPE_CNF_DT /*개발자확인일자 */ , PL_NO /*PL번호 */ , PL_CNF_DT /*PL확인일자 */ , CRPE_NO /*담당자번호 */ , RMRK /*비고 */ , OPR_NO /*조작자번호 */ , DB_CHG_TS /*DB변경일시 */ FROM PMS_PGM_MNG WHERE 1=1 /*프로그램ID*/ /*프로그램명*/ /*개발자번호*/ /*PL번호*/ /*개발구분*/ /*업무구분*/ /*프로그램구분*/
2021-12-15 16:33:31,334 [http-nio-8080-exec-1] DEBUG com.iteyes.mapper.pms.SWZP0010Mapper.select_0010_01(debug:137) - ==> Parameters: 
2021-12-15 16:33:31,339 [http-nio-8080-exec-1] TRACE com.iteyes.mapper.pms.SWZP0010Mapper.select_0010_01(trace:143) - <==    Columns: BKUP_ID, PRJT_ID, PGM_ID, BZCD, PGM_NM, BZ_DTLS_TXT, DVLP_DIS_CD, PGM_DIS_CD, ENLPE_NM, FRCS_STA_DT, FRCS_END_DT, STA_DT, END_DT, PRG_TXT, DVLPE_NO, DVLPE_CNF_DT, PL_NO, PL_CNF_DT, CRPE_NO, RMRK, OPR_NO, DB_CHG_TS
2021-12-15 16:33:31,340 [http-nio-8080-exec-1] TRACE com.iteyes.mapper.pms.SWZP0010Mapper.select_0010_01(trace:143) - <==        Row: 0000000000, 1000000001, Cust_History_C, AAA, 업체연혁-화면, 신용조사의 업체이력, 100, 100, 100, 20211206, 20211208, null, null, null, 104, null, 101, null, 100, null, 101, 2021-12-01 16:59:27.0
2021-12-15 16:33:31,341 [http-nio-8080-exec-1] TRACE com.iteyes.mapper.pms.SWZP0010Mapper.select_0010_01(trace:143) - <==        Row: 0000000000, 1000000001, Cust_History_L, AAA, 업체개요-로직, 신용조사의 업체이력, 100, 100, 200, 20211206, 20211208, null, null, null, 104, null, 101, null, 100, null, 101, 2021-12-01 16:59:02.0
2021-12-15 16:33:31,341 [http-nio-8080-exec-1] TRACE com.iteyes.mapper.pms.SWZP0010Mapper.select_0010_01(trace:143) - <==        Row: 0000000000, 1000000001, Cust_summary_C, AAA, 업체개요-화면, 신용조사의 업체개요, 100, 100, 100, 20211206, 20211208, null, null, null, 103, null, 101, null, 100, null, 101, 2021-12-01 16:55:30.0
2021-12-15 16:33:31,342 [http-nio-8080-exec-1] TRACE com.iteyes.mapper.pms.SWZP0010Mapper.select_0010_01(trace:143) - <==        Row: 0000000000, 1000000001, Cust_summary_L, AAA, 업체개요-로직, 신용조사의 업체개요, 100, 100, 200, 20211206, 20211208, null, null, null, 103, null, 101, null, 100, null, 101, 2021-12-01 16:57:50.0
2021-12-15 16:33:31,342 [http-nio-8080-exec-1] DEBUG com.iteyes.mapper.pms.SWZP0010Mapper.select_0010_01(debug:137) - <==      Total: 4
2021-12-15 16:33:32,213 [http-nio-8080-exec-3] DEBUG com.iteyes.controller.pms.SWZP0010Controller(select:35) - # pgm_id :: 
2021-12-15 16:33:32,213 [http-nio-8080-exec-3] DEBUG com.iteyes.controller.pms.SWZP0010Controller(select:36) - # pgm_nm :: 
2021-12-15 16:33:32,213 [http-nio-8080-exec-3] DEBUG com.iteyes.controller.pms.SWZP0010Controller(select:37) - # pl_no :: 
2021-12-15 16:33:32,213 [http-nio-8080-exec-3] DEBUG com.iteyes.controller.pms.SWZP0010Controller(select:38) - # dvlpe_no :: 
2021-12-15 16:33:32,213 [http-nio-8080-exec-3] DEBUG com.iteyes.controller.pms.SWZP0010Controller(select:39) - # pgm_dis_cd :: 000
2021-12-15 16:33:32,213 [http-nio-8080-exec-3] DEBUG com.iteyes.controller.pms.SWZP0010Controller(select:40) - # bzcd :: 000
2021-12-15 16:33:32,213 [http-nio-8080-exec-3] DEBUG com.iteyes.controller.pms.SWZP0010Controller(select:41) - # dvlp_dis_cd :: 000
2021-12-15 16:33:32,217 [http-nio-8080-exec-3] DEBUG com.iteyes.mapper.pms.SWZP0010Mapper.select_0010_01(debug:137) - ==>  Preparing: SELECT BKUP_ID /*백업ID */ , PRJT_ID /*프로젝트ID */ , PGM_ID /*프로그램ID */ , BZCD /*업무구분 */ , PGM_NM /*프로그램명 */ , BZ_DTLS_TXT /*업무세부 */ , DVLP_DIS_CD /*개발구분*/ , PGM_DIS_CD /*프로그램구분*/ , ENLPE_NM /*프로그램세부구분코드 */ , FRCS_STA_DT /*예상시작일자 */ , FRCS_END_DT /*예상종료일자 */ , STA_DT /*실제시작일자 */ , END_DT /*실제종료일자 */ , PRG_TXT /*진행현황 */ , DVLPE_NO /*개발자번호 */ , DVLPE_CNF_DT /*개발자확인일자 */ , PL_NO /*PL번호 */ , PL_CNF_DT /*PL확인일자 */ , CRPE_NO /*담당자번호 */ , RMRK /*비고 */ , OPR_NO /*조작자번호 */ , DB_CHG_TS /*DB변경일시 */ FROM PMS_PGM_MNG WHERE 1=1 /*프로그램ID*/ /*프로그램명*/ /*개발자번호*/ /*PL번호*/ /*개발구분*/ /*업무구분*/ /*프로그램구분*/
2021-12-15 16:33:32,217 [http-nio-8080-exec-3] DEBUG com.iteyes.mapper.pms.SWZP0010Mapper.select_0010_01(debug:137) - ==> Parameters: 
2021-12-15 16:33:32,222 [http-nio-8080-exec-3] TRACE com.iteyes.mapper.pms.SWZP0010Mapper.select_0010_01(trace:143) - <==    Columns: BKUP_ID, PRJT_ID, PGM_ID, BZCD, PGM_NM, BZ_DTLS_TXT, DVLP_DIS_CD, PGM_DIS_CD, ENLPE_NM, FRCS_STA_DT, FRCS_END_DT, STA_DT, END_DT, PRG_TXT, DVLPE_NO, DVLPE_CNF_DT, PL_NO, PL_CNF_DT, CRPE_NO, RMRK, OPR_NO, DB_CHG_TS
2021-12-15 16:33:32,223 [http-nio-8080-exec-3] TRACE com.iteyes.mapper.pms.SWZP0010Mapper.select_0010_01(trace:143) - <==        Row: 0000000000, 1000000001, Cust_History_C, AAA, 업체연혁-화면, 신용조사의 업체이력, 100, 100, 100, 20211206, 20211208, null, null, null, 104, null, 101, null, 100, null, 101, 2021-12-01 16:59:27.0
2021-12-15 16:33:32,223 [http-nio-8080-exec-3] TRACE com.iteyes.mapper.pms.SWZP0010Mapper.select_0010_01(trace:143) - <==        Row: 0000000000, 1000000001, Cust_History_L, AAA, 업체개요-로직, 신용조사의 업체이력, 100, 100, 200, 20211206, 20211208, null, null, null, 104, null, 101, null, 100, null, 101, 2021-12-01 16:59:02.0
2021-12-15 16:33:32,223 [http-nio-8080-exec-3] TRACE com.iteyes.mapper.pms.SWZP0010Mapper.select_0010_01(trace:143) - <==        Row: 0000000000, 1000000001, Cust_summary_C, AAA, 업체개요-화면, 신용조사의 업체개요, 100, 100, 100, 20211206, 20211208, null, null, null, 103, null, 101, null, 100, null, 101, 2021-12-01 16:55:30.0
2021-12-15 16:33:32,223 [http-nio-8080-exec-3] TRACE com.iteyes.mapper.pms.SWZP0010Mapper.select_0010_01(trace:143) - <==        Row: 0000000000, 1000000001, Cust_summary_L, AAA, 업체개요-로직, 신용조사의 업체개요, 100, 100, 200, 20211206, 20211208, null, null, null, 103, null, 101, null, 100, null, 101, 2021-12-01 16:57:50.0
2021-12-15 16:33:32,224 [http-nio-8080-exec-3] DEBUG com.iteyes.mapper.pms.SWZP0010Mapper.select_0010_01(debug:137) - <==      Total: 4
2021-12-15 16:33:43,019 [http-nio-8080-exec-5] DEBUG com.iteyes.controller.pms.SWZP0010Controller(select:35) - # pgm_id :: 
2021-12-15 16:33:43,019 [http-nio-8080-exec-5] DEBUG com.iteyes.controller.pms.SWZP0010Controller(select:36) - # pgm_nm :: 
2021-12-15 16:33:43,019 [http-nio-8080-exec-5] DEBUG com.iteyes.controller.pms.SWZP0010Controller(select:37) - # pl_no :: 
2021-12-15 16:33:43,019 [http-nio-8080-exec-5] DEBUG com.iteyes.controller.pms.SWZP0010Controller(select:38) - # dvlpe_no :: 
2021-12-15 16:33:43,019 [http-nio-8080-exec-5] DEBUG com.iteyes.controller.pms.SWZP0010Controller(select:39) - # pgm_dis_cd :: 000
2021-12-15 16:33:43,019 [http-nio-8080-exec-5] DEBUG com.iteyes.controller.pms.SWZP0010Controller(select:40) - # bzcd :: BBB
2021-12-15 16:33:43,020 [http-nio-8080-exec-5] DEBUG com.iteyes.controller.pms.SWZP0010Controller(select:41) - # dvlp_dis_cd :: 000
2021-12-15 16:33:43,025 [http-nio-8080-exec-5] DEBUG com.iteyes.mapper.pms.SWZP0010Mapper.select_0010_01(debug:137) - ==>  Preparing: SELECT BKUP_ID /*백업ID */ , PRJT_ID /*프로젝트ID */ , PGM_ID /*프로그램ID */ , BZCD /*업무구분 */ , PGM_NM /*프로그램명 */ , BZ_DTLS_TXT /*업무세부 */ , DVLP_DIS_CD /*개발구분*/ , PGM_DIS_CD /*프로그램구분*/ , ENLPE_NM /*프로그램세부구분코드 */ , FRCS_STA_DT /*예상시작일자 */ , FRCS_END_DT /*예상종료일자 */ , STA_DT /*실제시작일자 */ , END_DT /*실제종료일자 */ , PRG_TXT /*진행현황 */ , DVLPE_NO /*개발자번호 */ , DVLPE_CNF_DT /*개발자확인일자 */ , PL_NO /*PL번호 */ , PL_CNF_DT /*PL확인일자 */ , CRPE_NO /*담당자번호 */ , RMRK /*비고 */ , OPR_NO /*조작자번호 */ , DB_CHG_TS /*DB변경일시 */ FROM PMS_PGM_MNG WHERE 1=1 /*프로그램ID*/ /*프로그램명*/ /*개발자번호*/ /*PL번호*/ /*개발구분*/ /*업무구분*/ AND BZCD = ? /*프로그램구분*/
2021-12-15 16:33:43,025 [http-nio-8080-exec-5] DEBUG com.iteyes.mapper.pms.SWZP0010Mapper.select_0010_01(debug:137) - ==> Parameters: BBB(String)
2021-12-15 16:33:43,031 [http-nio-8080-exec-5] DEBUG com.iteyes.mapper.pms.SWZP0010Mapper.select_0010_01(debug:137) - <==      Total: 0
2021-12-15 16:33:43,213 [http-nio-8080-exec-7] DEBUG com.iteyes.controller.pms.SWZP0010Controller(select:35) - # pgm_id :: 
2021-12-15 16:33:43,214 [http-nio-8080-exec-7] DEBUG com.iteyes.controller.pms.SWZP0010Controller(select:36) - # pgm_nm :: 
2021-12-15 16:33:43,214 [http-nio-8080-exec-7] DEBUG com.iteyes.controller.pms.SWZP0010Controller(select:37) - # pl_no :: 
2021-12-15 16:33:43,214 [http-nio-8080-exec-7] DEBUG com.iteyes.controller.pms.SWZP0010Controller(select:38) - # dvlpe_no :: 
2021-12-15 16:33:43,214 [http-nio-8080-exec-7] DEBUG com.iteyes.controller.pms.SWZP0010Controller(select:39) - # pgm_dis_cd :: 000
2021-12-15 16:33:43,214 [http-nio-8080-exec-7] DEBUG com.iteyes.controller.pms.SWZP0010Controller(select:40) - # bzcd :: BBB
2021-12-15 16:33:43,214 [http-nio-8080-exec-7] DEBUG com.iteyes.controller.pms.SWZP0010Controller(select:41) - # dvlp_dis_cd :: 000
2021-12-15 16:33:43,214 [http-nio-8080-exec-7] DEBUG com.iteyes.mapper.pms.SWZP0010Mapper.select_0010_01(debug:137) - ==>  Preparing: SELECT BKUP_ID /*백업ID */ , PRJT_ID /*프로젝트ID */ , PGM_ID /*프로그램ID */ , BZCD /*업무구분 */ , PGM_NM /*프로그램명 */ , BZ_DTLS_TXT /*업무세부 */ , DVLP_DIS_CD /*개발구분*/ , PGM_DIS_CD /*프로그램구분*/ , ENLPE_NM /*프로그램세부구분코드 */ , FRCS_STA_DT /*예상시작일자 */ , FRCS_END_DT /*예상종료일자 */ , STA_DT /*실제시작일자 */ , END_DT /*실제종료일자 */ , PRG_TXT /*진행현황 */ , DVLPE_NO /*개발자번호 */ , DVLPE_CNF_DT /*개발자확인일자 */ , PL_NO /*PL번호 */ , PL_CNF_DT /*PL확인일자 */ , CRPE_NO /*담당자번호 */ , RMRK /*비고 */ , OPR_NO /*조작자번호 */ , DB_CHG_TS /*DB변경일시 */ FROM PMS_PGM_MNG WHERE 1=1 /*프로그램ID*/ /*프로그램명*/ /*개발자번호*/ /*PL번호*/ /*개발구분*/ /*업무구분*/ AND BZCD = ? /*프로그램구분*/
2021-12-15 16:33:43,215 [http-nio-8080-exec-7] DEBUG com.iteyes.mapper.pms.SWZP0010Mapper.select_0010_01(debug:137) - ==> Parameters: BBB(String)
2021-12-15 16:33:43,221 [http-nio-8080-exec-7] DEBUG com.iteyes.mapper.pms.SWZP0010Mapper.select_0010_01(debug:137) - <==      Total: 0
2021-12-15 16:33:43,425 [http-nio-8080-exec-9] DEBUG com.iteyes.controller.pms.SWZP0010Controller(select:35) - # pgm_id :: 
2021-12-15 16:33:43,425 [http-nio-8080-exec-9] DEBUG com.iteyes.controller.pms.SWZP0010Controller(select:36) - # pgm_nm :: 
2021-12-15 16:33:43,425 [http-nio-8080-exec-9] DEBUG com.iteyes.controller.pms.SWZP0010Controller(select:37) - # pl_no :: 
2021-12-15 16:33:43,425 [http-nio-8080-exec-9] DEBUG com.iteyes.controller.pms.SWZP0010Controller(select:38) - # dvlpe_no :: 
2021-12-15 16:33:43,425 [http-nio-8080-exec-9] DEBUG com.iteyes.controller.pms.SWZP0010Controller(select:39) - # pgm_dis_cd :: 000
2021-12-15 16:33:43,425 [http-nio-8080-exec-9] DEBUG com.iteyes.controller.pms.SWZP0010Controller(select:40) - # bzcd :: BBB
2021-12-15 16:33:43,425 [http-nio-8080-exec-9] DEBUG com.iteyes.controller.pms.SWZP0010Controller(select:41) - # dvlp_dis_cd :: 000
2021-12-15 16:33:43,426 [http-nio-8080-exec-9] DEBUG com.iteyes.mapper.pms.SWZP0010Mapper.select_0010_01(debug:137) - ==>  Preparing: SELECT BKUP_ID /*백업ID */ , PRJT_ID /*프로젝트ID */ , PGM_ID /*프로그램ID */ , BZCD /*업무구분 */ , PGM_NM /*프로그램명 */ , BZ_DTLS_TXT /*업무세부 */ , DVLP_DIS_CD /*개발구분*/ , PGM_DIS_CD /*프로그램구분*/ , ENLPE_NM /*프로그램세부구분코드 */ , FRCS_STA_DT /*예상시작일자 */ , FRCS_END_DT /*예상종료일자 */ , STA_DT /*실제시작일자 */ , END_DT /*실제종료일자 */ , PRG_TXT /*진행현황 */ , DVLPE_NO /*개발자번호 */ , DVLPE_CNF_DT /*개발자확인일자 */ , PL_NO /*PL번호 */ , PL_CNF_DT /*PL확인일자 */ , CRPE_NO /*담당자번호 */ , RMRK /*비고 */ , OPR_NO /*조작자번호 */ , DB_CHG_TS /*DB변경일시 */ FROM PMS_PGM_MNG WHERE 1=1 /*프로그램ID*/ /*프로그램명*/ /*개발자번호*/ /*PL번호*/ /*개발구분*/ /*업무구분*/ AND BZCD = ? /*프로그램구분*/
2021-12-15 16:33:43,426 [http-nio-8080-exec-9] DEBUG com.iteyes.mapper.pms.SWZP0010Mapper.select_0010_01(debug:137) - ==> Parameters: BBB(String)
2021-12-15 16:33:43,431 [http-nio-8080-exec-9] DEBUG com.iteyes.mapper.pms.SWZP0010Mapper.select_0010_01(debug:137) - <==      Total: 0
2021-12-15 16:34:19,587 [restartedMain] INFO  com.iteyes.PmsApplication(logStarting:55) - Starting PmsApplication using Java 16.0.2 on DESKTOP-H5GEA9U with PID 18384 (C:\workspace\ProjectEyes\PMS\bin\main started by iteyes in C:\workspace\ProjectEyes\PMS)
2021-12-15 16:34:19,587 [restartedMain] DEBUG com.iteyes.PmsApplication(logStarting:56) - Running with Spring Boot v2.5.4, Spring v5.3.9
2021-12-15 16:34:19,588 [restartedMain] INFO  com.iteyes.PmsApplication(logStartupProfileInfo:659) - No active profile set, falling back to default profiles: default
2021-12-15 16:34:19,734 [restartedMain] INFO  org.springframework.context.support.PostProcessorRegistrationDelegate$BeanPostProcessorChecker(postProcessAfterInitialization:376) - Bean 'org.springframework.ws.config.annotation.DelegatingWsConfiguration' of type [org.springframework.ws.config.annotation.DelegatingWsConfiguration$$EnhancerBySpringCGLIB$$ec0c7e6b] is not eligible for getting processed by all BeanPostProcessors (for example: not eligible for auto-proxying)
2021-12-15 16:34:19,735 [restartedMain] INFO  org.springframework.ws.soap.addressing.server.AnnotationActionEndpointMapping(afterPropertiesSet:239) - Supporting [WS-Addressing August 2004, WS-Addressing 1.0]
2021-12-15 16:34:19,761 [restartedMain] INFO  org.springframework.boot.web.embedded.tomcat.TomcatWebServer(initialize:108) - Tomcat initialized with port(s): 8080 (http)
2021-12-15 16:34:19,782 [restartedMain] INFO  org.springframework.boot.web.servlet.context.ServletWebServerApplicationContext(prepareWebApplicationContext:290) - Root WebApplicationContext: initialization completed in 193 ms
2021-12-15 16:34:19,862 [restartedMain] INFO  org.springframework.boot.autoconfigure.web.servlet.WelcomePageHandlerMapping(<init>:53) - Adding welcome page: class path resource [static/index.html]
2021-12-15 16:34:19,893 [restartedMain] INFO  org.springframework.boot.devtools.autoconfigure.OptionalLiveReloadServer(startServer:58) - LiveReload server is running on port 35729
2021-12-15 16:34:19,900 [restartedMain] INFO  org.springframework.boot.web.embedded.tomcat.TomcatWebServer(start:220) - Tomcat started on port(s): 8080 (http) with context path ''
2021-12-15 16:34:19,903 [restartedMain] INFO  com.iteyes.PmsApplication(logStarted:61) - Started PmsApplication in 0.349 seconds (JVM running for 5264.387)
2021-12-15 16:34:19,904 [restartedMain] INFO  org.springframework.boot.devtools.autoconfigure.ConditionEvaluationDeltaLoggingListener(onApplicationEvent:63) - Condition evaluation unchanged
2021-12-15 16:37:47,429 [RMI TCP Connection(89)-127.0.0.1] INFO  org.springframework.boot.admin.SpringApplicationAdminMXBeanRegistrar$SpringApplicationAdmin(shutdown:159) - Application shutdown requested.
2021-12-15 16:38:05,020 [restartedMain] INFO  com.iteyes.PmsApplication(logStarting:55) - Starting PmsApplication using Java 16.0.2 on DESKTOP-H5GEA9U with PID 17852 (C:\workspace\ProjectEyes\PMS\bin\main started by iteyes in C:\workspace\ProjectEyes\PMS)
2021-12-15 16:38:05,030 [restartedMain] DEBUG com.iteyes.PmsApplication(logStarting:56) - Running with Spring Boot v2.5.4, Spring v5.3.9
2021-12-15 16:38:05,031 [restartedMain] INFO  com.iteyes.PmsApplication(logStartupProfileInfo:659) - No active profile set, falling back to default profiles: default
2021-12-15 16:38:05,079 [restartedMain] INFO  org.springframework.boot.devtools.env.DevToolsPropertyDefaultsPostProcessor(logTo:255) - Devtools property defaults active! Set 'spring.devtools.add-properties' to 'false' to disable
2021-12-15 16:38:05,080 [restartedMain] INFO  org.springframework.boot.devtools.env.DevToolsPropertyDefaultsPostProcessor(logTo:255) - For additional web related logging consider setting the 'logging.level.web' property to 'DEBUG'
2021-12-15 16:38:06,033 [restartedMain] INFO  org.springframework.context.support.PostProcessorRegistrationDelegate$BeanPostProcessorChecker(postProcessAfterInitialization:376) - Bean 'org.springframework.ws.config.annotation.DelegatingWsConfiguration' of type [org.springframework.ws.config.annotation.DelegatingWsConfiguration$$EnhancerBySpringCGLIB$$9f25a784] is not eligible for getting processed by all BeanPostProcessors (for example: not eligible for auto-proxying)
2021-12-15 16:38:06,064 [restartedMain] INFO  org.springframework.ws.soap.addressing.server.AnnotationActionEndpointMapping(afterPropertiesSet:239) - Supporting [WS-Addressing August 2004, WS-Addressing 1.0]
2021-12-15 16:38:06,325 [restartedMain] INFO  org.springframework.boot.web.embedded.tomcat.TomcatWebServer(initialize:108) - Tomcat initialized with port(s): 8080 (http)
2021-12-15 16:38:06,438 [restartedMain] INFO  org.springframework.boot.web.servlet.context.ServletWebServerApplicationContext(prepareWebApplicationContext:290) - Root WebApplicationContext: initialization completed in 1357 ms
2021-12-15 16:38:06,930 [restartedMain] INFO  org.springframework.boot.autoconfigure.web.servlet.WelcomePageHandlerMapping(<init>:53) - Adding welcome page: class path resource [static/index.html]
2021-12-15 16:38:07,094 [restartedMain] INFO  org.springframework.boot.devtools.autoconfigure.OptionalLiveReloadServer(startServer:58) - LiveReload server is running on port 35729
2021-12-15 16:38:07,145 [restartedMain] INFO  org.springframework.boot.web.embedded.tomcat.TomcatWebServer(start:220) - Tomcat started on port(s): 8080 (http) with context path ''
2021-12-15 16:38:07,156 [restartedMain] INFO  com.iteyes.PmsApplication(logStarted:61) - Started PmsApplication in 2.487 seconds (JVM running for 3.683)
