2021-12-14 15:12:47,835 [restartedMain] INFO  com.iteyes.PmsApplication(logStarting:55) - Starting PmsApplication using Java 16.0.2 on DESKTOP-H5GEA9U with PID 8008 (C:\workspace\ProjectEyes\PMS\bin\main started by iteyes in C:\workspace\ProjectEyes\PMS)
2021-12-14 15:12:47,844 [restartedMain] DEBUG com.iteyes.PmsApplication(logStarting:56) - Running with Spring Boot v2.5.4, Spring v5.3.9
2021-12-14 15:12:47,845 [restartedMain] INFO  com.iteyes.PmsApplication(logStartupProfileInfo:659) - No active profile set, falling back to default profiles: default
2021-12-14 15:12:47,881 [restartedMain] INFO  org.springframework.boot.devtools.env.DevToolsPropertyDefaultsPostProcessor(logTo:255) - Devtools property defaults active! Set 'spring.devtools.add-properties' to 'false' to disable
2021-12-14 15:12:47,882 [restartedMain] INFO  org.springframework.boot.devtools.env.DevToolsPropertyDefaultsPostProcessor(logTo:255) - For additional web related logging consider setting the 'logging.level.web' property to 'DEBUG'
2021-12-14 15:12:48,545 [restartedMain] INFO  org.springframework.context.support.PostProcessorRegistrationDelegate$BeanPostProcessorChecker(postProcessAfterInitialization:376) - Bean 'org.springframework.ws.config.annotation.DelegatingWsConfiguration' of type [org.springframework.ws.config.annotation.DelegatingWsConfiguration$$EnhancerBySpringCGLIB$$d9265671] is not eligible for getting processed by all BeanPostProcessors (for example: not eligible for auto-proxying)
2021-12-14 15:12:48,576 [restartedMain] INFO  org.springframework.ws.soap.addressing.server.AnnotationActionEndpointMapping(afterPropertiesSet:239) - Supporting [WS-Addressing August 2004, WS-Addressing 1.0]
2021-12-14 15:12:48,781 [restartedMain] INFO  org.springframework.boot.web.embedded.tomcat.TomcatWebServer(initialize:108) - Tomcat initialized with port(s): 8080 (http)
2021-12-14 15:12:48,863 [restartedMain] INFO  org.springframework.boot.web.servlet.context.ServletWebServerApplicationContext(prepareWebApplicationContext:290) - Root WebApplicationContext: initialization completed in 981 ms
2021-12-14 15:12:49,235 [restartedMain] INFO  org.springframework.boot.autoconfigure.web.servlet.WelcomePageHandlerMapping(<init>:53) - Adding welcome page: class path resource [static/index.html]
2021-12-14 15:12:49,368 [restartedMain] INFO  org.springframework.boot.devtools.autoconfigure.OptionalLiveReloadServer(startServer:58) - LiveReload server is running on port 35729
2021-12-14 15:12:49,420 [restartedMain] INFO  org.springframework.boot.web.embedded.tomcat.TomcatWebServer(start:220) - Tomcat started on port(s): 8080 (http) with context path ''
2021-12-14 15:12:49,430 [restartedMain] INFO  com.iteyes.PmsApplication(logStarted:61) - Started PmsApplication in 1.871 seconds (JVM running for 2.781)
2021-12-14 15:14:28,812 [restartedMain] INFO  com.iteyes.PmsApplication(logStarting:55) - Starting PmsApplication using Java 16.0.2 on DESKTOP-H5GEA9U with PID 8008 (C:\workspace\ProjectEyes\PMS\bin\main started by iteyes in C:\workspace\ProjectEyes\PMS)
2021-12-14 15:14:28,813 [restartedMain] DEBUG com.iteyes.PmsApplication(logStarting:56) - Running with Spring Boot v2.5.4, Spring v5.3.9
2021-12-14 15:14:28,813 [restartedMain] INFO  com.iteyes.PmsApplication(logStartupProfileInfo:659) - No active profile set, falling back to default profiles: default
2021-12-14 15:14:29,005 [restartedMain] INFO  org.springframework.context.support.PostProcessorRegistrationDelegate$BeanPostProcessorChecker(postProcessAfterInitialization:376) - Bean 'org.springframework.ws.config.annotation.DelegatingWsConfiguration' of type [org.springframework.ws.config.annotation.DelegatingWsConfiguration$$EnhancerBySpringCGLIB$$d9265671] is not eligible for getting processed by all BeanPostProcessors (for example: not eligible for auto-proxying)
2021-12-14 15:14:29,006 [restartedMain] INFO  org.springframework.ws.soap.addressing.server.AnnotationActionEndpointMapping(afterPropertiesSet:239) - Supporting [WS-Addressing August 2004, WS-Addressing 1.0]
2021-12-14 15:14:29,041 [restartedMain] INFO  org.springframework.boot.web.embedded.tomcat.TomcatWebServer(initialize:108) - Tomcat initialized with port(s): 8080 (http)
2021-12-14 15:14:29,061 [restartedMain] INFO  org.springframework.boot.web.servlet.context.ServletWebServerApplicationContext(prepareWebApplicationContext:290) - Root WebApplicationContext: initialization completed in 246 ms
2021-12-14 15:14:29,160 [restartedMain] INFO  org.springframework.boot.autoconfigure.web.servlet.WelcomePageHandlerMapping(<init>:53) - Adding welcome page: class path resource [static/index.html]
2021-12-14 15:14:29,198 [restartedMain] INFO  org.springframework.boot.devtools.autoconfigure.OptionalLiveReloadServer(startServer:58) - LiveReload server is running on port 35729
2021-12-14 15:14:29,208 [restartedMain] INFO  org.springframework.boot.web.embedded.tomcat.TomcatWebServer(start:220) - Tomcat started on port(s): 8080 (http) with context path ''
2021-12-14 15:14:29,210 [restartedMain] INFO  com.iteyes.PmsApplication(logStarted:61) - Started PmsApplication in 0.437 seconds (JVM running for 102.563)
2021-12-14 15:14:29,212 [restartedMain] INFO  org.springframework.boot.devtools.autoconfigure.ConditionEvaluationDeltaLoggingListener(onApplicationEvent:63) - Condition evaluation unchanged
2021-12-14 15:15:01,340 [http-nio-8080-exec-1] INFO  org.springframework.web.servlet.DispatcherServlet(initServletBean:525) - Initializing Servlet 'dispatcherServlet'
2021-12-14 15:15:01,341 [http-nio-8080-exec-1] INFO  org.springframework.web.servlet.DispatcherServlet(initServletBean:547) - Completed initialization in 1 ms
2021-12-14 15:15:01,514 [http-nio-8080-exec-2] DEBUG com.iteyes.mapper.MainMapper.userInfo_0010_01(debug:137) - ==>  Preparing: SELECT * FROM PMS_EMP_INFO WHERE USER_NO = ? AND PWNO = ?
2021-12-14 15:15:01,530 [http-nio-8080-exec-2] DEBUG com.iteyes.mapper.MainMapper.userInfo_0010_01(debug:137) - ==> Parameters: 100(String), 1234(String)
2021-12-14 15:15:01,640 [http-nio-8080-exec-2] ERROR com.iteyes.controller.UserRestController(signin:67) - 로그인 실패
org.springframework.jdbc.BadSqlGrammarException: 
### Error querying database.  Cause: java.sql.SQLSyntaxErrorException: (conn:83) Unknown column 'USER_NO' in 'where clause'
### The error may exist in file [C:\workspace\ProjectEyes\PMS\bin\main\mapper\MainMapper.xml]
### The error may involve com.iteyes.mapper.MainMapper.userInfo_0010_01-Inline
### The error occurred while setting parameters
### SQL: SELECT *        FROM PMS_EMP_INFO      WHERE USER_NO = ?        AND PWNO = ?
### Cause: java.sql.SQLSyntaxErrorException: (conn:83) Unknown column 'USER_NO' in 'where clause'
; bad SQL grammar []; nested exception is java.sql.SQLSyntaxErrorException: (conn:83) Unknown column 'USER_NO' in 'where clause'
	at org.springframework.jdbc.support.SQLErrorCodeSQLExceptionTranslator.doTranslate(SQLErrorCodeSQLExceptionTranslator.java:239) ~[spring-jdbc-5.3.9.jar:5.3.9]
	at org.springframework.jdbc.support.AbstractFallbackSQLExceptionTranslator.translate(AbstractFallbackSQLExceptionTranslator.java:70) ~[spring-jdbc-5.3.9.jar:5.3.9]
	at org.mybatis.spring.MyBatisExceptionTranslator.translateExceptionIfPossible(MyBatisExceptionTranslator.java:91) ~[mybatis-spring-2.0.6.jar:2.0.6]
	at org.mybatis.spring.SqlSessionTemplate$SqlSessionInterceptor.invoke(SqlSessionTemplate.java:441) ~[mybatis-spring-2.0.6.jar:2.0.6]
	at jdk.proxy2.$Proxy76.selectList(Unknown Source) ~[?:?]
	at org.mybatis.spring.SqlSessionTemplate.selectList(SqlSessionTemplate.java:224) ~[mybatis-spring-2.0.6.jar:2.0.6]
	at org.apache.ibatis.binding.MapperMethod.executeForMany(MapperMethod.java:147) ~[mybatis-3.5.7.jar:3.5.7]
	at org.apache.ibatis.binding.MapperMethod.execute(MapperMethod.java:80) ~[mybatis-3.5.7.jar:3.5.7]
	at org.apache.ibatis.binding.MapperProxy$PlainMethodInvoker.invoke(MapperProxy.java:145) ~[mybatis-3.5.7.jar:3.5.7]
	at org.apache.ibatis.binding.MapperProxy.invoke(MapperProxy.java:86) ~[mybatis-3.5.7.jar:3.5.7]
	at jdk.proxy4.$Proxy91.userInfo_0010_01(Unknown Source) ~[?:?]
	at com.iteyes.service.impl.pms.UserServiceImpl.userInfo(UserServiceImpl.java:28) ~[main/:?]
	at com.iteyes.controller.UserRestController.signin(UserRestController.java:50) [main/:?]
	at jdk.internal.reflect.NativeMethodAccessorImpl.invoke0(Native Method) ~[?:?]
	at jdk.internal.reflect.NativeMethodAccessorImpl.invoke(NativeMethodAccessorImpl.java:78) ~[?:?]
	at jdk.internal.reflect.DelegatingMethodAccessorImpl.invoke(DelegatingMethodAccessorImpl.java:43) ~[?:?]
	at java.lang.reflect.Method.invoke(Method.java:567) ~[?:?]
	at org.springframework.web.method.support.InvocableHandlerMethod.doInvoke(InvocableHandlerMethod.java:197) [spring-web-5.3.9.jar:5.3.9]
	at org.springframework.web.method.support.InvocableHandlerMethod.invokeForRequest(InvocableHandlerMethod.java:141) [spring-web-5.3.9.jar:5.3.9]
	at org.springframework.web.servlet.mvc.method.annotation.ServletInvocableHandlerMethod.invokeAndHandle(ServletInvocableHandlerMethod.java:106) [spring-webmvc-5.3.9.jar:5.3.9]
	at org.springframework.web.servlet.mvc.method.annotation.RequestMappingHandlerAdapter.invokeHandlerMethod(RequestMappingHandlerAdapter.java:895) [spring-webmvc-5.3.9.jar:5.3.9]
	at org.springframework.web.servlet.mvc.method.annotation.RequestMappingHandlerAdapter.handleInternal(RequestMappingHandlerAdapter.java:808) [spring-webmvc-5.3.9.jar:5.3.9]
	at org.springframework.web.servlet.mvc.method.AbstractHandlerMethodAdapter.handle(AbstractHandlerMethodAdapter.java:87) [spring-webmvc-5.3.9.jar:5.3.9]
	at org.springframework.web.servlet.DispatcherServlet.doDispatch(DispatcherServlet.java:1064) [spring-webmvc-5.3.9.jar:5.3.9]
	at org.springframework.web.servlet.DispatcherServlet.doService(DispatcherServlet.java:963) [spring-webmvc-5.3.9.jar:5.3.9]
	at org.springframework.web.servlet.FrameworkServlet.processRequest(FrameworkServlet.java:1006) [spring-webmvc-5.3.9.jar:5.3.9]
	at org.springframework.web.servlet.FrameworkServlet.doPost(FrameworkServlet.java:909) [spring-webmvc-5.3.9.jar:5.3.9]
	at javax.servlet.http.HttpServlet.service(HttpServlet.java:681) [tomcat-embed-core-9.0.52.jar:4.0.FR]
	at org.springframework.web.servlet.FrameworkServlet.service(FrameworkServlet.java:883) [spring-webmvc-5.3.9.jar:5.3.9]
	at javax.servlet.http.HttpServlet.service(HttpServlet.java:764) [tomcat-embed-core-9.0.52.jar:4.0.FR]
	at org.apache.catalina.core.ApplicationFilterChain.internalDoFilter(ApplicationFilterChain.java:227) [tomcat-embed-core-9.0.52.jar:9.0.52]
	at org.apache.catalina.core.ApplicationFilterChain.doFilter(ApplicationFilterChain.java:162) [tomcat-embed-core-9.0.52.jar:9.0.52]
	at org.apache.tomcat.websocket.server.WsFilter.doFilter(WsFilter.java:53) [tomcat-embed-websocket-9.0.52.jar:9.0.52]
	at org.apache.catalina.core.ApplicationFilterChain.internalDoFilter(ApplicationFilterChain.java:189) [tomcat-embed-core-9.0.52.jar:9.0.52]
	at org.apache.catalina.core.ApplicationFilterChain.doFilter(ApplicationFilterChain.java:162) [tomcat-embed-core-9.0.52.jar:9.0.52]
	at org.springframework.web.filter.RequestContextFilter.doFilterInternal(RequestContextFilter.java:100) [spring-web-5.3.9.jar:5.3.9]
	at org.springframework.web.filter.OncePerRequestFilter.doFilter(OncePerRequestFilter.java:119) [spring-web-5.3.9.jar:5.3.9]
	at org.apache.catalina.core.ApplicationFilterChain.internalDoFilter(ApplicationFilterChain.java:189) [tomcat-embed-core-9.0.52.jar:9.0.52]
	at org.apache.catalina.core.ApplicationFilterChain.doFilter(ApplicationFilterChain.java:162) [tomcat-embed-core-9.0.52.jar:9.0.52]
	at org.springframework.web.filter.FormContentFilter.doFilterInternal(FormContentFilter.java:93) [spring-web-5.3.9.jar:5.3.9]
	at org.springframework.web.filter.OncePerRequestFilter.doFilter(OncePerRequestFilter.java:119) [spring-web-5.3.9.jar:5.3.9]
	at org.apache.catalina.core.ApplicationFilterChain.internalDoFilter(ApplicationFilterChain.java:189) [tomcat-embed-core-9.0.52.jar:9.0.52]
	at org.apache.catalina.core.ApplicationFilterChain.doFilter(ApplicationFilterChain.java:162) [tomcat-embed-core-9.0.52.jar:9.0.52]
	at org.springframework.web.filter.CharacterEncodingFilter.doFilterInternal(CharacterEncodingFilter.java:201) [spring-web-5.3.9.jar:5.3.9]
	at org.springframework.web.filter.OncePerRequestFilter.doFilter(OncePerRequestFilter.java:119) [spring-web-5.3.9.jar:5.3.9]
	at org.apache.catalina.core.ApplicationFilterChain.internalDoFilter(ApplicationFilterChain.java:189) [tomcat-embed-core-9.0.52.jar:9.0.52]
	at org.apache.catalina.core.ApplicationFilterChain.doFilter(ApplicationFilterChain.java:162) [tomcat-embed-core-9.0.52.jar:9.0.52]
	at org.apache.catalina.core.StandardWrapperValve.invoke(StandardWrapperValve.java:197) [tomcat-embed-core-9.0.52.jar:9.0.52]
	at org.apache.catalina.core.StandardContextValve.invoke(StandardContextValve.java:97) [tomcat-embed-core-9.0.52.jar:9.0.52]
	at org.apache.catalina.authenticator.AuthenticatorBase.invoke(AuthenticatorBase.java:542) [tomcat-embed-core-9.0.52.jar:9.0.52]
	at org.apache.catalina.core.StandardHostValve.invoke(StandardHostValve.java:135) [tomcat-embed-core-9.0.52.jar:9.0.52]
	at org.apache.catalina.valves.ErrorReportValve.invoke(ErrorReportValve.java:92) [tomcat-embed-core-9.0.52.jar:9.0.52]
	at org.apache.catalina.core.StandardEngineValve.invoke(StandardEngineValve.java:78) [tomcat-embed-core-9.0.52.jar:9.0.52]
	at org.apache.catalina.connector.CoyoteAdapter.service(CoyoteAdapter.java:357) [tomcat-embed-core-9.0.52.jar:9.0.52]
	at org.apache.coyote.http11.Http11Processor.service(Http11Processor.java:382) [tomcat-embed-core-9.0.52.jar:9.0.52]
	at org.apache.coyote.AbstractProcessorLight.process(AbstractProcessorLight.java:65) [tomcat-embed-core-9.0.52.jar:9.0.52]
	at org.apache.coyote.AbstractProtocol$ConnectionHandler.process(AbstractProtocol.java:893) [tomcat-embed-core-9.0.52.jar:9.0.52]
	at org.apache.tomcat.util.net.NioEndpoint$SocketProcessor.doRun(NioEndpoint.java:1726) [tomcat-embed-core-9.0.52.jar:9.0.52]
	at org.apache.tomcat.util.net.SocketProcessorBase.run(SocketProcessorBase.java:49) [tomcat-embed-core-9.0.52.jar:9.0.52]
	at org.apache.tomcat.util.threads.ThreadPoolExecutor.runWorker(ThreadPoolExecutor.java:1191) [tomcat-embed-core-9.0.52.jar:9.0.52]
	at org.apache.tomcat.util.threads.ThreadPoolExecutor$Worker.run(ThreadPoolExecutor.java:659) [tomcat-embed-core-9.0.52.jar:9.0.52]
	at org.apache.tomcat.util.threads.TaskThread$WrappingRunnable.run(TaskThread.java:61) [tomcat-embed-core-9.0.52.jar:9.0.52]
	at java.lang.Thread.run(Thread.java:831) [?:?]
Caused by: java.sql.SQLSyntaxErrorException: (conn:83) Unknown column 'USER_NO' in 'where clause'
	at org.mariadb.jdbc.internal.util.exceptions.ExceptionMapper.get(ExceptionMapper.java:158) ~[mariadb-java-client-2.0.3.jar:?]
	at org.mariadb.jdbc.internal.util.exceptions.ExceptionMapper.getException(ExceptionMapper.java:118) ~[mariadb-java-client-2.0.3.jar:?]
	at org.mariadb.jdbc.MariaDbStatement.executeExceptionEpilogue(MariaDbStatement.java:245) ~[mariadb-java-client-2.0.3.jar:?]
	at org.mariadb.jdbc.MariaDbPreparedStatementClient.executeInternal(MariaDbPreparedStatementClient.java:218) ~[mariadb-java-client-2.0.3.jar:?]
	at org.mariadb.jdbc.MariaDbPreparedStatementClient.execute(MariaDbPreparedStatementClient.java:153) ~[mariadb-java-client-2.0.3.jar:?]
	at com.zaxxer.hikari.pool.ProxyPreparedStatement.execute(ProxyPreparedStatement.java:44) ~[HikariCP-4.0.3.jar:?]
	at com.zaxxer.hikari.pool.HikariProxyPreparedStatement.execute(HikariProxyPreparedStatement.java) ~[HikariCP-4.0.3.jar:?]
	at jdk.internal.reflect.NativeMethodAccessorImpl.invoke0(Native Method) ~[?:?]
	at jdk.internal.reflect.NativeMethodAccessorImpl.invoke(NativeMethodAccessorImpl.java:78) ~[?:?]
	at jdk.internal.reflect.DelegatingMethodAccessorImpl.invoke(DelegatingMethodAccessorImpl.java:43) ~[?:?]
	at java.lang.reflect.Method.invoke(Method.java:567) ~[?:?]
	at org.apache.ibatis.logging.jdbc.PreparedStatementLogger.invoke(PreparedStatementLogger.java:59) ~[mybatis-3.5.7.jar:3.5.7]
	at jdk.proxy5.$Proxy96.execute(Unknown Source) ~[?:?]
	at org.apache.ibatis.executor.statement.PreparedStatementHandler.query(PreparedStatementHandler.java:64) ~[mybatis-3.5.7.jar:3.5.7]
	at org.apache.ibatis.executor.statement.RoutingStatementHandler.query(RoutingStatementHandler.java:79) ~[mybatis-3.5.7.jar:3.5.7]
	at org.apache.ibatis.executor.SimpleExecutor.doQuery(SimpleExecutor.java:63) ~[mybatis-3.5.7.jar:3.5.7]
	at org.apache.ibatis.executor.BaseExecutor.queryFromDatabase(BaseExecutor.java:325) ~[mybatis-3.5.7.jar:3.5.7]
	at org.apache.ibatis.executor.BaseExecutor.query(BaseExecutor.java:156) ~[mybatis-3.5.7.jar:3.5.7]
	at org.apache.ibatis.executor.CachingExecutor.query(CachingExecutor.java:109) ~[mybatis-3.5.7.jar:3.5.7]
	at org.apache.ibatis.executor.CachingExecutor.query(CachingExecutor.java:89) ~[mybatis-3.5.7.jar:3.5.7]
	at org.apache.ibatis.session.defaults.DefaultSqlSession.selectList(DefaultSqlSession.java:151) ~[mybatis-3.5.7.jar:3.5.7]
	at org.apache.ibatis.session.defaults.DefaultSqlSession.selectList(DefaultSqlSession.java:145) ~[mybatis-3.5.7.jar:3.5.7]
	at org.apache.ibatis.session.defaults.DefaultSqlSession.selectList(DefaultSqlSession.java:140) ~[mybatis-3.5.7.jar:3.5.7]
	at jdk.internal.reflect.NativeMethodAccessorImpl.invoke0(Native Method) ~[?:?]
	at jdk.internal.reflect.NativeMethodAccessorImpl.invoke(NativeMethodAccessorImpl.java:78) ~[?:?]
	at jdk.internal.reflect.DelegatingMethodAccessorImpl.invoke(DelegatingMethodAccessorImpl.java:43) ~[?:?]
	at java.lang.reflect.Method.invoke(Method.java:567) ~[?:?]
	at org.mybatis.spring.SqlSessionTemplate$SqlSessionInterceptor.invoke(SqlSessionTemplate.java:427) ~[mybatis-spring-2.0.6.jar:2.0.6]
	... 59 more
Caused by: java.sql.SQLException: Unknown column 'USER_NO' in 'where clause'
Query is: SELECT * 
  		  FROM PMS_EMP_INFO
  		 WHERE USER_NO = ?
  		   AND PWNO = ?, parameters ['100','1234']
	at org.mariadb.jdbc.internal.util.LogQueryTool.exceptionWithQuery(LogQueryTool.java:146) ~[mariadb-java-client-2.0.3.jar:?]
	at org.mariadb.jdbc.internal.protocol.AbstractQueryProtocol.executeQuery(AbstractQueryProtocol.java:223) ~[mariadb-java-client-2.0.3.jar:?]
	at org.mariadb.jdbc.MariaDbPreparedStatementClient.executeInternal(MariaDbPreparedStatementClient.java:212) ~[mariadb-java-client-2.0.3.jar:?]
	at org.mariadb.jdbc.MariaDbPreparedStatementClient.execute(MariaDbPreparedStatementClient.java:153) ~[mariadb-java-client-2.0.3.jar:?]
	at com.zaxxer.hikari.pool.ProxyPreparedStatement.execute(ProxyPreparedStatement.java:44) ~[HikariCP-4.0.3.jar:?]
	at com.zaxxer.hikari.pool.HikariProxyPreparedStatement.execute(HikariProxyPreparedStatement.java) ~[HikariCP-4.0.3.jar:?]
	at jdk.internal.reflect.NativeMethodAccessorImpl.invoke0(Native Method) ~[?:?]
	at jdk.internal.reflect.NativeMethodAccessorImpl.invoke(NativeMethodAccessorImpl.java:78) ~[?:?]
	at jdk.internal.reflect.DelegatingMethodAccessorImpl.invoke(DelegatingMethodAccessorImpl.java:43) ~[?:?]
	at java.lang.reflect.Method.invoke(Method.java:567) ~[?:?]
	at org.apache.ibatis.logging.jdbc.PreparedStatementLogger.invoke(PreparedStatementLogger.java:59) ~[mybatis-3.5.7.jar:3.5.7]
	at jdk.proxy5.$Proxy96.execute(Unknown Source) ~[?:?]
	at org.apache.ibatis.executor.statement.PreparedStatementHandler.query(PreparedStatementHandler.java:64) ~[mybatis-3.5.7.jar:3.5.7]
	at org.apache.ibatis.executor.statement.RoutingStatementHandler.query(RoutingStatementHandler.java:79) ~[mybatis-3.5.7.jar:3.5.7]
	at org.apache.ibatis.executor.SimpleExecutor.doQuery(SimpleExecutor.java:63) ~[mybatis-3.5.7.jar:3.5.7]
	at org.apache.ibatis.executor.BaseExecutor.queryFromDatabase(BaseExecutor.java:325) ~[mybatis-3.5.7.jar:3.5.7]
	at org.apache.ibatis.executor.BaseExecutor.query(BaseExecutor.java:156) ~[mybatis-3.5.7.jar:3.5.7]
	at org.apache.ibatis.executor.CachingExecutor.query(CachingExecutor.java:109) ~[mybatis-3.5.7.jar:3.5.7]
	at org.apache.ibatis.executor.CachingExecutor.query(CachingExecutor.java:89) ~[mybatis-3.5.7.jar:3.5.7]
	at org.apache.ibatis.session.defaults.DefaultSqlSession.selectList(DefaultSqlSession.java:151) ~[mybatis-3.5.7.jar:3.5.7]
	at org.apache.ibatis.session.defaults.DefaultSqlSession.selectList(DefaultSqlSession.java:145) ~[mybatis-3.5.7.jar:3.5.7]
	at org.apache.ibatis.session.defaults.DefaultSqlSession.selectList(DefaultSqlSession.java:140) ~[mybatis-3.5.7.jar:3.5.7]
	at jdk.internal.reflect.NativeMethodAccessorImpl.invoke0(Native Method) ~[?:?]
	at jdk.internal.reflect.NativeMethodAccessorImpl.invoke(NativeMethodAccessorImpl.java:78) ~[?:?]
	at jdk.internal.reflect.DelegatingMethodAccessorImpl.invoke(DelegatingMethodAccessorImpl.java:43) ~[?:?]
	at java.lang.reflect.Method.invoke(Method.java:567) ~[?:?]
	at org.mybatis.spring.SqlSessionTemplate$SqlSessionInterceptor.invoke(SqlSessionTemplate.java:427) ~[mybatis-spring-2.0.6.jar:2.0.6]
	... 59 more
2021-12-14 15:19:51,519 [restartedMain] INFO  com.iteyes.PmsApplication(logStarting:55) - Starting PmsApplication using Java 16.0.2 on DESKTOP-H5GEA9U with PID 8008 (C:\workspace\ProjectEyes\PMS\bin\main started by iteyes in C:\workspace\ProjectEyes\PMS)
2021-12-14 15:19:51,520 [restartedMain] DEBUG com.iteyes.PmsApplication(logStarting:56) - Running with Spring Boot v2.5.4, Spring v5.3.9
2021-12-14 15:19:51,520 [restartedMain] INFO  com.iteyes.PmsApplication(logStartupProfileInfo:659) - No active profile set, falling back to default profiles: default
2021-12-14 15:19:51,684 [restartedMain] INFO  org.springframework.context.support.PostProcessorRegistrationDelegate$BeanPostProcessorChecker(postProcessAfterInitialization:376) - Bean 'org.springframework.ws.config.annotation.DelegatingWsConfiguration' of type [org.springframework.ws.config.annotation.DelegatingWsConfiguration$$EnhancerBySpringCGLIB$$d9265671] is not eligible for getting processed by all BeanPostProcessors (for example: not eligible for auto-proxying)
2021-12-14 15:19:51,686 [restartedMain] INFO  org.springframework.ws.soap.addressing.server.AnnotationActionEndpointMapping(afterPropertiesSet:239) - Supporting [WS-Addressing August 2004, WS-Addressing 1.0]
2021-12-14 15:19:51,713 [restartedMain] INFO  org.springframework.boot.web.embedded.tomcat.TomcatWebServer(initialize:108) - Tomcat initialized with port(s): 8080 (http)
2021-12-14 15:19:51,732 [restartedMain] INFO  org.springframework.boot.web.servlet.context.ServletWebServerApplicationContext(prepareWebApplicationContext:290) - Root WebApplicationContext: initialization completed in 210 ms
2021-12-14 15:19:51,819 [restartedMain] INFO  org.springframework.boot.autoconfigure.web.servlet.WelcomePageHandlerMapping(<init>:53) - Adding welcome page: class path resource [static/index.html]
2021-12-14 15:19:51,851 [restartedMain] INFO  org.springframework.boot.devtools.autoconfigure.OptionalLiveReloadServer(startServer:58) - LiveReload server is running on port 35729
2021-12-14 15:19:51,859 [restartedMain] INFO  org.springframework.boot.web.embedded.tomcat.TomcatWebServer(start:220) - Tomcat started on port(s): 8080 (http) with context path ''
2021-12-14 15:19:51,861 [restartedMain] INFO  com.iteyes.PmsApplication(logStarted:61) - Started PmsApplication in 0.376 seconds (JVM running for 425.213)
2021-12-14 15:19:51,862 [restartedMain] INFO  org.springframework.boot.devtools.autoconfigure.ConditionEvaluationDeltaLoggingListener(onApplicationEvent:63) - Condition evaluation unchanged
2021-12-14 15:20:34,461 [restartedMain] INFO  com.iteyes.PmsApplication(logStarting:55) - Starting PmsApplication using Java 16.0.2 on DESKTOP-H5GEA9U with PID 8008 (C:\workspace\ProjectEyes\PMS\bin\main started by iteyes in C:\workspace\ProjectEyes\PMS)
2021-12-14 15:20:34,462 [restartedMain] DEBUG com.iteyes.PmsApplication(logStarting:56) - Running with Spring Boot v2.5.4, Spring v5.3.9
2021-12-14 15:20:34,462 [restartedMain] INFO  com.iteyes.PmsApplication(logStartupProfileInfo:659) - No active profile set, falling back to default profiles: default
2021-12-14 15:20:34,613 [restartedMain] INFO  org.springframework.context.support.PostProcessorRegistrationDelegate$BeanPostProcessorChecker(postProcessAfterInitialization:376) - Bean 'org.springframework.ws.config.annotation.DelegatingWsConfiguration' of type [org.springframework.ws.config.annotation.DelegatingWsConfiguration$$EnhancerBySpringCGLIB$$d9265671] is not eligible for getting processed by all BeanPostProcessors (for example: not eligible for auto-proxying)
2021-12-14 15:20:34,614 [restartedMain] INFO  org.springframework.ws.soap.addressing.server.AnnotationActionEndpointMapping(afterPropertiesSet:239) - Supporting [WS-Addressing August 2004, WS-Addressing 1.0]
2021-12-14 15:20:34,640 [restartedMain] INFO  org.springframework.boot.web.embedded.tomcat.TomcatWebServer(initialize:108) - Tomcat initialized with port(s): 8080 (http)
2021-12-14 15:20:34,660 [restartedMain] INFO  org.springframework.boot.web.servlet.context.ServletWebServerApplicationContext(prepareWebApplicationContext:290) - Root WebApplicationContext: initialization completed in 196 ms
2021-12-14 15:20:34,742 [restartedMain] INFO  org.springframework.boot.autoconfigure.web.servlet.WelcomePageHandlerMapping(<init>:53) - Adding welcome page: class path resource [static/index.html]
2021-12-14 15:20:34,775 [restartedMain] INFO  org.springframework.boot.devtools.autoconfigure.OptionalLiveReloadServer(startServer:58) - LiveReload server is running on port 35729
2021-12-14 15:20:34,782 [restartedMain] INFO  org.springframework.boot.web.embedded.tomcat.TomcatWebServer(start:220) - Tomcat started on port(s): 8080 (http) with context path ''
2021-12-14 15:20:34,785 [restartedMain] INFO  com.iteyes.PmsApplication(logStarted:61) - Started PmsApplication in 0.357 seconds (JVM running for 468.137)
2021-12-14 15:20:34,786 [restartedMain] INFO  org.springframework.boot.devtools.autoconfigure.ConditionEvaluationDeltaLoggingListener(onApplicationEvent:63) - Condition evaluation unchanged
2021-12-14 15:21:13,235 [restartedMain] INFO  com.iteyes.PmsApplication(logStarting:55) - Starting PmsApplication using Java 16.0.2 on DESKTOP-H5GEA9U with PID 8008 (C:\workspace\ProjectEyes\PMS\bin\main started by iteyes in C:\workspace\ProjectEyes\PMS)
2021-12-14 15:21:13,236 [restartedMain] DEBUG com.iteyes.PmsApplication(logStarting:56) - Running with Spring Boot v2.5.4, Spring v5.3.9
2021-12-14 15:21:13,236 [restartedMain] INFO  com.iteyes.PmsApplication(logStartupProfileInfo:659) - No active profile set, falling back to default profiles: default
2021-12-14 15:21:13,385 [restartedMain] INFO  org.springframework.context.support.PostProcessorRegistrationDelegate$BeanPostProcessorChecker(postProcessAfterInitialization:376) - Bean 'org.springframework.ws.config.annotation.DelegatingWsConfiguration' of type [org.springframework.ws.config.annotation.DelegatingWsConfiguration$$EnhancerBySpringCGLIB$$d9265671] is not eligible for getting processed by all BeanPostProcessors (for example: not eligible for auto-proxying)
2021-12-14 15:21:13,387 [restartedMain] INFO  org.springframework.ws.soap.addressing.server.AnnotationActionEndpointMapping(afterPropertiesSet:239) - Supporting [WS-Addressing August 2004, WS-Addressing 1.0]
2021-12-14 15:21:13,412 [restartedMain] INFO  org.springframework.boot.web.embedded.tomcat.TomcatWebServer(initialize:108) - Tomcat initialized with port(s): 8080 (http)
2021-12-14 15:21:13,433 [restartedMain] INFO  org.springframework.boot.web.servlet.context.ServletWebServerApplicationContext(prepareWebApplicationContext:290) - Root WebApplicationContext: initialization completed in 195 ms
2021-12-14 15:21:13,514 [restartedMain] INFO  org.springframework.boot.autoconfigure.web.servlet.WelcomePageHandlerMapping(<init>:53) - Adding welcome page: class path resource [static/index.html]
2021-12-14 15:21:13,546 [restartedMain] INFO  org.springframework.boot.devtools.autoconfigure.OptionalLiveReloadServer(startServer:58) - LiveReload server is running on port 35729
2021-12-14 15:21:13,555 [restartedMain] INFO  org.springframework.boot.web.embedded.tomcat.TomcatWebServer(start:220) - Tomcat started on port(s): 8080 (http) with context path ''
2021-12-14 15:21:13,558 [restartedMain] INFO  com.iteyes.PmsApplication(logStarted:61) - Started PmsApplication in 0.357 seconds (JVM running for 506.91)
2021-12-14 15:21:13,559 [restartedMain] INFO  org.springframework.boot.devtools.autoconfigure.ConditionEvaluationDeltaLoggingListener(onApplicationEvent:63) - Condition evaluation unchanged
2021-12-14 15:21:36,593 [http-nio-8080-exec-1] INFO  org.springframework.web.servlet.DispatcherServlet(initServletBean:525) - Initializing Servlet 'dispatcherServlet'
2021-12-14 15:21:36,594 [http-nio-8080-exec-1] INFO  org.springframework.web.servlet.DispatcherServlet(initServletBean:547) - Completed initialization in 0 ms
2021-12-14 15:21:36,616 [http-nio-8080-exec-1] DEBUG com.iteyes.mapper.MainMapper.userInfo_0010_01(debug:137) - ==>  Preparing: SELECT * FROM PMS_EMP_INFO WHERE EMPNO = ? AND LGN_PWD = ?
2021-12-14 15:21:36,616 [http-nio-8080-exec-1] DEBUG com.iteyes.mapper.MainMapper.userInfo_0010_01(debug:137) - ==> Parameters: 100(String), 1234(String)
2021-12-14 15:21:36,696 [http-nio-8080-exec-1] TRACE com.iteyes.mapper.MainMapper.userInfo_0010_01(trace:143) - <==    Columns: BKUP_ID, PRJT_ID, EMPNO, EMPNM, EMAIL_ADDR, CPNO, LGN_PWD, BZCD, CATN_DCD, AUT_CD, IP_ADDR, PLAN_THW_STDT, PLAN_THW_ENDT, REAL_THW_STDT, REAL_THW_ENDT, OPR_NO, DB_CHG_TS
2021-12-14 15:21:36,696 [http-nio-8080-exec-1] TRACE com.iteyes.mapper.MainMapper.userInfo_0010_01(trace:143) - <==        Row: 0000000000, 1000000001, 100, 황일섭, null, null, 1234, null, 100, 500, null, null, null, null, null, null, null
2021-12-14 15:21:36,698 [http-nio-8080-exec-1] DEBUG com.iteyes.mapper.MainMapper.userInfo_0010_01(debug:137) - <==      Total: 1
2021-12-14 15:21:36,701 [http-nio-8080-exec-1] TRACE com.iteyes.service.JwtService(create:35) - time: 5
2021-12-14 15:21:36,731 [http-nio-8080-exec-1] DEBUG com.iteyes.service.JwtService(create:51) - 토큰 발행: eyJ0eXAiOiJKV1QiLCJhbGciOiJIUzI1NiJ9.eyJzdWIiOiLroZzqt7jsnbjthqDtgbAiLCJleHAiOjE2Mzk0NjMxOTYsIlVzZXIiOnsidXNlcklkIjoiMTAwIiwicGFzc3dvcmQiOiIxMjM0In0sInNlY29uZCI6Iuy2lOqwgOygleuztCJ9.aMycAAWnGuBETIsqUayUesJWJ2ou1JIsK4XDGioIQ5s
2021-12-14 15:22:01,194 [restartedMain] INFO  com.iteyes.PmsApplication(logStarting:55) - Starting PmsApplication using Java 16.0.2 on DESKTOP-H5GEA9U with PID 8008 (C:\workspace\ProjectEyes\PMS\bin\main started by iteyes in C:\workspace\ProjectEyes\PMS)
2021-12-14 15:22:01,194 [restartedMain] DEBUG com.iteyes.PmsApplication(logStarting:56) - Running with Spring Boot v2.5.4, Spring v5.3.9
2021-12-14 15:22:01,195 [restartedMain] INFO  com.iteyes.PmsApplication(logStartupProfileInfo:659) - No active profile set, falling back to default profiles: default
2021-12-14 15:22:01,344 [restartedMain] INFO  org.springframework.context.support.PostProcessorRegistrationDelegate$BeanPostProcessorChecker(postProcessAfterInitialization:376) - Bean 'org.springframework.ws.config.annotation.DelegatingWsConfiguration' of type [org.springframework.ws.config.annotation.DelegatingWsConfiguration$$EnhancerBySpringCGLIB$$d9265671] is not eligible for getting processed by all BeanPostProcessors (for example: not eligible for auto-proxying)
2021-12-14 15:22:01,345 [restartedMain] INFO  org.springframework.ws.soap.addressing.server.AnnotationActionEndpointMapping(afterPropertiesSet:239) - Supporting [WS-Addressing August 2004, WS-Addressing 1.0]
2021-12-14 15:22:01,373 [restartedMain] INFO  org.springframework.boot.web.embedded.tomcat.TomcatWebServer(initialize:108) - Tomcat initialized with port(s): 8080 (http)
2021-12-14 15:22:01,391 [restartedMain] INFO  org.springframework.boot.web.servlet.context.ServletWebServerApplicationContext(prepareWebApplicationContext:290) - Root WebApplicationContext: initialization completed in 194 ms
2021-12-14 15:22:01,472 [restartedMain] INFO  org.springframework.boot.autoconfigure.web.servlet.WelcomePageHandlerMapping(<init>:53) - Adding welcome page: class path resource [static/index.html]
2021-12-14 15:22:01,505 [restartedMain] INFO  org.springframework.boot.devtools.autoconfigure.OptionalLiveReloadServer(startServer:58) - LiveReload server is running on port 35729
2021-12-14 15:22:01,511 [restartedMain] INFO  org.springframework.boot.web.embedded.tomcat.TomcatWebServer(start:220) - Tomcat started on port(s): 8080 (http) with context path ''
2021-12-14 15:22:01,514 [restartedMain] INFO  com.iteyes.PmsApplication(logStarted:61) - Started PmsApplication in 0.352 seconds (JVM running for 554.866)
2021-12-14 15:22:01,515 [restartedMain] INFO  org.springframework.boot.devtools.autoconfigure.ConditionEvaluationDeltaLoggingListener(onApplicationEvent:63) - Condition evaluation unchanged
2021-12-14 15:22:08,887 [http-nio-8080-exec-1] INFO  org.springframework.web.servlet.DispatcherServlet(initServletBean:525) - Initializing Servlet 'dispatcherServlet'
2021-12-14 15:22:08,887 [http-nio-8080-exec-1] INFO  org.springframework.web.servlet.DispatcherServlet(initServletBean:547) - Completed initialization in 0 ms
2021-12-14 15:22:08,916 [http-nio-8080-exec-1] DEBUG com.iteyes.mapper.MainMapper.userInfo_0010_01(debug:137) - ==>  Preparing: SELECT * FROM PMS_EMP_INFO WHERE EMPNO = ? AND LGN_PWD = ?
2021-12-14 15:22:08,917 [http-nio-8080-exec-1] DEBUG com.iteyes.mapper.MainMapper.userInfo_0010_01(debug:137) - ==> Parameters: 100(String), 1234(String)
2021-12-14 15:22:08,930 [http-nio-8080-exec-1] TRACE com.iteyes.mapper.MainMapper.userInfo_0010_01(trace:143) - <==    Columns: BKUP_ID, PRJT_ID, EMPNO, EMPNM, EMAIL_ADDR, CPNO, LGN_PWD, BZCD, CATN_DCD, AUT_CD, IP_ADDR, PLAN_THW_STDT, PLAN_THW_ENDT, REAL_THW_STDT, REAL_THW_ENDT, OPR_NO, DB_CHG_TS
2021-12-14 15:22:08,930 [http-nio-8080-exec-1] TRACE com.iteyes.mapper.MainMapper.userInfo_0010_01(trace:143) - <==        Row: 0000000000, 1000000001, 100, 황일섭, null, null, 1234, null, 100, 500, null, null, null, null, null, null, null
2021-12-14 15:22:08,930 [http-nio-8080-exec-1] DEBUG com.iteyes.mapper.MainMapper.userInfo_0010_01(debug:137) - <==      Total: 1
2021-12-14 15:22:08,930 [http-nio-8080-exec-1] TRACE com.iteyes.service.JwtService(create:35) - time: 5
2021-12-14 15:22:08,932 [http-nio-8080-exec-1] DEBUG com.iteyes.service.JwtService(create:51) - 토큰 발행: eyJ0eXAiOiJKV1QiLCJhbGciOiJIUzI1NiJ9.eyJzdWIiOiLroZzqt7jsnbjthqDtgbAiLCJleHAiOjE2Mzk0NjMyMjgsIlVzZXIiOnsidXNlcklkIjoiMTAwIiwicGFzc3dvcmQiOiIxMjM0In0sInNlY29uZCI6Iuy2lOqwgOygleuztCJ9.OL6d1LGvSWgftQK1fjlp4-74LT_GrOs4URjANAqpaZM
2021-12-14 15:22:52,804 [http-nio-8080-exec-2] DEBUG com.iteyes.mapper.MainMapper.userInfo_0010_01(debug:137) - ==>  Preparing: SELECT * FROM PMS_EMP_INFO WHERE EMPNO = ? AND LGN_PWD = ?
2021-12-14 15:22:52,805 [http-nio-8080-exec-2] DEBUG com.iteyes.mapper.MainMapper.userInfo_0010_01(debug:137) - ==> Parameters: 100(String), 1234(String)
2021-12-14 15:22:52,808 [http-nio-8080-exec-2] TRACE com.iteyes.mapper.MainMapper.userInfo_0010_01(trace:143) - <==    Columns: BKUP_ID, PRJT_ID, EMPNO, EMPNM, EMAIL_ADDR, CPNO, LGN_PWD, BZCD, CATN_DCD, AUT_CD, IP_ADDR, PLAN_THW_STDT, PLAN_THW_ENDT, REAL_THW_STDT, REAL_THW_ENDT, OPR_NO, DB_CHG_TS
2021-12-14 15:22:52,809 [http-nio-8080-exec-2] TRACE com.iteyes.mapper.MainMapper.userInfo_0010_01(trace:143) - <==        Row: 0000000000, 1000000001, 100, 황일섭, null, null, 1234, null, 100, 500, null, null, null, null, null, null, null
2021-12-14 15:22:52,809 [http-nio-8080-exec-2] DEBUG com.iteyes.mapper.MainMapper.userInfo_0010_01(debug:137) - <==      Total: 1
2021-12-14 15:22:52,809 [http-nio-8080-exec-2] TRACE com.iteyes.service.JwtService(create:35) - time: 5
2021-12-14 15:22:52,810 [http-nio-8080-exec-2] DEBUG com.iteyes.service.JwtService(create:51) - 토큰 발행: eyJ0eXAiOiJKV1QiLCJhbGciOiJIUzI1NiJ9.eyJzdWIiOiLroZzqt7jsnbjthqDtgbAiLCJleHAiOjE2Mzk0NjMyNzIsIlVzZXIiOnsidXNlcklkIjoiMTAwIiwicGFzc3dvcmQiOiIxMjM0In0sInNlY29uZCI6Iuy2lOqwgOygleuztCJ9.wJN_Hl8kGUtcgHeYXVNrtga3BJ8YeF6waAJq7ex8kag
2021-12-14 15:22:55,098 [http-nio-8080-exec-3] DEBUG com.iteyes.mapper.MainMapper.userInfo_0010_01(debug:137) - ==>  Preparing: SELECT * FROM PMS_EMP_INFO WHERE EMPNO = ? AND LGN_PWD = ?
2021-12-14 15:22:55,098 [http-nio-8080-exec-3] DEBUG com.iteyes.mapper.MainMapper.userInfo_0010_01(debug:137) - ==> Parameters: 100(String), 1234(String)
2021-12-14 15:22:55,102 [http-nio-8080-exec-3] TRACE com.iteyes.mapper.MainMapper.userInfo_0010_01(trace:143) - <==    Columns: BKUP_ID, PRJT_ID, EMPNO, EMPNM, EMAIL_ADDR, CPNO, LGN_PWD, BZCD, CATN_DCD, AUT_CD, IP_ADDR, PLAN_THW_STDT, PLAN_THW_ENDT, REAL_THW_STDT, REAL_THW_ENDT, OPR_NO, DB_CHG_TS
2021-12-14 15:22:55,102 [http-nio-8080-exec-3] TRACE com.iteyes.mapper.MainMapper.userInfo_0010_01(trace:143) - <==        Row: 0000000000, 1000000001, 100, 황일섭, null, null, 1234, null, 100, 500, null, null, null, null, null, null, null
2021-12-14 15:22:55,103 [http-nio-8080-exec-3] DEBUG com.iteyes.mapper.MainMapper.userInfo_0010_01(debug:137) - <==      Total: 1
2021-12-14 15:22:55,103 [http-nio-8080-exec-3] TRACE com.iteyes.service.JwtService(create:35) - time: 5
2021-12-14 15:22:55,104 [http-nio-8080-exec-3] DEBUG com.iteyes.service.JwtService(create:51) - 토큰 발행: eyJ0eXAiOiJKV1QiLCJhbGciOiJIUzI1NiJ9.eyJzdWIiOiLroZzqt7jsnbjthqDtgbAiLCJleHAiOjE2Mzk0NjMyNzUsIlVzZXIiOnsidXNlcklkIjoiMTAwIiwicGFzc3dvcmQiOiIxMjM0In0sInNlY29uZCI6Iuy2lOqwgOygleuztCJ9.LhG-NM1_AL77WZ7Y7miRTzztOmu9mqglK5fIa3zW82c
2021-12-14 15:23:01,092 [http-nio-8080-exec-4] DEBUG com.iteyes.mapper.MainMapper.userInfo_0010_01(debug:137) - ==>  Preparing: SELECT * FROM PMS_EMP_INFO WHERE EMPNO = ? AND LGN_PWD = ?
2021-12-14 15:23:01,092 [http-nio-8080-exec-4] DEBUG com.iteyes.mapper.MainMapper.userInfo_0010_01(debug:137) - ==> Parameters: 100(String), 1234(String)
2021-12-14 15:23:01,096 [http-nio-8080-exec-4] TRACE com.iteyes.mapper.MainMapper.userInfo_0010_01(trace:143) - <==    Columns: BKUP_ID, PRJT_ID, EMPNO, EMPNM, EMAIL_ADDR, CPNO, LGN_PWD, BZCD, CATN_DCD, AUT_CD, IP_ADDR, PLAN_THW_STDT, PLAN_THW_ENDT, REAL_THW_STDT, REAL_THW_ENDT, OPR_NO, DB_CHG_TS
2021-12-14 15:23:01,096 [http-nio-8080-exec-4] TRACE com.iteyes.mapper.MainMapper.userInfo_0010_01(trace:143) - <==        Row: 0000000000, 1000000001, 100, 황일섭, null, null, 1234, null, 100, 500, null, null, null, null, null, null, null
2021-12-14 15:23:01,096 [http-nio-8080-exec-4] DEBUG com.iteyes.mapper.MainMapper.userInfo_0010_01(debug:137) - <==      Total: 1
2021-12-14 15:23:01,096 [http-nio-8080-exec-4] TRACE com.iteyes.service.JwtService(create:35) - time: 5
2021-12-14 15:23:01,097 [http-nio-8080-exec-4] DEBUG com.iteyes.service.JwtService(create:51) - 토큰 발행: eyJ0eXAiOiJKV1QiLCJhbGciOiJIUzI1NiJ9.eyJzdWIiOiLroZzqt7jsnbjthqDtgbAiLCJleHAiOjE2Mzk0NjMyODEsIlVzZXIiOnsidXNlcklkIjoiMTAwIiwicGFzc3dvcmQiOiIxMjM0In0sInNlY29uZCI6Iuy2lOqwgOygleuztCJ9.dDItJ1WXmz2QWBOirYvEx0v75j_-jYmNeORFFcbboxo
2021-12-14 15:35:27,499 [http-nio-8080-exec-7] DEBUG com.iteyes.controller.MainController(loginResult:35) - ## loginResult 
2021-12-14 15:35:27,499 [http-nio-8080-exec-7] DEBUG com.iteyes.controller.MainController(loginResult:36) - ## request :: null
2021-12-14 15:35:27,499 [http-nio-8080-exec-7] DEBUG com.iteyes.controller.MainController(loginResult:37) - ## request :: null
2021-12-14 15:36:42,416 [http-nio-8080-exec-9] DEBUG com.iteyes.controller.MainController(loginResult:35) - ## loginResult 
2021-12-14 15:36:42,416 [http-nio-8080-exec-9] DEBUG com.iteyes.controller.MainController(loginResult:36) - ## request :: null
2021-12-14 15:36:42,417 [http-nio-8080-exec-9] DEBUG com.iteyes.controller.MainController(loginResult:37) - ## request :: null
2021-12-14 15:38:58,594 [http-nio-8080-exec-1] DEBUG com.iteyes.mapper.MainMapper.userInfo_0010_01(debug:137) - ==>  Preparing: SELECT * FROM PMS_EMP_INFO WHERE EMPNO = ? AND LGN_PWD = ?
2021-12-14 15:38:58,594 [http-nio-8080-exec-1] DEBUG com.iteyes.mapper.MainMapper.userInfo_0010_01(debug:137) - ==> Parameters: 100(String), 1234(String)
2021-12-14 15:38:58,598 [http-nio-8080-exec-1] TRACE com.iteyes.mapper.MainMapper.userInfo_0010_01(trace:143) - <==    Columns: BKUP_ID, PRJT_ID, EMPNO, EMPNM, EMAIL_ADDR, CPNO, LGN_PWD, BZCD, CATN_DCD, AUT_CD, IP_ADDR, PLAN_THW_STDT, PLAN_THW_ENDT, REAL_THW_STDT, REAL_THW_ENDT, OPR_NO, DB_CHG_TS
2021-12-14 15:38:58,598 [http-nio-8080-exec-1] TRACE com.iteyes.mapper.MainMapper.userInfo_0010_01(trace:143) - <==        Row: 0000000000, 1000000001, 100, 황일섭, null, null, 1234, null, 100, 500, null, null, null, null, null, null, null
2021-12-14 15:38:58,599 [http-nio-8080-exec-1] DEBUG com.iteyes.mapper.MainMapper.userInfo_0010_01(debug:137) - <==      Total: 1
2021-12-14 15:38:58,599 [http-nio-8080-exec-1] TRACE com.iteyes.service.JwtService(create:35) - time: 5
2021-12-14 15:38:58,600 [http-nio-8080-exec-1] DEBUG com.iteyes.service.JwtService(create:51) - 토큰 발행: eyJ0eXAiOiJKV1QiLCJhbGciOiJIUzI1NiJ9.eyJzdWIiOiLroZzqt7jsnbjthqDtgbAiLCJleHAiOjE2Mzk0NjQyMzgsIlVzZXIiOnsidXNlcklkIjoiMTAwIiwicGFzc3dvcmQiOiIxMjM0In0sInNlY29uZCI6Iuy2lOqwgOygleuztCJ9.FcFOtLrj-xYBr5BnSbPkY7YKpO6Q7M7ZI2lPFiSSO10
2021-12-14 15:39:39,555 [http-nio-8080-exec-2] DEBUG com.iteyes.mapper.MainMapper.userInfo_0010_01(debug:137) - ==>  Preparing: SELECT * FROM PMS_EMP_INFO WHERE EMPNO = ? AND LGN_PWD = ?
2021-12-14 15:39:39,557 [http-nio-8080-exec-2] DEBUG com.iteyes.mapper.MainMapper.userInfo_0010_01(debug:137) - ==> Parameters: 100111(String), 1234(String)
2021-12-14 15:39:39,561 [http-nio-8080-exec-2] DEBUG com.iteyes.mapper.MainMapper.userInfo_0010_01(debug:137) - <==      Total: 0
2021-12-14 15:39:39,561 [http-nio-8080-exec-2] ERROR com.iteyes.controller.UserRestController(signin:67) - 로그인 실패
java.lang.RuntimeException: 사용자가 없습니다
	at com.iteyes.service.impl.pms.UserServiceImpl.signin(UserServiceImpl.java:40) ~[main/:?]
	at com.iteyes.controller.UserRestController.signin(UserRestController.java:53) [main/:?]
	at jdk.internal.reflect.NativeMethodAccessorImpl.invoke0(Native Method) ~[?:?]
	at jdk.internal.reflect.NativeMethodAccessorImpl.invoke(NativeMethodAccessorImpl.java:78) ~[?:?]
	at jdk.internal.reflect.DelegatingMethodAccessorImpl.invoke(DelegatingMethodAccessorImpl.java:43) ~[?:?]
	at java.lang.reflect.Method.invoke(Method.java:567) ~[?:?]
	at org.springframework.web.method.support.InvocableHandlerMethod.doInvoke(InvocableHandlerMethod.java:197) [spring-web-5.3.9.jar:5.3.9]
	at org.springframework.web.method.support.InvocableHandlerMethod.invokeForRequest(InvocableHandlerMethod.java:141) [spring-web-5.3.9.jar:5.3.9]
	at org.springframework.web.servlet.mvc.method.annotation.ServletInvocableHandlerMethod.invokeAndHandle(ServletInvocableHandlerMethod.java:106) [spring-webmvc-5.3.9.jar:5.3.9]
	at org.springframework.web.servlet.mvc.method.annotation.RequestMappingHandlerAdapter.invokeHandlerMethod(RequestMappingHandlerAdapter.java:895) [spring-webmvc-5.3.9.jar:5.3.9]
	at org.springframework.web.servlet.mvc.method.annotation.RequestMappingHandlerAdapter.handleInternal(RequestMappingHandlerAdapter.java:808) [spring-webmvc-5.3.9.jar:5.3.9]
	at org.springframework.web.servlet.mvc.method.AbstractHandlerMethodAdapter.handle(AbstractHandlerMethodAdapter.java:87) [spring-webmvc-5.3.9.jar:5.3.9]
	at org.springframework.web.servlet.DispatcherServlet.doDispatch(DispatcherServlet.java:1064) [spring-webmvc-5.3.9.jar:5.3.9]
	at org.springframework.web.servlet.DispatcherServlet.doService(DispatcherServlet.java:963) [spring-webmvc-5.3.9.jar:5.3.9]
	at org.springframework.web.servlet.FrameworkServlet.processRequest(FrameworkServlet.java:1006) [spring-webmvc-5.3.9.jar:5.3.9]
	at org.springframework.web.servlet.FrameworkServlet.doPost(FrameworkServlet.java:909) [spring-webmvc-5.3.9.jar:5.3.9]
	at javax.servlet.http.HttpServlet.service(HttpServlet.java:681) [tomcat-embed-core-9.0.52.jar:4.0.FR]
	at org.springframework.web.servlet.FrameworkServlet.service(FrameworkServlet.java:883) [spring-webmvc-5.3.9.jar:5.3.9]
	at javax.servlet.http.HttpServlet.service(HttpServlet.java:764) [tomcat-embed-core-9.0.52.jar:4.0.FR]
	at org.apache.catalina.core.ApplicationFilterChain.internalDoFilter(ApplicationFilterChain.java:227) [tomcat-embed-core-9.0.52.jar:9.0.52]
	at org.apache.catalina.core.ApplicationFilterChain.doFilter(ApplicationFilterChain.java:162) [tomcat-embed-core-9.0.52.jar:9.0.52]
	at org.apache.tomcat.websocket.server.WsFilter.doFilter(WsFilter.java:53) [tomcat-embed-websocket-9.0.52.jar:9.0.52]
	at org.apache.catalina.core.ApplicationFilterChain.internalDoFilter(ApplicationFilterChain.java:189) [tomcat-embed-core-9.0.52.jar:9.0.52]
	at org.apache.catalina.core.ApplicationFilterChain.doFilter(ApplicationFilterChain.java:162) [tomcat-embed-core-9.0.52.jar:9.0.52]
	at org.springframework.web.filter.RequestContextFilter.doFilterInternal(RequestContextFilter.java:100) [spring-web-5.3.9.jar:5.3.9]
	at org.springframework.web.filter.OncePerRequestFilter.doFilter(OncePerRequestFilter.java:119) [spring-web-5.3.9.jar:5.3.9]
	at org.apache.catalina.core.ApplicationFilterChain.internalDoFilter(ApplicationFilterChain.java:189) [tomcat-embed-core-9.0.52.jar:9.0.52]
	at org.apache.catalina.core.ApplicationFilterChain.doFilter(ApplicationFilterChain.java:162) [tomcat-embed-core-9.0.52.jar:9.0.52]
	at org.springframework.web.filter.FormContentFilter.doFilterInternal(FormContentFilter.java:93) [spring-web-5.3.9.jar:5.3.9]
	at org.springframework.web.filter.OncePerRequestFilter.doFilter(OncePerRequestFilter.java:119) [spring-web-5.3.9.jar:5.3.9]
	at org.apache.catalina.core.ApplicationFilterChain.internalDoFilter(ApplicationFilterChain.java:189) [tomcat-embed-core-9.0.52.jar:9.0.52]
	at org.apache.catalina.core.ApplicationFilterChain.doFilter(ApplicationFilterChain.java:162) [tomcat-embed-core-9.0.52.jar:9.0.52]
	at org.springframework.web.filter.CharacterEncodingFilter.doFilterInternal(CharacterEncodingFilter.java:201) [spring-web-5.3.9.jar:5.3.9]
	at org.springframework.web.filter.OncePerRequestFilter.doFilter(OncePerRequestFilter.java:119) [spring-web-5.3.9.jar:5.3.9]
	at org.apache.catalina.core.ApplicationFilterChain.internalDoFilter(ApplicationFilterChain.java:189) [tomcat-embed-core-9.0.52.jar:9.0.52]
	at org.apache.catalina.core.ApplicationFilterChain.doFilter(ApplicationFilterChain.java:162) [tomcat-embed-core-9.0.52.jar:9.0.52]
	at org.apache.catalina.core.StandardWrapperValve.invoke(StandardWrapperValve.java:197) [tomcat-embed-core-9.0.52.jar:9.0.52]
	at org.apache.catalina.core.StandardContextValve.invoke(StandardContextValve.java:97) [tomcat-embed-core-9.0.52.jar:9.0.52]
	at org.apache.catalina.authenticator.AuthenticatorBase.invoke(AuthenticatorBase.java:542) [tomcat-embed-core-9.0.52.jar:9.0.52]
	at org.apache.catalina.core.StandardHostValve.invoke(StandardHostValve.java:135) [tomcat-embed-core-9.0.52.jar:9.0.52]
	at org.apache.catalina.valves.ErrorReportValve.invoke(ErrorReportValve.java:92) [tomcat-embed-core-9.0.52.jar:9.0.52]
	at org.apache.catalina.core.StandardEngineValve.invoke(StandardEngineValve.java:78) [tomcat-embed-core-9.0.52.jar:9.0.52]
	at org.apache.catalina.connector.CoyoteAdapter.service(CoyoteAdapter.java:357) [tomcat-embed-core-9.0.52.jar:9.0.52]
	at org.apache.coyote.http11.Http11Processor.service(Http11Processor.java:382) [tomcat-embed-core-9.0.52.jar:9.0.52]
	at org.apache.coyote.AbstractProcessorLight.process(AbstractProcessorLight.java:65) [tomcat-embed-core-9.0.52.jar:9.0.52]
	at org.apache.coyote.AbstractProtocol$ConnectionHandler.process(AbstractProtocol.java:893) [tomcat-embed-core-9.0.52.jar:9.0.52]
	at org.apache.tomcat.util.net.NioEndpoint$SocketProcessor.doRun(NioEndpoint.java:1726) [tomcat-embed-core-9.0.52.jar:9.0.52]
	at org.apache.tomcat.util.net.SocketProcessorBase.run(SocketProcessorBase.java:49) [tomcat-embed-core-9.0.52.jar:9.0.52]
	at org.apache.tomcat.util.threads.ThreadPoolExecutor.runWorker(ThreadPoolExecutor.java:1191) [tomcat-embed-core-9.0.52.jar:9.0.52]
	at org.apache.tomcat.util.threads.ThreadPoolExecutor$Worker.run(ThreadPoolExecutor.java:659) [tomcat-embed-core-9.0.52.jar:9.0.52]
	at org.apache.tomcat.util.threads.TaskThread$WrappingRunnable.run(TaskThread.java:61) [tomcat-embed-core-9.0.52.jar:9.0.52]
	at java.lang.Thread.run(Thread.java:831) [?:?]
2021-12-14 15:39:55,202 [http-nio-8080-exec-3] DEBUG com.iteyes.mapper.MainMapper.userInfo_0010_01(debug:137) - ==>  Preparing: SELECT * FROM PMS_EMP_INFO WHERE EMPNO = ? AND LGN_PWD = ?
2021-12-14 15:39:55,202 [http-nio-8080-exec-3] DEBUG com.iteyes.mapper.MainMapper.userInfo_0010_01(debug:137) - ==> Parameters: fasdf(String), sadf(String)
2021-12-14 15:39:55,206 [http-nio-8080-exec-3] DEBUG com.iteyes.mapper.MainMapper.userInfo_0010_01(debug:137) - <==      Total: 0
2021-12-14 15:39:55,206 [http-nio-8080-exec-3] ERROR com.iteyes.controller.UserRestController(signin:67) - 로그인 실패
java.lang.RuntimeException: 사용자가 없습니다
	at com.iteyes.service.impl.pms.UserServiceImpl.signin(UserServiceImpl.java:40) ~[main/:?]
	at com.iteyes.controller.UserRestController.signin(UserRestController.java:53) [main/:?]
	at jdk.internal.reflect.NativeMethodAccessorImpl.invoke0(Native Method) ~[?:?]
	at jdk.internal.reflect.NativeMethodAccessorImpl.invoke(NativeMethodAccessorImpl.java:78) ~[?:?]
	at jdk.internal.reflect.DelegatingMethodAccessorImpl.invoke(DelegatingMethodAccessorImpl.java:43) ~[?:?]
	at java.lang.reflect.Method.invoke(Method.java:567) ~[?:?]
	at org.springframework.web.method.support.InvocableHandlerMethod.doInvoke(InvocableHandlerMethod.java:197) [spring-web-5.3.9.jar:5.3.9]
	at org.springframework.web.method.support.InvocableHandlerMethod.invokeForRequest(InvocableHandlerMethod.java:141) [spring-web-5.3.9.jar:5.3.9]
	at org.springframework.web.servlet.mvc.method.annotation.ServletInvocableHandlerMethod.invokeAndHandle(ServletInvocableHandlerMethod.java:106) [spring-webmvc-5.3.9.jar:5.3.9]
	at org.springframework.web.servlet.mvc.method.annotation.RequestMappingHandlerAdapter.invokeHandlerMethod(RequestMappingHandlerAdapter.java:895) [spring-webmvc-5.3.9.jar:5.3.9]
	at org.springframework.web.servlet.mvc.method.annotation.RequestMappingHandlerAdapter.handleInternal(RequestMappingHandlerAdapter.java:808) [spring-webmvc-5.3.9.jar:5.3.9]
	at org.springframework.web.servlet.mvc.method.AbstractHandlerMethodAdapter.handle(AbstractHandlerMethodAdapter.java:87) [spring-webmvc-5.3.9.jar:5.3.9]
	at org.springframework.web.servlet.DispatcherServlet.doDispatch(DispatcherServlet.java:1064) [spring-webmvc-5.3.9.jar:5.3.9]
	at org.springframework.web.servlet.DispatcherServlet.doService(DispatcherServlet.java:963) [spring-webmvc-5.3.9.jar:5.3.9]
	at org.springframework.web.servlet.FrameworkServlet.processRequest(FrameworkServlet.java:1006) [spring-webmvc-5.3.9.jar:5.3.9]
	at org.springframework.web.servlet.FrameworkServlet.doPost(FrameworkServlet.java:909) [spring-webmvc-5.3.9.jar:5.3.9]
	at javax.servlet.http.HttpServlet.service(HttpServlet.java:681) [tomcat-embed-core-9.0.52.jar:4.0.FR]
	at org.springframework.web.servlet.FrameworkServlet.service(FrameworkServlet.java:883) [spring-webmvc-5.3.9.jar:5.3.9]
	at javax.servlet.http.HttpServlet.service(HttpServlet.java:764) [tomcat-embed-core-9.0.52.jar:4.0.FR]
	at org.apache.catalina.core.ApplicationFilterChain.internalDoFilter(ApplicationFilterChain.java:227) [tomcat-embed-core-9.0.52.jar:9.0.52]
	at org.apache.catalina.core.ApplicationFilterChain.doFilter(ApplicationFilterChain.java:162) [tomcat-embed-core-9.0.52.jar:9.0.52]
	at org.apache.tomcat.websocket.server.WsFilter.doFilter(WsFilter.java:53) [tomcat-embed-websocket-9.0.52.jar:9.0.52]
	at org.apache.catalina.core.ApplicationFilterChain.internalDoFilter(ApplicationFilterChain.java:189) [tomcat-embed-core-9.0.52.jar:9.0.52]
	at org.apache.catalina.core.ApplicationFilterChain.doFilter(ApplicationFilterChain.java:162) [tomcat-embed-core-9.0.52.jar:9.0.52]
	at org.springframework.web.filter.RequestContextFilter.doFilterInternal(RequestContextFilter.java:100) [spring-web-5.3.9.jar:5.3.9]
	at org.springframework.web.filter.OncePerRequestFilter.doFilter(OncePerRequestFilter.java:119) [spring-web-5.3.9.jar:5.3.9]
	at org.apache.catalina.core.ApplicationFilterChain.internalDoFilter(ApplicationFilterChain.java:189) [tomcat-embed-core-9.0.52.jar:9.0.52]
	at org.apache.catalina.core.ApplicationFilterChain.doFilter(ApplicationFilterChain.java:162) [tomcat-embed-core-9.0.52.jar:9.0.52]
	at org.springframework.web.filter.FormContentFilter.doFilterInternal(FormContentFilter.java:93) [spring-web-5.3.9.jar:5.3.9]
	at org.springframework.web.filter.OncePerRequestFilter.doFilter(OncePerRequestFilter.java:119) [spring-web-5.3.9.jar:5.3.9]
	at org.apache.catalina.core.ApplicationFilterChain.internalDoFilter(ApplicationFilterChain.java:189) [tomcat-embed-core-9.0.52.jar:9.0.52]
	at org.apache.catalina.core.ApplicationFilterChain.doFilter(ApplicationFilterChain.java:162) [tomcat-embed-core-9.0.52.jar:9.0.52]
	at org.springframework.web.filter.CharacterEncodingFilter.doFilterInternal(CharacterEncodingFilter.java:201) [spring-web-5.3.9.jar:5.3.9]
	at org.springframework.web.filter.OncePerRequestFilter.doFilter(OncePerRequestFilter.java:119) [spring-web-5.3.9.jar:5.3.9]
	at org.apache.catalina.core.ApplicationFilterChain.internalDoFilter(ApplicationFilterChain.java:189) [tomcat-embed-core-9.0.52.jar:9.0.52]
	at org.apache.catalina.core.ApplicationFilterChain.doFilter(ApplicationFilterChain.java:162) [tomcat-embed-core-9.0.52.jar:9.0.52]
	at org.apache.catalina.core.StandardWrapperValve.invoke(StandardWrapperValve.java:197) [tomcat-embed-core-9.0.52.jar:9.0.52]
	at org.apache.catalina.core.StandardContextValve.invoke(StandardContextValve.java:97) [tomcat-embed-core-9.0.52.jar:9.0.52]
	at org.apache.catalina.authenticator.AuthenticatorBase.invoke(AuthenticatorBase.java:542) [tomcat-embed-core-9.0.52.jar:9.0.52]
	at org.apache.catalina.core.StandardHostValve.invoke(StandardHostValve.java:135) [tomcat-embed-core-9.0.52.jar:9.0.52]
	at org.apache.catalina.valves.ErrorReportValve.invoke(ErrorReportValve.java:92) [tomcat-embed-core-9.0.52.jar:9.0.52]
	at org.apache.catalina.core.StandardEngineValve.invoke(StandardEngineValve.java:78) [tomcat-embed-core-9.0.52.jar:9.0.52]
	at org.apache.catalina.connector.CoyoteAdapter.service(CoyoteAdapter.java:357) [tomcat-embed-core-9.0.52.jar:9.0.52]
	at org.apache.coyote.http11.Http11Processor.service(Http11Processor.java:382) [tomcat-embed-core-9.0.52.jar:9.0.52]
	at org.apache.coyote.AbstractProcessorLight.process(AbstractProcessorLight.java:65) [tomcat-embed-core-9.0.52.jar:9.0.52]
	at org.apache.coyote.AbstractProtocol$ConnectionHandler.process(AbstractProtocol.java:893) [tomcat-embed-core-9.0.52.jar:9.0.52]
	at org.apache.tomcat.util.net.NioEndpoint$SocketProcessor.doRun(NioEndpoint.java:1726) [tomcat-embed-core-9.0.52.jar:9.0.52]
	at org.apache.tomcat.util.net.SocketProcessorBase.run(SocketProcessorBase.java:49) [tomcat-embed-core-9.0.52.jar:9.0.52]
	at org.apache.tomcat.util.threads.ThreadPoolExecutor.runWorker(ThreadPoolExecutor.java:1191) [tomcat-embed-core-9.0.52.jar:9.0.52]
	at org.apache.tomcat.util.threads.ThreadPoolExecutor$Worker.run(ThreadPoolExecutor.java:659) [tomcat-embed-core-9.0.52.jar:9.0.52]
	at org.apache.tomcat.util.threads.TaskThread$WrappingRunnable.run(TaskThread.java:61) [tomcat-embed-core-9.0.52.jar:9.0.52]
	at java.lang.Thread.run(Thread.java:831) [?:?]
2021-12-14 15:40:28,581 [http-nio-8080-exec-4] DEBUG com.iteyes.mapper.MainMapper.userInfo_0010_01(debug:137) - ==>  Preparing: SELECT * FROM PMS_EMP_INFO WHERE EMPNO = ? AND LGN_PWD = ?
2021-12-14 15:40:28,582 [http-nio-8080-exec-4] DEBUG com.iteyes.mapper.MainMapper.userInfo_0010_01(debug:137) - ==> Parameters: 100(String), 1234(String)
2021-12-14 15:40:28,588 [http-nio-8080-exec-4] TRACE com.iteyes.mapper.MainMapper.userInfo_0010_01(trace:143) - <==    Columns: BKUP_ID, PRJT_ID, EMPNO, EMPNM, EMAIL_ADDR, CPNO, LGN_PWD, BZCD, CATN_DCD, AUT_CD, IP_ADDR, PLAN_THW_STDT, PLAN_THW_ENDT, REAL_THW_STDT, REAL_THW_ENDT, OPR_NO, DB_CHG_TS
2021-12-14 15:40:28,589 [http-nio-8080-exec-4] TRACE com.iteyes.mapper.MainMapper.userInfo_0010_01(trace:143) - <==        Row: 0000000000, 1000000001, 100, 황일섭, null, null, 1234, null, 100, 500, null, null, null, null, null, null, null
2021-12-14 15:40:28,590 [http-nio-8080-exec-4] DEBUG com.iteyes.mapper.MainMapper.userInfo_0010_01(debug:137) - <==      Total: 1
2021-12-14 15:40:28,590 [http-nio-8080-exec-4] TRACE com.iteyes.service.JwtService(create:35) - time: 5
2021-12-14 15:40:28,590 [http-nio-8080-exec-4] DEBUG com.iteyes.service.JwtService(create:51) - 토큰 발행: eyJ0eXAiOiJKV1QiLCJhbGciOiJIUzI1NiJ9.eyJzdWIiOiLroZzqt7jsnbjthqDtgbAiLCJleHAiOjE2Mzk0NjQzMjgsIlVzZXIiOnsidXNlcklkIjoiMTAwIiwicGFzc3dvcmQiOiIxMjM0In0sInNlY29uZCI6Iuy2lOqwgOygleuztCJ9.mOyaedHuP2MAkJkCEwTkIcAeNfZoMLLCC9v6X5BW3QM
2021-12-14 15:43:29,379 [http-nio-8080-exec-6] DEBUG com.iteyes.mapper.MainMapper.userInfo_0010_01(debug:137) - ==>  Preparing: SELECT * FROM PMS_EMP_INFO WHERE EMPNO = ? AND LGN_PWD = ?
2021-12-14 15:43:29,380 [http-nio-8080-exec-6] DEBUG com.iteyes.mapper.MainMapper.userInfo_0010_01(debug:137) - ==> Parameters: 100(String), 1234(String)
2021-12-14 15:43:29,791 [http-nio-8080-exec-6] TRACE com.iteyes.mapper.MainMapper.userInfo_0010_01(trace:143) - <==    Columns: BKUP_ID, PRJT_ID, EMPNO, EMPNM, EMAIL_ADDR, CPNO, LGN_PWD, BZCD, CATN_DCD, AUT_CD, IP_ADDR, PLAN_THW_STDT, PLAN_THW_ENDT, REAL_THW_STDT, REAL_THW_ENDT, OPR_NO, DB_CHG_TS
2021-12-14 15:43:29,791 [http-nio-8080-exec-6] TRACE com.iteyes.mapper.MainMapper.userInfo_0010_01(trace:143) - <==        Row: 0000000000, 1000000001, 100, 황일섭, null, null, 1234, null, 100, 500, null, null, null, null, null, null, null
2021-12-14 15:43:29,792 [http-nio-8080-exec-6] DEBUG com.iteyes.mapper.MainMapper.userInfo_0010_01(debug:137) - <==      Total: 1
2021-12-14 15:43:29,792 [http-nio-8080-exec-6] TRACE com.iteyes.service.JwtService(create:35) - time: 5
2021-12-14 15:43:29,793 [http-nio-8080-exec-6] DEBUG com.iteyes.service.JwtService(create:51) - 토큰 발행: eyJ0eXAiOiJKV1QiLCJhbGciOiJIUzI1NiJ9.eyJzdWIiOiLroZzqt7jsnbjthqDtgbAiLCJleHAiOjE2Mzk0NjQ1MDksIlVzZXIiOnsidXNlcklkIjoiMTAwIiwicGFzc3dvcmQiOiIxMjM0In0sInNlY29uZCI6Iuy2lOqwgOygleuztCJ9.9wDVAI4HnEif2nHGfMxX0Pokgjc_KAJXS1AfVb5cj1U
2021-12-14 15:45:39,685 [RMI TCP Connection(37)-127.0.0.1] INFO  org.springframework.boot.admin.SpringApplicationAdminMXBeanRegistrar$SpringApplicationAdmin(shutdown:159) - Application shutdown requested.
2021-12-14 15:45:49,350 [restartedMain] INFO  com.iteyes.PmsApplication(logStarting:55) - Starting PmsApplication using Java 16.0.2 on DESKTOP-H5GEA9U with PID 5268 (C:\workspace\ProjectEyes\PMS\bin\main started by iteyes in C:\workspace\ProjectEyes\PMS)
2021-12-14 15:45:49,357 [restartedMain] DEBUG com.iteyes.PmsApplication(logStarting:56) - Running with Spring Boot v2.5.4, Spring v5.3.9
2021-12-14 15:45:49,358 [restartedMain] INFO  com.iteyes.PmsApplication(logStartupProfileInfo:659) - No active profile set, falling back to default profiles: default
2021-12-14 15:45:49,402 [restartedMain] INFO  org.springframework.boot.devtools.env.DevToolsPropertyDefaultsPostProcessor(logTo:255) - Devtools property defaults active! Set 'spring.devtools.add-properties' to 'false' to disable
2021-12-14 15:45:49,403 [restartedMain] INFO  org.springframework.boot.devtools.env.DevToolsPropertyDefaultsPostProcessor(logTo:255) - For additional web related logging consider setting the 'logging.level.web' property to 'DEBUG'
2021-12-14 15:45:50,250 [restartedMain] INFO  org.springframework.context.support.PostProcessorRegistrationDelegate$BeanPostProcessorChecker(postProcessAfterInitialization:376) - Bean 'org.springframework.ws.config.annotation.DelegatingWsConfiguration' of type [org.springframework.ws.config.annotation.DelegatingWsConfiguration$$EnhancerBySpringCGLIB$$a1ecf5dd] is not eligible for getting processed by all BeanPostProcessors (for example: not eligible for auto-proxying)
2021-12-14 15:45:50,279 [restartedMain] INFO  org.springframework.ws.soap.addressing.server.AnnotationActionEndpointMapping(afterPropertiesSet:239) - Supporting [WS-Addressing August 2004, WS-Addressing 1.0]
2021-12-14 15:45:50,568 [restartedMain] INFO  org.springframework.boot.web.embedded.tomcat.TomcatWebServer(initialize:108) - Tomcat initialized with port(s): 8080 (http)
2021-12-14 15:45:50,668 [restartedMain] INFO  org.springframework.boot.web.servlet.context.ServletWebServerApplicationContext(prepareWebApplicationContext:290) - Root WebApplicationContext: initialization completed in 1265 ms
2021-12-14 15:46:04,892 [restartedMain] INFO  org.springframework.boot.autoconfigure.web.servlet.WelcomePageHandlerMapping(<init>:53) - Adding welcome page: class path resource [static/index.html]
2021-12-14 15:46:05,047 [restartedMain] INFO  org.springframework.boot.devtools.autoconfigure.OptionalLiveReloadServer(startServer:58) - LiveReload server is running on port 35729
2021-12-14 15:46:05,117 [restartedMain] INFO  org.springframework.boot.web.embedded.tomcat.TomcatWebServer(start:220) - Tomcat started on port(s): 8080 (http) with context path ''
2021-12-14 15:46:05,131 [restartedMain] INFO  com.iteyes.PmsApplication(logStarted:61) - Started PmsApplication in 16.125 seconds (JVM running for 17.254)
2021-12-14 15:46:18,692 [http-nio-8080-exec-1] INFO  org.springframework.web.servlet.DispatcherServlet(initServletBean:525) - Initializing Servlet 'dispatcherServlet'
2021-12-14 15:46:18,693 [http-nio-8080-exec-1] INFO  org.springframework.web.servlet.DispatcherServlet(initServletBean:547) - Completed initialization in 1 ms
2021-12-14 15:46:24,484 [http-nio-8080-exec-2] DEBUG com.iteyes.mapper.MainMapper.userInfo_0010_01(debug:137) - ==>  Preparing: SELECT * FROM PMS_EMP_INFO WHERE EMPNO = ? AND LGN_PWD = ?
2021-12-14 15:46:24,504 [http-nio-8080-exec-2] DEBUG com.iteyes.mapper.MainMapper.userInfo_0010_01(debug:137) - ==> Parameters: 100(String), 1234(String)
2021-12-14 15:46:24,567 [http-nio-8080-exec-2] TRACE com.iteyes.mapper.MainMapper.userInfo_0010_01(trace:143) - <==    Columns: BKUP_ID, PRJT_ID, EMPNO, EMPNM, EMAIL_ADDR, CPNO, LGN_PWD, BZCD, CATN_DCD, AUT_CD, IP_ADDR, PLAN_THW_STDT, PLAN_THW_ENDT, REAL_THW_STDT, REAL_THW_ENDT, OPR_NO, DB_CHG_TS
2021-12-14 15:46:24,567 [http-nio-8080-exec-2] TRACE com.iteyes.mapper.MainMapper.userInfo_0010_01(trace:143) - <==        Row: 0000000000, 1000000001, 100, 황일섭, null, null, 1234, null, 100, 500, null, null, null, null, null, null, null
2021-12-14 15:46:24,569 [http-nio-8080-exec-2] DEBUG com.iteyes.mapper.MainMapper.userInfo_0010_01(debug:137) - <==      Total: 1
2021-12-14 15:46:24,576 [http-nio-8080-exec-2] TRACE com.iteyes.service.JwtService(create:35) - time: 5
2021-12-14 15:46:24,629 [http-nio-8080-exec-2] DEBUG com.iteyes.service.JwtService(create:51) - 토큰 발행: eyJ0eXAiOiJKV1QiLCJhbGciOiJIUzI1NiJ9.eyJzdWIiOiLroZzqt7jsnbjthqDtgbAiLCJleHAiOjE2Mzk0NjQ2ODQsIlVzZXIiOnsidXNlcklkIjoiMTAwIiwicGFzc3dvcmQiOiIxMjM0In0sInNlY29uZCI6Iuy2lOqwgOygleuztCJ9.JNARzbZFdchr1ne6Puy-zdXuF9sjPcNS2zOBi4rFn1g
2021-12-14 15:47:00,363 [restartedMain] INFO  com.iteyes.PmsApplication(logStarting:55) - Starting PmsApplication using Java 16.0.2 on DESKTOP-H5GEA9U with PID 12124 (C:\workspace\ProjectEyes\PMS\bin\main started by iteyes in C:\workspace\ProjectEyes\PMS)
2021-12-14 15:47:00,369 [restartedMain] DEBUG com.iteyes.PmsApplication(logStarting:56) - Running with Spring Boot v2.5.4, Spring v5.3.9
2021-12-14 15:47:00,370 [restartedMain] INFO  com.iteyes.PmsApplication(logStartupProfileInfo:659) - No active profile set, falling back to default profiles: default
2021-12-14 15:47:00,405 [restartedMain] INFO  org.springframework.boot.devtools.env.DevToolsPropertyDefaultsPostProcessor(logTo:255) - Devtools property defaults active! Set 'spring.devtools.add-properties' to 'false' to disable
2021-12-14 15:47:00,405 [restartedMain] INFO  org.springframework.boot.devtools.env.DevToolsPropertyDefaultsPostProcessor(logTo:255) - For additional web related logging consider setting the 'logging.level.web' property to 'DEBUG'
2021-12-14 15:47:01,093 [restartedMain] INFO  org.springframework.context.support.PostProcessorRegistrationDelegate$BeanPostProcessorChecker(postProcessAfterInitialization:376) - Bean 'org.springframework.ws.config.annotation.DelegatingWsConfiguration' of type [org.springframework.ws.config.annotation.DelegatingWsConfiguration$$EnhancerBySpringCGLIB$$63577c55] is not eligible for getting processed by all BeanPostProcessors (for example: not eligible for auto-proxying)
2021-12-14 15:47:01,120 [restartedMain] INFO  org.springframework.ws.soap.addressing.server.AnnotationActionEndpointMapping(afterPropertiesSet:239) - Supporting [WS-Addressing August 2004, WS-Addressing 1.0]
2021-12-14 15:47:01,329 [restartedMain] INFO  org.springframework.boot.web.embedded.tomcat.TomcatWebServer(initialize:108) - Tomcat initialized with port(s): 8080 (http)
2021-12-14 15:47:01,406 [restartedMain] INFO  org.springframework.boot.web.servlet.context.ServletWebServerApplicationContext(prepareWebApplicationContext:290) - Root WebApplicationContext: initialization completed in 1000 ms
2021-12-14 15:47:01,781 [restartedMain] INFO  org.springframework.boot.autoconfigure.web.servlet.WelcomePageHandlerMapping(<init>:53) - Adding welcome page: class path resource [static/index.html]
2021-12-14 15:47:01,917 [restartedMain] INFO  org.springframework.boot.devtools.autoconfigure.OptionalLiveReloadServer(startServer:58) - LiveReload server is running on port 35729
2021-12-14 15:47:01,967 [restartedMain] INFO  org.springframework.boot.web.embedded.tomcat.TomcatWebServer(start:220) - Tomcat started on port(s): 8080 (http) with context path ''
2021-12-14 15:47:01,976 [restartedMain] INFO  com.iteyes.PmsApplication(logStarted:61) - Started PmsApplication in 1.89 seconds (JVM running for 2.774)
2021-12-14 15:47:59,373 [http-nio-8080-exec-1] INFO  org.springframework.web.servlet.DispatcherServlet(initServletBean:525) - Initializing Servlet 'dispatcherServlet'
2021-12-14 15:47:59,374 [http-nio-8080-exec-1] INFO  org.springframework.web.servlet.DispatcherServlet(initServletBean:547) - Completed initialization in 1 ms
2021-12-14 15:47:59,751 [http-nio-8080-exec-1] DEBUG com.iteyes.mapper.MainMapper.userInfo_0010_01(debug:137) - ==>  Preparing: SELECT * FROM PMS_EMP_INFO WHERE EMPNO = ? AND LGN_PWD = ?
2021-12-14 15:47:59,766 [http-nio-8080-exec-1] DEBUG com.iteyes.mapper.MainMapper.userInfo_0010_01(debug:137) - ==> Parameters: 100(String), 1234(String)
2021-12-14 15:47:59,784 [http-nio-8080-exec-1] TRACE com.iteyes.mapper.MainMapper.userInfo_0010_01(trace:143) - <==    Columns: BKUP_ID, PRJT_ID, EMPNO, EMPNM, EMAIL_ADDR, CPNO, LGN_PWD, BZCD, CATN_DCD, AUT_CD, IP_ADDR, PLAN_THW_STDT, PLAN_THW_ENDT, REAL_THW_STDT, REAL_THW_ENDT, OPR_NO, DB_CHG_TS
2021-12-14 15:47:59,785 [http-nio-8080-exec-1] TRACE com.iteyes.mapper.MainMapper.userInfo_0010_01(trace:143) - <==        Row: 0000000000, 1000000001, 100, 황일섭, null, null, 1234, null, 100, 500, null, null, null, null, null, null, null
2021-12-14 15:47:59,786 [http-nio-8080-exec-1] DEBUG com.iteyes.mapper.MainMapper.userInfo_0010_01(debug:137) - <==      Total: 1
2021-12-14 15:47:59,793 [http-nio-8080-exec-1] TRACE com.iteyes.service.JwtService(create:35) - time: 5
2021-12-14 15:47:59,830 [http-nio-8080-exec-1] DEBUG com.iteyes.service.JwtService(create:51) - 토큰 발행: eyJ0eXAiOiJKV1QiLCJhbGciOiJIUzI1NiJ9.eyJzdWIiOiLroZzqt7jsnbjthqDtgbAiLCJleHAiOjE2Mzk0NjQ3NzksIlVzZXIiOnsidXNlcklkIjoiMTAwIiwicGFzc3dvcmQiOiIxMjM0In0sInNlY29uZCI6Iuy2lOqwgOygleuztCJ9.3rf4CmujJ0rxY9iLQnnABC29ibJCjpwv6Z2Uaf5u6wI
2021-12-14 15:49:11,558 [http-nio-8080-exec-3] DEBUG com.iteyes.mapper.MainMapper.userInfo_0010_01(debug:137) - ==>  Preparing: SELECT * FROM PMS_EMP_INFO WHERE EMPNO = ? AND LGN_PWD = ?
2021-12-14 15:49:11,559 [http-nio-8080-exec-3] DEBUG com.iteyes.mapper.MainMapper.userInfo_0010_01(debug:137) - ==> Parameters: 100(String), 1234(String)
2021-12-14 15:49:11,566 [http-nio-8080-exec-3] TRACE com.iteyes.mapper.MainMapper.userInfo_0010_01(trace:143) - <==    Columns: BKUP_ID, PRJT_ID, EMPNO, EMPNM, EMAIL_ADDR, CPNO, LGN_PWD, BZCD, CATN_DCD, AUT_CD, IP_ADDR, PLAN_THW_STDT, PLAN_THW_ENDT, REAL_THW_STDT, REAL_THW_ENDT, OPR_NO, DB_CHG_TS
2021-12-14 15:49:11,566 [http-nio-8080-exec-3] TRACE com.iteyes.mapper.MainMapper.userInfo_0010_01(trace:143) - <==        Row: 0000000000, 1000000001, 100, 황일섭, null, null, 1234, null, 100, 500, null, null, null, null, null, null, null
2021-12-14 15:49:11,566 [http-nio-8080-exec-3] DEBUG com.iteyes.mapper.MainMapper.userInfo_0010_01(debug:137) - <==      Total: 1
2021-12-14 15:49:11,567 [http-nio-8080-exec-3] TRACE com.iteyes.service.JwtService(create:35) - time: 5
2021-12-14 15:49:11,567 [http-nio-8080-exec-3] DEBUG com.iteyes.service.JwtService(create:51) - 토큰 발행: eyJ0eXAiOiJKV1QiLCJhbGciOiJIUzI1NiJ9.eyJzdWIiOiLroZzqt7jsnbjthqDtgbAiLCJleHAiOjE2Mzk0NjQ4NTEsIlVzZXIiOnsidXNlcklkIjoiMTAwIiwicGFzc3dvcmQiOiIxMjM0In0sInNlY29uZCI6Iuy2lOqwgOygleuztCJ9._EOwRuBX3UlLI9TwOEB4x2vcfY-KEuUPGrrBi2OYFmc
2021-12-14 15:53:52,654 [http-nio-8080-exec-5] DEBUG com.iteyes.mapper.MainMapper.userInfo_0010_01(debug:137) - ==>  Preparing: SELECT * FROM PMS_EMP_INFO WHERE EMPNO = ? AND LGN_PWD = ?
2021-12-14 15:53:52,655 [http-nio-8080-exec-5] DEBUG com.iteyes.mapper.MainMapper.userInfo_0010_01(debug:137) - ==> Parameters: 100(String), 1234(String)
2021-12-14 15:53:52,662 [http-nio-8080-exec-5] TRACE com.iteyes.mapper.MainMapper.userInfo_0010_01(trace:143) - <==    Columns: BKUP_ID, PRJT_ID, EMPNO, EMPNM, EMAIL_ADDR, CPNO, LGN_PWD, BZCD, CATN_DCD, AUT_CD, IP_ADDR, PLAN_THW_STDT, PLAN_THW_ENDT, REAL_THW_STDT, REAL_THW_ENDT, OPR_NO, DB_CHG_TS
2021-12-14 15:53:52,663 [http-nio-8080-exec-5] TRACE com.iteyes.mapper.MainMapper.userInfo_0010_01(trace:143) - <==        Row: 0000000000, 1000000001, 100, 황일섭, null, null, 1234, null, 100, 500, null, null, null, null, null, null, null
2021-12-14 15:53:52,664 [http-nio-8080-exec-5] DEBUG com.iteyes.mapper.MainMapper.userInfo_0010_01(debug:137) - <==      Total: 1
2021-12-14 15:53:52,665 [http-nio-8080-exec-5] TRACE com.iteyes.service.JwtService(create:35) - time: 5
2021-12-14 15:53:52,666 [http-nio-8080-exec-5] DEBUG com.iteyes.service.JwtService(create:51) - 토큰 발행: eyJ0eXAiOiJKV1QiLCJhbGciOiJIUzI1NiJ9.eyJzdWIiOiLroZzqt7jsnbjthqDtgbAiLCJleHAiOjE2Mzk0NjUxMzIsIlVzZXIiOnsidXNlcklkIjoiMTAwIiwicGFzc3dvcmQiOiIxMjM0In0sInNlY29uZCI6Iuy2lOqwgOygleuztCJ9.lugIfBpwfz9_A9qU4N2RbFcSbTkqnqiP6Wt6zDokNx4
2021-12-14 15:54:05,312 [http-nio-8080-exec-6] DEBUG com.iteyes.mapper.MainMapper.userInfo_0010_01(debug:137) - ==>  Preparing: SELECT * FROM PMS_EMP_INFO WHERE EMPNO = ? AND LGN_PWD = ?
2021-12-14 15:54:05,313 [http-nio-8080-exec-6] DEBUG com.iteyes.mapper.MainMapper.userInfo_0010_01(debug:137) - ==> Parameters: 100(String), 1234(String)
2021-12-14 15:54:05,322 [http-nio-8080-exec-6] TRACE com.iteyes.mapper.MainMapper.userInfo_0010_01(trace:143) - <==    Columns: BKUP_ID, PRJT_ID, EMPNO, EMPNM, EMAIL_ADDR, CPNO, LGN_PWD, BZCD, CATN_DCD, AUT_CD, IP_ADDR, PLAN_THW_STDT, PLAN_THW_ENDT, REAL_THW_STDT, REAL_THW_ENDT, OPR_NO, DB_CHG_TS
2021-12-14 15:54:05,322 [http-nio-8080-exec-6] TRACE com.iteyes.mapper.MainMapper.userInfo_0010_01(trace:143) - <==        Row: 0000000000, 1000000001, 100, 황일섭, null, null, 1234, null, 100, 500, null, null, null, null, null, null, null
2021-12-14 15:54:05,323 [http-nio-8080-exec-6] DEBUG com.iteyes.mapper.MainMapper.userInfo_0010_01(debug:137) - <==      Total: 1
2021-12-14 15:54:05,323 [http-nio-8080-exec-6] TRACE com.iteyes.service.JwtService(create:35) - time: 5
2021-12-14 15:54:05,323 [http-nio-8080-exec-6] DEBUG com.iteyes.service.JwtService(create:51) - 토큰 발행: eyJ0eXAiOiJKV1QiLCJhbGciOiJIUzI1NiJ9.eyJzdWIiOiLroZzqt7jsnbjthqDtgbAiLCJleHAiOjE2Mzk0NjUxNDUsIlVzZXIiOnsidXNlcklkIjoiMTAwIiwicGFzc3dvcmQiOiIxMjM0In0sInNlY29uZCI6Iuy2lOqwgOygleuztCJ9.R9YM25a9LL51S2fPY38gzSd8oggFaeulqqyeCtm5DwA
2021-12-14 15:55:28,287 [http-nio-8080-exec-8] DEBUG com.iteyes.mapper.MainMapper.userInfo_0010_01(debug:137) - ==>  Preparing: SELECT * FROM PMS_EMP_INFO WHERE EMPNO = ? AND LGN_PWD = ?
2021-12-14 15:55:28,288 [http-nio-8080-exec-8] DEBUG com.iteyes.mapper.MainMapper.userInfo_0010_01(debug:137) - ==> Parameters: 100(String), 1234(String)
2021-12-14 15:55:28,292 [http-nio-8080-exec-8] TRACE com.iteyes.mapper.MainMapper.userInfo_0010_01(trace:143) - <==    Columns: BKUP_ID, PRJT_ID, EMPNO, EMPNM, EMAIL_ADDR, CPNO, LGN_PWD, BZCD, CATN_DCD, AUT_CD, IP_ADDR, PLAN_THW_STDT, PLAN_THW_ENDT, REAL_THW_STDT, REAL_THW_ENDT, OPR_NO, DB_CHG_TS
2021-12-14 15:55:28,292 [http-nio-8080-exec-8] TRACE com.iteyes.mapper.MainMapper.userInfo_0010_01(trace:143) - <==        Row: 0000000000, 1000000001, 100, 황일섭, null, null, 1234, null, 100, 500, null, null, null, null, null, null, null
2021-12-14 15:55:28,292 [http-nio-8080-exec-8] DEBUG com.iteyes.mapper.MainMapper.userInfo_0010_01(debug:137) - <==      Total: 1
2021-12-14 15:55:28,292 [http-nio-8080-exec-8] TRACE com.iteyes.service.JwtService(create:35) - time: 5
2021-12-14 15:55:28,293 [http-nio-8080-exec-8] DEBUG com.iteyes.service.JwtService(create:51) - 토큰 발행: eyJ0eXAiOiJKV1QiLCJhbGciOiJIUzI1NiJ9.eyJzdWIiOiLroZzqt7jsnbjthqDtgbAiLCJleHAiOjE2Mzk0NjUyMjgsIlVzZXIiOnsidXNlcklkIjoiMTAwIiwicGFzc3dvcmQiOiIxMjM0In0sInNlY29uZCI6Iuy2lOqwgOygleuztCJ9.LhF7mZKl6q3gfrCVm_mZPfoU03uidXzhmcd9Kw0C6ME
2021-12-14 15:56:13,835 [http-nio-8080-exec-9] DEBUG com.iteyes.mapper.MainMapper.userInfo_0010_01(debug:137) - ==>  Preparing: SELECT * FROM PMS_EMP_INFO WHERE EMPNO = ? AND LGN_PWD = ?
2021-12-14 15:56:13,836 [http-nio-8080-exec-9] DEBUG com.iteyes.mapper.MainMapper.userInfo_0010_01(debug:137) - ==> Parameters: 100(String), 1234(String)
2021-12-14 15:56:13,882 [http-nio-8080-exec-9] TRACE com.iteyes.mapper.MainMapper.userInfo_0010_01(trace:143) - <==    Columns: BKUP_ID, PRJT_ID, EMPNO, EMPNM, EMAIL_ADDR, CPNO, LGN_PWD, BZCD, CATN_DCD, AUT_CD, IP_ADDR, PLAN_THW_STDT, PLAN_THW_ENDT, REAL_THW_STDT, REAL_THW_ENDT, OPR_NO, DB_CHG_TS
2021-12-14 15:56:13,883 [http-nio-8080-exec-9] TRACE com.iteyes.mapper.MainMapper.userInfo_0010_01(trace:143) - <==        Row: 0000000000, 1000000001, 100, 황일섭, null, null, 1234, null, 100, 500, null, null, null, null, null, null, null
2021-12-14 15:56:13,883 [http-nio-8080-exec-9] DEBUG com.iteyes.mapper.MainMapper.userInfo_0010_01(debug:137) - <==      Total: 1
2021-12-14 15:56:13,884 [http-nio-8080-exec-9] TRACE com.iteyes.service.JwtService(create:35) - time: 5
2021-12-14 15:56:13,884 [http-nio-8080-exec-9] DEBUG com.iteyes.service.JwtService(create:51) - 토큰 발행: eyJ0eXAiOiJKV1QiLCJhbGciOiJIUzI1NiJ9.eyJzdWIiOiLroZzqt7jsnbjthqDtgbAiLCJleHAiOjE2Mzk0NjUyNzMsIlVzZXIiOnsidXNlcklkIjoiMTAwIiwicGFzc3dvcmQiOiIxMjM0In0sInNlY29uZCI6Iuy2lOqwgOygleuztCJ9.oDw584e4rf5lf8v1yCN8MD6d5-e46b0viKYJ4e6zHgA
2021-12-14 15:57:11,394 [http-nio-8080-exec-10] DEBUG com.iteyes.mapper.MainMapper.userInfo_0010_01(debug:137) - ==>  Preparing: SELECT * FROM PMS_EMP_INFO WHERE EMPNO = ? AND LGN_PWD = ?
2021-12-14 15:57:11,394 [http-nio-8080-exec-10] DEBUG com.iteyes.mapper.MainMapper.userInfo_0010_01(debug:137) - ==> Parameters: 100(String), 1234(String)
2021-12-14 15:57:11,404 [http-nio-8080-exec-10] TRACE com.iteyes.mapper.MainMapper.userInfo_0010_01(trace:143) - <==    Columns: BKUP_ID, PRJT_ID, EMPNO, EMPNM, EMAIL_ADDR, CPNO, LGN_PWD, BZCD, CATN_DCD, AUT_CD, IP_ADDR, PLAN_THW_STDT, PLAN_THW_ENDT, REAL_THW_STDT, REAL_THW_ENDT, OPR_NO, DB_CHG_TS
2021-12-14 15:57:11,405 [http-nio-8080-exec-10] TRACE com.iteyes.mapper.MainMapper.userInfo_0010_01(trace:143) - <==        Row: 0000000000, 1000000001, 100, 황일섭, null, null, 1234, null, 100, 500, null, null, null, null, null, null, null
2021-12-14 15:57:11,405 [http-nio-8080-exec-10] DEBUG com.iteyes.mapper.MainMapper.userInfo_0010_01(debug:137) - <==      Total: 1
2021-12-14 15:57:11,405 [http-nio-8080-exec-10] TRACE com.iteyes.service.JwtService(create:35) - time: 5
2021-12-14 15:57:11,406 [http-nio-8080-exec-10] DEBUG com.iteyes.service.JwtService(create:51) - 토큰 발행: eyJ0eXAiOiJKV1QiLCJhbGciOiJIUzI1NiJ9.eyJzdWIiOiLroZzqt7jsnbjthqDtgbAiLCJleHAiOjE2Mzk0NjUzMzEsIlVzZXIiOnsidXNlcklkIjoiMTAwIiwicGFzc3dvcmQiOiIxMjM0In0sInNlY29uZCI6Iuy2lOqwgOygleuztCJ9.yvmb_MwbTomObLHF6709I-Gd4ZxxxLkLSqy89QCVUyc
2021-12-14 15:58:51,008 [http-nio-8080-exec-2] DEBUG com.iteyes.mapper.MainMapper.userInfo_0010_01(debug:137) - ==>  Preparing: SELECT * FROM PMS_EMP_INFO WHERE EMPNO = ? AND LGN_PWD = ?
2021-12-14 15:58:51,008 [http-nio-8080-exec-2] DEBUG com.iteyes.mapper.MainMapper.userInfo_0010_01(debug:137) - ==> Parameters: 100(String), 1244(String)
2021-12-14 15:58:51,013 [http-nio-8080-exec-2] DEBUG com.iteyes.mapper.MainMapper.userInfo_0010_01(debug:137) - <==      Total: 0
2021-12-14 15:58:51,014 [http-nio-8080-exec-2] ERROR com.iteyes.controller.UserRestController(signin:67) - 로그인 실패
java.lang.RuntimeException: 사용자가 없습니다
	at com.iteyes.service.impl.pms.UserServiceImpl.signin(UserServiceImpl.java:40) ~[main/:?]
	at com.iteyes.controller.UserRestController.signin(UserRestController.java:53) [main/:?]
	at jdk.internal.reflect.NativeMethodAccessorImpl.invoke0(Native Method) ~[?:?]
	at jdk.internal.reflect.NativeMethodAccessorImpl.invoke(NativeMethodAccessorImpl.java:78) ~[?:?]
	at jdk.internal.reflect.DelegatingMethodAccessorImpl.invoke(DelegatingMethodAccessorImpl.java:43) ~[?:?]
	at java.lang.reflect.Method.invoke(Method.java:567) ~[?:?]
	at org.springframework.web.method.support.InvocableHandlerMethod.doInvoke(InvocableHandlerMethod.java:197) [spring-web-5.3.9.jar:5.3.9]
	at org.springframework.web.method.support.InvocableHandlerMethod.invokeForRequest(InvocableHandlerMethod.java:141) [spring-web-5.3.9.jar:5.3.9]
	at org.springframework.web.servlet.mvc.method.annotation.ServletInvocableHandlerMethod.invokeAndHandle(ServletInvocableHandlerMethod.java:106) [spring-webmvc-5.3.9.jar:5.3.9]
	at org.springframework.web.servlet.mvc.method.annotation.RequestMappingHandlerAdapter.invokeHandlerMethod(RequestMappingHandlerAdapter.java:895) [spring-webmvc-5.3.9.jar:5.3.9]
	at org.springframework.web.servlet.mvc.method.annotation.RequestMappingHandlerAdapter.handleInternal(RequestMappingHandlerAdapter.java:808) [spring-webmvc-5.3.9.jar:5.3.9]
	at org.springframework.web.servlet.mvc.method.AbstractHandlerMethodAdapter.handle(AbstractHandlerMethodAdapter.java:87) [spring-webmvc-5.3.9.jar:5.3.9]
	at org.springframework.web.servlet.DispatcherServlet.doDispatch(DispatcherServlet.java:1064) [spring-webmvc-5.3.9.jar:5.3.9]
	at org.springframework.web.servlet.DispatcherServlet.doService(DispatcherServlet.java:963) [spring-webmvc-5.3.9.jar:5.3.9]
	at org.springframework.web.servlet.FrameworkServlet.processRequest(FrameworkServlet.java:1006) [spring-webmvc-5.3.9.jar:5.3.9]
	at org.springframework.web.servlet.FrameworkServlet.doPost(FrameworkServlet.java:909) [spring-webmvc-5.3.9.jar:5.3.9]
	at javax.servlet.http.HttpServlet.service(HttpServlet.java:681) [tomcat-embed-core-9.0.52.jar:4.0.FR]
	at org.springframework.web.servlet.FrameworkServlet.service(FrameworkServlet.java:883) [spring-webmvc-5.3.9.jar:5.3.9]
	at javax.servlet.http.HttpServlet.service(HttpServlet.java:764) [tomcat-embed-core-9.0.52.jar:4.0.FR]
	at org.apache.catalina.core.ApplicationFilterChain.internalDoFilter(ApplicationFilterChain.java:227) [tomcat-embed-core-9.0.52.jar:9.0.52]
	at org.apache.catalina.core.ApplicationFilterChain.doFilter(ApplicationFilterChain.java:162) [tomcat-embed-core-9.0.52.jar:9.0.52]
	at org.apache.tomcat.websocket.server.WsFilter.doFilter(WsFilter.java:53) [tomcat-embed-websocket-9.0.52.jar:9.0.52]
	at org.apache.catalina.core.ApplicationFilterChain.internalDoFilter(ApplicationFilterChain.java:189) [tomcat-embed-core-9.0.52.jar:9.0.52]
	at org.apache.catalina.core.ApplicationFilterChain.doFilter(ApplicationFilterChain.java:162) [tomcat-embed-core-9.0.52.jar:9.0.52]
	at org.springframework.web.filter.RequestContextFilter.doFilterInternal(RequestContextFilter.java:100) [spring-web-5.3.9.jar:5.3.9]
	at org.springframework.web.filter.OncePerRequestFilter.doFilter(OncePerRequestFilter.java:119) [spring-web-5.3.9.jar:5.3.9]
	at org.apache.catalina.core.ApplicationFilterChain.internalDoFilter(ApplicationFilterChain.java:189) [tomcat-embed-core-9.0.52.jar:9.0.52]
	at org.apache.catalina.core.ApplicationFilterChain.doFilter(ApplicationFilterChain.java:162) [tomcat-embed-core-9.0.52.jar:9.0.52]
	at org.springframework.web.filter.FormContentFilter.doFilterInternal(FormContentFilter.java:93) [spring-web-5.3.9.jar:5.3.9]
	at org.springframework.web.filter.OncePerRequestFilter.doFilter(OncePerRequestFilter.java:119) [spring-web-5.3.9.jar:5.3.9]
	at org.apache.catalina.core.ApplicationFilterChain.internalDoFilter(ApplicationFilterChain.java:189) [tomcat-embed-core-9.0.52.jar:9.0.52]
	at org.apache.catalina.core.ApplicationFilterChain.doFilter(ApplicationFilterChain.java:162) [tomcat-embed-core-9.0.52.jar:9.0.52]
	at org.springframework.web.filter.CharacterEncodingFilter.doFilterInternal(CharacterEncodingFilter.java:201) [spring-web-5.3.9.jar:5.3.9]
	at org.springframework.web.filter.OncePerRequestFilter.doFilter(OncePerRequestFilter.java:119) [spring-web-5.3.9.jar:5.3.9]
	at org.apache.catalina.core.ApplicationFilterChain.internalDoFilter(ApplicationFilterChain.java:189) [tomcat-embed-core-9.0.52.jar:9.0.52]
	at org.apache.catalina.core.ApplicationFilterChain.doFilter(ApplicationFilterChain.java:162) [tomcat-embed-core-9.0.52.jar:9.0.52]
	at org.apache.catalina.core.StandardWrapperValve.invoke(StandardWrapperValve.java:197) [tomcat-embed-core-9.0.52.jar:9.0.52]
	at org.apache.catalina.core.StandardContextValve.invoke(StandardContextValve.java:97) [tomcat-embed-core-9.0.52.jar:9.0.52]
	at org.apache.catalina.authenticator.AuthenticatorBase.invoke(AuthenticatorBase.java:542) [tomcat-embed-core-9.0.52.jar:9.0.52]
	at org.apache.catalina.core.StandardHostValve.invoke(StandardHostValve.java:135) [tomcat-embed-core-9.0.52.jar:9.0.52]
	at org.apache.catalina.valves.ErrorReportValve.invoke(ErrorReportValve.java:92) [tomcat-embed-core-9.0.52.jar:9.0.52]
	at org.apache.catalina.core.StandardEngineValve.invoke(StandardEngineValve.java:78) [tomcat-embed-core-9.0.52.jar:9.0.52]
	at org.apache.catalina.connector.CoyoteAdapter.service(CoyoteAdapter.java:357) [tomcat-embed-core-9.0.52.jar:9.0.52]
	at org.apache.coyote.http11.Http11Processor.service(Http11Processor.java:382) [tomcat-embed-core-9.0.52.jar:9.0.52]
	at org.apache.coyote.AbstractProcessorLight.process(AbstractProcessorLight.java:65) [tomcat-embed-core-9.0.52.jar:9.0.52]
	at org.apache.coyote.AbstractProtocol$ConnectionHandler.process(AbstractProtocol.java:893) [tomcat-embed-core-9.0.52.jar:9.0.52]
	at org.apache.tomcat.util.net.NioEndpoint$SocketProcessor.doRun(NioEndpoint.java:1726) [tomcat-embed-core-9.0.52.jar:9.0.52]
	at org.apache.tomcat.util.net.SocketProcessorBase.run(SocketProcessorBase.java:49) [tomcat-embed-core-9.0.52.jar:9.0.52]
	at org.apache.tomcat.util.threads.ThreadPoolExecutor.runWorker(ThreadPoolExecutor.java:1191) [tomcat-embed-core-9.0.52.jar:9.0.52]
	at org.apache.tomcat.util.threads.ThreadPoolExecutor$Worker.run(ThreadPoolExecutor.java:659) [tomcat-embed-core-9.0.52.jar:9.0.52]
	at org.apache.tomcat.util.threads.TaskThread$WrappingRunnable.run(TaskThread.java:61) [tomcat-embed-core-9.0.52.jar:9.0.52]
	at java.lang.Thread.run(Thread.java:831) [?:?]
2021-12-14 15:59:45,474 [http-nio-8080-exec-3] DEBUG com.iteyes.mapper.MainMapper.userInfo_0010_01(debug:137) - ==>  Preparing: SELECT * FROM PMS_EMP_INFO WHERE EMPNO = ? AND LGN_PWD = ?
2021-12-14 15:59:45,474 [http-nio-8080-exec-3] DEBUG com.iteyes.mapper.MainMapper.userInfo_0010_01(debug:137) - ==> Parameters: 100(String), 1234(String)
2021-12-14 15:59:45,797 [http-nio-8080-exec-3] TRACE com.iteyes.mapper.MainMapper.userInfo_0010_01(trace:143) - <==    Columns: BKUP_ID, PRJT_ID, EMPNO, EMPNM, EMAIL_ADDR, CPNO, LGN_PWD, BZCD, CATN_DCD, AUT_CD, IP_ADDR, PLAN_THW_STDT, PLAN_THW_ENDT, REAL_THW_STDT, REAL_THW_ENDT, OPR_NO, DB_CHG_TS
2021-12-14 15:59:45,797 [http-nio-8080-exec-3] TRACE com.iteyes.mapper.MainMapper.userInfo_0010_01(trace:143) - <==        Row: 0000000000, 1000000001, 100, 황일섭, null, null, 1234, null, 100, 500, null, null, null, null, null, null, null
2021-12-14 15:59:45,798 [http-nio-8080-exec-3] DEBUG com.iteyes.mapper.MainMapper.userInfo_0010_01(debug:137) - <==      Total: 1
2021-12-14 15:59:45,798 [http-nio-8080-exec-3] TRACE com.iteyes.service.JwtService(create:35) - time: 5
2021-12-14 15:59:45,798 [http-nio-8080-exec-3] DEBUG com.iteyes.service.JwtService(create:51) - 토큰 발행: eyJ0eXAiOiJKV1QiLCJhbGciOiJIUzI1NiJ9.eyJzdWIiOiLroZzqt7jsnbjthqDtgbAiLCJleHAiOjE2Mzk0NjU0ODUsIlVzZXIiOnsidXNlcklkIjoiMTAwIiwicGFzc3dvcmQiOiIxMjM0In0sInNlY29uZCI6Iuy2lOqwgOygleuztCJ9.cc7XdLT3QnRFfK67IWl55qV7f0oEfKVxL_5GA5_uT04
