2021-12-15 15:03:33,366 [http-nio-8080-exec-5] DEBUG com.iteyes.mapper.MainMapper.select_0120_01(debug:137) - ==>  Preparing: SELECT A.EMPNO , A.EMPNM , A.EMAIL_ADDR , A.CPNO , A.BZCD , A.AUT_CD , A.LGN_PWD , CASE WHEN A.LGN_PWD != ? THEN 'N' WHEN A.LGN_PWD = ? || '211111' THEN 'C' ELSE 'Y' END AS LOGIN_YN FROM PMS_EMP_INFO A WHERE 1=1 AND A.EMPNO = ? AND A.PRJT_ID = '1000000001' AND A.BKUP_ID = '0000000000'
2021-12-15 15:03:33,368 [http-nio-8080-exec-5] DEBUG com.iteyes.mapper.MainMapper.select_0120_01(debug:137) - ==> Parameters: 1012111111(String), 1012111111(String), 101(String)
2021-12-15 15:03:33,372 [http-nio-8080-exec-5] TRACE com.iteyes.mapper.MainMapper.select_0120_01(trace:143) - <==    Columns: EMPNO, EMPNM, EMAIL_ADDR, CPNO, BZCD, AUT_CD, LGN_PWD, LOGIN_YN
2021-12-15 15:03:33,373 [http-nio-8080-exec-5] TRACE com.iteyes.mapper.MainMapper.select_0120_01(trace:143) - <==        Row: 101, 신현규, null, null, null, 600, 101211111, N
2021-12-15 15:03:33,373 [http-nio-8080-exec-5] DEBUG com.iteyes.mapper.MainMapper.select_0120_01(debug:137) - <==      Total: 1
2021-12-15 15:03:33,373 [http-nio-8080-exec-5] TRACE com.iteyes.service.JwtService(create:35) - time: 5
2021-12-15 15:03:33,374 [http-nio-8080-exec-5] DEBUG com.iteyes.service.JwtService(create:51) - 토큰 발행: eyJ0eXAiOiJKV1QiLCJhbGciOiJIUzI1NiJ9.eyJzdWIiOiLroZzqt7jsnbjthqDtgbAiLCJleHAiOjE2Mzk1NDg1MTMsIlVzZXIiOnsidXNlcklkIjoiMTAxIiwicGFzc3dvcmQiOiIxMDEyMTExMTEifSwic2Vjb25kIjoi7LaU6rCA7KCV67O0In0.9jqP0nVQDVuQouUwGCpl64x8h4sOUyCnJIjKgeifOKY
2021-12-15 15:04:15,072 [http-nio-8080-exec-6] DEBUG com.iteyes.mapper.MainMapper.select_0120_01(debug:137) - ==>  Preparing: SELECT A.EMPNO , A.EMPNM , A.EMAIL_ADDR , A.CPNO , A.BZCD , A.AUT_CD , A.LGN_PWD , CASE WHEN A.LGN_PWD != ? THEN 'N' WHEN A.LGN_PWD = ? || '211111' THEN 'C' ELSE 'Y' END AS LOGIN_YN FROM PMS_EMP_INFO A WHERE 1=1 AND A.EMPNO = ? AND A.PRJT_ID = '1000000001' AND A.BKUP_ID = '0000000000'
2021-12-15 15:04:15,073 [http-nio-8080-exec-6] DEBUG com.iteyes.mapper.MainMapper.select_0120_01(debug:137) - ==> Parameters: 1515151651(String), 1515151651(String), 101(String)
2021-12-15 15:04:15,075 [http-nio-8080-exec-6] TRACE com.iteyes.mapper.MainMapper.select_0120_01(trace:143) - <==    Columns: EMPNO, EMPNM, EMAIL_ADDR, CPNO, BZCD, AUT_CD, LGN_PWD, LOGIN_YN
2021-12-15 15:04:15,075 [http-nio-8080-exec-6] TRACE com.iteyes.mapper.MainMapper.select_0120_01(trace:143) - <==        Row: 101, 신현규, null, null, null, 600, 101211111, N
2021-12-15 15:04:15,076 [http-nio-8080-exec-6] DEBUG com.iteyes.mapper.MainMapper.select_0120_01(debug:137) - <==      Total: 1
2021-12-15 15:04:15,076 [http-nio-8080-exec-6] TRACE com.iteyes.service.JwtService(create:35) - time: 5
2021-12-15 15:04:15,076 [http-nio-8080-exec-6] DEBUG com.iteyes.service.JwtService(create:51) - 토큰 발행: eyJ0eXAiOiJKV1QiLCJhbGciOiJIUzI1NiJ9.eyJzdWIiOiLroZzqt7jsnbjthqDtgbAiLCJleHAiOjE2Mzk1NDg1NTUsIlVzZXIiOnsidXNlcklkIjoiMTAxIiwicGFzc3dvcmQiOiIxMDEyMTExMTEifSwic2Vjb25kIjoi7LaU6rCA7KCV67O0In0.4amDT1OTUzFgw1dlObB9t7RJ-2tnPZXx8B_XutoeKlE
2021-12-15 15:04:53,613 [RMI TCP Connection(1401)-127.0.0.1] INFO  org.springframework.boot.admin.SpringApplicationAdminMXBeanRegistrar$SpringApplicationAdmin(shutdown:159) - Application shutdown requested.
2021-12-15 15:06:38,090 [restartedMain] INFO  com.iteyes.PmsApplication(logStarting:55) - Starting PmsApplication using Java 16.0.2 on DESKTOP-H5GEA9U with PID 18384 (C:\workspace\ProjectEyes\PMS\bin\main started by iteyes in C:\workspace\ProjectEyes\PMS)
2021-12-15 15:06:38,098 [restartedMain] DEBUG com.iteyes.PmsApplication(logStarting:56) - Running with Spring Boot v2.5.4, Spring v5.3.9
2021-12-15 15:06:38,098 [restartedMain] INFO  com.iteyes.PmsApplication(logStartupProfileInfo:659) - No active profile set, falling back to default profiles: default
2021-12-15 15:06:38,135 [restartedMain] INFO  org.springframework.boot.devtools.env.DevToolsPropertyDefaultsPostProcessor(logTo:255) - Devtools property defaults active! Set 'spring.devtools.add-properties' to 'false' to disable
2021-12-15 15:06:38,136 [restartedMain] INFO  org.springframework.boot.devtools.env.DevToolsPropertyDefaultsPostProcessor(logTo:255) - For additional web related logging consider setting the 'logging.level.web' property to 'DEBUG'
2021-12-15 15:06:38,904 [restartedMain] INFO  org.springframework.context.support.PostProcessorRegistrationDelegate$BeanPostProcessorChecker(postProcessAfterInitialization:376) - Bean 'org.springframework.ws.config.annotation.DelegatingWsConfiguration' of type [org.springframework.ws.config.annotation.DelegatingWsConfiguration$$EnhancerBySpringCGLIB$$ec0c7e6b] is not eligible for getting processed by all BeanPostProcessors (for example: not eligible for auto-proxying)
2021-12-15 15:06:38,934 [restartedMain] INFO  org.springframework.ws.soap.addressing.server.AnnotationActionEndpointMapping(afterPropertiesSet:239) - Supporting [WS-Addressing August 2004, WS-Addressing 1.0]
2021-12-15 15:06:39,189 [restartedMain] INFO  org.springframework.boot.web.embedded.tomcat.TomcatWebServer(initialize:108) - Tomcat initialized with port(s): 8080 (http)
2021-12-15 15:06:39,286 [restartedMain] INFO  org.springframework.boot.web.servlet.context.ServletWebServerApplicationContext(prepareWebApplicationContext:290) - Root WebApplicationContext: initialization completed in 1150 ms
2021-12-15 15:06:39,693 [restartedMain] INFO  org.springframework.boot.autoconfigure.web.servlet.WelcomePageHandlerMapping(<init>:53) - Adding welcome page: class path resource [static/index.html]
2021-12-15 15:06:39,852 [restartedMain] INFO  org.springframework.boot.devtools.autoconfigure.OptionalLiveReloadServer(startServer:58) - LiveReload server is running on port 35729
2021-12-15 15:06:39,922 [restartedMain] INFO  org.springframework.boot.web.embedded.tomcat.TomcatWebServer(start:220) - Tomcat started on port(s): 8080 (http) with context path ''
2021-12-15 15:06:39,933 [restartedMain] INFO  com.iteyes.PmsApplication(logStarted:61) - Started PmsApplication in 2.139 seconds (JVM running for 3.236)
2021-12-15 15:06:43,195 [http-nio-8080-exec-1] INFO  org.springframework.web.servlet.DispatcherServlet(initServletBean:525) - Initializing Servlet 'dispatcherServlet'
2021-12-15 15:06:43,195 [http-nio-8080-exec-1] INFO  org.springframework.web.servlet.DispatcherServlet(initServletBean:547) - Completed initialization in 0 ms
2021-12-15 15:06:43,361 [http-nio-8080-exec-1] DEBUG com.iteyes.mapper.MainMapper.select_0120_01(debug:137) - ==>  Preparing: SELECT A.EMPNO , A.EMPNM , A.EMAIL_ADDR , A.CPNO , A.BZCD , A.AUT_CD , A.LGN_PWD , CASE WHEN A.LGN_PWD != ? THEN 'N' WHEN A.LGN_PWD = ? || '211111' THEN 'C' ELSE 'Y' END AS LOGIN_YN FROM PMS_EMP_INFO A WHERE 1=1 AND A.EMPNO = ? AND A.PRJT_ID = '1000000001' AND A.BKUP_ID = '0000000000'
2021-12-15 15:06:43,376 [http-nio-8080-exec-1] DEBUG com.iteyes.mapper.MainMapper.select_0120_01(debug:137) - ==> Parameters: 10100(String), 10100(String), 100(String)
2021-12-15 15:06:43,391 [http-nio-8080-exec-1] TRACE com.iteyes.mapper.MainMapper.select_0120_01(trace:143) - <==    Columns: EMPNO, EMPNM, EMAIL_ADDR, CPNO, BZCD, AUT_CD, LGN_PWD, LOGIN_YN
2021-12-15 15:06:43,391 [http-nio-8080-exec-1] TRACE com.iteyes.mapper.MainMapper.select_0120_01(trace:143) - <==        Row: 100, 황일섭, null, null, null, 500, 1234, N
2021-12-15 15:06:43,393 [http-nio-8080-exec-1] DEBUG com.iteyes.mapper.MainMapper.select_0120_01(debug:137) - <==      Total: 1
2021-12-15 15:06:43,400 [http-nio-8080-exec-1] TRACE com.iteyes.service.JwtService(create:35) - time: 5
2021-12-15 15:06:43,438 [http-nio-8080-exec-1] DEBUG com.iteyes.service.JwtService(create:51) - 토큰 발행: eyJ0eXAiOiJKV1QiLCJhbGciOiJIUzI1NiJ9.eyJzdWIiOiLroZzqt7jsnbjthqDtgbAiLCJleHAiOjE2Mzk1NDg3MDMsIlVzZXIiOnsidXNlcklkIjoiMTAwIiwicGFzc3dvcmQiOiIxMjM0In0sInNlY29uZCI6Iuy2lOqwgOygleuztCJ9.dELxwzbx0D3rnPVpZWpzcqc8bzXNht8sZXaD_4CpmuQ
2021-12-15 15:07:41,956 [restartedMain] INFO  com.iteyes.PmsApplication(logStarting:55) - Starting PmsApplication using Java 16.0.2 on DESKTOP-H5GEA9U with PID 18384 (C:\workspace\ProjectEyes\PMS\bin\main started by iteyes in C:\workspace\ProjectEyes\PMS)
2021-12-15 15:07:41,957 [restartedMain] DEBUG com.iteyes.PmsApplication(logStarting:56) - Running with Spring Boot v2.5.4, Spring v5.3.9
2021-12-15 15:07:41,957 [restartedMain] INFO  com.iteyes.PmsApplication(logStartupProfileInfo:659) - No active profile set, falling back to default profiles: default
2021-12-15 15:07:42,154 [restartedMain] INFO  org.springframework.context.support.PostProcessorRegistrationDelegate$BeanPostProcessorChecker(postProcessAfterInitialization:376) - Bean 'org.springframework.ws.config.annotation.DelegatingWsConfiguration' of type [org.springframework.ws.config.annotation.DelegatingWsConfiguration$$EnhancerBySpringCGLIB$$ec0c7e6b] is not eligible for getting processed by all BeanPostProcessors (for example: not eligible for auto-proxying)
2021-12-15 15:07:42,156 [restartedMain] INFO  org.springframework.ws.soap.addressing.server.AnnotationActionEndpointMapping(afterPropertiesSet:239) - Supporting [WS-Addressing August 2004, WS-Addressing 1.0]
2021-12-15 15:07:42,186 [restartedMain] INFO  org.springframework.boot.web.embedded.tomcat.TomcatWebServer(initialize:108) - Tomcat initialized with port(s): 8080 (http)
2021-12-15 15:07:42,206 [restartedMain] INFO  org.springframework.boot.web.servlet.context.ServletWebServerApplicationContext(prepareWebApplicationContext:290) - Root WebApplicationContext: initialization completed in 246 ms
2021-12-15 15:07:42,308 [restartedMain] INFO  org.springframework.boot.autoconfigure.web.servlet.WelcomePageHandlerMapping(<init>:53) - Adding welcome page: class path resource [static/index.html]
2021-12-15 15:07:42,344 [restartedMain] INFO  org.springframework.boot.devtools.autoconfigure.OptionalLiveReloadServer(startServer:58) - LiveReload server is running on port 35729
2021-12-15 15:07:42,353 [restartedMain] INFO  org.springframework.boot.web.embedded.tomcat.TomcatWebServer(start:220) - Tomcat started on port(s): 8080 (http) with context path ''
2021-12-15 15:07:42,356 [restartedMain] INFO  com.iteyes.PmsApplication(logStarted:61) - Started PmsApplication in 0.438 seconds (JVM running for 65.659)
2021-12-15 15:07:42,357 [restartedMain] INFO  org.springframework.boot.devtools.autoconfigure.ConditionEvaluationDeltaLoggingListener(onApplicationEvent:63) - Condition evaluation unchanged
2021-12-15 15:07:47,449 [http-nio-8080-exec-1] INFO  org.springframework.web.servlet.DispatcherServlet(initServletBean:525) - Initializing Servlet 'dispatcherServlet'
2021-12-15 15:07:47,449 [http-nio-8080-exec-1] INFO  org.springframework.web.servlet.DispatcherServlet(initServletBean:547) - Completed initialization in 0 ms
2021-12-15 15:07:47,475 [http-nio-8080-exec-1] DEBUG com.iteyes.mapper.MainMapper.select_0120_01(debug:137) - ==>  Preparing: SELECT A.EMPNO , A.EMPNM , A.EMAIL_ADDR , A.CPNO , A.BZCD , A.AUT_CD , A.LGN_PWD , CASE WHEN A.LGN_PWD != ? THEN 'N' WHEN A.LGN_PWD = ? || '211111' THEN 'C' ELSE 'Y' END AS LOGIN_YN FROM PMS_EMP_INFO A WHERE 1=1 AND A.EMPNO = ? AND A.LGN_PWD = ? AND A.PRJT_ID = '1000000001' AND A.BKUP_ID = '0000000000'
2021-12-15 15:07:47,475 [http-nio-8080-exec-1] DEBUG com.iteyes.mapper.MainMapper.select_0120_01(debug:137) - ==> Parameters: 121515(String), 121515(String), 100(String), 121515(String)
2021-12-15 15:07:47,478 [http-nio-8080-exec-1] DEBUG com.iteyes.mapper.MainMapper.select_0120_01(debug:137) - <==      Total: 0
2021-12-15 15:07:47,478 [http-nio-8080-exec-1] ERROR com.iteyes.controller.UserRestController(signin:67) - 로그인 실패
java.lang.RuntimeException: 사용자가 없습니다
	at com.iteyes.service.impl.pms.UserServiceImpl.signin(UserServiceImpl.java:40) ~[main/:?]
	at com.iteyes.controller.UserRestController.signin(UserRestController.java:53) [main/:?]
	at jdk.internal.reflect.NativeMethodAccessorImpl.invoke0(Native Method) ~[?:?]
	at jdk.internal.reflect.NativeMethodAccessorImpl.invoke(NativeMethodAccessorImpl.java:78) ~[?:?]
	at jdk.internal.reflect.DelegatingMethodAccessorImpl.invoke(DelegatingMethodAccessorImpl.java:43) ~[?:?]
	at java.lang.reflect.Method.invoke(Method.java:567) ~[?:?]
	at org.springframework.web.method.support.InvocableHandlerMethod.doInvoke(InvocableHandlerMethod.java:197) [spring-web-5.3.9.jar:5.3.9]
	at org.springframework.web.method.support.InvocableHandlerMethod.invokeForRequest(InvocableHandlerMethod.java:141) [spring-web-5.3.9.jar:5.3.9]
	at org.springframework.web.servlet.mvc.method.annotation.ServletInvocableHandlerMethod.invokeAndHandle(ServletInvocableHandlerMethod.java:106) [spring-webmvc-5.3.9.jar:5.3.9]
	at org.springframework.web.servlet.mvc.method.annotation.RequestMappingHandlerAdapter.invokeHandlerMethod(RequestMappingHandlerAdapter.java:895) [spring-webmvc-5.3.9.jar:5.3.9]
	at org.springframework.web.servlet.mvc.method.annotation.RequestMappingHandlerAdapter.handleInternal(RequestMappingHandlerAdapter.java:808) [spring-webmvc-5.3.9.jar:5.3.9]
	at org.springframework.web.servlet.mvc.method.AbstractHandlerMethodAdapter.handle(AbstractHandlerMethodAdapter.java:87) [spring-webmvc-5.3.9.jar:5.3.9]
	at org.springframework.web.servlet.DispatcherServlet.doDispatch(DispatcherServlet.java:1064) [spring-webmvc-5.3.9.jar:5.3.9]
	at org.springframework.web.servlet.DispatcherServlet.doService(DispatcherServlet.java:963) [spring-webmvc-5.3.9.jar:5.3.9]
	at org.springframework.web.servlet.FrameworkServlet.processRequest(FrameworkServlet.java:1006) [spring-webmvc-5.3.9.jar:5.3.9]
	at org.springframework.web.servlet.FrameworkServlet.doPost(FrameworkServlet.java:909) [spring-webmvc-5.3.9.jar:5.3.9]
	at javax.servlet.http.HttpServlet.service(HttpServlet.java:681) [tomcat-embed-core-9.0.52.jar:4.0.FR]
	at org.springframework.web.servlet.FrameworkServlet.service(FrameworkServlet.java:883) [spring-webmvc-5.3.9.jar:5.3.9]
	at javax.servlet.http.HttpServlet.service(HttpServlet.java:764) [tomcat-embed-core-9.0.52.jar:4.0.FR]
	at org.apache.catalina.core.ApplicationFilterChain.internalDoFilter(ApplicationFilterChain.java:227) [tomcat-embed-core-9.0.52.jar:9.0.52]
	at org.apache.catalina.core.ApplicationFilterChain.doFilter(ApplicationFilterChain.java:162) [tomcat-embed-core-9.0.52.jar:9.0.52]
	at org.apache.tomcat.websocket.server.WsFilter.doFilter(WsFilter.java:53) [tomcat-embed-websocket-9.0.52.jar:9.0.52]
	at org.apache.catalina.core.ApplicationFilterChain.internalDoFilter(ApplicationFilterChain.java:189) [tomcat-embed-core-9.0.52.jar:9.0.52]
	at org.apache.catalina.core.ApplicationFilterChain.doFilter(ApplicationFilterChain.java:162) [tomcat-embed-core-9.0.52.jar:9.0.52]
	at org.springframework.web.filter.RequestContextFilter.doFilterInternal(RequestContextFilter.java:100) [spring-web-5.3.9.jar:5.3.9]
	at org.springframework.web.filter.OncePerRequestFilter.doFilter(OncePerRequestFilter.java:119) [spring-web-5.3.9.jar:5.3.9]
	at org.apache.catalina.core.ApplicationFilterChain.internalDoFilter(ApplicationFilterChain.java:189) [tomcat-embed-core-9.0.52.jar:9.0.52]
	at org.apache.catalina.core.ApplicationFilterChain.doFilter(ApplicationFilterChain.java:162) [tomcat-embed-core-9.0.52.jar:9.0.52]
	at org.springframework.web.filter.FormContentFilter.doFilterInternal(FormContentFilter.java:93) [spring-web-5.3.9.jar:5.3.9]
	at org.springframework.web.filter.OncePerRequestFilter.doFilter(OncePerRequestFilter.java:119) [spring-web-5.3.9.jar:5.3.9]
	at org.apache.catalina.core.ApplicationFilterChain.internalDoFilter(ApplicationFilterChain.java:189) [tomcat-embed-core-9.0.52.jar:9.0.52]
	at org.apache.catalina.core.ApplicationFilterChain.doFilter(ApplicationFilterChain.java:162) [tomcat-embed-core-9.0.52.jar:9.0.52]
	at org.springframework.web.filter.CharacterEncodingFilter.doFilterInternal(CharacterEncodingFilter.java:201) [spring-web-5.3.9.jar:5.3.9]
	at org.springframework.web.filter.OncePerRequestFilter.doFilter(OncePerRequestFilter.java:119) [spring-web-5.3.9.jar:5.3.9]
	at org.apache.catalina.core.ApplicationFilterChain.internalDoFilter(ApplicationFilterChain.java:189) [tomcat-embed-core-9.0.52.jar:9.0.52]
	at org.apache.catalina.core.ApplicationFilterChain.doFilter(ApplicationFilterChain.java:162) [tomcat-embed-core-9.0.52.jar:9.0.52]
	at org.apache.catalina.core.StandardWrapperValve.invoke(StandardWrapperValve.java:197) [tomcat-embed-core-9.0.52.jar:9.0.52]
	at org.apache.catalina.core.StandardContextValve.invoke(StandardContextValve.java:97) [tomcat-embed-core-9.0.52.jar:9.0.52]
	at org.apache.catalina.authenticator.AuthenticatorBase.invoke(AuthenticatorBase.java:542) [tomcat-embed-core-9.0.52.jar:9.0.52]
	at org.apache.catalina.core.StandardHostValve.invoke(StandardHostValve.java:135) [tomcat-embed-core-9.0.52.jar:9.0.52]
	at org.apache.catalina.valves.ErrorReportValve.invoke(ErrorReportValve.java:92) [tomcat-embed-core-9.0.52.jar:9.0.52]
	at org.apache.catalina.core.StandardEngineValve.invoke(StandardEngineValve.java:78) [tomcat-embed-core-9.0.52.jar:9.0.52]
	at org.apache.catalina.connector.CoyoteAdapter.service(CoyoteAdapter.java:357) [tomcat-embed-core-9.0.52.jar:9.0.52]
	at org.apache.coyote.http11.Http11Processor.service(Http11Processor.java:382) [tomcat-embed-core-9.0.52.jar:9.0.52]
	at org.apache.coyote.AbstractProcessorLight.process(AbstractProcessorLight.java:65) [tomcat-embed-core-9.0.52.jar:9.0.52]
	at org.apache.coyote.AbstractProtocol$ConnectionHandler.process(AbstractProtocol.java:893) [tomcat-embed-core-9.0.52.jar:9.0.52]
	at org.apache.tomcat.util.net.NioEndpoint$SocketProcessor.doRun(NioEndpoint.java:1726) [tomcat-embed-core-9.0.52.jar:9.0.52]
	at org.apache.tomcat.util.net.SocketProcessorBase.run(SocketProcessorBase.java:49) [tomcat-embed-core-9.0.52.jar:9.0.52]
	at org.apache.tomcat.util.threads.ThreadPoolExecutor.runWorker(ThreadPoolExecutor.java:1191) [tomcat-embed-core-9.0.52.jar:9.0.52]
	at org.apache.tomcat.util.threads.ThreadPoolExecutor$Worker.run(ThreadPoolExecutor.java:659) [tomcat-embed-core-9.0.52.jar:9.0.52]
	at org.apache.tomcat.util.threads.TaskThread$WrappingRunnable.run(TaskThread.java:61) [tomcat-embed-core-9.0.52.jar:9.0.52]
	at java.lang.Thread.run(Thread.java:831) [?:?]
2021-12-15 15:08:06,601 [http-nio-8080-exec-2] DEBUG com.iteyes.mapper.MainMapper.select_0120_01(debug:137) - ==>  Preparing: SELECT A.EMPNO , A.EMPNM , A.EMAIL_ADDR , A.CPNO , A.BZCD , A.AUT_CD , A.LGN_PWD , CASE WHEN A.LGN_PWD != ? THEN 'N' WHEN A.LGN_PWD = ? || '211111' THEN 'C' ELSE 'Y' END AS LOGIN_YN FROM PMS_EMP_INFO A WHERE 1=1 AND A.EMPNO = ? AND A.LGN_PWD = ? AND A.PRJT_ID = '1000000001' AND A.BKUP_ID = '0000000000'
2021-12-15 15:08:06,602 [http-nio-8080-exec-2] DEBUG com.iteyes.mapper.MainMapper.select_0120_01(debug:137) - ==> Parameters: 1234(String), 1234(String), 100(String), 1234(String)
2021-12-15 15:08:06,613 [http-nio-8080-exec-2] TRACE com.iteyes.mapper.MainMapper.select_0120_01(trace:143) - <==    Columns: EMPNO, EMPNM, EMAIL_ADDR, CPNO, BZCD, AUT_CD, LGN_PWD, LOGIN_YN
2021-12-15 15:08:06,614 [http-nio-8080-exec-2] TRACE com.iteyes.mapper.MainMapper.select_0120_01(trace:143) - <==        Row: 100, 황일섭, null, null, null, 500, 1234, C
2021-12-15 15:08:06,615 [http-nio-8080-exec-2] DEBUG com.iteyes.mapper.MainMapper.select_0120_01(debug:137) - <==      Total: 1
2021-12-15 15:08:06,615 [http-nio-8080-exec-2] TRACE com.iteyes.service.JwtService(create:35) - time: 5
2021-12-15 15:08:06,616 [http-nio-8080-exec-2] DEBUG com.iteyes.service.JwtService(create:51) - 토큰 발행: eyJ0eXAiOiJKV1QiLCJhbGciOiJIUzI1NiJ9.eyJzdWIiOiLroZzqt7jsnbjthqDtgbAiLCJleHAiOjE2Mzk1NDg3ODYsIlVzZXIiOnsidXNlcklkIjoiMTAwIiwicGFzc3dvcmQiOiIxMjM0In0sInNlY29uZCI6Iuy2lOqwgOygleuztCJ9.HVYuFDOL751mxTJStyF_zP4dZcLuHSqXNhL0-00ziz0
2021-12-15 15:08:20,913 [http-nio-8080-exec-3] DEBUG com.iteyes.mapper.MainMapper.select_0120_01(debug:137) - ==>  Preparing: SELECT A.EMPNO , A.EMPNM , A.EMAIL_ADDR , A.CPNO , A.BZCD , A.AUT_CD , A.LGN_PWD , CASE WHEN A.LGN_PWD != ? THEN 'N' WHEN A.LGN_PWD = ? || '211111' THEN 'C' ELSE 'Y' END AS LOGIN_YN FROM PMS_EMP_INFO A WHERE 1=1 AND A.EMPNO = ? AND A.LGN_PWD = ? AND A.PRJT_ID = '1000000001' AND A.BKUP_ID = '0000000000'
2021-12-15 15:08:20,913 [http-nio-8080-exec-3] DEBUG com.iteyes.mapper.MainMapper.select_0120_01(debug:137) - ==> Parameters: 1234(String), 1234(String), 100(String), 1234(String)
2021-12-15 15:08:20,917 [http-nio-8080-exec-3] TRACE com.iteyes.mapper.MainMapper.select_0120_01(trace:143) - <==    Columns: EMPNO, EMPNM, EMAIL_ADDR, CPNO, BZCD, AUT_CD, LGN_PWD, LOGIN_YN
2021-12-15 15:08:20,918 [http-nio-8080-exec-3] TRACE com.iteyes.mapper.MainMapper.select_0120_01(trace:143) - <==        Row: 100, 황일섭, null, null, null, 500, 1234, C
2021-12-15 15:08:20,918 [http-nio-8080-exec-3] DEBUG com.iteyes.mapper.MainMapper.select_0120_01(debug:137) - <==      Total: 1
2021-12-15 15:08:20,918 [http-nio-8080-exec-3] TRACE com.iteyes.service.JwtService(create:35) - time: 5
2021-12-15 15:08:20,919 [http-nio-8080-exec-3] DEBUG com.iteyes.service.JwtService(create:51) - 토큰 발행: eyJ0eXAiOiJKV1QiLCJhbGciOiJIUzI1NiJ9.eyJzdWIiOiLroZzqt7jsnbjthqDtgbAiLCJleHAiOjE2Mzk1NDg4MDAsIlVzZXIiOnsidXNlcklkIjoiMTAwIiwicGFzc3dvcmQiOiIxMjM0In0sInNlY29uZCI6Iuy2lOqwgOygleuztCJ9.LHCK9rRqXu4OtxIgzqCuv-GH1T5TZd_2KW_KQtHthas
2021-12-15 15:08:43,052 [http-nio-8080-exec-4] DEBUG com.iteyes.mapper.MainMapper.select_0120_01(debug:137) - ==>  Preparing: SELECT A.EMPNO , A.EMPNM , A.EMAIL_ADDR , A.CPNO , A.BZCD , A.AUT_CD , A.LGN_PWD , CASE WHEN A.LGN_PWD != ? THEN 'N' WHEN A.LGN_PWD = ? || '211111' THEN 'C' ELSE 'Y' END AS LOGIN_YN FROM PMS_EMP_INFO A WHERE 1=1 AND A.EMPNO = ? AND A.LGN_PWD = ? AND A.PRJT_ID = '1000000001' AND A.BKUP_ID = '0000000000'
2021-12-15 15:08:43,053 [http-nio-8080-exec-4] DEBUG com.iteyes.mapper.MainMapper.select_0120_01(debug:137) - ==> Parameters: 101211111(String), 101211111(String), 101(String), 101211111(String)
2021-12-15 15:08:43,059 [http-nio-8080-exec-4] TRACE com.iteyes.mapper.MainMapper.select_0120_01(trace:143) - <==    Columns: EMPNO, EMPNM, EMAIL_ADDR, CPNO, BZCD, AUT_CD, LGN_PWD, LOGIN_YN
2021-12-15 15:08:43,059 [http-nio-8080-exec-4] TRACE com.iteyes.mapper.MainMapper.select_0120_01(trace:143) - <==        Row: 101, 신현규, null, null, null, 600, 101211111, C
2021-12-15 15:08:43,060 [http-nio-8080-exec-4] DEBUG com.iteyes.mapper.MainMapper.select_0120_01(debug:137) - <==      Total: 1
2021-12-15 15:08:43,060 [http-nio-8080-exec-4] TRACE com.iteyes.service.JwtService(create:35) - time: 5
2021-12-15 15:08:43,061 [http-nio-8080-exec-4] DEBUG com.iteyes.service.JwtService(create:51) - 토큰 발행: eyJ0eXAiOiJKV1QiLCJhbGciOiJIUzI1NiJ9.eyJzdWIiOiLroZzqt7jsnbjthqDtgbAiLCJleHAiOjE2Mzk1NDg4MjMsIlVzZXIiOnsidXNlcklkIjoiMTAxIiwicGFzc3dvcmQiOiIxMDEyMTExMTEifSwic2Vjb25kIjoi7LaU6rCA7KCV67O0In0.unHb5P30QxNNNQsw_m9Mdjr13KnQOqZsHfBipegIWYk
2021-12-15 15:08:58,808 [restartedMain] INFO  com.iteyes.PmsApplication(logStarting:55) - Starting PmsApplication using Java 16.0.2 on DESKTOP-H5GEA9U with PID 18384 (C:\workspace\ProjectEyes\PMS\bin\main started by iteyes in C:\workspace\ProjectEyes\PMS)
2021-12-15 15:08:58,808 [restartedMain] DEBUG com.iteyes.PmsApplication(logStarting:56) - Running with Spring Boot v2.5.4, Spring v5.3.9
2021-12-15 15:08:58,808 [restartedMain] INFO  com.iteyes.PmsApplication(logStartupProfileInfo:659) - No active profile set, falling back to default profiles: default
2021-12-15 15:08:58,987 [restartedMain] INFO  org.springframework.context.support.PostProcessorRegistrationDelegate$BeanPostProcessorChecker(postProcessAfterInitialization:376) - Bean 'org.springframework.ws.config.annotation.DelegatingWsConfiguration' of type [org.springframework.ws.config.annotation.DelegatingWsConfiguration$$EnhancerBySpringCGLIB$$ec0c7e6b] is not eligible for getting processed by all BeanPostProcessors (for example: not eligible for auto-proxying)
2021-12-15 15:08:58,989 [restartedMain] INFO  org.springframework.ws.soap.addressing.server.AnnotationActionEndpointMapping(afterPropertiesSet:239) - Supporting [WS-Addressing August 2004, WS-Addressing 1.0]
2021-12-15 15:08:59,018 [restartedMain] INFO  org.springframework.boot.web.embedded.tomcat.TomcatWebServer(initialize:108) - Tomcat initialized with port(s): 8080 (http)
2021-12-15 15:08:59,039 [restartedMain] INFO  org.springframework.boot.web.servlet.context.ServletWebServerApplicationContext(prepareWebApplicationContext:290) - Root WebApplicationContext: initialization completed in 228 ms
2021-12-15 15:08:59,129 [restartedMain] INFO  org.springframework.boot.autoconfigure.web.servlet.WelcomePageHandlerMapping(<init>:53) - Adding welcome page: class path resource [static/index.html]
2021-12-15 15:08:59,159 [restartedMain] INFO  org.springframework.boot.devtools.autoconfigure.OptionalLiveReloadServer(startServer:58) - LiveReload server is running on port 35729
2021-12-15 15:08:59,167 [restartedMain] INFO  org.springframework.boot.web.embedded.tomcat.TomcatWebServer(start:220) - Tomcat started on port(s): 8080 (http) with context path ''
2021-12-15 15:08:59,170 [restartedMain] INFO  com.iteyes.PmsApplication(logStarted:61) - Started PmsApplication in 0.398 seconds (JVM running for 142.473)
2021-12-15 15:08:59,173 [restartedMain] INFO  org.springframework.boot.devtools.autoconfigure.ConditionEvaluationDeltaLoggingListener(onApplicationEvent:63) - Condition evaluation unchanged
2021-12-15 15:09:15,292 [http-nio-8080-exec-1] INFO  org.springframework.web.servlet.DispatcherServlet(initServletBean:525) - Initializing Servlet 'dispatcherServlet'
2021-12-15 15:09:15,292 [http-nio-8080-exec-1] INFO  org.springframework.web.servlet.DispatcherServlet(initServletBean:547) - Completed initialization in 0 ms
2021-12-15 15:09:15,314 [http-nio-8080-exec-1] DEBUG com.iteyes.mapper.MainMapper.select_0120_01(debug:137) - ==>  Preparing: SELECT A.EMPNO , A.EMPNM , A.EMAIL_ADDR , A.CPNO , A.BZCD , A.AUT_CD , A.LGN_PWD , CASE WHEN A.LGN_PWD != ? THEN 'N' WHEN A.LGN_PWD = ? '211111' THEN 'C' ELSE 'Y' END AS LOGIN_YN FROM PMS_EMP_INFO A WHERE 1=1 AND A.EMPNO = ? AND A.LGN_PWD = ? AND A.PRJT_ID = '1000000001' AND A.BKUP_ID = '0000000000'
2021-12-15 15:09:15,315 [http-nio-8080-exec-1] DEBUG com.iteyes.mapper.MainMapper.select_0120_01(debug:137) - ==> Parameters: 1234(String), 1234(String), 100(String), 1234(String)
2021-12-15 15:09:15,318 [http-nio-8080-exec-1] TRACE com.iteyes.mapper.MainMapper.select_0120_01(trace:143) - <==    Columns: EMPNO, EMPNM, EMAIL_ADDR, CPNO, BZCD, AUT_CD, LGN_PWD, LOGIN_YN
2021-12-15 15:09:15,318 [http-nio-8080-exec-1] TRACE com.iteyes.mapper.MainMapper.select_0120_01(trace:143) - <==        Row: 100, 황일섭, null, null, null, 500, 1234, Y
2021-12-15 15:09:15,318 [http-nio-8080-exec-1] DEBUG com.iteyes.mapper.MainMapper.select_0120_01(debug:137) - <==      Total: 1
2021-12-15 15:09:15,319 [http-nio-8080-exec-1] TRACE com.iteyes.service.JwtService(create:35) - time: 5
2021-12-15 15:09:15,320 [http-nio-8080-exec-1] DEBUG com.iteyes.service.JwtService(create:51) - 토큰 발행: eyJ0eXAiOiJKV1QiLCJhbGciOiJIUzI1NiJ9.eyJzdWIiOiLroZzqt7jsnbjthqDtgbAiLCJleHAiOjE2Mzk1NDg4NTUsIlVzZXIiOnsidXNlcklkIjoiMTAwIiwicGFzc3dvcmQiOiIxMjM0In0sInNlY29uZCI6Iuy2lOqwgOygleuztCJ9.LjGYYpeL59ObFnxa8jjITLA-ImCaynAuT32p-ALUVl4
2021-12-15 15:09:53,900 [http-nio-8080-exec-2] DEBUG com.iteyes.mapper.MainMapper.select_0120_01(debug:137) - ==>  Preparing: SELECT A.EMPNO , A.EMPNM , A.EMAIL_ADDR , A.CPNO , A.BZCD , A.AUT_CD , A.LGN_PWD , CASE WHEN A.LGN_PWD != ? THEN 'N' WHEN A.LGN_PWD = ? '211111' THEN 'C' ELSE 'Y' END AS LOGIN_YN FROM PMS_EMP_INFO A WHERE 1=1 AND A.EMPNO = ? AND A.LGN_PWD = ? AND A.PRJT_ID = '1000000001' AND A.BKUP_ID = '0000000000'
2021-12-15 15:09:53,900 [http-nio-8080-exec-2] DEBUG com.iteyes.mapper.MainMapper.select_0120_01(debug:137) - ==> Parameters: 12345(String), 12345(String), 100(String), 12345(String)
2021-12-15 15:09:53,904 [http-nio-8080-exec-2] DEBUG com.iteyes.mapper.MainMapper.select_0120_01(debug:137) - <==      Total: 0
2021-12-15 15:09:53,904 [http-nio-8080-exec-2] ERROR com.iteyes.controller.UserRestController(signin:67) - 로그인 실패
java.lang.RuntimeException: 사용자가 없습니다
	at com.iteyes.service.impl.pms.UserServiceImpl.signin(UserServiceImpl.java:40) ~[main/:?]
	at com.iteyes.controller.UserRestController.signin(UserRestController.java:53) [main/:?]
	at jdk.internal.reflect.NativeMethodAccessorImpl.invoke0(Native Method) ~[?:?]
	at jdk.internal.reflect.NativeMethodAccessorImpl.invoke(NativeMethodAccessorImpl.java:78) ~[?:?]
	at jdk.internal.reflect.DelegatingMethodAccessorImpl.invoke(DelegatingMethodAccessorImpl.java:43) ~[?:?]
	at java.lang.reflect.Method.invoke(Method.java:567) ~[?:?]
	at org.springframework.web.method.support.InvocableHandlerMethod.doInvoke(InvocableHandlerMethod.java:197) [spring-web-5.3.9.jar:5.3.9]
	at org.springframework.web.method.support.InvocableHandlerMethod.invokeForRequest(InvocableHandlerMethod.java:141) [spring-web-5.3.9.jar:5.3.9]
	at org.springframework.web.servlet.mvc.method.annotation.ServletInvocableHandlerMethod.invokeAndHandle(ServletInvocableHandlerMethod.java:106) [spring-webmvc-5.3.9.jar:5.3.9]
	at org.springframework.web.servlet.mvc.method.annotation.RequestMappingHandlerAdapter.invokeHandlerMethod(RequestMappingHandlerAdapter.java:895) [spring-webmvc-5.3.9.jar:5.3.9]
	at org.springframework.web.servlet.mvc.method.annotation.RequestMappingHandlerAdapter.handleInternal(RequestMappingHandlerAdapter.java:808) [spring-webmvc-5.3.9.jar:5.3.9]
	at org.springframework.web.servlet.mvc.method.AbstractHandlerMethodAdapter.handle(AbstractHandlerMethodAdapter.java:87) [spring-webmvc-5.3.9.jar:5.3.9]
	at org.springframework.web.servlet.DispatcherServlet.doDispatch(DispatcherServlet.java:1064) [spring-webmvc-5.3.9.jar:5.3.9]
	at org.springframework.web.servlet.DispatcherServlet.doService(DispatcherServlet.java:963) [spring-webmvc-5.3.9.jar:5.3.9]
	at org.springframework.web.servlet.FrameworkServlet.processRequest(FrameworkServlet.java:1006) [spring-webmvc-5.3.9.jar:5.3.9]
	at org.springframework.web.servlet.FrameworkServlet.doPost(FrameworkServlet.java:909) [spring-webmvc-5.3.9.jar:5.3.9]
	at javax.servlet.http.HttpServlet.service(HttpServlet.java:681) [tomcat-embed-core-9.0.52.jar:4.0.FR]
	at org.springframework.web.servlet.FrameworkServlet.service(FrameworkServlet.java:883) [spring-webmvc-5.3.9.jar:5.3.9]
	at javax.servlet.http.HttpServlet.service(HttpServlet.java:764) [tomcat-embed-core-9.0.52.jar:4.0.FR]
	at org.apache.catalina.core.ApplicationFilterChain.internalDoFilter(ApplicationFilterChain.java:227) [tomcat-embed-core-9.0.52.jar:9.0.52]
	at org.apache.catalina.core.ApplicationFilterChain.doFilter(ApplicationFilterChain.java:162) [tomcat-embed-core-9.0.52.jar:9.0.52]
	at org.apache.tomcat.websocket.server.WsFilter.doFilter(WsFilter.java:53) [tomcat-embed-websocket-9.0.52.jar:9.0.52]
	at org.apache.catalina.core.ApplicationFilterChain.internalDoFilter(ApplicationFilterChain.java:189) [tomcat-embed-core-9.0.52.jar:9.0.52]
	at org.apache.catalina.core.ApplicationFilterChain.doFilter(ApplicationFilterChain.java:162) [tomcat-embed-core-9.0.52.jar:9.0.52]
	at org.springframework.web.filter.RequestContextFilter.doFilterInternal(RequestContextFilter.java:100) [spring-web-5.3.9.jar:5.3.9]
	at org.springframework.web.filter.OncePerRequestFilter.doFilter(OncePerRequestFilter.java:119) [spring-web-5.3.9.jar:5.3.9]
	at org.apache.catalina.core.ApplicationFilterChain.internalDoFilter(ApplicationFilterChain.java:189) [tomcat-embed-core-9.0.52.jar:9.0.52]
	at org.apache.catalina.core.ApplicationFilterChain.doFilter(ApplicationFilterChain.java:162) [tomcat-embed-core-9.0.52.jar:9.0.52]
	at org.springframework.web.filter.FormContentFilter.doFilterInternal(FormContentFilter.java:93) [spring-web-5.3.9.jar:5.3.9]
	at org.springframework.web.filter.OncePerRequestFilter.doFilter(OncePerRequestFilter.java:119) [spring-web-5.3.9.jar:5.3.9]
	at org.apache.catalina.core.ApplicationFilterChain.internalDoFilter(ApplicationFilterChain.java:189) [tomcat-embed-core-9.0.52.jar:9.0.52]
	at org.apache.catalina.core.ApplicationFilterChain.doFilter(ApplicationFilterChain.java:162) [tomcat-embed-core-9.0.52.jar:9.0.52]
	at org.springframework.web.filter.CharacterEncodingFilter.doFilterInternal(CharacterEncodingFilter.java:201) [spring-web-5.3.9.jar:5.3.9]
	at org.springframework.web.filter.OncePerRequestFilter.doFilter(OncePerRequestFilter.java:119) [spring-web-5.3.9.jar:5.3.9]
	at org.apache.catalina.core.ApplicationFilterChain.internalDoFilter(ApplicationFilterChain.java:189) [tomcat-embed-core-9.0.52.jar:9.0.52]
	at org.apache.catalina.core.ApplicationFilterChain.doFilter(ApplicationFilterChain.java:162) [tomcat-embed-core-9.0.52.jar:9.0.52]
	at org.apache.catalina.core.StandardWrapperValve.invoke(StandardWrapperValve.java:197) [tomcat-embed-core-9.0.52.jar:9.0.52]
	at org.apache.catalina.core.StandardContextValve.invoke(StandardContextValve.java:97) [tomcat-embed-core-9.0.52.jar:9.0.52]
	at org.apache.catalina.authenticator.AuthenticatorBase.invoke(AuthenticatorBase.java:542) [tomcat-embed-core-9.0.52.jar:9.0.52]
	at org.apache.catalina.core.StandardHostValve.invoke(StandardHostValve.java:135) [tomcat-embed-core-9.0.52.jar:9.0.52]
	at org.apache.catalina.valves.ErrorReportValve.invoke(ErrorReportValve.java:92) [tomcat-embed-core-9.0.52.jar:9.0.52]
	at org.apache.catalina.core.StandardEngineValve.invoke(StandardEngineValve.java:78) [tomcat-embed-core-9.0.52.jar:9.0.52]
	at org.apache.catalina.connector.CoyoteAdapter.service(CoyoteAdapter.java:357) [tomcat-embed-core-9.0.52.jar:9.0.52]
	at org.apache.coyote.http11.Http11Processor.service(Http11Processor.java:382) [tomcat-embed-core-9.0.52.jar:9.0.52]
	at org.apache.coyote.AbstractProcessorLight.process(AbstractProcessorLight.java:65) [tomcat-embed-core-9.0.52.jar:9.0.52]
	at org.apache.coyote.AbstractProtocol$ConnectionHandler.process(AbstractProtocol.java:893) [tomcat-embed-core-9.0.52.jar:9.0.52]
	at org.apache.tomcat.util.net.NioEndpoint$SocketProcessor.doRun(NioEndpoint.java:1726) [tomcat-embed-core-9.0.52.jar:9.0.52]
	at org.apache.tomcat.util.net.SocketProcessorBase.run(SocketProcessorBase.java:49) [tomcat-embed-core-9.0.52.jar:9.0.52]
	at org.apache.tomcat.util.threads.ThreadPoolExecutor.runWorker(ThreadPoolExecutor.java:1191) [tomcat-embed-core-9.0.52.jar:9.0.52]
	at org.apache.tomcat.util.threads.ThreadPoolExecutor$Worker.run(ThreadPoolExecutor.java:659) [tomcat-embed-core-9.0.52.jar:9.0.52]
	at org.apache.tomcat.util.threads.TaskThread$WrappingRunnable.run(TaskThread.java:61) [tomcat-embed-core-9.0.52.jar:9.0.52]
	at java.lang.Thread.run(Thread.java:831) [?:?]
2021-12-15 15:10:27,646 [http-nio-8080-exec-3] DEBUG com.iteyes.mapper.MainMapper.select_0120_01(debug:137) - ==>  Preparing: SELECT A.EMPNO , A.EMPNM , A.EMAIL_ADDR , A.CPNO , A.BZCD , A.AUT_CD , A.LGN_PWD , CASE WHEN A.LGN_PWD != ? THEN 'N' WHEN A.LGN_PWD = ? '211111' THEN 'C' ELSE 'Y' END AS LOGIN_YN FROM PMS_EMP_INFO A WHERE 1=1 AND A.EMPNO = ? AND A.LGN_PWD = ? AND A.PRJT_ID = '1000000001' AND A.BKUP_ID = '0000000000'
2021-12-15 15:10:27,646 [http-nio-8080-exec-3] DEBUG com.iteyes.mapper.MainMapper.select_0120_01(debug:137) - ==> Parameters: 1234(String), 1234(String), 100(String), 1234(String)
2021-12-15 15:10:27,652 [http-nio-8080-exec-3] TRACE com.iteyes.mapper.MainMapper.select_0120_01(trace:143) - <==    Columns: EMPNO, EMPNM, EMAIL_ADDR, CPNO, BZCD, AUT_CD, LGN_PWD, LOGIN_YN
2021-12-15 15:10:27,653 [http-nio-8080-exec-3] TRACE com.iteyes.mapper.MainMapper.select_0120_01(trace:143) - <==        Row: 100, 황일섭, null, null, null, 500, 1234, Y
2021-12-15 15:10:27,653 [http-nio-8080-exec-3] DEBUG com.iteyes.mapper.MainMapper.select_0120_01(debug:137) - <==      Total: 1
2021-12-15 15:10:27,654 [http-nio-8080-exec-3] TRACE com.iteyes.service.JwtService(create:35) - time: 5
2021-12-15 15:10:27,655 [http-nio-8080-exec-3] DEBUG com.iteyes.service.JwtService(create:51) - 토큰 발행: eyJ0eXAiOiJKV1QiLCJhbGciOiJIUzI1NiJ9.eyJzdWIiOiLroZzqt7jsnbjthqDtgbAiLCJleHAiOjE2Mzk1NDg5MjcsIlVzZXIiOnsidXNlcklkIjoiMTAwIiwicGFzc3dvcmQiOiIxMjM0In0sInNlY29uZCI6Iuy2lOqwgOygleuztCJ9.W9jjomM4xKkS2CmDOvPaTkMV4M7zWFifcmrJBwu26E0
2021-12-15 15:13:11,183 [restartedMain] INFO  com.iteyes.PmsApplication(logStarting:55) - Starting PmsApplication using Java 16.0.2 on DESKTOP-H5GEA9U with PID 18384 (C:\workspace\ProjectEyes\PMS\bin\main started by iteyes in C:\workspace\ProjectEyes\PMS)
2021-12-15 15:13:11,183 [restartedMain] DEBUG com.iteyes.PmsApplication(logStarting:56) - Running with Spring Boot v2.5.4, Spring v5.3.9
2021-12-15 15:13:11,183 [restartedMain] INFO  com.iteyes.PmsApplication(logStartupProfileInfo:659) - No active profile set, falling back to default profiles: default
2021-12-15 15:13:11,333 [restartedMain] INFO  org.springframework.context.support.PostProcessorRegistrationDelegate$BeanPostProcessorChecker(postProcessAfterInitialization:376) - Bean 'org.springframework.ws.config.annotation.DelegatingWsConfiguration' of type [org.springframework.ws.config.annotation.DelegatingWsConfiguration$$EnhancerBySpringCGLIB$$ec0c7e6b] is not eligible for getting processed by all BeanPostProcessors (for example: not eligible for auto-proxying)
2021-12-15 15:13:11,334 [restartedMain] INFO  org.springframework.ws.soap.addressing.server.AnnotationActionEndpointMapping(afterPropertiesSet:239) - Supporting [WS-Addressing August 2004, WS-Addressing 1.0]
2021-12-15 15:13:11,357 [restartedMain] INFO  org.springframework.boot.web.embedded.tomcat.TomcatWebServer(initialize:108) - Tomcat initialized with port(s): 8080 (http)
2021-12-15 15:13:11,378 [restartedMain] INFO  org.springframework.boot.web.servlet.context.ServletWebServerApplicationContext(prepareWebApplicationContext:290) - Root WebApplicationContext: initialization completed in 193 ms
2021-12-15 15:13:11,459 [restartedMain] INFO  org.springframework.boot.autoconfigure.web.servlet.WelcomePageHandlerMapping(<init>:53) - Adding welcome page: class path resource [static/index.html]
2021-12-15 15:13:11,488 [restartedMain] INFO  org.springframework.boot.devtools.autoconfigure.OptionalLiveReloadServer(startServer:58) - LiveReload server is running on port 35729
2021-12-15 15:13:11,496 [restartedMain] INFO  org.springframework.boot.web.embedded.tomcat.TomcatWebServer(start:220) - Tomcat started on port(s): 8080 (http) with context path ''
2021-12-15 15:13:11,499 [restartedMain] INFO  com.iteyes.PmsApplication(logStarted:61) - Started PmsApplication in 0.353 seconds (JVM running for 394.802)
2021-12-15 15:13:11,500 [restartedMain] INFO  org.springframework.boot.devtools.autoconfigure.ConditionEvaluationDeltaLoggingListener(onApplicationEvent:63) - Condition evaluation unchanged
2021-12-15 15:13:21,146 [http-nio-8080-exec-1] INFO  org.springframework.web.servlet.DispatcherServlet(initServletBean:525) - Initializing Servlet 'dispatcherServlet'
2021-12-15 15:13:21,148 [http-nio-8080-exec-1] INFO  org.springframework.web.servlet.DispatcherServlet(initServletBean:547) - Completed initialization in 1 ms
2021-12-15 15:13:21,171 [http-nio-8080-exec-1] DEBUG com.iteyes.mapper.MainMapper.select_0120_01(debug:137) - ==>  Preparing: SELECT A.EMPNO , A.EMPNM , A.EMAIL_ADDR , A.CPNO , A.BZCD , A.AUT_CD , A.LGN_PWD , CASE WHEN A.LGN_PWD != ? THEN 'N' WHEN A.LGN_PWD = ? '211111' THEN 'C' ELSE 'Y' END AS LOGIN_YN FROM PMS_EMP_INFO A WHERE 1=1 AND A.EMPNO = ? AND A.PRJT_ID = '1000000001' AND A.BKUP_ID = '0000000000'
2021-12-15 15:13:21,172 [http-nio-8080-exec-1] DEBUG com.iteyes.mapper.MainMapper.select_0120_01(debug:137) - ==> Parameters: 121515(String), 121515(String), 101(String)
2021-12-15 15:13:21,175 [http-nio-8080-exec-1] TRACE com.iteyes.mapper.MainMapper.select_0120_01(trace:143) - <==    Columns: EMPNO, EMPNM, EMAIL_ADDR, CPNO, BZCD, AUT_CD, LGN_PWD, LOGIN_YN
2021-12-15 15:13:21,175 [http-nio-8080-exec-1] TRACE com.iteyes.mapper.MainMapper.select_0120_01(trace:143) - <==        Row: 101, 신현규, null, null, null, 600, 101211111, N
2021-12-15 15:13:21,176 [http-nio-8080-exec-1] DEBUG com.iteyes.mapper.MainMapper.select_0120_01(debug:137) - <==      Total: 1
2021-12-15 15:13:21,176 [http-nio-8080-exec-1] TRACE com.iteyes.service.JwtService(create:35) - time: 5
2021-12-15 15:13:21,177 [http-nio-8080-exec-1] DEBUG com.iteyes.service.JwtService(create:51) - 토큰 발행: eyJ0eXAiOiJKV1QiLCJhbGciOiJIUzI1NiJ9.eyJzdWIiOiLroZzqt7jsnbjthqDtgbAiLCJleHAiOjE2Mzk1NDkxMDEsIlVzZXIiOnsidXNlcklkIjoiMTAxIiwicGFzc3dvcmQiOiIxMDEyMTExMTEifSwic2Vjb25kIjoi7LaU6rCA7KCV67O0In0.fJ9JFsLvnVBID86_L1q95iJkUz9_11uCVMPcOoJMquU
2021-12-15 15:14:59,470 [http-nio-8080-exec-3] DEBUG com.iteyes.mapper.MainMapper.select_0120_01(debug:137) - ==>  Preparing: SELECT A.EMPNO , A.EMPNM , A.EMAIL_ADDR , A.CPNO , A.BZCD , A.AUT_CD , A.LGN_PWD , CASE WHEN A.LGN_PWD != ? THEN 'N' WHEN A.LGN_PWD = ? '211111' THEN 'C' ELSE 'Y' END AS LOGIN_YN FROM PMS_EMP_INFO A WHERE 1=1 AND A.EMPNO = ? AND A.PRJT_ID = '1000000001' AND A.BKUP_ID = '0000000000'
2021-12-15 15:14:59,470 [http-nio-8080-exec-3] DEBUG com.iteyes.mapper.MainMapper.select_0120_01(debug:137) - ==> Parameters: 123485(String), 123485(String), 100(String)
2021-12-15 15:14:59,473 [http-nio-8080-exec-3] TRACE com.iteyes.mapper.MainMapper.select_0120_01(trace:143) - <==    Columns: EMPNO, EMPNM, EMAIL_ADDR, CPNO, BZCD, AUT_CD, LGN_PWD, LOGIN_YN
2021-12-15 15:14:59,473 [http-nio-8080-exec-3] TRACE com.iteyes.mapper.MainMapper.select_0120_01(trace:143) - <==        Row: 100, 황일섭, null, null, null, 500, 1234, N
2021-12-15 15:14:59,474 [http-nio-8080-exec-3] DEBUG com.iteyes.mapper.MainMapper.select_0120_01(debug:137) - <==      Total: 1
2021-12-15 15:14:59,474 [http-nio-8080-exec-3] TRACE com.iteyes.service.JwtService(create:35) - time: 5
2021-12-15 15:14:59,475 [http-nio-8080-exec-3] DEBUG com.iteyes.service.JwtService(create:51) - 토큰 발행: eyJ0eXAiOiJKV1QiLCJhbGciOiJIUzI1NiJ9.eyJzdWIiOiLroZzqt7jsnbjthqDtgbAiLCJleHAiOjE2Mzk1NDkxOTksIlVzZXIiOnsidXNlcklkIjoiMTAwIiwicGFzc3dvcmQiOiIxMjM0In0sInNlY29uZCI6Iuy2lOqwgOygleuztCJ9.MXjyWN7FoKi7-i6hcE_me5pqLBNYNv6D3utlTPd8wVk
2021-12-15 15:15:29,359 [http-nio-8080-exec-4] DEBUG com.iteyes.mapper.MainMapper.select_0120_01(debug:137) - ==>  Preparing: SELECT A.EMPNO , A.EMPNM , A.EMAIL_ADDR , A.CPNO , A.BZCD , A.AUT_CD , A.LGN_PWD , CASE WHEN A.LGN_PWD != ? THEN 'N' WHEN A.LGN_PWD = ? '211111' THEN 'C' ELSE 'Y' END AS LOGIN_YN FROM PMS_EMP_INFO A WHERE 1=1 AND A.EMPNO = ? AND A.PRJT_ID = '1000000001' AND A.BKUP_ID = '0000000000'
2021-12-15 15:15:29,359 [http-nio-8080-exec-4] DEBUG com.iteyes.mapper.MainMapper.select_0120_01(debug:137) - ==> Parameters: 151515(String), 151515(String), 100(String)
2021-12-15 15:15:29,377 [http-nio-8080-exec-4] TRACE com.iteyes.mapper.MainMapper.select_0120_01(trace:143) - <==    Columns: EMPNO, EMPNM, EMAIL_ADDR, CPNO, BZCD, AUT_CD, LGN_PWD, LOGIN_YN
2021-12-15 15:15:29,377 [http-nio-8080-exec-4] TRACE com.iteyes.mapper.MainMapper.select_0120_01(trace:143) - <==        Row: 100, 황일섭, null, null, null, 500, 1234, N
2021-12-15 15:15:29,377 [http-nio-8080-exec-4] DEBUG com.iteyes.mapper.MainMapper.select_0120_01(debug:137) - <==      Total: 1
2021-12-15 15:15:29,377 [http-nio-8080-exec-4] TRACE com.iteyes.service.JwtService(create:35) - time: 5
2021-12-15 15:15:29,378 [http-nio-8080-exec-4] DEBUG com.iteyes.service.JwtService(create:51) - 토큰 발행: eyJ0eXAiOiJKV1QiLCJhbGciOiJIUzI1NiJ9.eyJzdWIiOiLroZzqt7jsnbjthqDtgbAiLCJleHAiOjE2Mzk1NDkyMjksIlVzZXIiOnsidXNlcklkIjoiMTAwIiwicGFzc3dvcmQiOiIxMjM0In0sInNlY29uZCI6Iuy2lOqwgOygleuztCJ9.o3V7jMMSqLzGcISENAZHJdPuTWGnfuUA0BQRpw2ZEKE
2021-12-15 15:25:10,327 [http-nio-8080-exec-6] DEBUG com.iteyes.mapper.MainMapper.select_0120_01(debug:137) - ==>  Preparing: SELECT A.EMPNO , A.EMPNM , A.EMAIL_ADDR , A.CPNO , A.BZCD , A.AUT_CD , A.LGN_PWD , CASE WHEN A.LGN_PWD != ? THEN 'N' WHEN A.LGN_PWD = ? '211111' THEN 'C' ELSE 'Y' END AS LOGIN_YN FROM PMS_EMP_INFO A WHERE 1=1 AND A.EMPNO = ? AND A.PRJT_ID = '1000000001' AND A.BKUP_ID = '0000000000'
2021-12-15 15:25:10,328 [http-nio-8080-exec-6] DEBUG com.iteyes.mapper.MainMapper.select_0120_01(debug:137) - ==> Parameters: 1234(String), 1234(String), 100(String)
2021-12-15 15:25:10,332 [http-nio-8080-exec-6] TRACE com.iteyes.mapper.MainMapper.select_0120_01(trace:143) - <==    Columns: EMPNO, EMPNM, EMAIL_ADDR, CPNO, BZCD, AUT_CD, LGN_PWD, LOGIN_YN
2021-12-15 15:25:10,332 [http-nio-8080-exec-6] TRACE com.iteyes.mapper.MainMapper.select_0120_01(trace:143) - <==        Row: 100, 황일섭, null, null, null, 500, 1234, Y
2021-12-15 15:25:10,333 [http-nio-8080-exec-6] DEBUG com.iteyes.mapper.MainMapper.select_0120_01(debug:137) - <==      Total: 1
2021-12-15 15:25:10,333 [http-nio-8080-exec-6] TRACE com.iteyes.service.JwtService(create:35) - time: 5
2021-12-15 15:25:10,333 [http-nio-8080-exec-6] DEBUG com.iteyes.service.JwtService(create:51) - 토큰 발행: eyJ0eXAiOiJKV1QiLCJhbGciOiJIUzI1NiJ9.eyJzdWIiOiLroZzqt7jsnbjthqDtgbAiLCJleHAiOjE2Mzk1NDk4MTAsIlVzZXIiOnsidXNlcklkIjoiMTAwIiwicGFzc3dvcmQiOiIxMjM0In0sInNlY29uZCI6Iuy2lOqwgOygleuztCJ9.Sh0vsDPlvOpWkCYIphhj0pGD15ubME25duP3I4Ve-6g
2021-12-15 15:25:20,442 [http-nio-8080-exec-8] DEBUG com.iteyes.controller.pms.SWZP0010Controller(select:35) - # pgm_id :: 
2021-12-15 15:25:20,442 [http-nio-8080-exec-8] DEBUG com.iteyes.controller.pms.SWZP0010Controller(select:36) - # pgm_nm :: 
2021-12-15 15:25:20,442 [http-nio-8080-exec-8] DEBUG com.iteyes.controller.pms.SWZP0010Controller(select:37) - # pl_no :: 
2021-12-15 15:25:20,442 [http-nio-8080-exec-8] DEBUG com.iteyes.controller.pms.SWZP0010Controller(select:38) - # dvlpe_no :: 
2021-12-15 15:25:20,442 [http-nio-8080-exec-8] DEBUG com.iteyes.controller.pms.SWZP0010Controller(select:39) - # pgm_dis_cd :: 000
2021-12-15 15:25:20,442 [http-nio-8080-exec-8] DEBUG com.iteyes.controller.pms.SWZP0010Controller(select:40) - # bzcd :: 000
2021-12-15 15:25:20,442 [http-nio-8080-exec-8] DEBUG com.iteyes.controller.pms.SWZP0010Controller(select:41) - # dvlp_dis_cd :: 000
2021-12-15 15:25:20,465 [http-nio-8080-exec-8] DEBUG com.iteyes.mapper.pms.SWZP0010Mapper.select_0010_01(debug:137) - ==>  Preparing: SELECT BKUP_ID /*백업ID */ , PRJT_ID /*프로젝트ID */ , PGM_ID /*프로그램ID */ , BZCD /*업무구분 */ , PGM_NM /*프로그램명 */ , BZ_DTLS_TXT /*업무세부 */ , DVLP_DIS_CD /*개발구분*/ , PGM_DIS_CD /*프로그램구분*/ , ENLPE_NM /*프로그램세부구분코드 */ , FRCS_STA_DT /*예상시작일자 */ , FRCS_END_DT /*예상종료일자 */ , STA_DT /*실제시작일자 */ , END_DT /*실제종료일자 */ , PRG_TXT /*진행현황 */ , DVLPE_NO /*개발자번호 */ , DVLPE_CNF_DT /*개발자확인일자 */ , PL_NO /*PL번호 */ , PL_CNF_DT /*PL확인일자 */ , CRPE_NO /*담당자번호 */ , RMRK /*비고 */ , OPR_NO /*조작자번호 */ , DB_CHG_TS /*DB변경일시 */ FROM PMS_PGM_MNG WHERE 1=1 /*프로그램ID*/ /*프로그램명*/ /*개발자번호*/ /*PL번호*/ /*개발구분*/ /*업무구분*/ /*프로그램구분*/
2021-12-15 15:25:20,466 [http-nio-8080-exec-8] DEBUG com.iteyes.mapper.pms.SWZP0010Mapper.select_0010_01(debug:137) - ==> Parameters: 
2021-12-15 15:25:20,468 [http-nio-8080-exec-8] TRACE com.iteyes.mapper.pms.SWZP0010Mapper.select_0010_01(trace:143) - <==    Columns: BKUP_ID, PRJT_ID, PGM_ID, BZCD, PGM_NM, BZ_DTLS_TXT, DVLP_DIS_CD, PGM_DIS_CD, ENLPE_NM, FRCS_STA_DT, FRCS_END_DT, STA_DT, END_DT, PRG_TXT, DVLPE_NO, DVLPE_CNF_DT, PL_NO, PL_CNF_DT, CRPE_NO, RMRK, OPR_NO, DB_CHG_TS
2021-12-15 15:25:20,469 [http-nio-8080-exec-8] TRACE com.iteyes.mapper.pms.SWZP0010Mapper.select_0010_01(trace:143) - <==        Row: 0000000000, 1000000001, Cust_History_C, AAA, 업체연혁-화면, 신용조사의 업체이력, 100, 100, 100, 20211206, 20211208, null, null, null, 104, null, 101, null, 100, null, 101, 2021-12-01 16:59:27.0
2021-12-15 15:25:20,469 [http-nio-8080-exec-8] TRACE com.iteyes.mapper.pms.SWZP0010Mapper.select_0010_01(trace:143) - <==        Row: 0000000000, 1000000001, Cust_History_L, AAA, 업체개요-로직, 신용조사의 업체이력, 100, 100, 200, 20211206, 20211208, null, null, null, 104, null, 101, null, 100, null, 101, 2021-12-01 16:59:02.0
2021-12-15 15:25:20,469 [http-nio-8080-exec-8] TRACE com.iteyes.mapper.pms.SWZP0010Mapper.select_0010_01(trace:143) - <==        Row: 0000000000, 1000000001, Cust_summary_C, AAA, 업체개요-화면, 신용조사의 업체개요, 100, 100, 100, 20211206, 20211208, null, null, null, 103, null, 101, null, 100, null, 101, 2021-12-01 16:55:30.0
2021-12-15 15:25:20,470 [http-nio-8080-exec-8] TRACE com.iteyes.mapper.pms.SWZP0010Mapper.select_0010_01(trace:143) - <==        Row: 0000000000, 1000000001, Cust_summary_L, AAA, 업체개요-로직, 신용조사의 업체개요, 100, 100, 200, 20211206, 20211208, null, null, null, 103, null, 101, null, 100, null, 101, 2021-12-01 16:57:50.0
2021-12-15 15:25:20,470 [http-nio-8080-exec-8] DEBUG com.iteyes.mapper.pms.SWZP0010Mapper.select_0010_01(debug:137) - <==      Total: 4
2021-12-15 15:27:22,973 [http-nio-8080-exec-10] DEBUG com.iteyes.mapper.MainMapper.select_0120_01(debug:137) - ==>  Preparing: SELECT A.EMPNO , A.EMPNM , A.EMAIL_ADDR , A.CPNO , A.BZCD , A.AUT_CD , A.LGN_PWD , CASE WHEN A.LGN_PWD != ? THEN 'N' WHEN A.LGN_PWD = ? '211111' THEN 'C' ELSE 'Y' END AS LOGIN_YN FROM PMS_EMP_INFO A WHERE 1=1 AND A.EMPNO = ? AND A.PRJT_ID = '1000000001' AND A.BKUP_ID = '0000000000'
2021-12-15 15:27:22,973 [http-nio-8080-exec-10] DEBUG com.iteyes.mapper.MainMapper.select_0120_01(debug:137) - ==> Parameters: 1234(String), 1234(String), 100(String)
2021-12-15 15:27:22,980 [http-nio-8080-exec-10] TRACE com.iteyes.mapper.MainMapper.select_0120_01(trace:143) - <==    Columns: EMPNO, EMPNM, EMAIL_ADDR, CPNO, BZCD, AUT_CD, LGN_PWD, LOGIN_YN
2021-12-15 15:27:22,980 [http-nio-8080-exec-10] TRACE com.iteyes.mapper.MainMapper.select_0120_01(trace:143) - <==        Row: 100, 황일섭, null, null, null, 500, 1234, Y
2021-12-15 15:27:22,980 [http-nio-8080-exec-10] DEBUG com.iteyes.mapper.MainMapper.select_0120_01(debug:137) - <==      Total: 1
2021-12-15 15:27:22,980 [http-nio-8080-exec-10] TRACE com.iteyes.service.JwtService(create:35) - time: 5
2021-12-15 15:27:22,981 [http-nio-8080-exec-10] DEBUG com.iteyes.service.JwtService(create:51) - 토큰 발행: eyJ0eXAiOiJKV1QiLCJhbGciOiJIUzI1NiJ9.eyJzdWIiOiLroZzqt7jsnbjthqDtgbAiLCJleHAiOjE2Mzk1NDk5NDIsIlVzZXIiOnsidXNlcklkIjoiMTAwIiwicGFzc3dvcmQiOiIxMjM0In0sInNlY29uZCI6Iuy2lOqwgOygleuztCJ9.7v88YDz3mE6bLigpkAZul5LUmo3FLhTnGAdj3hbhrJA
