2021-12-14 09:00:20,787 [http-nio-8080-exec-6] WARN  org.springframework.web.servlet.mvc.method.annotation.ExceptionHandlerExceptionResolver(logException:207) - Resolved [java.lang.RuntimeException: 인증 토큰이 없습니다.]
2021-12-14 09:00:21,384 [http-nio-8080-exec-7] WARN  org.springframework.web.servlet.mvc.method.annotation.ExceptionHandlerExceptionResolver(logException:207) - Resolved [java.lang.RuntimeException: 인증 토큰이 없습니다.]
2021-12-14 09:00:21,563 [http-nio-8080-exec-8] WARN  org.springframework.web.servlet.mvc.method.annotation.ExceptionHandlerExceptionResolver(logException:207) - Resolved [java.lang.RuntimeException: 인증 토큰이 없습니다.]
2021-12-14 09:00:21,744 [http-nio-8080-exec-9] WARN  org.springframework.web.servlet.mvc.method.annotation.ExceptionHandlerExceptionResolver(logException:207) - Resolved [java.lang.RuntimeException: 인증 토큰이 없습니다.]
2021-12-14 09:00:21,938 [http-nio-8080-exec-10] WARN  org.springframework.web.servlet.mvc.method.annotation.ExceptionHandlerExceptionResolver(logException:207) - Resolved [java.lang.RuntimeException: 인증 토큰이 없습니다.]
2021-12-14 09:00:22,119 [http-nio-8080-exec-1] WARN  org.springframework.web.servlet.mvc.method.annotation.ExceptionHandlerExceptionResolver(logException:207) - Resolved [java.lang.RuntimeException: 인증 토큰이 없습니다.]
2021-12-14 09:00:48,303 [http-nio-8080-exec-3] TRACE com.iteyes.service.JwtService(create:35) - time: 5
2021-12-14 09:00:48,303 [http-nio-8080-exec-3] DEBUG com.iteyes.service.JwtService(create:51) - 토큰 발행: eyJ0eXAiOiJKV1QiLCJhbGciOiJIUzI1NiJ9.eyJzdWIiOiLroZzqt7jsnbjthqDtgbAiLCJleHAiOjE2Mzk0NDAzNDgsIlVzZXIiOnsiZW1haWwiOiJhYmNAZGVmLm5ldCIsInBhc3N3b3JkIjoiMTIzNCJ9LCJzZWNvbmQiOiLrjZQg64u06rOgIOyLtuydgOqxsCDsnojslrQ_In0.k3GTYjVEz6FdS8vnti3woHv_KvGvjYe54D9ATlDm50g
2021-12-14 09:00:52,765 [http-nio-8080-exec-4] TRACE com.iteyes.service.JwtService(checkValid:62) - 토큰 점검: undefined
2021-12-14 09:00:52,769 [http-nio-8080-exec-4] WARN  org.springframework.web.servlet.mvc.method.annotation.ExceptionHandlerExceptionResolver(logException:207) - Resolved [io.jsonwebtoken.MalformedJwtException: JWT strings must contain exactly 2 period characters. Found: 0]
2021-12-14 09:00:52,770 [http-nio-8080-exec-4] TRACE com.iteyes.service.JwtService(checkValid:62) - 토큰 점검: undefined
2021-12-14 09:00:53,214 [http-nio-8080-exec-5] TRACE com.iteyes.service.JwtService(checkValid:62) - 토큰 점검: undefined
2021-12-14 09:00:53,215 [http-nio-8080-exec-5] WARN  org.springframework.web.servlet.mvc.method.annotation.ExceptionHandlerExceptionResolver(logException:207) - Resolved [io.jsonwebtoken.MalformedJwtException: JWT strings must contain exactly 2 period characters. Found: 0]
2021-12-14 09:00:53,216 [http-nio-8080-exec-5] TRACE com.iteyes.service.JwtService(checkValid:62) - 토큰 점검: undefined
2021-12-14 09:01:04,719 [http-nio-8080-exec-6] TRACE com.iteyes.service.JwtService(create:35) - time: 5
2021-12-14 09:01:04,719 [http-nio-8080-exec-6] DEBUG com.iteyes.service.JwtService(create:51) - 토큰 발행: eyJ0eXAiOiJKV1QiLCJhbGciOiJIUzI1NiJ9.eyJzdWIiOiLroZzqt7jsnbjthqDtgbAiLCJleHAiOjE2Mzk0NDAzNjQsIlVzZXIiOnsiZW1haWwiOiJhYmNAZGVmLm5ldCIsInBhc3N3b3JkIjoiMTIzNCJ9LCJzZWNvbmQiOiLrjZQg64u06rOgIOyLtuydgOqxsCDsnojslrQ_In0.zZh89F2H5yr2UL3wHkDuzATkzXpWq--Uc62XztESkDQ
2021-12-14 09:01:48,965 [restartedMain] INFO  com.iteyes.PmsApplication(logStarting:55) - Starting PmsApplication using Java 16.0.2 on DESKTOP-H5GEA9U with PID 4788 (C:\workspace\ProjectEyes\PMS\bin\main started by iteyes in C:\workspace\ProjectEyes\PMS)
2021-12-14 09:01:48,971 [restartedMain] DEBUG com.iteyes.PmsApplication(logStarting:56) - Running with Spring Boot v2.5.4, Spring v5.3.9
2021-12-14 09:01:48,971 [restartedMain] INFO  com.iteyes.PmsApplication(logStartupProfileInfo:659) - No active profile set, falling back to default profiles: default
2021-12-14 09:01:49,009 [restartedMain] INFO  org.springframework.boot.devtools.env.DevToolsPropertyDefaultsPostProcessor(logTo:255) - Devtools property defaults active! Set 'spring.devtools.add-properties' to 'false' to disable
2021-12-14 09:01:49,009 [restartedMain] INFO  org.springframework.boot.devtools.env.DevToolsPropertyDefaultsPostProcessor(logTo:255) - For additional web related logging consider setting the 'logging.level.web' property to 'DEBUG'
2021-12-14 09:01:49,664 [restartedMain] INFO  org.springframework.context.support.PostProcessorRegistrationDelegate$BeanPostProcessorChecker(postProcessAfterInitialization:376) - Bean 'org.springframework.ws.config.annotation.DelegatingWsConfiguration' of type [org.springframework.ws.config.annotation.DelegatingWsConfiguration$$EnhancerBySpringCGLIB$$5cf3e360] is not eligible for getting processed by all BeanPostProcessors (for example: not eligible for auto-proxying)
2021-12-14 09:01:49,694 [restartedMain] INFO  org.springframework.ws.soap.addressing.server.AnnotationActionEndpointMapping(afterPropertiesSet:239) - Supporting [WS-Addressing August 2004, WS-Addressing 1.0]
2021-12-14 09:01:49,894 [restartedMain] INFO  org.springframework.boot.web.embedded.tomcat.TomcatWebServer(initialize:108) - Tomcat initialized with port(s): 8080 (http)
2021-12-14 09:01:49,971 [restartedMain] INFO  org.springframework.boot.web.servlet.context.ServletWebServerApplicationContext(prepareWebApplicationContext:290) - Root WebApplicationContext: initialization completed in 961 ms
2021-12-14 09:01:50,337 [restartedMain] INFO  org.springframework.boot.autoconfigure.web.servlet.WelcomePageHandlerMapping(<init>:53) - Adding welcome page: class path resource [static/index.html]
2021-12-14 09:01:50,466 [restartedMain] INFO  org.springframework.boot.devtools.autoconfigure.OptionalLiveReloadServer(startServer:58) - LiveReload server is running on port 35729
2021-12-14 09:01:50,515 [restartedMain] INFO  org.springframework.boot.web.embedded.tomcat.TomcatWebServer(start:220) - Tomcat started on port(s): 8080 (http) with context path ''
2021-12-14 09:01:50,524 [restartedMain] INFO  com.iteyes.PmsApplication(logStarted:61) - Started PmsApplication in 1.833 seconds (JVM running for 2.654)
2021-12-14 09:02:01,190 [http-nio-8080-exec-1] INFO  org.springframework.web.servlet.DispatcherServlet(initServletBean:525) - Initializing Servlet 'dispatcherServlet'
2021-12-14 09:02:01,191 [http-nio-8080-exec-1] INFO  org.springframework.web.servlet.DispatcherServlet(initServletBean:547) - Completed initialization in 1 ms
2021-12-14 09:02:01,259 [http-nio-8080-exec-1] TRACE com.iteyes.service.JwtService(create:35) - time: 5
2021-12-14 09:02:01,294 [http-nio-8080-exec-1] DEBUG com.iteyes.service.JwtService(create:51) - 토큰 발행: eyJ0eXAiOiJKV1QiLCJhbGciOiJIUzI1NiJ9.eyJzdWIiOiLroZzqt7jsnbjthqDtgbAiLCJleHAiOjE2Mzk0NDA0MjEsIlVzZXIiOnsiZW1haWwiOiJhYmNAZGVmLm5ldCIsInBhc3N3b3JkIjoiMTIzNCJ9LCJzZWNvbmQiOiLrjZQg64u06rOgIOyLtuydgOqxsCDsnojslrQ_In0.y5bynv9ePRiQ1CNb35yuJCWjUcsI_7-Pm6abPKDwKzs
2021-12-14 09:02:05,134 [http-nio-8080-exec-2] TRACE com.iteyes.service.JwtService(create:35) - time: 5
2021-12-14 09:02:05,135 [http-nio-8080-exec-2] DEBUG com.iteyes.service.JwtService(create:51) - 토큰 발행: eyJ0eXAiOiJKV1QiLCJhbGciOiJIUzI1NiJ9.eyJzdWIiOiLroZzqt7jsnbjthqDtgbAiLCJleHAiOjE2Mzk0NDA0MjUsIlVzZXIiOnsiZW1haWwiOiJhYmNAZGVmLm5ldCIsInBhc3N3b3JkIjoiMTIzNCJ9LCJzZWNvbmQiOiLrjZQg64u06rOgIOyLtuydgOqxsCDsnojslrQ_In0.F1TGuSQS051Dgour0jtuywnngF10QVv8ZahACjabE7I
2021-12-14 09:02:12,281 [http-nio-8080-exec-3] TRACE com.iteyes.service.JwtService(checkValid:62) - 토큰 점검: undefined
2021-12-14 09:02:12,285 [http-nio-8080-exec-3] WARN  org.springframework.web.servlet.mvc.method.annotation.ExceptionHandlerExceptionResolver(logException:207) - Resolved [io.jsonwebtoken.MalformedJwtException: JWT strings must contain exactly 2 period characters. Found: 0]
2021-12-14 09:02:12,292 [http-nio-8080-exec-3] TRACE com.iteyes.service.JwtService(checkValid:62) - 토큰 점검: undefined
2021-12-14 09:03:25,317 [http-nio-8080-exec-4] TRACE com.iteyes.service.JwtService(create:35) - time: 5
2021-12-14 09:03:25,317 [http-nio-8080-exec-4] DEBUG com.iteyes.service.JwtService(create:51) - 토큰 발행: eyJ0eXAiOiJKV1QiLCJhbGciOiJIUzI1NiJ9.eyJzdWIiOiLroZzqt7jsnbjthqDtgbAiLCJleHAiOjE2Mzk0NDA1MDUsIlVzZXIiOnsiZW1haWwiOiJhYmNAZGVmLm5ldCIsInBhc3N3b3JkIjoiMTIzNCJ9LCJzZWNvbmQiOiLrjZQg64u06rOgIOyLtuydgOqxsCDsnojslrQ_In0.k0f6M6-uR1E998aWefr_C-aYXYN86Tv5SU0dG7HRUu8
2021-12-14 09:04:07,939 [http-nio-8080-exec-5] TRACE com.iteyes.service.JwtService(create:35) - time: 5
2021-12-14 09:04:07,940 [http-nio-8080-exec-5] DEBUG com.iteyes.service.JwtService(create:51) - 토큰 발행: eyJ0eXAiOiJKV1QiLCJhbGciOiJIUzI1NiJ9.eyJzdWIiOiLroZzqt7jsnbjthqDtgbAiLCJleHAiOjE2Mzk0NDA1NDcsIlVzZXIiOnsiZW1haWwiOiJhYmNAZGVmLm5ldCIsInBhc3N3b3JkIjoiMTIzNCJ9LCJzZWNvbmQiOiLrjZQg64u06rOgIOyLtuydgOqxsCDsnojslrQ_In0.qp_gMz7lrLoMpfe9KFqT0SbsGKUV4IibyFg5YErRUkM
2021-12-14 09:06:10,374 [restartedMain] INFO  com.iteyes.PmsApplication(logStarting:55) - Starting PmsApplication using Java 16.0.2 on DESKTOP-H5GEA9U with PID 4788 (C:\workspace\ProjectEyes\PMS\bin\main started by iteyes in C:\workspace\ProjectEyes\PMS)
2021-12-14 09:06:10,374 [restartedMain] DEBUG com.iteyes.PmsApplication(logStarting:56) - Running with Spring Boot v2.5.4, Spring v5.3.9
2021-12-14 09:06:10,374 [restartedMain] INFO  com.iteyes.PmsApplication(logStartupProfileInfo:659) - No active profile set, falling back to default profiles: default
2021-12-14 09:06:10,543 [restartedMain] INFO  org.springframework.context.support.PostProcessorRegistrationDelegate$BeanPostProcessorChecker(postProcessAfterInitialization:376) - Bean 'org.springframework.ws.config.annotation.DelegatingWsConfiguration' of type [org.springframework.ws.config.annotation.DelegatingWsConfiguration$$EnhancerBySpringCGLIB$$5cf3e360] is not eligible for getting processed by all BeanPostProcessors (for example: not eligible for auto-proxying)
2021-12-14 09:06:10,545 [restartedMain] INFO  org.springframework.ws.soap.addressing.server.AnnotationActionEndpointMapping(afterPropertiesSet:239) - Supporting [WS-Addressing August 2004, WS-Addressing 1.0]
2021-12-14 09:06:10,573 [restartedMain] INFO  org.springframework.boot.web.embedded.tomcat.TomcatWebServer(initialize:108) - Tomcat initialized with port(s): 8080 (http)
2021-12-14 09:06:10,593 [restartedMain] INFO  org.springframework.boot.web.servlet.context.ServletWebServerApplicationContext(prepareWebApplicationContext:290) - Root WebApplicationContext: initialization completed in 217 ms
2021-12-14 09:06:10,688 [restartedMain] INFO  org.springframework.boot.autoconfigure.web.servlet.WelcomePageHandlerMapping(<init>:53) - Adding welcome page: class path resource [static/index.html]
2021-12-14 09:06:10,723 [restartedMain] INFO  org.springframework.boot.devtools.autoconfigure.OptionalLiveReloadServer(startServer:58) - LiveReload server is running on port 35729
2021-12-14 09:06:10,732 [restartedMain] INFO  org.springframework.boot.web.embedded.tomcat.TomcatWebServer(start:220) - Tomcat started on port(s): 8080 (http) with context path ''
2021-12-14 09:06:10,735 [restartedMain] INFO  com.iteyes.PmsApplication(logStarted:61) - Started PmsApplication in 0.394 seconds (JVM running for 262.864)
2021-12-14 09:06:10,736 [restartedMain] INFO  org.springframework.boot.devtools.autoconfigure.ConditionEvaluationDeltaLoggingListener(onApplicationEvent:63) - Condition evaluation unchanged
2021-12-14 09:06:34,890 [restartedMain] INFO  com.iteyes.PmsApplication(logStarting:55) - Starting PmsApplication using Java 16.0.2 on DESKTOP-H5GEA9U with PID 4788 (C:\workspace\ProjectEyes\PMS\bin\main started by iteyes in C:\workspace\ProjectEyes\PMS)
2021-12-14 09:06:34,891 [restartedMain] DEBUG com.iteyes.PmsApplication(logStarting:56) - Running with Spring Boot v2.5.4, Spring v5.3.9
2021-12-14 09:06:34,891 [restartedMain] INFO  com.iteyes.PmsApplication(logStartupProfileInfo:659) - No active profile set, falling back to default profiles: default
2021-12-14 09:06:35,049 [restartedMain] INFO  org.springframework.context.support.PostProcessorRegistrationDelegate$BeanPostProcessorChecker(postProcessAfterInitialization:376) - Bean 'org.springframework.ws.config.annotation.DelegatingWsConfiguration' of type [org.springframework.ws.config.annotation.DelegatingWsConfiguration$$EnhancerBySpringCGLIB$$5cf3e360] is not eligible for getting processed by all BeanPostProcessors (for example: not eligible for auto-proxying)
2021-12-14 09:06:35,050 [restartedMain] INFO  org.springframework.ws.soap.addressing.server.AnnotationActionEndpointMapping(afterPropertiesSet:239) - Supporting [WS-Addressing August 2004, WS-Addressing 1.0]
2021-12-14 09:06:35,077 [restartedMain] INFO  org.springframework.boot.web.embedded.tomcat.TomcatWebServer(initialize:108) - Tomcat initialized with port(s): 8080 (http)
2021-12-14 09:06:35,096 [restartedMain] INFO  org.springframework.boot.web.servlet.context.ServletWebServerApplicationContext(prepareWebApplicationContext:290) - Root WebApplicationContext: initialization completed in 204 ms
2021-12-14 09:06:35,183 [restartedMain] INFO  org.springframework.boot.autoconfigure.web.servlet.WelcomePageHandlerMapping(<init>:53) - Adding welcome page: class path resource [static/index.html]
2021-12-14 09:06:35,216 [restartedMain] INFO  org.springframework.boot.devtools.autoconfigure.OptionalLiveReloadServer(startServer:58) - LiveReload server is running on port 35729
2021-12-14 09:06:35,223 [restartedMain] INFO  org.springframework.boot.web.embedded.tomcat.TomcatWebServer(start:220) - Tomcat started on port(s): 8080 (http) with context path ''
2021-12-14 09:06:35,226 [restartedMain] INFO  com.iteyes.PmsApplication(logStarted:61) - Started PmsApplication in 0.369 seconds (JVM running for 287.354)
2021-12-14 09:06:35,227 [restartedMain] INFO  org.springframework.boot.devtools.autoconfigure.ConditionEvaluationDeltaLoggingListener(onApplicationEvent:63) - Condition evaluation unchanged
2021-12-14 09:08:29,629 [http-nio-8080-exec-1] INFO  org.springframework.web.servlet.DispatcherServlet(initServletBean:525) - Initializing Servlet 'dispatcherServlet'
2021-12-14 09:08:29,630 [http-nio-8080-exec-1] INFO  org.springframework.web.servlet.DispatcherServlet(initServletBean:547) - Completed initialization in 0 ms
2021-12-14 09:08:29,632 [http-nio-8080-exec-1] TRACE com.iteyes.service.JwtService(create:35) - time: 5
2021-12-14 09:08:29,634 [http-nio-8080-exec-1] DEBUG com.iteyes.service.JwtService(create:51) - 토큰 발행: eyJ0eXAiOiJKV1QiLCJhbGciOiJIUzI1NiJ9.eyJzdWIiOiLroZzqt7jsnbjthqDtgbAiLCJleHAiOjE2Mzk0NDA4MDksIlVzZXIiOnsiZW1haWwiOiJhYmNAZGVmLm5ldCIsInBhc3N3b3JkIjoiMTIzNCJ9LCJzZWNvbmQiOiLstpTqsIDsoJXrs7QifQ.msY82yzTAuIQa2ctGwedI1ZsB94vzM_vOk17VsSWADI
2021-12-14 09:08:34,831 [http-nio-8080-exec-2] TRACE com.iteyes.service.JwtService(create:35) - time: 5
2021-12-14 09:08:34,832 [http-nio-8080-exec-2] DEBUG com.iteyes.service.JwtService(create:51) - 토큰 발행: eyJ0eXAiOiJKV1QiLCJhbGciOiJIUzI1NiJ9.eyJzdWIiOiLroZzqt7jsnbjthqDtgbAiLCJleHAiOjE2Mzk0NDA4MTQsIlVzZXIiOnsiZW1haWwiOiJhYmNAZGVmLm5ldCIsInBhc3N3b3JkIjoiMTIzNCJ9LCJzZWNvbmQiOiLstpTqsIDsoJXrs7QifQ.rZ-S-F1_EoHzu7gQwj0QsuZQjSpl4aqaFJIC4M5IJPY
2021-12-14 09:08:43,275 [http-nio-8080-exec-3] TRACE com.iteyes.service.JwtService(create:35) - time: 5
2021-12-14 09:08:43,276 [http-nio-8080-exec-3] DEBUG com.iteyes.service.JwtService(create:51) - 토큰 발행: eyJ0eXAiOiJKV1QiLCJhbGciOiJIUzI1NiJ9.eyJzdWIiOiLroZzqt7jsnbjthqDtgbAiLCJleHAiOjE2Mzk0NDA4MjMsIlVzZXIiOnsiZW1haWwiOiJhYmNAZGVmLm5ldCIsInBhc3N3b3JkIjoiMTIzNCJ9LCJzZWNvbmQiOiLstpTqsIDsoJXrs7QifQ.2yLqMMCxRI4-fWGmFwokU5B1QknQ7IZO2NZI9mPvsVs
2021-12-14 09:15:15,477 [http-nio-8080-exec-5] ERROR com.iteyes.controller.UserRestController(signin:51) - 로그인 실패
java.lang.RuntimeException: 사용자가 없습니다
	at com.iteyes.service.UserService.signin(UserService.java:18) ~[main/:?]
	at com.iteyes.controller.UserRestController.signin(UserRestController.java:40) [main/:?]
	at jdk.internal.reflect.NativeMethodAccessorImpl.invoke0(Native Method) ~[?:?]
	at jdk.internal.reflect.NativeMethodAccessorImpl.invoke(NativeMethodAccessorImpl.java:78) ~[?:?]
	at jdk.internal.reflect.DelegatingMethodAccessorImpl.invoke(DelegatingMethodAccessorImpl.java:43) ~[?:?]
	at java.lang.reflect.Method.invoke(Method.java:567) ~[?:?]
	at org.springframework.web.method.support.InvocableHandlerMethod.doInvoke(InvocableHandlerMethod.java:197) [spring-web-5.3.9.jar:5.3.9]
	at org.springframework.web.method.support.InvocableHandlerMethod.invokeForRequest(InvocableHandlerMethod.java:141) [spring-web-5.3.9.jar:5.3.9]
	at org.springframework.web.servlet.mvc.method.annotation.ServletInvocableHandlerMethod.invokeAndHandle(ServletInvocableHandlerMethod.java:106) [spring-webmvc-5.3.9.jar:5.3.9]
	at org.springframework.web.servlet.mvc.method.annotation.RequestMappingHandlerAdapter.invokeHandlerMethod(RequestMappingHandlerAdapter.java:895) [spring-webmvc-5.3.9.jar:5.3.9]
	at org.springframework.web.servlet.mvc.method.annotation.RequestMappingHandlerAdapter.handleInternal(RequestMappingHandlerAdapter.java:808) [spring-webmvc-5.3.9.jar:5.3.9]
	at org.springframework.web.servlet.mvc.method.AbstractHandlerMethodAdapter.handle(AbstractHandlerMethodAdapter.java:87) [spring-webmvc-5.3.9.jar:5.3.9]
	at org.springframework.web.servlet.DispatcherServlet.doDispatch(DispatcherServlet.java:1064) [spring-webmvc-5.3.9.jar:5.3.9]
	at org.springframework.web.servlet.DispatcherServlet.doService(DispatcherServlet.java:963) [spring-webmvc-5.3.9.jar:5.3.9]
	at org.springframework.web.servlet.FrameworkServlet.processRequest(FrameworkServlet.java:1006) [spring-webmvc-5.3.9.jar:5.3.9]
	at org.springframework.web.servlet.FrameworkServlet.doPost(FrameworkServlet.java:909) [spring-webmvc-5.3.9.jar:5.3.9]
	at javax.servlet.http.HttpServlet.service(HttpServlet.java:681) [tomcat-embed-core-9.0.52.jar:4.0.FR]
	at org.springframework.web.servlet.FrameworkServlet.service(FrameworkServlet.java:883) [spring-webmvc-5.3.9.jar:5.3.9]
	at javax.servlet.http.HttpServlet.service(HttpServlet.java:764) [tomcat-embed-core-9.0.52.jar:4.0.FR]
	at org.apache.catalina.core.ApplicationFilterChain.internalDoFilter(ApplicationFilterChain.java:227) [tomcat-embed-core-9.0.52.jar:9.0.52]
	at org.apache.catalina.core.ApplicationFilterChain.doFilter(ApplicationFilterChain.java:162) [tomcat-embed-core-9.0.52.jar:9.0.52]
	at org.apache.tomcat.websocket.server.WsFilter.doFilter(WsFilter.java:53) [tomcat-embed-websocket-9.0.52.jar:9.0.52]
	at org.apache.catalina.core.ApplicationFilterChain.internalDoFilter(ApplicationFilterChain.java:189) [tomcat-embed-core-9.0.52.jar:9.0.52]
	at org.apache.catalina.core.ApplicationFilterChain.doFilter(ApplicationFilterChain.java:162) [tomcat-embed-core-9.0.52.jar:9.0.52]
	at org.springframework.web.filter.RequestContextFilter.doFilterInternal(RequestContextFilter.java:100) [spring-web-5.3.9.jar:5.3.9]
	at org.springframework.web.filter.OncePerRequestFilter.doFilter(OncePerRequestFilter.java:119) [spring-web-5.3.9.jar:5.3.9]
	at org.apache.catalina.core.ApplicationFilterChain.internalDoFilter(ApplicationFilterChain.java:189) [tomcat-embed-core-9.0.52.jar:9.0.52]
	at org.apache.catalina.core.ApplicationFilterChain.doFilter(ApplicationFilterChain.java:162) [tomcat-embed-core-9.0.52.jar:9.0.52]
	at org.springframework.web.filter.FormContentFilter.doFilterInternal(FormContentFilter.java:93) [spring-web-5.3.9.jar:5.3.9]
	at org.springframework.web.filter.OncePerRequestFilter.doFilter(OncePerRequestFilter.java:119) [spring-web-5.3.9.jar:5.3.9]
	at org.apache.catalina.core.ApplicationFilterChain.internalDoFilter(ApplicationFilterChain.java:189) [tomcat-embed-core-9.0.52.jar:9.0.52]
	at org.apache.catalina.core.ApplicationFilterChain.doFilter(ApplicationFilterChain.java:162) [tomcat-embed-core-9.0.52.jar:9.0.52]
	at org.springframework.web.filter.CharacterEncodingFilter.doFilterInternal(CharacterEncodingFilter.java:201) [spring-web-5.3.9.jar:5.3.9]
	at org.springframework.web.filter.OncePerRequestFilter.doFilter(OncePerRequestFilter.java:119) [spring-web-5.3.9.jar:5.3.9]
	at org.apache.catalina.core.ApplicationFilterChain.internalDoFilter(ApplicationFilterChain.java:189) [tomcat-embed-core-9.0.52.jar:9.0.52]
	at org.apache.catalina.core.ApplicationFilterChain.doFilter(ApplicationFilterChain.java:162) [tomcat-embed-core-9.0.52.jar:9.0.52]
	at org.apache.catalina.core.StandardWrapperValve.invoke(StandardWrapperValve.java:197) [tomcat-embed-core-9.0.52.jar:9.0.52]
	at org.apache.catalina.core.StandardContextValve.invoke(StandardContextValve.java:97) [tomcat-embed-core-9.0.52.jar:9.0.52]
	at org.apache.catalina.authenticator.AuthenticatorBase.invoke(AuthenticatorBase.java:542) [tomcat-embed-core-9.0.52.jar:9.0.52]
	at org.apache.catalina.core.StandardHostValve.invoke(StandardHostValve.java:135) [tomcat-embed-core-9.0.52.jar:9.0.52]
	at org.apache.catalina.valves.ErrorReportValve.invoke(ErrorReportValve.java:92) [tomcat-embed-core-9.0.52.jar:9.0.52]
	at org.apache.catalina.core.StandardEngineValve.invoke(StandardEngineValve.java:78) [tomcat-embed-core-9.0.52.jar:9.0.52]
	at org.apache.catalina.connector.CoyoteAdapter.service(CoyoteAdapter.java:357) [tomcat-embed-core-9.0.52.jar:9.0.52]
	at org.apache.coyote.http11.Http11Processor.service(Http11Processor.java:382) [tomcat-embed-core-9.0.52.jar:9.0.52]
	at org.apache.coyote.AbstractProcessorLight.process(AbstractProcessorLight.java:65) [tomcat-embed-core-9.0.52.jar:9.0.52]
	at org.apache.coyote.AbstractProtocol$ConnectionHandler.process(AbstractProtocol.java:893) [tomcat-embed-core-9.0.52.jar:9.0.52]
	at org.apache.tomcat.util.net.NioEndpoint$SocketProcessor.doRun(NioEndpoint.java:1726) [tomcat-embed-core-9.0.52.jar:9.0.52]
	at org.apache.tomcat.util.net.SocketProcessorBase.run(SocketProcessorBase.java:49) [tomcat-embed-core-9.0.52.jar:9.0.52]
	at org.apache.tomcat.util.threads.ThreadPoolExecutor.runWorker(ThreadPoolExecutor.java:1191) [tomcat-embed-core-9.0.52.jar:9.0.52]
	at org.apache.tomcat.util.threads.ThreadPoolExecutor$Worker.run(ThreadPoolExecutor.java:659) [tomcat-embed-core-9.0.52.jar:9.0.52]
	at org.apache.tomcat.util.threads.TaskThread$WrappingRunnable.run(TaskThread.java:61) [tomcat-embed-core-9.0.52.jar:9.0.52]
	at java.lang.Thread.run(Thread.java:831) [?:?]
2021-12-14 09:15:43,616 [http-nio-8080-exec-6] TRACE com.iteyes.service.JwtService(create:35) - time: 5
2021-12-14 09:15:43,617 [http-nio-8080-exec-6] DEBUG com.iteyes.service.JwtService(create:51) - 토큰 발행: eyJ0eXAiOiJKV1QiLCJhbGciOiJIUzI1NiJ9.eyJzdWIiOiLroZzqt7jsnbjthqDtgbAiLCJleHAiOjE2Mzk0NDEyNDMsIlVzZXIiOnsiZW1haWwiOiJhYmNAZGVmLm5ldCIsInBhc3N3b3JkIjoiMTIzNCJ9LCJzZWNvbmQiOiLstpTqsIDsoJXrs7QifQ.k_WSso_Wv70CvV8wDjKMGifQebRBEKRkCtGXgSL1980
2021-12-14 09:16:08,185 [http-nio-8080-exec-7] TRACE com.iteyes.service.JwtService(create:35) - time: 5
2021-12-14 09:16:08,185 [http-nio-8080-exec-7] DEBUG com.iteyes.service.JwtService(create:51) - 토큰 발행: eyJ0eXAiOiJKV1QiLCJhbGciOiJIUzI1NiJ9.eyJzdWIiOiLroZzqt7jsnbjthqDtgbAiLCJleHAiOjE2Mzk0NDEyNjgsIlVzZXIiOnsiZW1haWwiOiJhYmNAZGVmLm5ldCIsInBhc3N3b3JkIjoiMTIzNCJ9LCJzZWNvbmQiOiLstpTqsIDsoJXrs7QifQ.MwTd68ucQ93RD1zrBNE5QIzcxRa3n3OB7dTSxIfXcIo
2021-12-14 09:17:27,358 [http-nio-8080-exec-9] TRACE com.iteyes.service.JwtService(create:35) - time: 5
2021-12-14 09:17:27,358 [http-nio-8080-exec-9] DEBUG com.iteyes.service.JwtService(create:51) - 토큰 발행: eyJ0eXAiOiJKV1QiLCJhbGciOiJIUzI1NiJ9.eyJzdWIiOiLroZzqt7jsnbjthqDtgbAiLCJleHAiOjE2Mzk0NDEzNDcsIlVzZXIiOnsiZW1haWwiOiJhYmNAZGVmLm5ldCIsInBhc3N3b3JkIjoiMTIzNCJ9LCJzZWNvbmQiOiLstpTqsIDsoJXrs7QifQ.SKlkA-jUvw-kbs4QmoaaWvsb1B1bOWIagnHnNvsv0L8
2021-12-14 09:17:58,049 [http-nio-8080-exec-10] TRACE com.iteyes.service.JwtService(create:35) - time: 5
2021-12-14 09:17:58,050 [http-nio-8080-exec-10] DEBUG com.iteyes.service.JwtService(create:51) - 토큰 발행: eyJ0eXAiOiJKV1QiLCJhbGciOiJIUzI1NiJ9.eyJzdWIiOiLroZzqt7jsnbjthqDtgbAiLCJleHAiOjE2Mzk0NDEzNzgsIlVzZXIiOnsiZW1haWwiOiJhYmNAZGVmLm5ldCIsInBhc3N3b3JkIjoiMTIzNCJ9LCJzZWNvbmQiOiLstpTqsIDsoJXrs7QifQ.6z2h2GXCqSu6pDuWT60hTFuO9pJKk2i6FI2Mlqggdk0
2021-12-14 09:18:57,665 [http-nio-8080-exec-1] TRACE com.iteyes.service.JwtService(create:35) - time: 5
2021-12-14 09:18:57,666 [http-nio-8080-exec-1] DEBUG com.iteyes.service.JwtService(create:51) - 토큰 발행: eyJ0eXAiOiJKV1QiLCJhbGciOiJIUzI1NiJ9.eyJzdWIiOiLroZzqt7jsnbjthqDtgbAiLCJleHAiOjE2Mzk0NDE0MzcsIlVzZXIiOnsiZW1haWwiOiJhYmNAZGVmLm5ldCIsInBhc3N3b3JkIjoiMTIzNCJ9LCJzZWNvbmQiOiLstpTqsIDsoJXrs7QifQ.qbUjJT8fDDgMr0l-lHZqVTTanrxlgPB2hy1Eg_orkuU
2021-12-14 09:26:00,914 [http-nio-8080-exec-3] TRACE com.iteyes.service.JwtService(checkValid:62) - 토큰 점검: undefined
2021-12-14 09:26:00,914 [http-nio-8080-exec-3] WARN  org.springframework.web.servlet.mvc.method.annotation.ExceptionHandlerExceptionResolver(logException:207) - Resolved [io.jsonwebtoken.MalformedJwtException: JWT strings must contain exactly 2 period characters. Found: 0]
2021-12-14 09:26:00,916 [http-nio-8080-exec-3] TRACE com.iteyes.service.JwtService(checkValid:62) - 토큰 점검: undefined
2021-12-14 09:42:59,693 [http-nio-8080-exec-5] TRACE com.iteyes.service.JwtService(create:35) - time: 5
2021-12-14 09:42:59,693 [http-nio-8080-exec-5] DEBUG com.iteyes.service.JwtService(create:51) - 토큰 발행: eyJ0eXAiOiJKV1QiLCJhbGciOiJIUzI1NiJ9.eyJzdWIiOiLroZzqt7jsnbjthqDtgbAiLCJleHAiOjE2Mzk0NDI4NzksIlVzZXIiOnsiZW1haWwiOiJhYmNAZGVmLm5ldCIsInBhc3N3b3JkIjoiMTIzNCJ9LCJzZWNvbmQiOiLstpTqsIDsoJXrs7QifQ.G_WaknVfmDEBi3upSj_oEsKxzPOlvY9c6g839WYPjcM
2021-12-14 09:48:50,865 [http-nio-8080-exec-7] TRACE com.iteyes.service.JwtService(create:35) - time: 5
2021-12-14 09:48:50,865 [http-nio-8080-exec-7] DEBUG com.iteyes.service.JwtService(create:51) - 토큰 발행: eyJ0eXAiOiJKV1QiLCJhbGciOiJIUzI1NiJ9.eyJzdWIiOiLroZzqt7jsnbjthqDtgbAiLCJleHAiOjE2Mzk0NDMyMzAsIlVzZXIiOnsiZW1haWwiOiJhYmNAZGVmLm5ldCIsInBhc3N3b3JkIjoiMTIzNCJ9LCJzZWNvbmQiOiLstpTqsIDsoJXrs7QifQ.QpnUoTXZTBaOnBRQj4u_KGX7nnw-h3jaXUIAD7Ad_QI
2021-12-14 09:59:03,053 [restartedMain] INFO  com.iteyes.PmsApplication(logStarting:55) - Starting PmsApplication using Java 16.0.2 on DESKTOP-H5GEA9U with PID 4788 (C:\workspace\ProjectEyes\PMS\bin\main started by iteyes in C:\workspace\ProjectEyes\PMS)
2021-12-14 09:59:03,054 [restartedMain] DEBUG com.iteyes.PmsApplication(logStarting:56) - Running with Spring Boot v2.5.4, Spring v5.3.9
2021-12-14 09:59:03,054 [restartedMain] INFO  com.iteyes.PmsApplication(logStartupProfileInfo:659) - No active profile set, falling back to default profiles: default
2021-12-14 09:59:03,205 [restartedMain] INFO  org.springframework.context.support.PostProcessorRegistrationDelegate$BeanPostProcessorChecker(postProcessAfterInitialization:376) - Bean 'org.springframework.ws.config.annotation.DelegatingWsConfiguration' of type [org.springframework.ws.config.annotation.DelegatingWsConfiguration$$EnhancerBySpringCGLIB$$5cf3e360] is not eligible for getting processed by all BeanPostProcessors (for example: not eligible for auto-proxying)
2021-12-14 09:59:03,206 [restartedMain] INFO  org.springframework.ws.soap.addressing.server.AnnotationActionEndpointMapping(afterPropertiesSet:239) - Supporting [WS-Addressing August 2004, WS-Addressing 1.0]
2021-12-14 09:59:03,229 [restartedMain] INFO  org.springframework.boot.web.embedded.tomcat.TomcatWebServer(initialize:108) - Tomcat initialized with port(s): 8080 (http)
2021-12-14 09:59:03,248 [restartedMain] INFO  org.springframework.boot.web.servlet.context.ServletWebServerApplicationContext(prepareWebApplicationContext:290) - Root WebApplicationContext: initialization completed in 193 ms
2021-12-14 09:59:03,332 [restartedMain] INFO  org.springframework.boot.autoconfigure.web.servlet.WelcomePageHandlerMapping(<init>:53) - Adding welcome page: class path resource [static/index.html]
2021-12-14 09:59:03,362 [restartedMain] INFO  org.springframework.boot.devtools.autoconfigure.OptionalLiveReloadServer(startServer:58) - LiveReload server is running on port 35729
2021-12-14 09:59:03,370 [restartedMain] INFO  org.springframework.boot.web.embedded.tomcat.TomcatWebServer(start:220) - Tomcat started on port(s): 8080 (http) with context path ''
2021-12-14 09:59:03,372 [restartedMain] INFO  com.iteyes.PmsApplication(logStarted:61) - Started PmsApplication in 0.353 seconds (JVM running for 3435.501)
2021-12-14 09:59:03,373 [restartedMain] INFO  org.springframework.boot.devtools.autoconfigure.ConditionEvaluationDeltaLoggingListener(onApplicationEvent:63) - Condition evaluation unchanged
2021-12-14 09:59:31,574 [restartedMain] INFO  com.iteyes.PmsApplication(logStarting:55) - Starting PmsApplication using Java 16.0.2 on DESKTOP-H5GEA9U with PID 4788 (C:\workspace\ProjectEyes\PMS\bin\main started by iteyes in C:\workspace\ProjectEyes\PMS)
2021-12-14 09:59:31,575 [restartedMain] DEBUG com.iteyes.PmsApplication(logStarting:56) - Running with Spring Boot v2.5.4, Spring v5.3.9
2021-12-14 09:59:31,575 [restartedMain] INFO  com.iteyes.PmsApplication(logStartupProfileInfo:659) - No active profile set, falling back to default profiles: default
2021-12-14 09:59:31,715 [restartedMain] INFO  org.springframework.context.support.PostProcessorRegistrationDelegate$BeanPostProcessorChecker(postProcessAfterInitialization:376) - Bean 'org.springframework.ws.config.annotation.DelegatingWsConfiguration' of type [org.springframework.ws.config.annotation.DelegatingWsConfiguration$$EnhancerBySpringCGLIB$$5cf3e360] is not eligible for getting processed by all BeanPostProcessors (for example: not eligible for auto-proxying)
2021-12-14 09:59:31,716 [restartedMain] INFO  org.springframework.ws.soap.addressing.server.AnnotationActionEndpointMapping(afterPropertiesSet:239) - Supporting [WS-Addressing August 2004, WS-Addressing 1.0]
2021-12-14 09:59:31,738 [restartedMain] INFO  org.springframework.boot.web.embedded.tomcat.TomcatWebServer(initialize:108) - Tomcat initialized with port(s): 8080 (http)
2021-12-14 09:59:31,759 [restartedMain] INFO  org.springframework.boot.web.servlet.context.ServletWebServerApplicationContext(prepareWebApplicationContext:290) - Root WebApplicationContext: initialization completed in 183 ms
2021-12-14 09:59:31,838 [restartedMain] INFO  org.springframework.boot.autoconfigure.web.servlet.WelcomePageHandlerMapping(<init>:53) - Adding welcome page: class path resource [static/index.html]
2021-12-14 09:59:31,869 [restartedMain] INFO  org.springframework.boot.devtools.autoconfigure.OptionalLiveReloadServer(startServer:58) - LiveReload server is running on port 35729
2021-12-14 09:59:31,877 [restartedMain] INFO  org.springframework.boot.web.embedded.tomcat.TomcatWebServer(start:220) - Tomcat started on port(s): 8080 (http) with context path ''
2021-12-14 09:59:31,880 [restartedMain] INFO  com.iteyes.PmsApplication(logStarted:61) - Started PmsApplication in 0.34 seconds (JVM running for 3464.009)
2021-12-14 09:59:31,881 [restartedMain] INFO  org.springframework.boot.devtools.autoconfigure.ConditionEvaluationDeltaLoggingListener(onApplicationEvent:63) - Condition evaluation unchanged
2021-12-14 09:59:38,531 [restartedMain] INFO  com.iteyes.PmsApplication(logStarting:55) - Starting PmsApplication using Java 16.0.2 on DESKTOP-H5GEA9U with PID 4788 (C:\workspace\ProjectEyes\PMS\bin\main started by iteyes in C:\workspace\ProjectEyes\PMS)
2021-12-14 09:59:38,531 [restartedMain] DEBUG com.iteyes.PmsApplication(logStarting:56) - Running with Spring Boot v2.5.4, Spring v5.3.9
2021-12-14 09:59:38,531 [restartedMain] INFO  com.iteyes.PmsApplication(logStartupProfileInfo:659) - No active profile set, falling back to default profiles: default
2021-12-14 09:59:38,671 [restartedMain] INFO  org.springframework.context.support.PostProcessorRegistrationDelegate$BeanPostProcessorChecker(postProcessAfterInitialization:376) - Bean 'org.springframework.ws.config.annotation.DelegatingWsConfiguration' of type [org.springframework.ws.config.annotation.DelegatingWsConfiguration$$EnhancerBySpringCGLIB$$5cf3e360] is not eligible for getting processed by all BeanPostProcessors (for example: not eligible for auto-proxying)
2021-12-14 09:59:38,672 [restartedMain] INFO  org.springframework.ws.soap.addressing.server.AnnotationActionEndpointMapping(afterPropertiesSet:239) - Supporting [WS-Addressing August 2004, WS-Addressing 1.0]
2021-12-14 09:59:38,697 [restartedMain] INFO  org.springframework.boot.web.embedded.tomcat.TomcatWebServer(initialize:108) - Tomcat initialized with port(s): 8080 (http)
2021-12-14 09:59:38,716 [restartedMain] INFO  org.springframework.boot.web.servlet.context.ServletWebServerApplicationContext(prepareWebApplicationContext:290) - Root WebApplicationContext: initialization completed in 183 ms
2021-12-14 09:59:38,793 [restartedMain] INFO  org.springframework.boot.autoconfigure.web.servlet.WelcomePageHandlerMapping(<init>:53) - Adding welcome page: class path resource [static/index.html]
2021-12-14 09:59:38,826 [restartedMain] INFO  org.springframework.boot.devtools.autoconfigure.OptionalLiveReloadServer(startServer:58) - LiveReload server is running on port 35729
2021-12-14 09:59:38,833 [restartedMain] INFO  org.springframework.boot.web.embedded.tomcat.TomcatWebServer(start:220) - Tomcat started on port(s): 8080 (http) with context path ''
2021-12-14 09:59:38,835 [restartedMain] INFO  com.iteyes.PmsApplication(logStarted:61) - Started PmsApplication in 0.333 seconds (JVM running for 3470.964)
2021-12-14 09:59:38,836 [restartedMain] INFO  org.springframework.boot.devtools.autoconfigure.ConditionEvaluationDeltaLoggingListener(onApplicationEvent:63) - Condition evaluation unchanged
