2021-10-13 17:03:19,184 [restartedMain] INFO  com.iteyes.PmsApplication(logStarting:55) - Starting PmsApplication using Java 16.0.2 on DESKTOP-H5GEA9U with PID 11220 (C:\iteyesPMS\PMS\bin\main started by iteyes in C:\iteyesPMS\PMS)
2021-10-13 17:03:19,197 [restartedMain] DEBUG com.iteyes.PmsApplication(logStarting:56) - Running with Spring Boot v2.5.4, Spring v5.3.9
2021-10-13 17:03:19,198 [restartedMain] INFO  com.iteyes.PmsApplication(logStartupProfileInfo:659) - No active profile set, falling back to default profiles: default
2021-10-13 17:03:19,241 [restartedMain] INFO  org.springframework.boot.devtools.env.DevToolsPropertyDefaultsPostProcessor(logTo:255) - Devtools property defaults active! Set 'spring.devtools.add-properties' to 'false' to disable
2021-10-13 17:03:19,241 [restartedMain] INFO  org.springframework.boot.devtools.env.DevToolsPropertyDefaultsPostProcessor(logTo:255) - For additional web related logging consider setting the 'logging.level.web' property to 'DEBUG'
2021-10-13 17:03:20,067 [restartedMain] INFO  org.springframework.context.support.PostProcessorRegistrationDelegate$BeanPostProcessorChecker(postProcessAfterInitialization:376) - Bean 'org.springframework.ws.config.annotation.DelegatingWsConfiguration' of type [org.springframework.ws.config.annotation.DelegatingWsConfiguration$$EnhancerBySpringCGLIB$$1eb66af8] is not eligible for getting processed by all BeanPostProcessors (for example: not eligible for auto-proxying)
2021-10-13 17:03:20,102 [restartedMain] INFO  org.springframework.ws.soap.addressing.server.AnnotationActionEndpointMapping(afterPropertiesSet:239) - Supporting [WS-Addressing August 2004, WS-Addressing 1.0]
2021-10-13 17:03:20,340 [restartedMain] INFO  org.springframework.boot.web.embedded.tomcat.TomcatWebServer(initialize:108) - Tomcat initialized with port(s): 8080 (http)
2021-10-13 17:03:20,421 [restartedMain] INFO  org.springframework.boot.web.servlet.context.ServletWebServerApplicationContext(prepareWebApplicationContext:290) - Root WebApplicationContext: initialization completed in 1179 ms
2021-10-13 17:03:20,828 [restartedMain] INFO  org.springframework.boot.autoconfigure.web.servlet.WelcomePageHandlerMapping(<init>:53) - Adding welcome page: class path resource [static/index.html]
2021-10-13 17:03:20,961 [restartedMain] INFO  org.springframework.boot.devtools.autoconfigure.OptionalLiveReloadServer(startServer:58) - LiveReload server is running on port 35729
2021-10-13 17:03:21,010 [restartedMain] INFO  org.springframework.boot.web.embedded.tomcat.TomcatWebServer(start:220) - Tomcat started on port(s): 8080 (http) with context path ''
2021-10-13 17:03:21,019 [restartedMain] INFO  com.iteyes.PmsApplication(logStarted:61) - Started PmsApplication in 2.192 seconds (JVM running for 3.276)
2021-10-13 17:03:29,501 [http-nio-8080-exec-1] INFO  org.springframework.web.servlet.DispatcherServlet(initServletBean:525) - Initializing Servlet 'dispatcherServlet'
2021-10-13 17:03:29,502 [http-nio-8080-exec-1] INFO  org.springframework.web.servlet.DispatcherServlet(initServletBean:547) - Completed initialization in 1 ms
2021-10-13 17:04:49,810 [restartedMain] INFO  com.iteyes.PmsApplication(logStarting:55) - Starting PmsApplication using Java 16.0.2 on DESKTOP-H5GEA9U with PID 11220 (C:\iteyesPMS\PMS\bin\main started by iteyes in C:\iteyesPMS\PMS)
2021-10-13 17:04:49,810 [restartedMain] DEBUG com.iteyes.PmsApplication(logStarting:56) - Running with Spring Boot v2.5.4, Spring v5.3.9
2021-10-13 17:04:49,811 [restartedMain] INFO  com.iteyes.PmsApplication(logStartupProfileInfo:659) - No active profile set, falling back to default profiles: default
2021-10-13 17:04:50,002 [restartedMain] INFO  org.springframework.context.support.PostProcessorRegistrationDelegate$BeanPostProcessorChecker(postProcessAfterInitialization:376) - Bean 'org.springframework.ws.config.annotation.DelegatingWsConfiguration' of type [org.springframework.ws.config.annotation.DelegatingWsConfiguration$$EnhancerBySpringCGLIB$$1eb66af8] is not eligible for getting processed by all BeanPostProcessors (for example: not eligible for auto-proxying)
2021-10-13 17:04:50,003 [restartedMain] INFO  org.springframework.ws.soap.addressing.server.AnnotationActionEndpointMapping(afterPropertiesSet:239) - Supporting [WS-Addressing August 2004, WS-Addressing 1.0]
2021-10-13 17:04:50,034 [restartedMain] INFO  org.springframework.boot.web.embedded.tomcat.TomcatWebServer(initialize:108) - Tomcat initialized with port(s): 8080 (http)
2021-10-13 17:04:50,051 [restartedMain] INFO  org.springframework.boot.web.servlet.context.ServletWebServerApplicationContext(prepareWebApplicationContext:290) - Root WebApplicationContext: initialization completed in 238 ms
2021-10-13 17:04:50,130 [restartedMain] INFO  org.springframework.boot.autoconfigure.web.servlet.WelcomePageHandlerMapping(<init>:53) - Adding welcome page: class path resource [static/index.html]
2021-10-13 17:04:50,167 [restartedMain] INFO  org.springframework.boot.devtools.autoconfigure.OptionalLiveReloadServer(startServer:58) - LiveReload server is running on port 35729
2021-10-13 17:04:50,176 [restartedMain] INFO  org.springframework.boot.web.embedded.tomcat.TomcatWebServer(start:220) - Tomcat started on port(s): 8080 (http) with context path ''
2021-10-13 17:04:50,179 [restartedMain] INFO  com.iteyes.PmsApplication(logStarted:61) - Started PmsApplication in 0.405 seconds (JVM running for 92.436)
2021-10-13 17:04:50,180 [restartedMain] INFO  org.springframework.boot.devtools.autoconfigure.ConditionEvaluationDeltaLoggingListener(onApplicationEvent:63) - Condition evaluation unchanged
2021-10-13 17:05:06,089 [restartedMain] INFO  com.iteyes.PmsApplication(logStarting:55) - Starting PmsApplication using Java 16.0.2 on DESKTOP-H5GEA9U with PID 11220 (C:\iteyesPMS\PMS\bin\main started by iteyes in C:\iteyesPMS\PMS)
2021-10-13 17:05:06,090 [restartedMain] DEBUG com.iteyes.PmsApplication(logStarting:56) - Running with Spring Boot v2.5.4, Spring v5.3.9
2021-10-13 17:05:06,090 [restartedMain] INFO  com.iteyes.PmsApplication(logStartupProfileInfo:659) - No active profile set, falling back to default profiles: default
2021-10-13 17:05:06,242 [restartedMain] INFO  org.springframework.context.support.PostProcessorRegistrationDelegate$BeanPostProcessorChecker(postProcessAfterInitialization:376) - Bean 'org.springframework.ws.config.annotation.DelegatingWsConfiguration' of type [org.springframework.ws.config.annotation.DelegatingWsConfiguration$$EnhancerBySpringCGLIB$$1eb66af8] is not eligible for getting processed by all BeanPostProcessors (for example: not eligible for auto-proxying)
2021-10-13 17:05:06,243 [restartedMain] INFO  org.springframework.ws.soap.addressing.server.AnnotationActionEndpointMapping(afterPropertiesSet:239) - Supporting [WS-Addressing August 2004, WS-Addressing 1.0]
2021-10-13 17:05:06,271 [restartedMain] INFO  org.springframework.boot.web.embedded.tomcat.TomcatWebServer(initialize:108) - Tomcat initialized with port(s): 8080 (http)
2021-10-13 17:05:06,287 [restartedMain] INFO  org.springframework.boot.web.servlet.context.ServletWebServerApplicationContext(prepareWebApplicationContext:290) - Root WebApplicationContext: initialization completed in 195 ms
2021-10-13 17:05:06,295 [restartedMain] WARN  org.springframework.boot.web.servlet.context.AnnotationConfigServletWebServerApplicationContext(refresh:591) - Exception encountered during context initialization - cancelling refresh attempt: org.springframework.beans.factory.BeanCreationException: Error creating bean with name 'webConfig' defined in file [C:\iteyesPMS\PMS\bin\main\com\iteyes\config\WebConfig.class]: Instantiation of bean failed; nested exception is org.springframework.beans.BeanInstantiationException: Failed to instantiate [com.iteyes.config.WebConfig$$EnhancerBySpringCGLIB$$19304d5c]: Constructor threw exception; nested exception is java.lang.Error: Unresolved compilation problem: 
	The declared package "" does not match the expected package "com.iteyes.config"

2021-10-13 17:05:06,300 [restartedMain] INFO  org.springframework.boot.autoconfigure.logging.ConditionEvaluationReportLoggingListener(logMessage:136) - 

Error starting ApplicationContext. To display the conditions report re-run your application with 'debug' enabled.
2021-10-13 17:05:06,316 [restartedMain] ERROR org.springframework.boot.SpringApplication(reportFailure:843) - Application run failed
org.springframework.beans.factory.BeanCreationException: Error creating bean with name 'webConfig' defined in file [C:\iteyesPMS\PMS\bin\main\com\iteyes\config\WebConfig.class]: Instantiation of bean failed; nested exception is org.springframework.beans.BeanInstantiationException: Failed to instantiate [com.iteyes.config.WebConfig$$EnhancerBySpringCGLIB$$19304d5c]: Constructor threw exception; nested exception is java.lang.Error: Unresolved compilation problem: 
	The declared package "" does not match the expected package "com.iteyes.config"

	at org.springframework.beans.factory.support.AbstractAutowireCapableBeanFactory.instantiateBean(AbstractAutowireCapableBeanFactory.java:1316) ~[spring-beans-5.3.9.jar:5.3.9]
	at org.springframework.beans.factory.support.AbstractAutowireCapableBeanFactory.createBeanInstance(AbstractAutowireCapableBeanFactory.java:1214) ~[spring-beans-5.3.9.jar:5.3.9]
	at org.springframework.beans.factory.support.AbstractAutowireCapableBeanFactory.doCreateBean(AbstractAutowireCapableBeanFactory.java:564) ~[spring-beans-5.3.9.jar:5.3.9]
	at org.springframework.beans.factory.support.AbstractAutowireCapableBeanFactory.createBean(AbstractAutowireCapableBeanFactory.java:524) ~[spring-beans-5.3.9.jar:5.3.9]
	at org.springframework.beans.factory.support.AbstractBeanFactory.lambda$doGetBean$0(AbstractBeanFactory.java:335) ~[spring-beans-5.3.9.jar:5.3.9]
	at org.springframework.beans.factory.support.DefaultSingletonBeanRegistry.getSingleton(DefaultSingletonBeanRegistry.java:234) ~[spring-beans-5.3.9.jar:5.3.9]
	at org.springframework.beans.factory.support.AbstractBeanFactory.doGetBean(AbstractBeanFactory.java:333) ~[spring-beans-5.3.9.jar:5.3.9]
	at org.springframework.beans.factory.support.AbstractBeanFactory.getBean(AbstractBeanFactory.java:208) ~[spring-beans-5.3.9.jar:5.3.9]
	at org.springframework.beans.factory.support.DefaultListableBeanFactory.preInstantiateSingletons(DefaultListableBeanFactory.java:944) ~[spring-beans-5.3.9.jar:5.3.9]
	at org.springframework.context.support.AbstractApplicationContext.finishBeanFactoryInitialization(AbstractApplicationContext.java:918) ~[spring-context-5.3.9.jar:5.3.9]
	at org.springframework.context.support.AbstractApplicationContext.refresh(AbstractApplicationContext.java:583) ~[spring-context-5.3.9.jar:5.3.9]
	at org.springframework.boot.web.servlet.context.ServletWebServerApplicationContext.refresh(ServletWebServerApplicationContext.java:145) ~[spring-boot-2.5.4.jar:2.5.4]
	at org.springframework.boot.SpringApplication.refresh(SpringApplication.java:754) [spring-boot-2.5.4.jar:2.5.4]
	at org.springframework.boot.SpringApplication.refreshContext(SpringApplication.java:434) [spring-boot-2.5.4.jar:2.5.4]
	at org.springframework.boot.SpringApplication.run(SpringApplication.java:338) [spring-boot-2.5.4.jar:2.5.4]
	at org.springframework.boot.SpringApplication.run(SpringApplication.java:1343) [spring-boot-2.5.4.jar:2.5.4]
	at org.springframework.boot.SpringApplication.run(SpringApplication.java:1332) [spring-boot-2.5.4.jar:2.5.4]
	at com.iteyes.PmsApplication.main(PmsApplication.java:10) [main/:?]
	at jdk.internal.reflect.NativeMethodAccessorImpl.invoke0(Native Method) ~[?:?]
	at jdk.internal.reflect.NativeMethodAccessorImpl.invoke(NativeMethodAccessorImpl.java:78) ~[?:?]
	at jdk.internal.reflect.DelegatingMethodAccessorImpl.invoke(DelegatingMethodAccessorImpl.java:43) ~[?:?]
	at java.lang.reflect.Method.invoke(Method.java:567) ~[?:?]
	at org.springframework.boot.devtools.restart.RestartLauncher.run(RestartLauncher.java:49) [spring-boot-devtools-2.5.4.jar:2.5.4]
Caused by: org.springframework.beans.BeanInstantiationException: Failed to instantiate [com.iteyes.config.WebConfig$$EnhancerBySpringCGLIB$$19304d5c]: Constructor threw exception; nested exception is java.lang.Error: Unresolved compilation problem: 
	The declared package "" does not match the expected package "com.iteyes.config"

	at org.springframework.beans.BeanUtils.instantiateClass(BeanUtils.java:221) ~[spring-beans-5.3.9.jar:5.3.9]
	at org.springframework.beans.factory.support.SimpleInstantiationStrategy.instantiate(SimpleInstantiationStrategy.java:87) ~[spring-beans-5.3.9.jar:5.3.9]
	at org.springframework.beans.factory.support.AbstractAutowireCapableBeanFactory.instantiateBean(AbstractAutowireCapableBeanFactory.java:1308) ~[spring-beans-5.3.9.jar:5.3.9]
	... 22 more
Caused by: java.lang.Error: Unresolved compilation problem: 
	The declared package "" does not match the expected package "com.iteyes.config"

	at com.iteyes.config.WebConfig.<init>(WebConfig.java:1) ~[main/:?]
	at com.iteyes.config.WebConfig$$EnhancerBySpringCGLIB$$19304d5c.<init>(<generated>) ~[main/:?]
	at jdk.internal.reflect.NativeConstructorAccessorImpl.newInstance0(Native Method) ~[?:?]
	at jdk.internal.reflect.NativeConstructorAccessorImpl.newInstance(NativeConstructorAccessorImpl.java:78) ~[?:?]
	at jdk.internal.reflect.DelegatingConstructorAccessorImpl.newInstance(DelegatingConstructorAccessorImpl.java:45) ~[?:?]
	at java.lang.reflect.Constructor.newInstanceWithCaller(Constructor.java:499) ~[?:?]
	at java.lang.reflect.Constructor.newInstance(Constructor.java:480) ~[?:?]
	at org.springframework.beans.BeanUtils.instantiateClass(BeanUtils.java:208) ~[spring-beans-5.3.9.jar:5.3.9]
	at org.springframework.beans.factory.support.SimpleInstantiationStrategy.instantiate(SimpleInstantiationStrategy.java:87) ~[spring-beans-5.3.9.jar:5.3.9]
	at org.springframework.beans.factory.support.AbstractAutowireCapableBeanFactory.instantiateBean(AbstractAutowireCapableBeanFactory.java:1308) ~[spring-beans-5.3.9.jar:5.3.9]
	... 22 more
2021-10-13 17:05:15,022 [restartedMain] INFO  com.iteyes.PmsApplication(logStarting:55) - Starting PmsApplication using Java 16.0.2 on DESKTOP-H5GEA9U with PID 11220 (C:\iteyesPMS\PMS\bin\main started by iteyes in C:\iteyesPMS\PMS)
2021-10-13 17:05:15,023 [restartedMain] DEBUG com.iteyes.PmsApplication(logStarting:56) - Running with Spring Boot v2.5.4, Spring v5.3.9
2021-10-13 17:05:15,023 [restartedMain] INFO  com.iteyes.PmsApplication(logStartupProfileInfo:659) - No active profile set, falling back to default profiles: default
2021-10-13 17:05:15,165 [restartedMain] INFO  org.springframework.context.support.PostProcessorRegistrationDelegate$BeanPostProcessorChecker(postProcessAfterInitialization:376) - Bean 'org.springframework.ws.config.annotation.DelegatingWsConfiguration' of type [org.springframework.ws.config.annotation.DelegatingWsConfiguration$$EnhancerBySpringCGLIB$$1eb66af8] is not eligible for getting processed by all BeanPostProcessors (for example: not eligible for auto-proxying)
2021-10-13 17:05:15,166 [restartedMain] INFO  org.springframework.ws.soap.addressing.server.AnnotationActionEndpointMapping(afterPropertiesSet:239) - Supporting [WS-Addressing August 2004, WS-Addressing 1.0]
2021-10-13 17:05:15,190 [restartedMain] INFO  org.springframework.boot.web.embedded.tomcat.TomcatWebServer(initialize:108) - Tomcat initialized with port(s): 8080 (http)
2021-10-13 17:05:15,205 [restartedMain] INFO  org.springframework.boot.web.servlet.context.ServletWebServerApplicationContext(prepareWebApplicationContext:290) - Root WebApplicationContext: initialization completed in 181 ms
2021-10-13 17:05:15,213 [restartedMain] WARN  org.springframework.boot.web.servlet.context.AnnotationConfigServletWebServerApplicationContext(refresh:591) - Exception encountered during context initialization - cancelling refresh attempt: org.springframework.beans.factory.BeanCreationException: Error creating bean with name 'webConfig' defined in file [C:\iteyesPMS\PMS\bin\main\com\iteyes\config\WebConfig.class]: Instantiation of bean failed; nested exception is org.springframework.beans.BeanInstantiationException: Failed to instantiate [com.iteyes.config.WebConfig$$EnhancerBySpringCGLIB$$19304d5c]: Constructor threw exception; nested exception is java.lang.Error: Unresolved compilation problem: 
	The declared package "" does not match the expected package "com.iteyes.config"

2021-10-13 17:05:15,217 [restartedMain] INFO  org.springframework.boot.autoconfigure.logging.ConditionEvaluationReportLoggingListener(logMessage:136) - 

Error starting ApplicationContext. To display the conditions report re-run your application with 'debug' enabled.
2021-10-13 17:05:15,219 [restartedMain] ERROR org.springframework.boot.SpringApplication(reportFailure:843) - Application run failed
org.springframework.beans.factory.BeanCreationException: Error creating bean with name 'webConfig' defined in file [C:\iteyesPMS\PMS\bin\main\com\iteyes\config\WebConfig.class]: Instantiation of bean failed; nested exception is org.springframework.beans.BeanInstantiationException: Failed to instantiate [com.iteyes.config.WebConfig$$EnhancerBySpringCGLIB$$19304d5c]: Constructor threw exception; nested exception is java.lang.Error: Unresolved compilation problem: 
	The declared package "" does not match the expected package "com.iteyes.config"

	at org.springframework.beans.factory.support.AbstractAutowireCapableBeanFactory.instantiateBean(AbstractAutowireCapableBeanFactory.java:1316) ~[spring-beans-5.3.9.jar:5.3.9]
	at org.springframework.beans.factory.support.AbstractAutowireCapableBeanFactory.createBeanInstance(AbstractAutowireCapableBeanFactory.java:1214) ~[spring-beans-5.3.9.jar:5.3.9]
	at org.springframework.beans.factory.support.AbstractAutowireCapableBeanFactory.doCreateBean(AbstractAutowireCapableBeanFactory.java:564) ~[spring-beans-5.3.9.jar:5.3.9]
	at org.springframework.beans.factory.support.AbstractAutowireCapableBeanFactory.createBean(AbstractAutowireCapableBeanFactory.java:524) ~[spring-beans-5.3.9.jar:5.3.9]
	at org.springframework.beans.factory.support.AbstractBeanFactory.lambda$doGetBean$0(AbstractBeanFactory.java:335) ~[spring-beans-5.3.9.jar:5.3.9]
	at org.springframework.beans.factory.support.DefaultSingletonBeanRegistry.getSingleton(DefaultSingletonBeanRegistry.java:234) ~[spring-beans-5.3.9.jar:5.3.9]
	at org.springframework.beans.factory.support.AbstractBeanFactory.doGetBean(AbstractBeanFactory.java:333) ~[spring-beans-5.3.9.jar:5.3.9]
	at org.springframework.beans.factory.support.AbstractBeanFactory.getBean(AbstractBeanFactory.java:208) ~[spring-beans-5.3.9.jar:5.3.9]
	at org.springframework.beans.factory.support.DefaultListableBeanFactory.preInstantiateSingletons(DefaultListableBeanFactory.java:944) ~[spring-beans-5.3.9.jar:5.3.9]
	at org.springframework.context.support.AbstractApplicationContext.finishBeanFactoryInitialization(AbstractApplicationContext.java:918) ~[spring-context-5.3.9.jar:5.3.9]
	at org.springframework.context.support.AbstractApplicationContext.refresh(AbstractApplicationContext.java:583) ~[spring-context-5.3.9.jar:5.3.9]
	at org.springframework.boot.web.servlet.context.ServletWebServerApplicationContext.refresh(ServletWebServerApplicationContext.java:145) ~[spring-boot-2.5.4.jar:2.5.4]
	at org.springframework.boot.SpringApplication.refresh(SpringApplication.java:754) [spring-boot-2.5.4.jar:2.5.4]
	at org.springframework.boot.SpringApplication.refreshContext(SpringApplication.java:434) [spring-boot-2.5.4.jar:2.5.4]
	at org.springframework.boot.SpringApplication.run(SpringApplication.java:338) [spring-boot-2.5.4.jar:2.5.4]
	at org.springframework.boot.SpringApplication.run(SpringApplication.java:1343) [spring-boot-2.5.4.jar:2.5.4]
	at org.springframework.boot.SpringApplication.run(SpringApplication.java:1332) [spring-boot-2.5.4.jar:2.5.4]
	at com.iteyes.PmsApplication.main(PmsApplication.java:10) [main/:?]
	at jdk.internal.reflect.NativeMethodAccessorImpl.invoke0(Native Method) ~[?:?]
	at jdk.internal.reflect.NativeMethodAccessorImpl.invoke(NativeMethodAccessorImpl.java:78) ~[?:?]
	at jdk.internal.reflect.DelegatingMethodAccessorImpl.invoke(DelegatingMethodAccessorImpl.java:43) ~[?:?]
	at java.lang.reflect.Method.invoke(Method.java:567) ~[?:?]
	at org.springframework.boot.devtools.restart.RestartLauncher.run(RestartLauncher.java:49) [spring-boot-devtools-2.5.4.jar:2.5.4]
Caused by: org.springframework.beans.BeanInstantiationException: Failed to instantiate [com.iteyes.config.WebConfig$$EnhancerBySpringCGLIB$$19304d5c]: Constructor threw exception; nested exception is java.lang.Error: Unresolved compilation problem: 
	The declared package "" does not match the expected package "com.iteyes.config"

	at org.springframework.beans.BeanUtils.instantiateClass(BeanUtils.java:221) ~[spring-beans-5.3.9.jar:5.3.9]
	at org.springframework.beans.factory.support.SimpleInstantiationStrategy.instantiate(SimpleInstantiationStrategy.java:87) ~[spring-beans-5.3.9.jar:5.3.9]
	at org.springframework.beans.factory.support.AbstractAutowireCapableBeanFactory.instantiateBean(AbstractAutowireCapableBeanFactory.java:1308) ~[spring-beans-5.3.9.jar:5.3.9]
	... 22 more
Caused by: java.lang.Error: Unresolved compilation problem: 
	The declared package "" does not match the expected package "com.iteyes.config"

	at com.iteyes.config.WebConfig.<init>(WebConfig.java:1) ~[main/:?]
	at com.iteyes.config.WebConfig$$EnhancerBySpringCGLIB$$19304d5c.<init>(<generated>) ~[main/:?]
	at jdk.internal.reflect.NativeConstructorAccessorImpl.newInstance0(Native Method) ~[?:?]
	at jdk.internal.reflect.NativeConstructorAccessorImpl.newInstance(NativeConstructorAccessorImpl.java:78) ~[?:?]
	at jdk.internal.reflect.DelegatingConstructorAccessorImpl.newInstance(DelegatingConstructorAccessorImpl.java:45) ~[?:?]
	at java.lang.reflect.Constructor.newInstanceWithCaller(Constructor.java:499) ~[?:?]
	at java.lang.reflect.Constructor.newInstance(Constructor.java:480) ~[?:?]
	at org.springframework.beans.BeanUtils.instantiateClass(BeanUtils.java:208) ~[spring-beans-5.3.9.jar:5.3.9]
	at org.springframework.beans.factory.support.SimpleInstantiationStrategy.instantiate(SimpleInstantiationStrategy.java:87) ~[spring-beans-5.3.9.jar:5.3.9]
	at org.springframework.beans.factory.support.AbstractAutowireCapableBeanFactory.instantiateBean(AbstractAutowireCapableBeanFactory.java:1308) ~[spring-beans-5.3.9.jar:5.3.9]
	... 22 more
2021-10-13 17:05:43,436 [restartedMain] INFO  com.iteyes.PmsApplication(logStarting:55) - Starting PmsApplication using Java 16.0.2 on DESKTOP-H5GEA9U with PID 11220 (C:\iteyesPMS\PMS\bin\main started by iteyes in C:\iteyesPMS\PMS)
2021-10-13 17:05:43,437 [restartedMain] DEBUG com.iteyes.PmsApplication(logStarting:56) - Running with Spring Boot v2.5.4, Spring v5.3.9
2021-10-13 17:05:43,437 [restartedMain] INFO  com.iteyes.PmsApplication(logStartupProfileInfo:659) - No active profile set, falling back to default profiles: default
2021-10-13 17:05:43,562 [restartedMain] INFO  org.springframework.context.support.PostProcessorRegistrationDelegate$BeanPostProcessorChecker(postProcessAfterInitialization:376) - Bean 'org.springframework.ws.config.annotation.DelegatingWsConfiguration' of type [org.springframework.ws.config.annotation.DelegatingWsConfiguration$$EnhancerBySpringCGLIB$$1eb66af8] is not eligible for getting processed by all BeanPostProcessors (for example: not eligible for auto-proxying)
2021-10-13 17:05:43,563 [restartedMain] INFO  org.springframework.ws.soap.addressing.server.AnnotationActionEndpointMapping(afterPropertiesSet:239) - Supporting [WS-Addressing August 2004, WS-Addressing 1.0]
2021-10-13 17:05:43,592 [restartedMain] INFO  org.springframework.boot.web.embedded.tomcat.TomcatWebServer(initialize:108) - Tomcat initialized with port(s): 8080 (http)
2021-10-13 17:05:43,606 [restartedMain] INFO  org.springframework.boot.web.servlet.context.ServletWebServerApplicationContext(prepareWebApplicationContext:290) - Root WebApplicationContext: initialization completed in 168 ms
2021-10-13 17:05:43,676 [restartedMain] INFO  org.springframework.boot.autoconfigure.web.servlet.WelcomePageHandlerMapping(<init>:53) - Adding welcome page: class path resource [static/index.html]
2021-10-13 17:05:43,710 [restartedMain] INFO  org.springframework.boot.devtools.autoconfigure.OptionalLiveReloadServer(startServer:58) - LiveReload server is running on port 35729
2021-10-13 17:05:43,717 [restartedMain] INFO  org.springframework.boot.web.embedded.tomcat.TomcatWebServer(start:220) - Tomcat started on port(s): 8080 (http) with context path ''
2021-10-13 17:05:43,720 [restartedMain] INFO  com.iteyes.PmsApplication(logStarted:61) - Started PmsApplication in 0.312 seconds (JVM running for 145.977)
2021-10-13 17:05:43,721 [restartedMain] INFO  org.springframework.boot.devtools.autoconfigure.ConditionEvaluationDeltaLoggingListener(onApplicationEvent:63) - Condition evaluation unchanged
2021-10-13 17:06:10,939 [restartedMain] INFO  com.iteyes.PmsApplication(logStarting:55) - Starting PmsApplication using Java 16.0.2 on DESKTOP-H5GEA9U with PID 11220 (C:\iteyesPMS\PMS\bin\main started by iteyes in C:\iteyesPMS\PMS)
2021-10-13 17:06:10,939 [restartedMain] DEBUG com.iteyes.PmsApplication(logStarting:56) - Running with Spring Boot v2.5.4, Spring v5.3.9
2021-10-13 17:06:10,939 [restartedMain] INFO  com.iteyes.PmsApplication(logStartupProfileInfo:659) - No active profile set, falling back to default profiles: default
2021-10-13 17:06:11,067 [restartedMain] INFO  org.springframework.context.support.PostProcessorRegistrationDelegate$BeanPostProcessorChecker(postProcessAfterInitialization:376) - Bean 'org.springframework.ws.config.annotation.DelegatingWsConfiguration' of type [org.springframework.ws.config.annotation.DelegatingWsConfiguration$$EnhancerBySpringCGLIB$$1eb66af8] is not eligible for getting processed by all BeanPostProcessors (for example: not eligible for auto-proxying)
2021-10-13 17:06:11,068 [restartedMain] INFO  org.springframework.ws.soap.addressing.server.AnnotationActionEndpointMapping(afterPropertiesSet:239) - Supporting [WS-Addressing August 2004, WS-Addressing 1.0]
2021-10-13 17:06:11,095 [restartedMain] INFO  org.springframework.boot.web.embedded.tomcat.TomcatWebServer(initialize:108) - Tomcat initialized with port(s): 8080 (http)
2021-10-13 17:06:11,110 [restartedMain] INFO  org.springframework.boot.web.servlet.context.ServletWebServerApplicationContext(prepareWebApplicationContext:290) - Root WebApplicationContext: initialization completed in 169 ms
2021-10-13 17:06:11,192 [restartedMain] INFO  org.springframework.boot.autoconfigure.web.servlet.WelcomePageHandlerMapping(<init>:53) - Adding welcome page: class path resource [static/index.html]
2021-10-13 17:06:11,230 [restartedMain] INFO  org.springframework.boot.devtools.autoconfigure.OptionalLiveReloadServer(startServer:58) - LiveReload server is running on port 35729
2021-10-13 17:06:11,237 [restartedMain] INFO  org.springframework.boot.web.embedded.tomcat.TomcatWebServer(start:220) - Tomcat started on port(s): 8080 (http) with context path ''
2021-10-13 17:06:11,240 [restartedMain] INFO  com.iteyes.PmsApplication(logStarted:61) - Started PmsApplication in 0.333 seconds (JVM running for 173.498)
2021-10-13 17:06:11,241 [restartedMain] INFO  org.springframework.boot.devtools.autoconfigure.ConditionEvaluationDeltaLoggingListener(onApplicationEvent:63) - Condition evaluation unchanged
2021-10-13 17:06:13,807 [restartedMain] INFO  com.iteyes.PmsApplication(logStarting:55) - Starting PmsApplication using Java 16.0.2 on DESKTOP-H5GEA9U with PID 11220 (C:\iteyesPMS\PMS\bin\main started by iteyes in C:\iteyesPMS\PMS)
2021-10-13 17:06:13,807 [restartedMain] DEBUG com.iteyes.PmsApplication(logStarting:56) - Running with Spring Boot v2.5.4, Spring v5.3.9
2021-10-13 17:06:13,807 [restartedMain] INFO  com.iteyes.PmsApplication(logStartupProfileInfo:659) - No active profile set, falling back to default profiles: default
2021-10-13 17:06:13,937 [restartedMain] INFO  org.springframework.context.support.PostProcessorRegistrationDelegate$BeanPostProcessorChecker(postProcessAfterInitialization:376) - Bean 'org.springframework.ws.config.annotation.DelegatingWsConfiguration' of type [org.springframework.ws.config.annotation.DelegatingWsConfiguration$$EnhancerBySpringCGLIB$$1eb66af8] is not eligible for getting processed by all BeanPostProcessors (for example: not eligible for auto-proxying)
2021-10-13 17:06:13,938 [restartedMain] INFO  org.springframework.ws.soap.addressing.server.AnnotationActionEndpointMapping(afterPropertiesSet:239) - Supporting [WS-Addressing August 2004, WS-Addressing 1.0]
2021-10-13 17:06:13,963 [restartedMain] INFO  org.springframework.boot.web.embedded.tomcat.TomcatWebServer(initialize:108) - Tomcat initialized with port(s): 8080 (http)
2021-10-13 17:06:13,977 [restartedMain] INFO  org.springframework.boot.web.servlet.context.ServletWebServerApplicationContext(prepareWebApplicationContext:290) - Root WebApplicationContext: initialization completed in 168 ms
2021-10-13 17:06:14,041 [restartedMain] INFO  org.springframework.boot.autoconfigure.web.servlet.WelcomePageHandlerMapping(<init>:53) - Adding welcome page: class path resource [static/index.html]
2021-10-13 17:06:14,073 [restartedMain] INFO  org.springframework.boot.devtools.autoconfigure.OptionalLiveReloadServer(startServer:58) - LiveReload server is running on port 35729
2021-10-13 17:06:14,080 [restartedMain] INFO  org.springframework.boot.web.embedded.tomcat.TomcatWebServer(start:220) - Tomcat started on port(s): 8080 (http) with context path ''
2021-10-13 17:06:14,083 [restartedMain] INFO  com.iteyes.PmsApplication(logStarted:61) - Started PmsApplication in 0.307 seconds (JVM running for 176.34)
2021-10-13 17:06:14,084 [restartedMain] INFO  org.springframework.boot.devtools.autoconfigure.ConditionEvaluationDeltaLoggingListener(onApplicationEvent:63) - Condition evaluation unchanged
2021-10-13 17:06:27,533 [http-nio-8080-exec-1] INFO  org.springframework.web.servlet.DispatcherServlet(initServletBean:525) - Initializing Servlet 'dispatcherServlet'
2021-10-13 17:06:27,533 [http-nio-8080-exec-1] INFO  org.springframework.web.servlet.DispatcherServlet(initServletBean:547) - Completed initialization in 0 ms
2021-10-13 17:06:27,547 [http-nio-8080-exec-2] DEBUG com.iteyes.controller.MainController(loginResult:38) - ## loginResult 
2021-10-13 17:06:27,547 [http-nio-8080-exec-2] DEBUG com.iteyes.controller.MainController(loginResult:39) - ## request :: org.apache.catalina.connector.RequestFacade@7a31464c
2021-10-13 17:07:03,886 [http-nio-8080-exec-3] DEBUG com.iteyes.controller.MainController(loginResult:38) - ## loginResult 
2021-10-13 17:07:03,886 [http-nio-8080-exec-3] DEBUG com.iteyes.controller.MainController(loginResult:39) - ## request :: org.apache.catalina.connector.RequestFacade@7a31464c
2021-10-13 17:07:13,748 [http-nio-8080-exec-4] DEBUG com.iteyes.controller.MainController(loginResult:38) - ## loginResult 
2021-10-13 17:07:13,749 [http-nio-8080-exec-4] DEBUG com.iteyes.controller.MainController(loginResult:39) - ## request :: org.apache.catalina.connector.RequestFacade@7a31464c
2021-10-13 17:07:25,356 [http-nio-8080-exec-5] DEBUG com.iteyes.controller.MainController(loginResult:38) - ## loginResult 
2021-10-13 17:07:25,356 [http-nio-8080-exec-5] DEBUG com.iteyes.controller.MainController(loginResult:39) - ## request :: org.apache.catalina.connector.RequestFacade@7a31464c
2021-10-13 17:07:42,149 [http-nio-8080-exec-6] DEBUG com.iteyes.controller.MainController(loginResult:38) - ## loginResult 
2021-10-13 17:07:42,150 [http-nio-8080-exec-6] DEBUG com.iteyes.controller.MainController(loginResult:39) - ## request :: org.apache.catalina.connector.RequestFacade@7a31464c
2021-10-13 17:07:53,686 [http-nio-8080-exec-7] DEBUG com.iteyes.controller.MainController(loginResult:38) - ## loginResult 
2021-10-13 17:07:53,687 [http-nio-8080-exec-7] DEBUG com.iteyes.controller.MainController(loginResult:39) - ## request :: org.apache.catalina.connector.RequestFacade@7a31464c
2021-10-13 17:08:43,621 [http-nio-8080-exec-8] DEBUG com.iteyes.controller.MainController(loginResult:38) - ## loginResult 
2021-10-13 17:08:43,621 [http-nio-8080-exec-8] DEBUG com.iteyes.controller.MainController(loginResult:39) - ## request :: org.apache.catalina.connector.RequestFacade@7a31464c
2021-10-13 17:09:25,532 [http-nio-8080-exec-9] DEBUG com.iteyes.controller.MainController(loginResult:38) - ## loginResult 
2021-10-13 17:09:25,532 [http-nio-8080-exec-9] DEBUG com.iteyes.controller.MainController(loginResult:39) - ## request :: org.apache.catalina.connector.RequestFacade@7a31464c
2021-10-13 17:13:55,327 [RMI TCP Connection(15)-127.0.0.1] INFO  org.springframework.boot.admin.SpringApplicationAdminMXBeanRegistrar$SpringApplicationAdmin(shutdown:159) - Application shutdown requested.
2021-10-13 17:16:26,445 [restartedMain] INFO  com.iteyes.PmsApplication(logStarting:55) - Starting PmsApplication using Java 16.0.2 on DESKTOP-H5GEA9U with PID 10648 (C:\iteyesPMS\PMS\bin\main started by iteyes in C:\iteyesPMS\PMS)
2021-10-13 17:16:26,451 [restartedMain] DEBUG com.iteyes.PmsApplication(logStarting:56) - Running with Spring Boot v2.5.4, Spring v5.3.9
2021-10-13 17:16:26,451 [restartedMain] INFO  com.iteyes.PmsApplication(logStartupProfileInfo:659) - No active profile set, falling back to default profiles: default
2021-10-13 17:16:26,485 [restartedMain] INFO  org.springframework.boot.devtools.env.DevToolsPropertyDefaultsPostProcessor(logTo:255) - Devtools property defaults active! Set 'spring.devtools.add-properties' to 'false' to disable
2021-10-13 17:16:26,486 [restartedMain] INFO  org.springframework.boot.devtools.env.DevToolsPropertyDefaultsPostProcessor(logTo:255) - For additional web related logging consider setting the 'logging.level.web' property to 'DEBUG'
2021-10-13 17:16:27,119 [restartedMain] INFO  org.springframework.context.support.PostProcessorRegistrationDelegate$BeanPostProcessorChecker(postProcessAfterInitialization:376) - Bean 'org.springframework.ws.config.annotation.DelegatingWsConfiguration' of type [org.springframework.ws.config.annotation.DelegatingWsConfiguration$$EnhancerBySpringCGLIB$$32b40d86] is not eligible for getting processed by all BeanPostProcessors (for example: not eligible for auto-proxying)
2021-10-13 17:16:27,149 [restartedMain] INFO  org.springframework.ws.soap.addressing.server.AnnotationActionEndpointMapping(afterPropertiesSet:239) - Supporting [WS-Addressing August 2004, WS-Addressing 1.0]
2021-10-13 17:16:27,357 [restartedMain] INFO  org.springframework.boot.web.embedded.tomcat.TomcatWebServer(initialize:108) - Tomcat initialized with port(s): 8080 (http)
2021-10-13 17:16:27,432 [restartedMain] INFO  org.springframework.boot.web.servlet.context.ServletWebServerApplicationContext(prepareWebApplicationContext:290) - Root WebApplicationContext: initialization completed in 942 ms
2021-10-13 17:16:27,781 [restartedMain] INFO  org.springframework.boot.autoconfigure.web.servlet.WelcomePageHandlerMapping(<init>:53) - Adding welcome page: class path resource [static/index.html]
2021-10-13 17:16:27,917 [restartedMain] INFO  org.springframework.boot.devtools.autoconfigure.OptionalLiveReloadServer(startServer:58) - LiveReload server is running on port 35729
2021-10-13 17:16:27,967 [restartedMain] INFO  org.springframework.boot.web.embedded.tomcat.TomcatWebServer(start:220) - Tomcat started on port(s): 8080 (http) with context path ''
2021-10-13 17:16:27,976 [restartedMain] INFO  com.iteyes.PmsApplication(logStarted:61) - Started PmsApplication in 1.809 seconds (JVM running for 2.641)
2021-10-13 17:18:56,877 [restartedMain] INFO  com.iteyes.PmsApplication(logStarting:55) - Starting PmsApplication using Java 16.0.2 on DESKTOP-H5GEA9U with PID 10648 (C:\iteyesPMS\PMS\bin\main started by iteyes in C:\iteyesPMS\PMS)
2021-10-13 17:18:56,877 [restartedMain] DEBUG com.iteyes.PmsApplication(logStarting:56) - Running with Spring Boot v2.5.4, Spring v5.3.9
2021-10-13 17:18:56,878 [restartedMain] INFO  com.iteyes.PmsApplication(logStartupProfileInfo:659) - No active profile set, falling back to default profiles: default
2021-10-13 17:18:57,047 [restartedMain] INFO  org.springframework.context.support.PostProcessorRegistrationDelegate$BeanPostProcessorChecker(postProcessAfterInitialization:376) - Bean 'org.springframework.ws.config.annotation.DelegatingWsConfiguration' of type [org.springframework.ws.config.annotation.DelegatingWsConfiguration$$EnhancerBySpringCGLIB$$32b40d86] is not eligible for getting processed by all BeanPostProcessors (for example: not eligible for auto-proxying)
2021-10-13 17:18:57,049 [restartedMain] INFO  org.springframework.ws.soap.addressing.server.AnnotationActionEndpointMapping(afterPropertiesSet:239) - Supporting [WS-Addressing August 2004, WS-Addressing 1.0]
2021-10-13 17:18:57,076 [restartedMain] INFO  org.springframework.boot.web.embedded.tomcat.TomcatWebServer(initialize:108) - Tomcat initialized with port(s): 8080 (http)
2021-10-13 17:18:57,093 [restartedMain] INFO  org.springframework.boot.web.servlet.context.ServletWebServerApplicationContext(prepareWebApplicationContext:290) - Root WebApplicationContext: initialization completed in 213 ms
2021-10-13 17:18:57,173 [restartedMain] INFO  org.springframework.boot.autoconfigure.web.servlet.WelcomePageHandlerMapping(<init>:53) - Adding welcome page: class path resource [static/index.html]
2021-10-13 17:18:57,207 [restartedMain] INFO  org.springframework.boot.devtools.autoconfigure.OptionalLiveReloadServer(startServer:58) - LiveReload server is running on port 35729
2021-10-13 17:18:57,216 [restartedMain] INFO  org.springframework.boot.web.embedded.tomcat.TomcatWebServer(start:220) - Tomcat started on port(s): 8080 (http) with context path ''
2021-10-13 17:18:57,218 [restartedMain] INFO  com.iteyes.PmsApplication(logStarted:61) - Started PmsApplication in 0.377 seconds (JVM running for 151.883)
2021-10-13 17:18:57,220 [restartedMain] INFO  org.springframework.boot.devtools.autoconfigure.ConditionEvaluationDeltaLoggingListener(onApplicationEvent:63) - Condition evaluation unchanged
2021-10-13 17:19:06,714 [http-nio-8080-exec-1] INFO  org.springframework.web.servlet.DispatcherServlet(initServletBean:525) - Initializing Servlet 'dispatcherServlet'
2021-10-13 17:19:06,715 [http-nio-8080-exec-1] INFO  org.springframework.web.servlet.DispatcherServlet(initServletBean:547) - Completed initialization in 1 ms
2021-10-13 17:19:06,743 [http-nio-8080-exec-1] DEBUG com.iteyes.controller.MainController(loginResult:38) - ## loginResult 
2021-10-13 17:19:06,743 [http-nio-8080-exec-1] DEBUG com.iteyes.controller.MainController(loginResult:39) - ## request :: org.apache.catalina.connector.RequestFacade@5ade2fee
2021-10-13 17:21:55,381 [restartedMain] INFO  com.iteyes.PmsApplication(logStarting:55) - Starting PmsApplication using Java 16.0.2 on DESKTOP-H5GEA9U with PID 10648 (C:\iteyesPMS\PMS\bin\main started by iteyes in C:\iteyesPMS\PMS)
2021-10-13 17:21:55,382 [restartedMain] DEBUG com.iteyes.PmsApplication(logStarting:56) - Running with Spring Boot v2.5.4, Spring v5.3.9
2021-10-13 17:21:55,382 [restartedMain] INFO  com.iteyes.PmsApplication(logStartupProfileInfo:659) - No active profile set, falling back to default profiles: default
2021-10-13 17:21:55,531 [restartedMain] INFO  org.springframework.context.support.PostProcessorRegistrationDelegate$BeanPostProcessorChecker(postProcessAfterInitialization:376) - Bean 'org.springframework.ws.config.annotation.DelegatingWsConfiguration' of type [org.springframework.ws.config.annotation.DelegatingWsConfiguration$$EnhancerBySpringCGLIB$$32b40d86] is not eligible for getting processed by all BeanPostProcessors (for example: not eligible for auto-proxying)
2021-10-13 17:21:55,532 [restartedMain] INFO  org.springframework.ws.soap.addressing.server.AnnotationActionEndpointMapping(afterPropertiesSet:239) - Supporting [WS-Addressing August 2004, WS-Addressing 1.0]
2021-10-13 17:21:55,560 [restartedMain] INFO  org.springframework.boot.web.embedded.tomcat.TomcatWebServer(initialize:108) - Tomcat initialized with port(s): 8080 (http)
2021-10-13 17:21:55,575 [restartedMain] INFO  org.springframework.boot.web.servlet.context.ServletWebServerApplicationContext(prepareWebApplicationContext:290) - Root WebApplicationContext: initialization completed in 191 ms
2021-10-13 17:21:55,650 [restartedMain] INFO  org.springframework.boot.autoconfigure.web.servlet.WelcomePageHandlerMapping(<init>:53) - Adding welcome page: class path resource [static/index.html]
2021-10-13 17:21:55,681 [restartedMain] INFO  org.springframework.boot.devtools.autoconfigure.OptionalLiveReloadServer(startServer:58) - LiveReload server is running on port 35729
2021-10-13 17:21:55,689 [restartedMain] INFO  org.springframework.boot.web.embedded.tomcat.TomcatWebServer(start:220) - Tomcat started on port(s): 8080 (http) with context path ''
2021-10-13 17:21:55,692 [restartedMain] INFO  com.iteyes.PmsApplication(logStarted:61) - Started PmsApplication in 0.344 seconds (JVM running for 330.356)
2021-10-13 17:21:55,693 [restartedMain] INFO  org.springframework.boot.devtools.autoconfigure.ConditionEvaluationDeltaLoggingListener(onApplicationEvent:63) - Condition evaluation unchanged
2021-10-13 17:22:03,376 [restartedMain] INFO  com.iteyes.PmsApplication(logStarting:55) - Starting PmsApplication using Java 16.0.2 on DESKTOP-H5GEA9U with PID 10648 (C:\iteyesPMS\PMS\bin\main started by iteyes in C:\iteyesPMS\PMS)
2021-10-13 17:22:03,376 [restartedMain] DEBUG com.iteyes.PmsApplication(logStarting:56) - Running with Spring Boot v2.5.4, Spring v5.3.9
2021-10-13 17:22:03,376 [restartedMain] INFO  com.iteyes.PmsApplication(logStartupProfileInfo:659) - No active profile set, falling back to default profiles: default
2021-10-13 17:22:03,544 [restartedMain] INFO  org.springframework.context.support.PostProcessorRegistrationDelegate$BeanPostProcessorChecker(postProcessAfterInitialization:376) - Bean 'org.springframework.ws.config.annotation.DelegatingWsConfiguration' of type [org.springframework.ws.config.annotation.DelegatingWsConfiguration$$EnhancerBySpringCGLIB$$32b40d86] is not eligible for getting processed by all BeanPostProcessors (for example: not eligible for auto-proxying)
2021-10-13 17:22:03,546 [restartedMain] INFO  org.springframework.ws.soap.addressing.server.AnnotationActionEndpointMapping(afterPropertiesSet:239) - Supporting [WS-Addressing August 2004, WS-Addressing 1.0]
2021-10-13 17:22:03,578 [restartedMain] INFO  org.springframework.boot.web.embedded.tomcat.TomcatWebServer(initialize:108) - Tomcat initialized with port(s): 8080 (http)
2021-10-13 17:22:03,594 [restartedMain] INFO  org.springframework.boot.web.servlet.context.ServletWebServerApplicationContext(prepareWebApplicationContext:290) - Root WebApplicationContext: initialization completed in 216 ms
2021-10-13 17:22:03,663 [restartedMain] INFO  org.springframework.boot.autoconfigure.web.servlet.WelcomePageHandlerMapping(<init>:53) - Adding welcome page: class path resource [static/index.html]
2021-10-13 17:22:03,693 [restartedMain] INFO  org.springframework.boot.devtools.autoconfigure.OptionalLiveReloadServer(startServer:58) - LiveReload server is running on port 35729
2021-10-13 17:22:03,701 [restartedMain] INFO  org.springframework.boot.web.embedded.tomcat.TomcatWebServer(start:220) - Tomcat started on port(s): 8080 (http) with context path ''
2021-10-13 17:22:03,703 [restartedMain] INFO  com.iteyes.PmsApplication(logStarted:61) - Started PmsApplication in 0.36 seconds (JVM running for 338.368)
2021-10-13 17:22:03,704 [restartedMain] INFO  org.springframework.boot.devtools.autoconfigure.ConditionEvaluationDeltaLoggingListener(onApplicationEvent:63) - Condition evaluation unchanged
2021-10-13 17:22:12,609 [http-nio-8080-exec-1] INFO  org.springframework.web.servlet.DispatcherServlet(initServletBean:525) - Initializing Servlet 'dispatcherServlet'
2021-10-13 17:22:12,610 [http-nio-8080-exec-1] INFO  org.springframework.web.servlet.DispatcherServlet(initServletBean:547) - Completed initialization in 1 ms
2021-10-13 17:22:12,611 [http-nio-8080-exec-1] DEBUG com.iteyes.controller.MainController(loginResult:38) - ## loginResult 
2021-10-13 17:22:12,612 [http-nio-8080-exec-1] DEBUG com.iteyes.controller.MainController(loginResult:39) - ## request :: null
2021-10-13 17:23:17,701 [http-nio-8080-exec-3] DEBUG com.iteyes.controller.MainController(loginResult:38) - ## loginResult 
2021-10-13 17:23:17,702 [http-nio-8080-exec-3] DEBUG com.iteyes.controller.MainController(loginResult:39) - ## request :: null
2021-10-13 17:27:00,345 [restartedMain] INFO  com.iteyes.PmsApplication(logStarting:55) - Starting PmsApplication using Java 16.0.2 on DESKTOP-H5GEA9U with PID 10648 (C:\iteyesPMS\PMS\bin\main started by iteyes in C:\iteyesPMS\PMS)
2021-10-13 17:27:00,345 [restartedMain] DEBUG com.iteyes.PmsApplication(logStarting:56) - Running with Spring Boot v2.5.4, Spring v5.3.9
2021-10-13 17:27:00,345 [restartedMain] INFO  com.iteyes.PmsApplication(logStartupProfileInfo:659) - No active profile set, falling back to default profiles: default
2021-10-13 17:27:00,476 [restartedMain] INFO  org.springframework.context.support.PostProcessorRegistrationDelegate$BeanPostProcessorChecker(postProcessAfterInitialization:376) - Bean 'org.springframework.ws.config.annotation.DelegatingWsConfiguration' of type [org.springframework.ws.config.annotation.DelegatingWsConfiguration$$EnhancerBySpringCGLIB$$32b40d86] is not eligible for getting processed by all BeanPostProcessors (for example: not eligible for auto-proxying)
2021-10-13 17:27:00,478 [restartedMain] INFO  org.springframework.ws.soap.addressing.server.AnnotationActionEndpointMapping(afterPropertiesSet:239) - Supporting [WS-Addressing August 2004, WS-Addressing 1.0]
2021-10-13 17:27:00,501 [restartedMain] INFO  org.springframework.boot.web.embedded.tomcat.TomcatWebServer(initialize:108) - Tomcat initialized with port(s): 8080 (http)
2021-10-13 17:27:00,515 [restartedMain] INFO  org.springframework.boot.web.servlet.context.ServletWebServerApplicationContext(prepareWebApplicationContext:290) - Root WebApplicationContext: initialization completed in 168 ms
2021-10-13 17:27:00,523 [restartedMain] WARN  org.springframework.boot.web.servlet.context.AnnotationConfigServletWebServerApplicationContext(refresh:591) - Exception encountered during context initialization - cancelling refresh attempt: org.springframework.beans.factory.BeanCreationException: Error creating bean with name 'mainController' defined in file [C:\iteyesPMS\PMS\bin\main\com\iteyes\controller\MainController.class]: Instantiation of bean failed; nested exception is org.springframework.beans.BeanInstantiationException: Failed to instantiate [com.iteyes.controller.MainController]: Constructor threw exception; nested exception is java.lang.Error: Unresolved compilation problem: 
	Syntax error, insert "... VariableDeclaratorId" to complete FormalParameter

2021-10-13 17:27:00,528 [restartedMain] INFO  org.springframework.boot.autoconfigure.logging.ConditionEvaluationReportLoggingListener(logMessage:136) - 

Error starting ApplicationContext. To display the conditions report re-run your application with 'debug' enabled.
2021-10-13 17:27:00,539 [restartedMain] ERROR org.springframework.boot.SpringApplication(reportFailure:843) - Application run failed
org.springframework.beans.factory.BeanCreationException: Error creating bean with name 'mainController' defined in file [C:\iteyesPMS\PMS\bin\main\com\iteyes\controller\MainController.class]: Instantiation of bean failed; nested exception is org.springframework.beans.BeanInstantiationException: Failed to instantiate [com.iteyes.controller.MainController]: Constructor threw exception; nested exception is java.lang.Error: Unresolved compilation problem: 
	Syntax error, insert "... VariableDeclaratorId" to complete FormalParameter

	at org.springframework.beans.factory.support.AbstractAutowireCapableBeanFactory.instantiateBean(AbstractAutowireCapableBeanFactory.java:1316) ~[spring-beans-5.3.9.jar:5.3.9]
	at org.springframework.beans.factory.support.AbstractAutowireCapableBeanFactory.createBeanInstance(AbstractAutowireCapableBeanFactory.java:1214) ~[spring-beans-5.3.9.jar:5.3.9]
	at org.springframework.beans.factory.support.AbstractAutowireCapableBeanFactory.doCreateBean(AbstractAutowireCapableBeanFactory.java:564) ~[spring-beans-5.3.9.jar:5.3.9]
	at org.springframework.beans.factory.support.AbstractAutowireCapableBeanFactory.createBean(AbstractAutowireCapableBeanFactory.java:524) ~[spring-beans-5.3.9.jar:5.3.9]
	at org.springframework.beans.factory.support.AbstractBeanFactory.lambda$doGetBean$0(AbstractBeanFactory.java:335) ~[spring-beans-5.3.9.jar:5.3.9]
	at org.springframework.beans.factory.support.DefaultSingletonBeanRegistry.getSingleton(DefaultSingletonBeanRegistry.java:234) ~[spring-beans-5.3.9.jar:5.3.9]
	at org.springframework.beans.factory.support.AbstractBeanFactory.doGetBean(AbstractBeanFactory.java:333) ~[spring-beans-5.3.9.jar:5.3.9]
	at org.springframework.beans.factory.support.AbstractBeanFactory.getBean(AbstractBeanFactory.java:208) ~[spring-beans-5.3.9.jar:5.3.9]
	at org.springframework.beans.factory.support.DefaultListableBeanFactory.preInstantiateSingletons(DefaultListableBeanFactory.java:944) ~[spring-beans-5.3.9.jar:5.3.9]
	at org.springframework.context.support.AbstractApplicationContext.finishBeanFactoryInitialization(AbstractApplicationContext.java:918) ~[spring-context-5.3.9.jar:5.3.9]
	at org.springframework.context.support.AbstractApplicationContext.refresh(AbstractApplicationContext.java:583) ~[spring-context-5.3.9.jar:5.3.9]
	at org.springframework.boot.web.servlet.context.ServletWebServerApplicationContext.refresh(ServletWebServerApplicationContext.java:145) ~[spring-boot-2.5.4.jar:2.5.4]
	at org.springframework.boot.SpringApplication.refresh(SpringApplication.java:754) [spring-boot-2.5.4.jar:2.5.4]
	at org.springframework.boot.SpringApplication.refreshContext(SpringApplication.java:434) [spring-boot-2.5.4.jar:2.5.4]
	at org.springframework.boot.SpringApplication.run(SpringApplication.java:338) [spring-boot-2.5.4.jar:2.5.4]
	at org.springframework.boot.SpringApplication.run(SpringApplication.java:1343) [spring-boot-2.5.4.jar:2.5.4]
	at org.springframework.boot.SpringApplication.run(SpringApplication.java:1332) [spring-boot-2.5.4.jar:2.5.4]
	at com.iteyes.PmsApplication.main(PmsApplication.java:10) [main/:?]
	at jdk.internal.reflect.NativeMethodAccessorImpl.invoke0(Native Method) ~[?:?]
	at jdk.internal.reflect.NativeMethodAccessorImpl.invoke(NativeMethodAccessorImpl.java:78) ~[?:?]
	at jdk.internal.reflect.DelegatingMethodAccessorImpl.invoke(DelegatingMethodAccessorImpl.java:43) ~[?:?]
	at java.lang.reflect.Method.invoke(Method.java:567) ~[?:?]
	at org.springframework.boot.devtools.restart.RestartLauncher.run(RestartLauncher.java:49) [spring-boot-devtools-2.5.4.jar:2.5.4]
Caused by: org.springframework.beans.BeanInstantiationException: Failed to instantiate [com.iteyes.controller.MainController]: Constructor threw exception; nested exception is java.lang.Error: Unresolved compilation problem: 
	Syntax error, insert "... VariableDeclaratorId" to complete FormalParameter

	at org.springframework.beans.BeanUtils.instantiateClass(BeanUtils.java:221) ~[spring-beans-5.3.9.jar:5.3.9]
	at org.springframework.beans.factory.support.SimpleInstantiationStrategy.instantiate(SimpleInstantiationStrategy.java:87) ~[spring-beans-5.3.9.jar:5.3.9]
	at org.springframework.beans.factory.support.AbstractAutowireCapableBeanFactory.instantiateBean(AbstractAutowireCapableBeanFactory.java:1308) ~[spring-beans-5.3.9.jar:5.3.9]
	... 22 more
Caused by: java.lang.Error: Unresolved compilation problem: 
	Syntax error, insert "... VariableDeclaratorId" to complete FormalParameter

	at com.iteyes.controller.MainController.<init>(MainController.java:37) ~[main/:?]
	at jdk.internal.reflect.NativeConstructorAccessorImpl.newInstance0(Native Method) ~[?:?]
	at jdk.internal.reflect.NativeConstructorAccessorImpl.newInstance(NativeConstructorAccessorImpl.java:78) ~[?:?]
	at jdk.internal.reflect.DelegatingConstructorAccessorImpl.newInstance(DelegatingConstructorAccessorImpl.java:45) ~[?:?]
	at java.lang.reflect.Constructor.newInstanceWithCaller(Constructor.java:499) ~[?:?]
	at java.lang.reflect.Constructor.newInstance(Constructor.java:480) ~[?:?]
	at org.springframework.beans.BeanUtils.instantiateClass(BeanUtils.java:208) ~[spring-beans-5.3.9.jar:5.3.9]
	at org.springframework.beans.factory.support.SimpleInstantiationStrategy.instantiate(SimpleInstantiationStrategy.java:87) ~[spring-beans-5.3.9.jar:5.3.9]
	at org.springframework.beans.factory.support.AbstractAutowireCapableBeanFactory.instantiateBean(AbstractAutowireCapableBeanFactory.java:1308) ~[spring-beans-5.3.9.jar:5.3.9]
	... 22 more
2021-10-13 17:27:03,067 [restartedMain] INFO  com.iteyes.PmsApplication(logStarting:55) - Starting PmsApplication using Java 16.0.2 on DESKTOP-H5GEA9U with PID 10648 (C:\iteyesPMS\PMS\bin\main started by iteyes in C:\iteyesPMS\PMS)
2021-10-13 17:27:03,068 [restartedMain] DEBUG com.iteyes.PmsApplication(logStarting:56) - Running with Spring Boot v2.5.4, Spring v5.3.9
2021-10-13 17:27:03,068 [restartedMain] INFO  com.iteyes.PmsApplication(logStartupProfileInfo:659) - No active profile set, falling back to default profiles: default
2021-10-13 17:27:03,200 [restartedMain] INFO  org.springframework.context.support.PostProcessorRegistrationDelegate$BeanPostProcessorChecker(postProcessAfterInitialization:376) - Bean 'org.springframework.ws.config.annotation.DelegatingWsConfiguration' of type [org.springframework.ws.config.annotation.DelegatingWsConfiguration$$EnhancerBySpringCGLIB$$32b40d86] is not eligible for getting processed by all BeanPostProcessors (for example: not eligible for auto-proxying)
2021-10-13 17:27:03,201 [restartedMain] INFO  org.springframework.ws.soap.addressing.server.AnnotationActionEndpointMapping(afterPropertiesSet:239) - Supporting [WS-Addressing August 2004, WS-Addressing 1.0]
2021-10-13 17:27:03,223 [restartedMain] INFO  org.springframework.boot.web.embedded.tomcat.TomcatWebServer(initialize:108) - Tomcat initialized with port(s): 8080 (http)
2021-10-13 17:27:03,238 [restartedMain] INFO  org.springframework.boot.web.servlet.context.ServletWebServerApplicationContext(prepareWebApplicationContext:290) - Root WebApplicationContext: initialization completed in 168 ms
2021-10-13 17:27:03,248 [restartedMain] WARN  org.springframework.boot.web.servlet.context.AnnotationConfigServletWebServerApplicationContext(refresh:591) - Exception encountered during context initialization - cancelling refresh attempt: org.springframework.beans.factory.BeanCreationException: Error creating bean with name 'mainController' defined in file [C:\iteyesPMS\PMS\bin\main\com\iteyes\controller\MainController.class]: Instantiation of bean failed; nested exception is org.springframework.beans.BeanInstantiationException: Failed to instantiate [com.iteyes.controller.MainController]: Constructor threw exception; nested exception is java.lang.Error: Unresolved compilation problem: 
	Syntax error, insert "... VariableDeclaratorId" to complete FormalParameter

2021-10-13 17:27:03,252 [restartedMain] INFO  org.springframework.boot.autoconfigure.logging.ConditionEvaluationReportLoggingListener(logMessage:136) - 

Error starting ApplicationContext. To display the conditions report re-run your application with 'debug' enabled.
2021-10-13 17:27:03,254 [restartedMain] ERROR org.springframework.boot.SpringApplication(reportFailure:843) - Application run failed
org.springframework.beans.factory.BeanCreationException: Error creating bean with name 'mainController' defined in file [C:\iteyesPMS\PMS\bin\main\com\iteyes\controller\MainController.class]: Instantiation of bean failed; nested exception is org.springframework.beans.BeanInstantiationException: Failed to instantiate [com.iteyes.controller.MainController]: Constructor threw exception; nested exception is java.lang.Error: Unresolved compilation problem: 
	Syntax error, insert "... VariableDeclaratorId" to complete FormalParameter

	at org.springframework.beans.factory.support.AbstractAutowireCapableBeanFactory.instantiateBean(AbstractAutowireCapableBeanFactory.java:1316) ~[spring-beans-5.3.9.jar:5.3.9]
	at org.springframework.beans.factory.support.AbstractAutowireCapableBeanFactory.createBeanInstance(AbstractAutowireCapableBeanFactory.java:1214) ~[spring-beans-5.3.9.jar:5.3.9]
	at org.springframework.beans.factory.support.AbstractAutowireCapableBeanFactory.doCreateBean(AbstractAutowireCapableBeanFactory.java:564) ~[spring-beans-5.3.9.jar:5.3.9]
	at org.springframework.beans.factory.support.AbstractAutowireCapableBeanFactory.createBean(AbstractAutowireCapableBeanFactory.java:524) ~[spring-beans-5.3.9.jar:5.3.9]
	at org.springframework.beans.factory.support.AbstractBeanFactory.lambda$doGetBean$0(AbstractBeanFactory.java:335) ~[spring-beans-5.3.9.jar:5.3.9]
	at org.springframework.beans.factory.support.DefaultSingletonBeanRegistry.getSingleton(DefaultSingletonBeanRegistry.java:234) ~[spring-beans-5.3.9.jar:5.3.9]
	at org.springframework.beans.factory.support.AbstractBeanFactory.doGetBean(AbstractBeanFactory.java:333) ~[spring-beans-5.3.9.jar:5.3.9]
	at org.springframework.beans.factory.support.AbstractBeanFactory.getBean(AbstractBeanFactory.java:208) ~[spring-beans-5.3.9.jar:5.3.9]
	at org.springframework.beans.factory.support.DefaultListableBeanFactory.preInstantiateSingletons(DefaultListableBeanFactory.java:944) ~[spring-beans-5.3.9.jar:5.3.9]
	at org.springframework.context.support.AbstractApplicationContext.finishBeanFactoryInitialization(AbstractApplicationContext.java:918) ~[spring-context-5.3.9.jar:5.3.9]
	at org.springframework.context.support.AbstractApplicationContext.refresh(AbstractApplicationContext.java:583) ~[spring-context-5.3.9.jar:5.3.9]
	at org.springframework.boot.web.servlet.context.ServletWebServerApplicationContext.refresh(ServletWebServerApplicationContext.java:145) ~[spring-boot-2.5.4.jar:2.5.4]
	at org.springframework.boot.SpringApplication.refresh(SpringApplication.java:754) [spring-boot-2.5.4.jar:2.5.4]
	at org.springframework.boot.SpringApplication.refreshContext(SpringApplication.java:434) [spring-boot-2.5.4.jar:2.5.4]
	at org.springframework.boot.SpringApplication.run(SpringApplication.java:338) [spring-boot-2.5.4.jar:2.5.4]
	at org.springframework.boot.SpringApplication.run(SpringApplication.java:1343) [spring-boot-2.5.4.jar:2.5.4]
	at org.springframework.boot.SpringApplication.run(SpringApplication.java:1332) [spring-boot-2.5.4.jar:2.5.4]
	at com.iteyes.PmsApplication.main(PmsApplication.java:10) [main/:?]
	at jdk.internal.reflect.NativeMethodAccessorImpl.invoke0(Native Method) ~[?:?]
	at jdk.internal.reflect.NativeMethodAccessorImpl.invoke(NativeMethodAccessorImpl.java:78) ~[?:?]
	at jdk.internal.reflect.DelegatingMethodAccessorImpl.invoke(DelegatingMethodAccessorImpl.java:43) ~[?:?]
	at java.lang.reflect.Method.invoke(Method.java:567) ~[?:?]
	at org.springframework.boot.devtools.restart.RestartLauncher.run(RestartLauncher.java:49) [spring-boot-devtools-2.5.4.jar:2.5.4]
Caused by: org.springframework.beans.BeanInstantiationException: Failed to instantiate [com.iteyes.controller.MainController]: Constructor threw exception; nested exception is java.lang.Error: Unresolved compilation problem: 
	Syntax error, insert "... VariableDeclaratorId" to complete FormalParameter

	at org.springframework.beans.BeanUtils.instantiateClass(BeanUtils.java:221) ~[spring-beans-5.3.9.jar:5.3.9]
	at org.springframework.beans.factory.support.SimpleInstantiationStrategy.instantiate(SimpleInstantiationStrategy.java:87) ~[spring-beans-5.3.9.jar:5.3.9]
	at org.springframework.beans.factory.support.AbstractAutowireCapableBeanFactory.instantiateBean(AbstractAutowireCapableBeanFactory.java:1308) ~[spring-beans-5.3.9.jar:5.3.9]
	... 22 more
Caused by: java.lang.Error: Unresolved compilation problem: 
	Syntax error, insert "... VariableDeclaratorId" to complete FormalParameter

	at com.iteyes.controller.MainController.<init>(MainController.java:34) ~[main/:?]
	at jdk.internal.reflect.NativeConstructorAccessorImpl.newInstance0(Native Method) ~[?:?]
	at jdk.internal.reflect.NativeConstructorAccessorImpl.newInstance(NativeConstructorAccessorImpl.java:78) ~[?:?]
	at jdk.internal.reflect.DelegatingConstructorAccessorImpl.newInstance(DelegatingConstructorAccessorImpl.java:45) ~[?:?]
	at java.lang.reflect.Constructor.newInstanceWithCaller(Constructor.java:499) ~[?:?]
	at java.lang.reflect.Constructor.newInstance(Constructor.java:480) ~[?:?]
	at org.springframework.beans.BeanUtils.instantiateClass(BeanUtils.java:208) ~[spring-beans-5.3.9.jar:5.3.9]
	at org.springframework.beans.factory.support.SimpleInstantiationStrategy.instantiate(SimpleInstantiationStrategy.java:87) ~[spring-beans-5.3.9.jar:5.3.9]
	at org.springframework.beans.factory.support.AbstractAutowireCapableBeanFactory.instantiateBean(AbstractAutowireCapableBeanFactory.java:1308) ~[spring-beans-5.3.9.jar:5.3.9]
	... 22 more
2021-10-13 17:27:25,269 [restartedMain] INFO  com.iteyes.PmsApplication(logStarting:55) - Starting PmsApplication using Java 16.0.2 on DESKTOP-H5GEA9U with PID 10648 (C:\iteyesPMS\PMS\bin\main started by iteyes in C:\iteyesPMS\PMS)
2021-10-13 17:27:25,270 [restartedMain] DEBUG com.iteyes.PmsApplication(logStarting:56) - Running with Spring Boot v2.5.4, Spring v5.3.9
2021-10-13 17:27:25,270 [restartedMain] INFO  com.iteyes.PmsApplication(logStartupProfileInfo:659) - No active profile set, falling back to default profiles: default
2021-10-13 17:27:25,397 [restartedMain] INFO  org.springframework.context.support.PostProcessorRegistrationDelegate$BeanPostProcessorChecker(postProcessAfterInitialization:376) - Bean 'org.springframework.ws.config.annotation.DelegatingWsConfiguration' of type [org.springframework.ws.config.annotation.DelegatingWsConfiguration$$EnhancerBySpringCGLIB$$32b40d86] is not eligible for getting processed by all BeanPostProcessors (for example: not eligible for auto-proxying)
2021-10-13 17:27:25,398 [restartedMain] INFO  org.springframework.ws.soap.addressing.server.AnnotationActionEndpointMapping(afterPropertiesSet:239) - Supporting [WS-Addressing August 2004, WS-Addressing 1.0]
2021-10-13 17:27:25,423 [restartedMain] INFO  org.springframework.boot.web.embedded.tomcat.TomcatWebServer(initialize:108) - Tomcat initialized with port(s): 8080 (http)
2021-10-13 17:27:25,439 [restartedMain] INFO  org.springframework.boot.web.servlet.context.ServletWebServerApplicationContext(prepareWebApplicationContext:290) - Root WebApplicationContext: initialization completed in 168 ms
2021-10-13 17:27:25,506 [restartedMain] INFO  org.springframework.boot.autoconfigure.web.servlet.WelcomePageHandlerMapping(<init>:53) - Adding welcome page: class path resource [static/index.html]
2021-10-13 17:27:25,537 [restartedMain] INFO  org.springframework.boot.devtools.autoconfigure.OptionalLiveReloadServer(startServer:58) - LiveReload server is running on port 35729
2021-10-13 17:27:25,545 [restartedMain] INFO  org.springframework.boot.web.embedded.tomcat.TomcatWebServer(start:220) - Tomcat started on port(s): 8080 (http) with context path ''
2021-10-13 17:27:25,547 [restartedMain] INFO  com.iteyes.PmsApplication(logStarted:61) - Started PmsApplication in 0.306 seconds (JVM running for 660.212)
2021-10-13 17:27:25,549 [restartedMain] INFO  org.springframework.boot.devtools.autoconfigure.ConditionEvaluationDeltaLoggingListener(onApplicationEvent:63) - Condition evaluation unchanged
2021-10-13 17:28:47,220 [restartedMain] INFO  com.iteyes.PmsApplication(logStarting:55) - Starting PmsApplication using Java 16.0.2 on DESKTOP-H5GEA9U with PID 10648 (C:\iteyesPMS\PMS\bin\main started by iteyes in C:\iteyesPMS\PMS)
2021-10-13 17:28:47,220 [restartedMain] DEBUG com.iteyes.PmsApplication(logStarting:56) - Running with Spring Boot v2.5.4, Spring v5.3.9
2021-10-13 17:28:47,220 [restartedMain] INFO  com.iteyes.PmsApplication(logStartupProfileInfo:659) - No active profile set, falling back to default profiles: default
2021-10-13 17:28:47,356 [restartedMain] INFO  org.springframework.context.support.PostProcessorRegistrationDelegate$BeanPostProcessorChecker(postProcessAfterInitialization:376) - Bean 'org.springframework.ws.config.annotation.DelegatingWsConfiguration' of type [org.springframework.ws.config.annotation.DelegatingWsConfiguration$$EnhancerBySpringCGLIB$$32b40d86] is not eligible for getting processed by all BeanPostProcessors (for example: not eligible for auto-proxying)
2021-10-13 17:28:47,357 [restartedMain] INFO  org.springframework.ws.soap.addressing.server.AnnotationActionEndpointMapping(afterPropertiesSet:239) - Supporting [WS-Addressing August 2004, WS-Addressing 1.0]
2021-10-13 17:28:47,381 [restartedMain] INFO  org.springframework.boot.web.embedded.tomcat.TomcatWebServer(initialize:108) - Tomcat initialized with port(s): 8080 (http)
2021-10-13 17:28:47,396 [restartedMain] INFO  org.springframework.boot.web.servlet.context.ServletWebServerApplicationContext(prepareWebApplicationContext:290) - Root WebApplicationContext: initialization completed in 174 ms
2021-10-13 17:28:47,462 [restartedMain] INFO  org.springframework.boot.autoconfigure.web.servlet.WelcomePageHandlerMapping(<init>:53) - Adding welcome page: class path resource [static/index.html]
2021-10-13 17:28:47,492 [restartedMain] INFO  org.springframework.boot.devtools.autoconfigure.OptionalLiveReloadServer(startServer:58) - LiveReload server is running on port 35729
2021-10-13 17:28:47,501 [restartedMain] INFO  org.springframework.boot.web.embedded.tomcat.TomcatWebServer(start:220) - Tomcat started on port(s): 8080 (http) with context path ''
2021-10-13 17:28:47,504 [restartedMain] INFO  com.iteyes.PmsApplication(logStarted:61) - Started PmsApplication in 0.314 seconds (JVM running for 742.169)
2021-10-13 17:28:47,505 [restartedMain] INFO  org.springframework.boot.devtools.autoconfigure.ConditionEvaluationDeltaLoggingListener(onApplicationEvent:63) - Condition evaluation unchanged
2021-10-13 17:28:52,116 [restartedMain] INFO  com.iteyes.PmsApplication(logStarting:55) - Starting PmsApplication using Java 16.0.2 on DESKTOP-H5GEA9U with PID 10648 (C:\iteyesPMS\PMS\bin\main started by iteyes in C:\iteyesPMS\PMS)
2021-10-13 17:28:52,116 [restartedMain] DEBUG com.iteyes.PmsApplication(logStarting:56) - Running with Spring Boot v2.5.4, Spring v5.3.9
2021-10-13 17:28:52,116 [restartedMain] INFO  com.iteyes.PmsApplication(logStartupProfileInfo:659) - No active profile set, falling back to default profiles: default
2021-10-13 17:28:52,243 [restartedMain] INFO  org.springframework.context.support.PostProcessorRegistrationDelegate$BeanPostProcessorChecker(postProcessAfterInitialization:376) - Bean 'org.springframework.ws.config.annotation.DelegatingWsConfiguration' of type [org.springframework.ws.config.annotation.DelegatingWsConfiguration$$EnhancerBySpringCGLIB$$32b40d86] is not eligible for getting processed by all BeanPostProcessors (for example: not eligible for auto-proxying)
2021-10-13 17:28:52,244 [restartedMain] INFO  org.springframework.ws.soap.addressing.server.AnnotationActionEndpointMapping(afterPropertiesSet:239) - Supporting [WS-Addressing August 2004, WS-Addressing 1.0]
2021-10-13 17:28:52,270 [restartedMain] INFO  org.springframework.boot.web.embedded.tomcat.TomcatWebServer(initialize:108) - Tomcat initialized with port(s): 8080 (http)
2021-10-13 17:28:52,284 [restartedMain] INFO  org.springframework.boot.web.servlet.context.ServletWebServerApplicationContext(prepareWebApplicationContext:290) - Root WebApplicationContext: initialization completed in 166 ms
2021-10-13 17:28:52,349 [restartedMain] INFO  org.springframework.boot.autoconfigure.web.servlet.WelcomePageHandlerMapping(<init>:53) - Adding welcome page: class path resource [static/index.html]
2021-10-13 17:28:52,380 [restartedMain] INFO  org.springframework.boot.devtools.autoconfigure.OptionalLiveReloadServer(startServer:58) - LiveReload server is running on port 35729
2021-10-13 17:28:52,387 [restartedMain] INFO  org.springframework.boot.web.embedded.tomcat.TomcatWebServer(start:220) - Tomcat started on port(s): 8080 (http) with context path ''
2021-10-13 17:28:52,390 [restartedMain] INFO  com.iteyes.PmsApplication(logStarted:61) - Started PmsApplication in 0.301 seconds (JVM running for 747.054)
2021-10-13 17:28:52,390 [restartedMain] INFO  org.springframework.boot.devtools.autoconfigure.ConditionEvaluationDeltaLoggingListener(onApplicationEvent:63) - Condition evaluation unchanged
2021-10-13 17:28:55,140 [http-nio-8080-exec-1] INFO  org.springframework.web.servlet.DispatcherServlet(initServletBean:525) - Initializing Servlet 'dispatcherServlet'
2021-10-13 17:28:55,141 [http-nio-8080-exec-1] INFO  org.springframework.web.servlet.DispatcherServlet(initServletBean:547) - Completed initialization in 0 ms
2021-10-13 17:28:55,142 [http-nio-8080-exec-1] DEBUG com.iteyes.controller.MainController(loginResult:36) - ## loginResult 
2021-10-13 17:28:55,143 [http-nio-8080-exec-1] DEBUG com.iteyes.controller.MainController(loginResult:37) - ## request :: org.apache.catalina.connector.RequestFacade@a115b3
2021-10-13 17:28:55,143 [http-nio-8080-exec-1] DEBUG com.iteyes.controller.MainController(loginResult:38) - ## request :: null
2021-10-13 17:29:23,696 [restartedMain] INFO  com.iteyes.PmsApplication(logStarting:55) - Starting PmsApplication using Java 16.0.2 on DESKTOP-H5GEA9U with PID 10648 (C:\iteyesPMS\PMS\bin\main started by iteyes in C:\iteyesPMS\PMS)
2021-10-13 17:29:23,696 [restartedMain] DEBUG com.iteyes.PmsApplication(logStarting:56) - Running with Spring Boot v2.5.4, Spring v5.3.9
2021-10-13 17:29:23,696 [restartedMain] INFO  com.iteyes.PmsApplication(logStartupProfileInfo:659) - No active profile set, falling back to default profiles: default
2021-10-13 17:29:23,820 [restartedMain] INFO  org.springframework.context.support.PostProcessorRegistrationDelegate$BeanPostProcessorChecker(postProcessAfterInitialization:376) - Bean 'org.springframework.ws.config.annotation.DelegatingWsConfiguration' of type [org.springframework.ws.config.annotation.DelegatingWsConfiguration$$EnhancerBySpringCGLIB$$32b40d86] is not eligible for getting processed by all BeanPostProcessors (for example: not eligible for auto-proxying)
2021-10-13 17:29:23,821 [restartedMain] INFO  org.springframework.ws.soap.addressing.server.AnnotationActionEndpointMapping(afterPropertiesSet:239) - Supporting [WS-Addressing August 2004, WS-Addressing 1.0]
2021-10-13 17:29:23,845 [restartedMain] INFO  org.springframework.boot.web.embedded.tomcat.TomcatWebServer(initialize:108) - Tomcat initialized with port(s): 8080 (http)
2021-10-13 17:29:23,861 [restartedMain] INFO  org.springframework.boot.web.servlet.context.ServletWebServerApplicationContext(prepareWebApplicationContext:290) - Root WebApplicationContext: initialization completed in 163 ms
2021-10-13 17:29:23,922 [restartedMain] INFO  org.springframework.boot.autoconfigure.web.servlet.WelcomePageHandlerMapping(<init>:53) - Adding welcome page: class path resource [static/index.html]
2021-10-13 17:29:23,954 [restartedMain] INFO  org.springframework.boot.devtools.autoconfigure.OptionalLiveReloadServer(startServer:58) - LiveReload server is running on port 35729
2021-10-13 17:29:23,961 [restartedMain] INFO  org.springframework.boot.web.embedded.tomcat.TomcatWebServer(start:220) - Tomcat started on port(s): 8080 (http) with context path ''
2021-10-13 17:29:23,964 [restartedMain] INFO  com.iteyes.PmsApplication(logStarted:61) - Started PmsApplication in 0.299 seconds (JVM running for 778.629)
2021-10-13 17:29:23,965 [restartedMain] INFO  org.springframework.boot.devtools.autoconfigure.ConditionEvaluationDeltaLoggingListener(onApplicationEvent:63) - Condition evaluation unchanged
2021-10-13 17:29:24,270 [http-nio-8080-exec-1] INFO  org.springframework.web.servlet.DispatcherServlet(initServletBean:525) - Initializing Servlet 'dispatcherServlet'
2021-10-13 17:29:24,271 [http-nio-8080-exec-1] INFO  org.springframework.web.servlet.DispatcherServlet(initServletBean:547) - Completed initialization in 0 ms
2021-10-13 17:29:24,272 [http-nio-8080-exec-1] DEBUG com.iteyes.controller.MainController(loginResult:36) - ## loginResult 
2021-10-13 17:29:24,273 [http-nio-8080-exec-1] DEBUG com.iteyes.controller.MainController(loginResult:37) - ## request :: null
2021-10-13 17:29:24,273 [http-nio-8080-exec-1] DEBUG com.iteyes.controller.MainController(loginResult:38) - ## request :: null
2021-10-13 17:29:51,176 [restartedMain] INFO  com.iteyes.PmsApplication(logStarting:55) - Starting PmsApplication using Java 16.0.2 on DESKTOP-H5GEA9U with PID 10648 (C:\iteyesPMS\PMS\bin\main started by iteyes in C:\iteyesPMS\PMS)
2021-10-13 17:29:51,177 [restartedMain] DEBUG com.iteyes.PmsApplication(logStarting:56) - Running with Spring Boot v2.5.4, Spring v5.3.9
2021-10-13 17:29:51,177 [restartedMain] INFO  com.iteyes.PmsApplication(logStartupProfileInfo:659) - No active profile set, falling back to default profiles: default
2021-10-13 17:29:51,302 [restartedMain] INFO  org.springframework.context.support.PostProcessorRegistrationDelegate$BeanPostProcessorChecker(postProcessAfterInitialization:376) - Bean 'org.springframework.ws.config.annotation.DelegatingWsConfiguration' of type [org.springframework.ws.config.annotation.DelegatingWsConfiguration$$EnhancerBySpringCGLIB$$32b40d86] is not eligible for getting processed by all BeanPostProcessors (for example: not eligible for auto-proxying)
2021-10-13 17:29:51,302 [restartedMain] INFO  org.springframework.ws.soap.addressing.server.AnnotationActionEndpointMapping(afterPropertiesSet:239) - Supporting [WS-Addressing August 2004, WS-Addressing 1.0]
2021-10-13 17:29:51,326 [restartedMain] INFO  org.springframework.boot.web.embedded.tomcat.TomcatWebServer(initialize:108) - Tomcat initialized with port(s): 8080 (http)
2021-10-13 17:29:51,340 [restartedMain] INFO  org.springframework.boot.web.servlet.context.ServletWebServerApplicationContext(prepareWebApplicationContext:290) - Root WebApplicationContext: initialization completed in 162 ms
2021-10-13 17:29:51,401 [restartedMain] INFO  org.springframework.boot.autoconfigure.web.servlet.WelcomePageHandlerMapping(<init>:53) - Adding welcome page: class path resource [static/index.html]
2021-10-13 17:29:51,432 [restartedMain] INFO  org.springframework.boot.devtools.autoconfigure.OptionalLiveReloadServer(startServer:58) - LiveReload server is running on port 35729
2021-10-13 17:29:51,439 [restartedMain] INFO  org.springframework.boot.web.embedded.tomcat.TomcatWebServer(start:220) - Tomcat started on port(s): 8080 (http) with context path ''
2021-10-13 17:29:51,441 [restartedMain] INFO  com.iteyes.PmsApplication(logStarted:61) - Started PmsApplication in 0.293 seconds (JVM running for 806.105)
2021-10-13 17:29:51,442 [restartedMain] INFO  org.springframework.boot.devtools.autoconfigure.ConditionEvaluationDeltaLoggingListener(onApplicationEvent:63) - Condition evaluation unchanged
2021-10-13 17:30:05,226 [http-nio-8080-exec-1] INFO  org.springframework.web.servlet.DispatcherServlet(initServletBean:525) - Initializing Servlet 'dispatcherServlet'
2021-10-13 17:30:05,227 [http-nio-8080-exec-1] INFO  org.springframework.web.servlet.DispatcherServlet(initServletBean:547) - Completed initialization in 0 ms
2021-10-13 17:30:05,228 [http-nio-8080-exec-1] DEBUG com.iteyes.controller.MainController(loginResult:36) - ## loginResult 
2021-10-13 17:30:05,229 [http-nio-8080-exec-1] DEBUG com.iteyes.controller.MainController(loginResult:37) - ## request :: null
2021-10-13 17:30:05,229 [http-nio-8080-exec-1] DEBUG com.iteyes.controller.MainController(loginResult:38) - ## request :: null
2021-10-13 17:33:29,586 [RMI TCP Connection(19)-127.0.0.1] INFO  org.springframework.boot.admin.SpringApplicationAdminMXBeanRegistrar$SpringApplicationAdmin(shutdown:159) - Application shutdown requested.
